2024-05-19 11:42:38.538 +02:00  INF  User profile is available. Using 'C:\Users\Lacon\AppData\Local\ASP.NET\DataProtection-Keys' as key repository and Windows DPAPI to encrypt keys at rest.
2024-05-19 11:42:38.788 +02:00  INF  Now listening on: https://localhost:7015
2024-05-19 11:42:38.789 +02:00  INF  Now listening on: http://localhost:5131
2024-05-19 11:42:38.794 +02:00  INF  Application started. Press Ctrl+C to shut down.
2024-05-19 11:42:38.795 +02:00  INF  Hosting environment: Development
2024-05-19 11:42:38.796 +02:00  INF  Content root path: C:\Users\Lacon\Desktop\DEVELOPPEMENT\ECF_Zoo\ECF_Zoo\API_Arcadia\API_Arcadia
2024-05-19 11:42:39.316 +02:00  INF  Request starting HTTP/2 GET https://localhost:7015/swagger/index.html - null null
2024-05-19 11:42:39.606 +02:00  INF  Request finished HTTP/2 GET https://localhost:7015/swagger/index.html - 200 null text/html;charset=utf-8 294.1498ms
2024-05-19 11:42:39.640 +02:00  INF  Request starting HTTP/2 GET https://localhost:7015/_framework/aspnetcore-browser-refresh.js - null null
2024-05-19 11:42:39.646 +02:00  INF  Request starting HTTP/2 GET https://localhost:7015/_vs/browserLink - null null
2024-05-19 11:42:39.647 +02:00  INF  Request finished HTTP/2 GET https://localhost:7015/_framework/aspnetcore-browser-refresh.js - 200 13758 application/javascript; charset=utf-8 6.2272ms
2024-05-19 11:42:39.688 +02:00  INF  Request finished HTTP/2 GET https://localhost:7015/_vs/browserLink - 200 null text/javascript; charset=UTF-8 41.7306ms
2024-05-19 11:42:39.726 +02:00  INF  Request starting HTTP/2 GET https://localhost:7015/swagger/v1/swagger.json - null null
2024-05-19 11:42:39.875 +02:00  INF  Request finished HTTP/2 GET https://localhost:7015/swagger/v1/swagger.json - 200 null application/json;charset=utf-8 149.2635ms
2024-05-19 11:43:03.831 +02:00  INF  Request starting HTTP/2 GET https://localhost:7015/api/Animals - null null
2024-05-19 11:43:03.930 +02:00  INF  Executing endpoint 'API_Arcadia.Controllers.AnimalsController.GetAnimals (API_Arcadia)'
2024-05-19 11:43:03.942 +02:00  INF  Route matched with {action = "GetAnimals", controller = "Animals"}. Executing controller action with signature System.Threading.Tasks.Task`1[Microsoft.AspNetCore.Mvc.ActionResult`1[System.Collections.Generic.IEnumerable`1[API_Arcadia.Models.Animal]]] GetAnimals() on controller API_Arcadia.Controllers.AnimalsController (API_Arcadia).
2024-05-19 11:43:05.069 +02:00  INF  Executed DbCommand (25ms) [Parameters=[], CommandType='"Text"', CommandTimeout='30']
SELECT [a].[Id], [a].[IdHealth], [a].[IdSpecies], [a].[IsMale], [a].[Name], [s].[Id], [a0].[Id], [a0].[IdAnimal], [a0].[MiniSlug], [a0].[Slug], [s].[Description], [s].[FemaleMaxSize], [s].[FemaleMaxWeight], [s].[IdDiet], [s].[IdSizeUnit], [s].[IdWeightUnit], [s].[Lifespan], [s].[MaleMaxSize], [s].[MaleMaxWeight], [s].[Name], [s].[ScientificName]
FROM [Animals] AS [a]
INNER JOIN [Speciess] AS [s] ON [a].[IdSpecies] = [s].[Id]
LEFT JOIN [AnimalImages] AS [a0] ON [a].[Id] = [a0].[IdAnimal]
ORDER BY [a].[Id], [s].[Id]
2024-05-19 11:43:05.158 +02:00  INF  Executing OkObjectResult, writing value of type 'System.Collections.Generic.List`1[[API_Arcadia.Models.Animal, API_Arcadia, Version=1.0.0.0, Culture=neutral, PublicKeyToken=null]]'.
2024-05-19 11:43:05.184 +02:00  INF  Executed action API_Arcadia.Controllers.AnimalsController.GetAnimals (API_Arcadia) in 1237.59ms
2024-05-19 11:43:05.185 +02:00  INF  Executed endpoint 'API_Arcadia.Controllers.AnimalsController.GetAnimals (API_Arcadia)'
2024-05-19 11:43:05.190 +02:00  INF  Request finished HTTP/2 GET https://localhost:7015/api/Animals - 200 null application/json; charset=utf-8 1358.9334ms
2024-05-19 11:43:05.298 +02:00  INF  Request starting HTTP/2 GET https://localhost:7015/images/animals/638496693869536018_Mufasa.jpg - null null
2024-05-19 11:43:05.298 +02:00  INF  Request starting HTTP/2 GET https://localhost:7015/images/animals/la_panthere2.jpg - null null
2024-05-19 11:43:05.298 +02:00  INF  Request starting HTTP/2 GET https://localhost:7015/images/animals/l_orang_outan1.jpg - null null
2024-05-19 11:43:05.299 +02:00  INF  Request starting HTTP/2 GET https://localhost:7015/images/animals/le_rhino1.jpeg - null null
2024-05-19 11:43:05.302 +02:00  INF  Request starting HTTP/2 GET https://localhost:7015/images/animals/la_loutre2.jpg - null null
2024-05-19 11:43:05.302 +02:00  INF  Request starting HTTP/2 GET https://localhost:7015/images/animals/le_rhino2.jpg - null null
2024-05-19 11:43:05.307 +02:00  INF  Request starting HTTP/2 GET https://localhost:7015/images/animals/le_heron2.jpg - null null
2024-05-19 11:43:05.311 +02:00  INF  Request starting HTTP/2 GET https://localhost:7015/images/animals/la_loutre1.jpg - null null
2024-05-19 11:43:05.318 +02:00  INF  Request starting HTTP/2 GET https://localhost:7015/images/animals/le_gorille2.jpg - null null
2024-05-19 11:43:05.322 +02:00  INF  Request starting HTTP/2 GET https://localhost:7015/images/animals/le_gorille1.jpg - null null
2024-05-19 11:43:05.325 +02:00  INF  Request starting HTTP/2 GET https://localhost:7015/images/animals/le_heron1.jpg - null null
2024-05-19 11:43:05.329 +02:00  INF  Request starting HTTP/2 GET https://localhost:7015/images/animals/l_orang_outan2.jpg - null null
2024-05-19 11:43:05.330 +02:00  INF  The file /images/animals/la_loutre2.jpg was not modified
2024-05-19 11:43:05.330 +02:00  INF  The file /images/animals/l_orang_outan1.jpg was not modified
2024-05-19 11:43:05.330 +02:00  INF  The file /images/animals/638496693869536018_Mufasa.jpg was not modified
2024-05-19 11:43:05.330 +02:00  INF  The file /images/animals/le_rhino1.jpeg was not modified
2024-05-19 11:43:05.331 +02:00  INF  The file /images/animals/la_panthere2.jpg was not modified
2024-05-19 11:43:05.332 +02:00  INF  The file /images/animals/le_rhino2.jpg was not modified
2024-05-19 11:43:05.334 +02:00  INF  The file /images/animals/le_heron2.jpg was not modified
2024-05-19 11:43:05.335 +02:00  INF  The file /images/animals/la_loutre1.jpg was not modified
2024-05-19 11:43:05.336 +02:00  INF  The file /images/animals/le_gorille2.jpg was not modified
2024-05-19 11:43:05.338 +02:00  INF  The file /images/animals/le_gorille1.jpg was not modified
2024-05-19 11:43:05.339 +02:00  INF  The file /images/animals/le_heron1.jpg was not modified
2024-05-19 11:43:05.340 +02:00  INF  The file /images/animals/l_orang_outan2.jpg was not modified
2024-05-19 11:43:05.341 +02:00  INF  Request finished HTTP/2 GET https://localhost:7015/images/animals/la_loutre2.jpg - 304 null image/jpeg 39.3589ms
2024-05-19 11:43:05.341 +02:00  INF  Request finished HTTP/2 GET https://localhost:7015/images/animals/l_orang_outan1.jpg - 304 null image/jpeg 42.844ms
2024-05-19 11:43:05.342 +02:00  INF  Request finished HTTP/2 GET https://localhost:7015/images/animals/638496693869536018_Mufasa.jpg - 304 null image/jpeg 43.462ms
2024-05-19 11:43:05.342 +02:00  INF  Request finished HTTP/2 GET https://localhost:7015/images/animals/le_rhino1.jpeg - 304 null image/jpeg 43.6572ms
2024-05-19 11:43:05.343 +02:00  INF  Request finished HTTP/2 GET https://localhost:7015/images/animals/la_panthere2.jpg - 304 null image/jpeg 44.6732ms
2024-05-19 11:43:05.343 +02:00  INF  Request finished HTTP/2 GET https://localhost:7015/images/animals/le_rhino2.jpg - 304 null image/jpeg 41.6399ms
2024-05-19 11:43:05.344 +02:00  INF  Request finished HTTP/2 GET https://localhost:7015/images/animals/le_heron2.jpg - 304 null image/jpeg 37.9882ms
2024-05-19 11:43:05.345 +02:00  INF  Request finished HTTP/2 GET https://localhost:7015/images/animals/la_loutre1.jpg - 304 null image/jpeg 34.8344ms
2024-05-19 11:43:05.345 +02:00  INF  Request finished HTTP/2 GET https://localhost:7015/images/animals/le_gorille2.jpg - 304 null image/jpeg 27.5662ms
2024-05-19 11:43:05.346 +02:00  INF  Request finished HTTP/2 GET https://localhost:7015/images/animals/le_gorille1.jpg - 304 null image/jpeg 24.3191ms
2024-05-19 11:43:05.346 +02:00  INF  Request finished HTTP/2 GET https://localhost:7015/images/animals/le_heron1.jpg - 304 null image/jpeg 21.029ms
2024-05-19 11:43:05.347 +02:00  INF  Request finished HTTP/2 GET https://localhost:7015/images/animals/l_orang_outan2.jpg - 304 null image/jpeg 17.9565ms
2024-05-19 11:43:05.348 +02:00  INF  Request starting HTTP/2 GET https://localhost:7015/images/animals/638496693873204536_Mufasa.jpg - null null
2024-05-19 11:43:05.350 +02:00  INF  Request starting HTTP/2 GET https://localhost:7015/images/animals/la_panthere1.jpg - null null
2024-05-19 11:43:05.356 +02:00  INF  The file /images/animals/la_panthere1.jpg was not modified
2024-05-19 11:43:05.360 +02:00  INF  The file /images/animals/638496693873204536_Mufasa.jpg was not modified
2024-05-19 11:43:05.372 +02:00  INF  Request finished HTTP/2 GET https://localhost:7015/images/animals/la_panthere1.jpg - 304 null image/jpeg 22.2133ms
2024-05-19 11:43:05.373 +02:00  INF  Request finished HTTP/2 GET https://localhost:7015/images/animals/638496693873204536_Mufasa.jpg - 304 null image/jpeg 24.5873ms
2024-05-19 11:43:06.356 +02:00  INF  Request starting HTTP/2 GET https://localhost:7015/api/Species - null null
2024-05-19 11:43:06.362 +02:00  INF  Executing endpoint 'API_Arcadia.Controllers.SpeciesController.GetSpeciess (API_Arcadia)'
2024-05-19 11:43:06.365 +02:00  INF  Route matched with {action = "GetSpeciess", controller = "Species"}. Executing controller action with signature System.Threading.Tasks.Task`1[Microsoft.AspNetCore.Mvc.ActionResult`1[System.Collections.Generic.IEnumerable`1[API_Arcadia.Models.Species]]] GetSpeciess() on controller API_Arcadia.Controllers.SpeciesController (API_Arcadia).
2024-05-19 11:43:06.384 +02:00  INF  Executed DbCommand (3ms) [Parameters=[], CommandType='"Text"', CommandTimeout='30']
SELECT [s].[Id], [s].[Description], [s].[FemaleMaxSize], [s].[FemaleMaxWeight], [s].[IdDiet], [s].[IdSizeUnit], [s].[IdWeightUnit], [s].[Lifespan], [s].[MaleMaxSize], [s].[MaleMaxWeight], [s].[Name], [s].[ScientificName]
FROM [Speciess] AS [s]
2024-05-19 11:43:06.387 +02:00  INF  Executing ObjectResult, writing value of type 'System.Collections.Generic.List`1[[API_Arcadia.Models.Species, API_Arcadia, Version=1.0.0.0, Culture=neutral, PublicKeyToken=null]]'.
2024-05-19 11:43:06.391 +02:00  INF  Executed action API_Arcadia.Controllers.SpeciesController.GetSpeciess (API_Arcadia) in 24.7222ms
2024-05-19 11:43:06.392 +02:00  INF  Executed endpoint 'API_Arcadia.Controllers.SpeciesController.GetSpeciess (API_Arcadia)'
2024-05-19 11:43:06.394 +02:00  INF  Request finished HTTP/2 GET https://localhost:7015/api/Species - 200 null application/json; charset=utf-8 37.9949ms
2024-05-19 11:43:07.740 +02:00  INF  Request starting HTTP/2 GET https://localhost:7015/api/Habitats - null null
2024-05-19 11:43:07.742 +02:00  INF  Executing endpoint 'API_Arcadia.Controllers.HabitatsController.GetHabitats (API_Arcadia)'
2024-05-19 11:43:07.745 +02:00  INF  Route matched with {action = "GetHabitats", controller = "Habitats"}. Executing controller action with signature System.Threading.Tasks.Task`1[Microsoft.AspNetCore.Mvc.ActionResult`1[System.Collections.Generic.IEnumerable`1[API_Arcadia.Models.Habitat]]] GetHabitats() on controller API_Arcadia.Controllers.HabitatsController (API_Arcadia).
2024-05-19 11:43:07.790 +02:00  INF  Executed DbCommand (3ms) [Parameters=[], CommandType='"Text"', CommandTimeout='30']
SELECT [h].[Id], [h].[Description], [h].[Name], [h0].[Id], [h0].[IdHabitat], [h0].[MiniSlug], [h0].[Slug]
FROM [Habitats] AS [h]
LEFT JOIN [HabitatImages] AS [h0] ON [h].[Id] = [h0].[IdHabitat]
ORDER BY [h].[Id]
2024-05-19 11:43:07.803 +02:00  INF  Executing ObjectResult, writing value of type 'System.Collections.Generic.List`1[[API_Arcadia.Models.Habitat, API_Arcadia, Version=1.0.0.0, Culture=neutral, PublicKeyToken=null]]'.
2024-05-19 11:43:07.805 +02:00  INF  Executed action API_Arcadia.Controllers.HabitatsController.GetHabitats (API_Arcadia) in 58.7302ms
2024-05-19 11:43:07.806 +02:00  INF  Executed endpoint 'API_Arcadia.Controllers.HabitatsController.GetHabitats (API_Arcadia)'
2024-05-19 11:43:07.807 +02:00  INF  Request finished HTTP/2 GET https://localhost:7015/api/Habitats - 200 null application/json; charset=utf-8 67.2227ms
2024-05-19 11:43:07.844 +02:00  INF  Request starting HTTP/2 GET https://localhost:7015/images/habitats/Jungle.jpg - null null
2024-05-19 11:43:07.844 +02:00  INF  Request starting HTTP/2 GET https://localhost:7015/images/habitats/Savane.jpg - null null
2024-05-19 11:43:07.845 +02:00  INF  Request starting HTTP/2 GET https://localhost:7015/images/habitats/Marais.jpg - null null
2024-05-19 11:43:07.847 +02:00  INF  The file /images/habitats/Jungle.jpg was not modified
2024-05-19 11:43:07.848 +02:00  INF  The file /images/habitats/Savane.jpg was not modified
2024-05-19 11:43:07.849 +02:00  INF  The file /images/habitats/Marais.jpg was not modified
2024-05-19 11:43:07.850 +02:00  INF  Request finished HTTP/2 GET https://localhost:7015/images/habitats/Jungle.jpg - 304 null image/jpeg 5.519ms
2024-05-19 11:43:07.850 +02:00  INF  Request finished HTTP/2 GET https://localhost:7015/images/habitats/Savane.jpg - 304 null image/jpeg 6.0156ms
2024-05-19 11:43:07.851 +02:00  INF  Request finished HTTP/2 GET https://localhost:7015/images/habitats/Marais.jpg - 304 null image/jpeg 6.4943ms
2024-05-19 11:43:09.016 +02:00  INF  Request starting HTTP/2 GET https://localhost:7015/api/ZooServices - null null
2024-05-19 11:43:09.017 +02:00  INF  Executing endpoint 'API_Arcadia.Controllers.ZooServicesController.GetZooServices (API_Arcadia)'
2024-05-19 11:43:09.020 +02:00  INF  Route matched with {action = "GetZooServices", controller = "ZooServices"}. Executing controller action with signature System.Threading.Tasks.Task`1[Microsoft.AspNetCore.Mvc.ActionResult`1[System.Collections.Generic.IEnumerable`1[API_Arcadia.Models.ZooService]]] GetZooServices() on controller API_Arcadia.Controllers.ZooServicesController (API_Arcadia).
2024-05-19 11:43:09.027 +02:00  INF  Executed DbCommand (2ms) [Parameters=[], CommandType='"Text"', CommandTimeout='30']
SELECT [z].[Id], [z].[ChildPrice], [z].[Description], [z].[FullPrice], [z].[Name]
FROM [ZooServices] AS [z]
2024-05-19 11:43:09.035 +02:00  INF  Executing ObjectResult, writing value of type 'System.Collections.Generic.List`1[[API_Arcadia.Models.ZooService, API_Arcadia, Version=1.0.0.0, Culture=neutral, PublicKeyToken=null]]'.
2024-05-19 11:43:09.037 +02:00  INF  Executed action API_Arcadia.Controllers.ZooServicesController.GetZooServices (API_Arcadia) in 16.0094ms
2024-05-19 11:43:09.038 +02:00  INF  Executed endpoint 'API_Arcadia.Controllers.ZooServicesController.GetZooServices (API_Arcadia)'
2024-05-19 11:43:09.039 +02:00  INF  Request finished HTTP/2 GET https://localhost:7015/api/ZooServices - 200 null application/json; charset=utf-8 23.5709ms
2024-05-19 11:43:10.301 +02:00  INF  Request starting HTTP/2 GET https://localhost:7015/api/Reviews/unfiltered - null null
2024-05-19 11:43:10.305 +02:00  INF  Authorization failed. These requirements were not met:
ClaimsAuthorizationRequirement:Claim.Type=Fonction and Claim.Value is one of the following values: (Administrateur|Employe)
2024-05-19 11:43:10.307 +02:00  INF  AuthenticationScheme: Bearer was forbidden.
2024-05-19 11:43:10.308 +02:00  INF  Request finished HTTP/2 GET https://localhost:7015/api/Reviews/unfiltered - 403 0 null 6.9652ms
2024-05-19 11:43:17.991 +02:00  INF  Request starting HTTP/2 GET https://localhost:7015/api/OpeningHours - null null
2024-05-19 11:43:17.993 +02:00  INF  Executing endpoint 'API_Arcadia.Controllers.OpeningHoursController.GetOpeningHours (API_Arcadia)'
2024-05-19 11:43:17.996 +02:00  INF  Route matched with {action = "GetOpeningHours", controller = "OpeningHours"}. Executing controller action with signature System.Threading.Tasks.Task`1[Microsoft.AspNetCore.Mvc.ActionResult`1[System.Collections.Generic.IEnumerable`1[API_Arcadia.Models.OpeningHour]]] GetOpeningHours() on controller API_Arcadia.Controllers.OpeningHoursController (API_Arcadia).
2024-05-19 11:43:18.004 +02:00  INF  Executed DbCommand (2ms) [Parameters=[], CommandType='"Text"', CommandTimeout='30']
SELECT [o].[Id], [o].[AfternoonClosing], [o].[AfternoonOpening], [o].[DayOfWeek], [o].[MorningClosing], [o].[MorningOpening]
FROM [OpeningHours] AS [o]
2024-05-19 11:43:18.014 +02:00  INF  Executing ObjectResult, writing value of type 'System.Collections.Generic.List`1[[API_Arcadia.Models.OpeningHour, API_Arcadia, Version=1.0.0.0, Culture=neutral, PublicKeyToken=null]]'.
2024-05-19 11:43:18.020 +02:00  INF  Executed action API_Arcadia.Controllers.OpeningHoursController.GetOpeningHours (API_Arcadia) in 22.5461ms
2024-05-19 11:43:18.021 +02:00  INF  Executed endpoint 'API_Arcadia.Controllers.OpeningHoursController.GetOpeningHours (API_Arcadia)'
2024-05-19 11:43:18.022 +02:00  INF  Request finished HTTP/2 GET https://localhost:7015/api/OpeningHours - 200 null application/json; charset=utf-8 31.6019ms
2024-05-19 11:43:26.200 +02:00  INF  Request starting HTTP/2 GET https://localhost:7015/api/VetVisits - null null
2024-05-19 11:43:26.203 +02:00  INF  Authorization failed. These requirements were not met:
ClaimsAuthorizationRequirement:Claim.Type=Fonction and Claim.Value is one of the following values: (Administrateur|Veterinaire)
2024-05-19 11:43:26.203 +02:00  INF  AuthenticationScheme: Bearer was forbidden.
2024-05-19 11:43:26.204 +02:00  INF  Request finished HTTP/2 GET https://localhost:7015/api/VetVisits - 403 0 null 3.8969ms
2024-05-19 13:24:40.868 +02:00  INF  User profile is available. Using 'C:\Users\Lacon\AppData\Local\ASP.NET\DataProtection-Keys' as key repository and Windows DPAPI to encrypt keys at rest.
2024-05-19 13:24:41.110 +02:00  INF  Now listening on: https://localhost:7015
2024-05-19 13:24:41.111 +02:00  INF  Now listening on: http://localhost:5131
2024-05-19 13:24:41.113 +02:00  INF  Application started. Press Ctrl+C to shut down.
2024-05-19 13:24:41.114 +02:00  INF  Hosting environment: Development
2024-05-19 13:24:41.114 +02:00  INF  Content root path: C:\Users\Lacon\Desktop\DEVELOPPEMENT\ECF_Zoo\ECF_Zoo\API_Arcadia\API_Arcadia
2024-05-19 13:24:41.841 +02:00  INF  Request starting HTTP/2 GET https://localhost:7015/swagger/index.html - null null
2024-05-19 13:24:42.132 +02:00  INF  Request finished HTTP/2 GET https://localhost:7015/swagger/index.html - 200 null text/html;charset=utf-8 296.4784ms
2024-05-19 13:24:42.190 +02:00  INF  Request starting HTTP/2 GET https://localhost:7015/_framework/aspnetcore-browser-refresh.js - null null
2024-05-19 13:24:42.200 +02:00  INF  Request finished HTTP/2 GET https://localhost:7015/_framework/aspnetcore-browser-refresh.js - 200 13758 application/javascript; charset=utf-8 9.6568ms
2024-05-19 13:24:42.205 +02:00  INF  Request starting HTTP/2 GET https://localhost:7015/_vs/browserLink - null null
2024-05-19 13:24:42.244 +02:00  INF  Request finished HTTP/2 GET https://localhost:7015/_vs/browserLink - 200 null text/javascript; charset=UTF-8 39.0892ms
2024-05-19 13:24:42.296 +02:00  INF  Request starting HTTP/2 GET https://localhost:7015/swagger/v1/swagger.json - null null
2024-05-19 13:24:42.415 +02:00  INF  Request finished HTTP/2 GET https://localhost:7015/swagger/v1/swagger.json - 200 null application/json;charset=utf-8 118.8144ms
2024-05-19 13:28:51.553 +02:00  INF  User profile is available. Using 'C:\Users\Lacon\AppData\Local\ASP.NET\DataProtection-Keys' as key repository and Windows DPAPI to encrypt keys at rest.
2024-05-19 13:28:51.815 +02:00  INF  Now listening on: https://localhost:7015
2024-05-19 13:28:51.817 +02:00  INF  Now listening on: http://localhost:5131
2024-05-19 13:28:51.820 +02:00  INF  Application started. Press Ctrl+C to shut down.
2024-05-19 13:28:51.821 +02:00  INF  Hosting environment: Development
2024-05-19 13:28:51.822 +02:00  INF  Content root path: C:\Users\Lacon\Desktop\DEVELOPPEMENT\ECF_Zoo\ECF_Zoo\API_Arcadia\API_Arcadia
2024-05-19 13:28:52.232 +02:00  INF  Request starting HTTP/2 GET https://localhost:7015/swagger/index.html - null null
2024-05-19 13:28:52.466 +02:00  INF  Request finished HTTP/2 GET https://localhost:7015/swagger/index.html - 200 null text/html;charset=utf-8 240.6514ms
2024-05-19 13:28:52.493 +02:00  INF  Request starting HTTP/2 GET https://localhost:7015/_framework/aspnetcore-browser-refresh.js - null null
2024-05-19 13:28:52.493 +02:00  INF  Request starting HTTP/2 GET https://localhost:7015/_vs/browserLink - null null
2024-05-19 13:28:52.499 +02:00  INF  Request finished HTTP/2 GET https://localhost:7015/_framework/aspnetcore-browser-refresh.js - 200 13758 application/javascript; charset=utf-8 5.484ms
2024-05-19 13:28:52.530 +02:00  INF  Request finished HTTP/2 GET https://localhost:7015/_vs/browserLink - 200 null text/javascript; charset=UTF-8 36.4329ms
2024-05-19 13:28:52.631 +02:00  INF  Request starting HTTP/2 GET https://localhost:7015/swagger/v1/swagger.json - null null
2024-05-19 13:28:52.749 +02:00  INF  Request finished HTTP/2 GET https://localhost:7015/swagger/v1/swagger.json - 200 null application/json;charset=utf-8 118.7802ms
2024-05-19 13:29:13.675 +02:00  INF  Request starting HTTP/2 GET https://localhost:7015/api/Animals - null null
2024-05-19 13:29:13.766 +02:00  INF  Executing endpoint 'API_Arcadia.Controllers.AnimalsController.GetAnimals (API_Arcadia)'
2024-05-19 13:29:13.779 +02:00  INF  Route matched with {action = "GetAnimals", controller = "Animals"}. Executing controller action with signature System.Threading.Tasks.Task`1[Microsoft.AspNetCore.Mvc.ActionResult`1[System.Collections.Generic.IEnumerable`1[API_Arcadia.Models.Animal]]] GetAnimals() on controller API_Arcadia.Controllers.AnimalsController (API_Arcadia).
2024-05-19 13:29:14.816 +02:00  INF  Executed DbCommand (25ms) [Parameters=[], CommandType='"Text"', CommandTimeout='30']
SELECT [a].[Id], [a].[IdHealth], [a].[IdSpecies], [a].[IsMale], [a].[Name], [s].[Id], [a0].[Id], [a0].[IdAnimal], [a0].[MiniSlug], [a0].[Slug], [s].[Description], [s].[FemaleMaxSize], [s].[FemaleMaxWeight], [s].[IdDiet], [s].[IdSizeUnit], [s].[IdWeightUnit], [s].[Lifespan], [s].[MaleMaxSize], [s].[MaleMaxWeight], [s].[Name], [s].[ScientificName]
FROM [Animals] AS [a]
INNER JOIN [Speciess] AS [s] ON [a].[IdSpecies] = [s].[Id]
LEFT JOIN [AnimalImages] AS [a0] ON [a].[Id] = [a0].[IdAnimal]
ORDER BY [a].[Id], [s].[Id]
2024-05-19 13:29:14.904 +02:00  INF  Executing OkObjectResult, writing value of type 'System.Collections.Generic.List`1[[API_Arcadia.Models.Animal, API_Arcadia, Version=1.0.0.0, Culture=neutral, PublicKeyToken=null]]'.
2024-05-19 13:29:14.932 +02:00  INF  Executed action API_Arcadia.Controllers.AnimalsController.GetAnimals (API_Arcadia) in 1149.2418ms
2024-05-19 13:29:14.933 +02:00  INF  Executed endpoint 'API_Arcadia.Controllers.AnimalsController.GetAnimals (API_Arcadia)'
2024-05-19 13:29:14.939 +02:00  INF  Request finished HTTP/2 GET https://localhost:7015/api/Animals - 200 null application/json; charset=utf-8 1264.1128ms
2024-05-19 13:41:11.295 +02:00  INF  User profile is available. Using 'C:\Users\Lacon\AppData\Local\ASP.NET\DataProtection-Keys' as key repository and Windows DPAPI to encrypt keys at rest.
2024-05-19 13:41:11.594 +02:00  INF  Now listening on: https://localhost:7015
2024-05-19 13:41:11.595 +02:00  INF  Now listening on: http://localhost:5131
2024-05-19 13:41:11.597 +02:00  INF  Application started. Press Ctrl+C to shut down.
2024-05-19 13:41:11.598 +02:00  INF  Hosting environment: Development
2024-05-19 13:41:11.599 +02:00  INF  Content root path: C:\Users\Lacon\Desktop\DEVELOPPEMENT\ECF_Zoo\ECF_Zoo\API_Arcadia\API_Arcadia
2024-05-19 13:41:12.510 +02:00  INF  Request starting HTTP/2 GET https://localhost:7015/swagger/index.html - null null
2024-05-19 13:41:12.715 +02:00  INF  Request finished HTTP/2 GET https://localhost:7015/swagger/index.html - 200 null text/html;charset=utf-8 210.5433ms
2024-05-19 13:41:12.734 +02:00  INF  Request starting HTTP/2 GET https://localhost:7015/_framework/aspnetcore-browser-refresh.js - null null
2024-05-19 13:41:12.739 +02:00  INF  Request finished HTTP/2 GET https://localhost:7015/_framework/aspnetcore-browser-refresh.js - 200 13758 application/javascript; charset=utf-8 4.8231ms
2024-05-19 13:41:12.746 +02:00  INF  Request starting HTTP/2 GET https://localhost:7015/_vs/browserLink - null null
2024-05-19 13:41:13.004 +02:00  INF  Request finished HTTP/2 GET https://localhost:7015/_vs/browserLink - 200 null text/javascript; charset=UTF-8 258.6199ms
2024-05-19 13:41:13.032 +02:00  INF  Request starting HTTP/2 GET https://localhost:7015/swagger/v1/swagger.json - null null
2024-05-19 13:41:13.195 +02:00  INF  Request finished HTTP/2 GET https://localhost:7015/swagger/v1/swagger.json - 200 null application/json;charset=utf-8 163.2331ms
2024-05-19 13:46:47.296 +02:00  INF  Request starting HTTP/2 GET https://localhost:7015/api/Animals - null null
2024-05-19 13:46:47.383 +02:00  INF  Executing endpoint 'API_Arcadia.Controllers.AnimalsController.GetAnimals (API_Arcadia)'
2024-05-19 13:46:47.395 +02:00  INF  Route matched with {action = "GetAnimals", controller = "Animals"}. Executing controller action with signature System.Threading.Tasks.Task`1[Microsoft.AspNetCore.Mvc.ActionResult`1[System.Collections.Generic.IEnumerable`1[API_Arcadia.Models.Animal]]] GetAnimals() on controller API_Arcadia.Controllers.AnimalsController (API_Arcadia).
2024-05-19 14:11:17.358 +02:00  INF  User profile is available. Using 'C:\Users\Lacon\AppData\Local\ASP.NET\DataProtection-Keys' as key repository and Windows DPAPI to encrypt keys at rest.
2024-05-19 14:11:17.589 +02:00  INF  Now listening on: https://localhost:7015
2024-05-19 14:11:17.590 +02:00  INF  Now listening on: http://localhost:5131
2024-05-19 14:11:17.592 +02:00  INF  Application started. Press Ctrl+C to shut down.
2024-05-19 14:11:17.593 +02:00  INF  Hosting environment: Development
2024-05-19 14:11:17.593 +02:00  INF  Content root path: C:\Users\Lacon\Desktop\DEVELOPPEMENT\ECF_Zoo\ECF_Zoo\API_Arcadia\API_Arcadia
2024-05-19 14:11:18.308 +02:00  INF  Request starting HTTP/2 GET https://localhost:7015/swagger/index.html - null null
2024-05-19 14:11:18.521 +02:00  INF  Request finished HTTP/2 GET https://localhost:7015/swagger/index.html - 200 null text/html;charset=utf-8 215.95ms
2024-05-19 14:11:18.551 +02:00  INF  Request starting HTTP/2 GET https://localhost:7015/_framework/aspnetcore-browser-refresh.js - null null
2024-05-19 14:11:18.556 +02:00  INF  Request finished HTTP/2 GET https://localhost:7015/_framework/aspnetcore-browser-refresh.js - 200 13758 application/javascript; charset=utf-8 5.7416ms
2024-05-19 14:11:18.565 +02:00  INF  Request starting HTTP/2 GET https://localhost:7015/_vs/browserLink - null null
2024-05-19 14:11:18.617 +02:00  INF  Request finished HTTP/2 GET https://localhost:7015/_vs/browserLink - 200 null text/javascript; charset=UTF-8 54.4954ms
2024-05-19 14:11:18.678 +02:00  INF  Request starting HTTP/2 GET https://localhost:7015/swagger/v1/swagger.json - null null
2024-05-19 14:11:18.865 +02:00  INF  Request finished HTTP/2 GET https://localhost:7015/swagger/v1/swagger.json - 200 null application/json;charset=utf-8 187.2081ms
2024-05-19 14:11:44.237 +02:00  INF  Request starting HTTP/2 GET https://localhost:7015/api/VetVisits - null null
2024-05-19 14:11:44.338 +02:00  INF  Executing endpoint 'API_Arcadia.Controllers.VetVisitsController.GetVetVisits (API_Arcadia)'
2024-05-19 14:11:44.349 +02:00  INF  Route matched with {action = "GetVetVisits", controller = "VetVisits"}. Executing controller action with signature System.Threading.Tasks.Task`1[Microsoft.AspNetCore.Mvc.ActionResult`1[System.Collections.Generic.IEnumerable`1[API_Arcadia.Models.VetVisit]]] GetVetVisits() on controller API_Arcadia.Controllers.VetVisitsController (API_Arcadia).
2024-05-19 14:11:45.369 +02:00  INF  Executed DbCommand (26ms) [Parameters=[], CommandType='"Text"', CommandTimeout='30']
SELECT [v].[Id], [v].[Food], [v].[FoodWeight], [v].[IdAnimal], [v].[IdVet], [v].[IdWeightUnit], [v].[Observations], [v].[VisitDate], [a].[Id], [a].[IdHealth], [a].[IdSpecies], [a].[IsMale], [a].[Name], [h].[Id], [h].[State]
FROM [VetVisits] AS [v]
INNER JOIN [Animals] AS [a] ON [v].[IdAnimal] = [a].[Id]
INNER JOIN [Healths] AS [h] ON [a].[IdHealth] = [h].[Id]
2024-05-19 14:11:45.445 +02:00  INF  Executing ObjectResult, writing value of type 'System.Collections.Generic.List`1[[API_Arcadia.Models.VetVisit, API_Arcadia, Version=1.0.0.0, Culture=neutral, PublicKeyToken=null]]'.
2024-05-19 14:11:45.474 +02:00  INF  Executed action API_Arcadia.Controllers.VetVisitsController.GetVetVisits (API_Arcadia) in 1121.1484ms
2024-05-19 14:11:45.475 +02:00  INF  Executed endpoint 'API_Arcadia.Controllers.VetVisitsController.GetVetVisits (API_Arcadia)'
2024-05-19 14:11:45.482 +02:00  INF  Request finished HTTP/2 GET https://localhost:7015/api/VetVisits - 200 null application/json; charset=utf-8 1244.5259ms
2024-05-19 14:11:48.367 +02:00  INF  Request starting HTTP/2 GET https://localhost:7015/api/Reviews/unfiltered - null null
2024-05-19 14:11:48.372 +02:00  INF  Authorization failed. These requirements were not met:
ClaimsAuthorizationRequirement:Claim.Type=Fonction and Claim.Value is one of the following values: (Administrateur|Employe)
2024-05-19 14:11:48.374 +02:00  INF  AuthenticationScheme: Bearer was forbidden.
2024-05-19 14:11:48.374 +02:00  INF  Request finished HTTP/2 GET https://localhost:7015/api/Reviews/unfiltered - 403 0 null 7.9886ms
2024-05-19 14:12:02.389 +02:00  INF  Request starting HTTP/2 GET https://localhost:7015/api/Animals - null null
2024-05-19 14:12:02.392 +02:00  INF  Executing endpoint 'API_Arcadia.Controllers.AnimalsController.GetAnimals (API_Arcadia)'
2024-05-19 14:12:02.395 +02:00  INF  Route matched with {action = "GetAnimals", controller = "Animals"}. Executing controller action with signature System.Threading.Tasks.Task`1[Microsoft.AspNetCore.Mvc.ActionResult`1[System.Collections.Generic.IEnumerable`1[API_Arcadia.Models.Animal]]] GetAnimals() on controller API_Arcadia.Controllers.AnimalsController (API_Arcadia).
2024-05-19 14:12:02.436 +02:00  INF  Executed DbCommand (4ms) [Parameters=[], CommandType='"Text"', CommandTimeout='30']
SELECT [a].[Id], [a].[IdHealth], [a].[IdSpecies], [a].[IsMale], [a].[Name], [s].[Id], [a0].[Id], [a0].[IdAnimal], [a0].[MiniSlug], [a0].[Slug], [s].[Description], [s].[FemaleMaxSize], [s].[FemaleMaxWeight], [s].[IdDiet], [s].[IdSizeUnit], [s].[IdWeightUnit], [s].[Lifespan], [s].[MaleMaxSize], [s].[MaleMaxWeight], [s].[Name], [s].[ScientificName]
FROM [Animals] AS [a]
INNER JOIN [Speciess] AS [s] ON [a].[IdSpecies] = [s].[Id]
LEFT JOIN [AnimalImages] AS [a0] ON [a].[Id] = [a0].[IdAnimal]
ORDER BY [a].[Id], [s].[Id]
2024-05-19 14:12:02.463 +02:00  INF  Executing OkObjectResult, writing value of type 'System.Collections.Generic.List`1[[API_Arcadia.Models.Animal, API_Arcadia, Version=1.0.0.0, Culture=neutral, PublicKeyToken=null]]'.
2024-05-19 14:12:02.471 +02:00  INF  Executed action API_Arcadia.Controllers.AnimalsController.GetAnimals (API_Arcadia) in 73.912ms
2024-05-19 14:12:02.472 +02:00  INF  Executed endpoint 'API_Arcadia.Controllers.AnimalsController.GetAnimals (API_Arcadia)'
2024-05-19 14:12:02.473 +02:00  INF  Request finished HTTP/2 GET https://localhost:7015/api/Animals - 200 null application/json; charset=utf-8 83.5693ms
2024-05-19 14:12:03.030 +02:00  INF  Request starting HTTP/2 GET https://localhost:7015/api/Species - null null
2024-05-19 14:12:03.032 +02:00  INF  Executing endpoint 'API_Arcadia.Controllers.SpeciesController.GetSpeciess (API_Arcadia)'
2024-05-19 14:12:03.035 +02:00  INF  Route matched with {action = "GetSpeciess", controller = "Species"}. Executing controller action with signature System.Threading.Tasks.Task`1[Microsoft.AspNetCore.Mvc.ActionResult`1[System.Collections.Generic.IEnumerable`1[API_Arcadia.Models.Species]]] GetSpeciess() on controller API_Arcadia.Controllers.SpeciesController (API_Arcadia).
2024-05-19 14:12:03.076 +02:00  INF  Executed DbCommand (2ms) [Parameters=[], CommandType='"Text"', CommandTimeout='30']
SELECT [s].[Id], [s].[Description], [s].[FemaleMaxSize], [s].[FemaleMaxWeight], [s].[IdDiet], [s].[IdSizeUnit], [s].[IdWeightUnit], [s].[Lifespan], [s].[MaleMaxSize], [s].[MaleMaxWeight], [s].[Name], [s].[ScientificName]
FROM [Speciess] AS [s]
2024-05-19 14:12:03.079 +02:00  INF  Executing ObjectResult, writing value of type 'System.Collections.Generic.List`1[[API_Arcadia.Models.Species, API_Arcadia, Version=1.0.0.0, Culture=neutral, PublicKeyToken=null]]'.
2024-05-19 14:12:03.081 +02:00  INF  Executed action API_Arcadia.Controllers.SpeciesController.GetSpeciess (API_Arcadia) in 44.507ms
2024-05-19 14:12:03.082 +02:00  INF  Executed endpoint 'API_Arcadia.Controllers.SpeciesController.GetSpeciess (API_Arcadia)'
2024-05-19 14:12:03.083 +02:00  INF  Request finished HTTP/2 GET https://localhost:7015/api/Species - 200 null application/json; charset=utf-8 54.2961ms
2024-05-19 14:12:03.842 +02:00  INF  Request starting HTTP/2 GET https://localhost:7015/api/Habitats - null null
2024-05-19 14:12:03.844 +02:00  INF  Executing endpoint 'API_Arcadia.Controllers.HabitatsController.GetHabitats (API_Arcadia)'
2024-05-19 14:12:03.847 +02:00  INF  Route matched with {action = "GetHabitats", controller = "Habitats"}. Executing controller action with signature System.Threading.Tasks.Task`1[Microsoft.AspNetCore.Mvc.ActionResult`1[System.Collections.Generic.IEnumerable`1[API_Arcadia.Models.Habitat]]] GetHabitats() on controller API_Arcadia.Controllers.HabitatsController (API_Arcadia).
2024-05-19 14:12:03.860 +02:00  INF  Executed DbCommand (4ms) [Parameters=[], CommandType='"Text"', CommandTimeout='30']
SELECT [h].[Id], [h].[Description], [h].[Name], [h0].[Id], [h0].[IdHabitat], [h0].[MiniSlug], [h0].[Slug]
FROM [Habitats] AS [h]
LEFT JOIN [HabitatImages] AS [h0] ON [h].[Id] = [h0].[IdHabitat]
ORDER BY [h].[Id]
2024-05-19 14:12:03.872 +02:00  INF  Executing ObjectResult, writing value of type 'System.Collections.Generic.List`1[[API_Arcadia.Models.Habitat, API_Arcadia, Version=1.0.0.0, Culture=neutral, PublicKeyToken=null]]'.
2024-05-19 14:12:03.874 +02:00  INF  Executed action API_Arcadia.Controllers.HabitatsController.GetHabitats (API_Arcadia) in 25.95ms
2024-05-19 14:12:03.875 +02:00  INF  Executed endpoint 'API_Arcadia.Controllers.HabitatsController.GetHabitats (API_Arcadia)'
2024-05-19 14:12:03.876 +02:00  INF  Request finished HTTP/2 GET https://localhost:7015/api/Habitats - 200 null application/json; charset=utf-8 34.265ms
2024-05-19 14:12:04.634 +02:00  INF  Request starting HTTP/2 GET https://localhost:7015/api/ZooServices - null null
2024-05-19 14:12:04.636 +02:00  INF  Executing endpoint 'API_Arcadia.Controllers.ZooServicesController.GetZooServices (API_Arcadia)'
2024-05-19 14:12:04.639 +02:00  INF  Route matched with {action = "GetZooServices", controller = "ZooServices"}. Executing controller action with signature System.Threading.Tasks.Task`1[Microsoft.AspNetCore.Mvc.ActionResult`1[System.Collections.Generic.IEnumerable`1[API_Arcadia.Models.ZooService]]] GetZooServices() on controller API_Arcadia.Controllers.ZooServicesController (API_Arcadia).
2024-05-19 14:12:04.645 +02:00  INF  Executed DbCommand (2ms) [Parameters=[], CommandType='"Text"', CommandTimeout='30']
SELECT [z].[Id], [z].[ChildPrice], [z].[Description], [z].[FullPrice], [z].[Name]
FROM [ZooServices] AS [z]
2024-05-19 14:12:04.653 +02:00  INF  Executing ObjectResult, writing value of type 'System.Collections.Generic.List`1[[API_Arcadia.Models.ZooService, API_Arcadia, Version=1.0.0.0, Culture=neutral, PublicKeyToken=null]]'.
2024-05-19 14:12:04.655 +02:00  INF  Executed action API_Arcadia.Controllers.ZooServicesController.GetZooServices (API_Arcadia) in 15.2858ms
2024-05-19 14:12:04.656 +02:00  INF  Executed endpoint 'API_Arcadia.Controllers.ZooServicesController.GetZooServices (API_Arcadia)'
2024-05-19 14:12:04.657 +02:00  INF  Request finished HTTP/2 GET https://localhost:7015/api/ZooServices - 200 null application/json; charset=utf-8 23.5561ms
2024-05-19 14:12:05.321 +02:00  INF  Request starting HTTP/2 GET https://localhost:7015/api/Reviews/unfiltered - null null
2024-05-19 14:12:05.324 +02:00  INF  Authorization failed. These requirements were not met:
ClaimsAuthorizationRequirement:Claim.Type=Fonction and Claim.Value is one of the following values: (Administrateur|Employe)
2024-05-19 14:12:05.325 +02:00  INF  AuthenticationScheme: Bearer was forbidden.
2024-05-19 14:12:05.325 +02:00  INF  Request finished HTTP/2 GET https://localhost:7015/api/Reviews/unfiltered - 403 0 null 4.3505ms
2024-05-19 14:13:04.273 +02:00  INF  User profile is available. Using 'C:\Users\Lacon\AppData\Local\ASP.NET\DataProtection-Keys' as key repository and Windows DPAPI to encrypt keys at rest.
2024-05-19 14:13:04.521 +02:00  INF  Now listening on: https://localhost:7015
2024-05-19 14:13:04.522 +02:00  INF  Now listening on: http://localhost:5131
2024-05-19 14:13:04.525 +02:00  INF  Application started. Press Ctrl+C to shut down.
2024-05-19 14:13:04.526 +02:00  INF  Hosting environment: Development
2024-05-19 14:13:04.527 +02:00  INF  Content root path: C:\Users\Lacon\Desktop\DEVELOPPEMENT\ECF_Zoo\ECF_Zoo\API_Arcadia\API_Arcadia
2024-05-19 14:13:05.404 +02:00  INF  Request starting HTTP/2 GET https://localhost:7015/swagger/index.html - null null
2024-05-19 14:13:05.795 +02:00  INF  Request finished HTTP/2 GET https://localhost:7015/swagger/index.html - 200 null text/html;charset=utf-8 396.755ms
2024-05-19 14:13:05.872 +02:00  INF  Request starting HTTP/2 GET https://localhost:7015/_framework/aspnetcore-browser-refresh.js - null null
2024-05-19 14:13:05.879 +02:00  INF  Request finished HTTP/2 GET https://localhost:7015/_framework/aspnetcore-browser-refresh.js - 200 13758 application/javascript; charset=utf-8 6.8352ms
2024-05-19 14:13:05.905 +02:00  INF  Request starting HTTP/2 GET https://localhost:7015/_vs/browserLink - null null
2024-05-19 14:13:05.949 +02:00  INF  Request finished HTTP/2 GET https://localhost:7015/_vs/browserLink - 200 null text/javascript; charset=UTF-8 45.6284ms
2024-05-19 14:13:06.055 +02:00  INF  Request starting HTTP/2 GET https://localhost:7015/swagger/v1/swagger.json - null null
2024-05-19 14:13:06.171 +02:00  INF  Request finished HTTP/2 GET https://localhost:7015/swagger/v1/swagger.json - 200 null application/json;charset=utf-8 116.5371ms
2024-05-19 14:13:36.927 +02:00  INF  Request starting HTTP/2 GET https://localhost:7015/api/Animals - null null
2024-05-19 14:13:37.016 +02:00  INF  Authorization failed. These requirements were not met:
ClaimsAuthorizationRequirement:Claim.Type=Fonction and Claim.Value is one of the following values: (Administrateur)
2024-05-19 14:13:37.018 +02:00  INF  AuthenticationScheme: Bearer was forbidden.
2024-05-19 14:13:37.018 +02:00  INF  Request finished HTTP/2 GET https://localhost:7015/api/Animals - 403 0 null 93.652ms
2024-05-19 14:36:03.987 +02:00  INF  User profile is available. Using 'C:\Users\Lacon\AppData\Local\ASP.NET\DataProtection-Keys' as key repository and Windows DPAPI to encrypt keys at rest.
2024-05-19 14:36:04.240 +02:00  INF  Now listening on: https://localhost:7015
2024-05-19 14:36:04.241 +02:00  INF  Now listening on: http://localhost:5131
2024-05-19 14:36:04.244 +02:00  INF  Application started. Press Ctrl+C to shut down.
2024-05-19 14:36:04.245 +02:00  INF  Hosting environment: Development
2024-05-19 14:36:04.245 +02:00  INF  Content root path: C:\Users\Lacon\Desktop\DEVELOPPEMENT\ECF_Zoo\ECF_Zoo\API_Arcadia\API_Arcadia
2024-05-19 14:36:04.803 +02:00  INF  Request starting HTTP/2 GET https://localhost:7015/swagger/index.html - null null
2024-05-19 14:36:05.087 +02:00  INF  Request finished HTTP/2 GET https://localhost:7015/swagger/index.html - 200 null text/html;charset=utf-8 288.452ms
2024-05-19 14:36:05.115 +02:00  INF  Request starting HTTP/2 GET https://localhost:7015/_framework/aspnetcore-browser-refresh.js - null null
2024-05-19 14:36:05.122 +02:00  INF  Request finished HTTP/2 GET https://localhost:7015/_framework/aspnetcore-browser-refresh.js - 200 13758 application/javascript; charset=utf-8 6.3016ms
2024-05-19 14:36:05.124 +02:00  INF  Request starting HTTP/2 GET https://localhost:7015/_vs/browserLink - null null
2024-05-19 14:36:05.161 +02:00  INF  Request finished HTTP/2 GET https://localhost:7015/_vs/browserLink - 200 null text/javascript; charset=UTF-8 36.379ms
2024-05-19 14:36:05.217 +02:00  INF  Request starting HTTP/2 GET https://localhost:7015/swagger/v1/swagger.json - null null
2024-05-19 14:36:05.321 +02:00  INF  Request finished HTTP/2 GET https://localhost:7015/swagger/v1/swagger.json - 200 null application/json;charset=utf-8 103.6043ms
2024-05-19 14:36:21.576 +02:00  INF  Request starting HTTP/2 GET https://localhost:7015/api/Animals - null null
2024-05-19 14:36:21.669 +02:00  INF  Authorization failed. These requirements were not met:
ClaimsAuthorizationRequirement:Claim.Type=Fonction and Claim.Value is one of the following values: (Administrateur)
2024-05-19 14:36:21.671 +02:00  INF  AuthenticationScheme: Bearer was forbidden.
2024-05-19 14:36:21.672 +02:00  INF  Request finished HTTP/2 GET https://localhost:7015/api/Animals - 403 0 null 96.6504ms
2024-05-19 14:39:20.217 +02:00  INF  User profile is available. Using 'C:\Users\Lacon\AppData\Local\ASP.NET\DataProtection-Keys' as key repository and Windows DPAPI to encrypt keys at rest.
2024-05-19 14:39:20.459 +02:00  INF  Now listening on: https://localhost:7015
2024-05-19 14:39:20.461 +02:00  INF  Now listening on: http://localhost:5131
2024-05-19 14:39:20.464 +02:00  INF  Application started. Press Ctrl+C to shut down.
2024-05-19 14:39:20.466 +02:00  INF  Hosting environment: Development
2024-05-19 14:39:20.467 +02:00  INF  Content root path: C:\Users\Lacon\Desktop\DEVELOPPEMENT\ECF_Zoo\ECF_Zoo\API_Arcadia\API_Arcadia
2024-05-19 14:39:20.895 +02:00  INF  Request starting HTTP/2 GET https://localhost:7015/swagger/index.html - null null
2024-05-19 14:39:21.146 +02:00  INF  Request finished HTTP/2 GET https://localhost:7015/swagger/index.html - 200 null text/html;charset=utf-8 256.3047ms
2024-05-19 14:39:21.168 +02:00  INF  Request starting HTTP/2 GET https://localhost:7015/_framework/aspnetcore-browser-refresh.js - null null
2024-05-19 14:39:21.175 +02:00  INF  Request finished HTTP/2 GET https://localhost:7015/_framework/aspnetcore-browser-refresh.js - 200 13758 application/javascript; charset=utf-8 6.2544ms
2024-05-19 14:39:21.177 +02:00  INF  Request starting HTTP/2 GET https://localhost:7015/_vs/browserLink - null null
2024-05-19 14:39:21.218 +02:00  INF  Request finished HTTP/2 GET https://localhost:7015/_vs/browserLink - 200 null text/javascript; charset=UTF-8 40.9271ms
2024-05-19 14:39:21.342 +02:00  INF  Request starting HTTP/2 GET https://localhost:7015/swagger/v1/swagger.json - null null
2024-05-19 14:39:21.446 +02:00  INF  Request finished HTTP/2 GET https://localhost:7015/swagger/v1/swagger.json - 200 null application/json;charset=utf-8 104.2725ms
2024-05-19 14:39:40.511 +02:00  INF  Request starting HTTP/2 GET https://localhost:7015/api/Animals - null null
2024-05-19 14:39:40.606 +02:00  INF  Authorization failed. These requirements were not met:
ClaimsAuthorizationRequirement:Claim.Type=Fonction and Claim.Value is one of the following values: (Administrateur)
2024-05-19 14:39:40.607 +02:00  INF  AuthenticationScheme: Bearer was forbidden.
2024-05-19 14:39:40.608 +02:00  INF  Request finished HTTP/2 GET https://localhost:7015/api/Animals - 403 0 null 97.3827ms
2024-05-19 14:45:06.890 +02:00  INF  User profile is available. Using 'C:\Users\Lacon\AppData\Local\ASP.NET\DataProtection-Keys' as key repository and Windows DPAPI to encrypt keys at rest.
2024-05-19 14:45:07.158 +02:00  INF  Now listening on: https://localhost:7015
2024-05-19 14:45:07.159 +02:00  INF  Now listening on: http://localhost:5131
2024-05-19 14:45:07.162 +02:00  INF  Application started. Press Ctrl+C to shut down.
2024-05-19 14:45:07.163 +02:00  INF  Hosting environment: Development
2024-05-19 14:45:07.164 +02:00  INF  Content root path: C:\Users\Lacon\Desktop\DEVELOPPEMENT\ECF_Zoo\ECF_Zoo\API_Arcadia\API_Arcadia
2024-05-19 14:45:07.695 +02:00  INF  Request starting HTTP/2 GET https://localhost:7015/swagger/index.html - null null
2024-05-19 14:45:07.897 +02:00  INF  Request finished HTTP/2 GET https://localhost:7015/swagger/index.html - 200 null text/html;charset=utf-8 205.1335ms
2024-05-19 14:45:07.930 +02:00  INF  Request starting HTTP/2 GET https://localhost:7015/_vs/browserLink - null null
2024-05-19 14:45:07.930 +02:00  INF  Request starting HTTP/2 GET https://localhost:7015/_framework/aspnetcore-browser-refresh.js - null null
2024-05-19 14:45:07.940 +02:00  INF  Request finished HTTP/2 GET https://localhost:7015/_framework/aspnetcore-browser-refresh.js - 200 13758 application/javascript; charset=utf-8 9.6051ms
2024-05-19 14:45:07.965 +02:00  INF  Request finished HTTP/2 GET https://localhost:7015/_vs/browserLink - 200 null text/javascript; charset=UTF-8 35.1584ms
2024-05-19 14:45:08.019 +02:00  INF  Request starting HTTP/2 GET https://localhost:7015/swagger/v1/swagger.json - null null
2024-05-19 14:45:08.101 +02:00  INF  Request finished HTTP/2 GET https://localhost:7015/swagger/v1/swagger.json - 200 null application/json;charset=utf-8 82.0183ms
2024-05-19 14:46:28.522 +02:00  INF  User profile is available. Using 'C:\Users\Lacon\AppData\Local\ASP.NET\DataProtection-Keys' as key repository and Windows DPAPI to encrypt keys at rest.
2024-05-19 14:46:28.784 +02:00  INF  Now listening on: https://localhost:7015
2024-05-19 14:46:28.787 +02:00  INF  Now listening on: http://localhost:5131
2024-05-19 14:46:28.792 +02:00  INF  Application started. Press Ctrl+C to shut down.
2024-05-19 14:46:28.799 +02:00  INF  Hosting environment: Development
2024-05-19 14:46:28.803 +02:00  INF  Content root path: C:\Users\Lacon\Desktop\DEVELOPPEMENT\ECF_Zoo\ECF_Zoo\API_Arcadia\API_Arcadia
2024-05-19 14:46:29.178 +02:00  INF  Request starting HTTP/2 GET https://localhost:7015/swagger/index.html - null null
2024-05-19 14:46:29.459 +02:00  INF  Request finished HTTP/2 GET https://localhost:7015/swagger/index.html - 200 null text/html;charset=utf-8 284.8423ms
2024-05-19 14:46:29.523 +02:00  INF  Request starting HTTP/2 GET https://localhost:7015/_vs/browserLink - null null
2024-05-19 14:46:29.523 +02:00  INF  Request starting HTTP/2 GET https://localhost:7015/_framework/aspnetcore-browser-refresh.js - null null
2024-05-19 14:46:29.530 +02:00  INF  Request finished HTTP/2 GET https://localhost:7015/_framework/aspnetcore-browser-refresh.js - 200 13758 application/javascript; charset=utf-8 7.0144ms
2024-05-19 14:46:29.557 +02:00  INF  Request finished HTTP/2 GET https://localhost:7015/_vs/browserLink - 200 null text/javascript; charset=UTF-8 33.9362ms
2024-05-19 14:46:29.633 +02:00  INF  Request starting HTTP/2 GET https://localhost:7015/swagger/v1/swagger.json - null null
2024-05-19 14:46:29.745 +02:00  INF  Request finished HTTP/2 GET https://localhost:7015/swagger/v1/swagger.json - 200 null application/json;charset=utf-8 112.0488ms
2024-05-19 15:16:09.975 +02:00  INF  User profile is available. Using 'C:\Users\Lacon\AppData\Local\ASP.NET\DataProtection-Keys' as key repository and Windows DPAPI to encrypt keys at rest.
2024-05-19 15:16:10.264 +02:00  INF  Now listening on: https://localhost:7015
2024-05-19 15:16:10.265 +02:00  INF  Now listening on: http://localhost:5131
2024-05-19 15:16:10.267 +02:00  INF  Application started. Press Ctrl+C to shut down.
2024-05-19 15:16:10.268 +02:00  INF  Hosting environment: Development
2024-05-19 15:16:10.269 +02:00  INF  Content root path: C:\Users\Lacon\Desktop\DEVELOPPEMENT\ECF_Zoo\ECF_Zoo\API_Arcadia\API_Arcadia
2024-05-19 15:16:10.892 +02:00  INF  Request starting HTTP/2 GET https://localhost:7015/swagger/index.html - null null
2024-05-19 15:16:11.090 +02:00  INF  Request finished HTTP/2 GET https://localhost:7015/swagger/index.html - 200 null text/html;charset=utf-8 201.2593ms
2024-05-19 15:16:11.104 +02:00  INF  Request starting HTTP/2 GET https://localhost:7015/_framework/aspnetcore-browser-refresh.js - null null
2024-05-19 15:16:11.110 +02:00  INF  Request finished HTTP/2 GET https://localhost:7015/_framework/aspnetcore-browser-refresh.js - 200 13758 application/javascript; charset=utf-8 6.2733ms
2024-05-19 15:16:11.126 +02:00  INF  Request starting HTTP/2 GET https://localhost:7015/_vs/browserLink - null null
2024-05-19 15:16:11.160 +02:00  INF  Request finished HTTP/2 GET https://localhost:7015/_vs/browserLink - 200 null text/javascript; charset=UTF-8 35.9695ms
2024-05-19 15:16:11.206 +02:00  INF  Request starting HTTP/2 GET https://localhost:7015/swagger/v1/swagger.json - null null
2024-05-19 15:16:11.301 +02:00  INF  Request finished HTTP/2 GET https://localhost:7015/swagger/v1/swagger.json - 200 null application/json;charset=utf-8 95.619ms
2024-05-19 15:19:04.296 +02:00  INF  Request starting HTTP/2 GET https://localhost:7015/api/Animals - null null
2024-05-19 15:19:04.395 +02:00  INF  Executing endpoint 'API_Arcadia.Controllers.AnimalsController.GetAnimals (API_Arcadia)'
2024-05-19 15:19:04.411 +02:00  INF  Route matched with {action = "GetAnimals", controller = "Animals"}. Executing controller action with signature System.Threading.Tasks.Task`1[Microsoft.AspNetCore.Mvc.ActionResult`1[System.Collections.Generic.IEnumerable`1[API_Arcadia.Models.Animal]]] GetAnimals() on controller API_Arcadia.Controllers.AnimalsController (API_Arcadia).
2024-05-19 15:19:05.383 +02:00  INF  Executed DbCommand (25ms) [Parameters=[], CommandType='"Text"', CommandTimeout='30']
SELECT [a].[Id], [a].[IdHealth], [a].[IdSpecies], [a].[IsMale], [a].[Name], [s].[Id], [a0].[Id], [a0].[IdAnimal], [a0].[MiniSlug], [a0].[Slug], [s].[Description], [s].[FemaleMaxSize], [s].[FemaleMaxWeight], [s].[IdDiet], [s].[IdSizeUnit], [s].[IdWeightUnit], [s].[Lifespan], [s].[MaleMaxSize], [s].[MaleMaxWeight], [s].[Name], [s].[ScientificName]
FROM [Animals] AS [a]
INNER JOIN [Speciess] AS [s] ON [a].[IdSpecies] = [s].[Id]
LEFT JOIN [AnimalImages] AS [a0] ON [a].[Id] = [a0].[IdAnimal]
ORDER BY [a].[Id], [s].[Id]
2024-05-19 15:19:05.471 +02:00  INF  Executing OkObjectResult, writing value of type 'System.Collections.Generic.List`1[[API_Arcadia.Models.Animal, API_Arcadia, Version=1.0.0.0, Culture=neutral, PublicKeyToken=null]]'.
2024-05-19 15:19:05.495 +02:00  INF  Executed action API_Arcadia.Controllers.AnimalsController.GetAnimals (API_Arcadia) in 1079.7102ms
2024-05-19 15:19:05.496 +02:00  INF  Executed endpoint 'API_Arcadia.Controllers.AnimalsController.GetAnimals (API_Arcadia)'
2024-05-19 15:19:05.502 +02:00  INF  Request finished HTTP/2 GET https://localhost:7015/api/Animals - 200 null application/json; charset=utf-8 1208.1138ms
2024-05-19 15:20:09.193 +02:00  INF  User profile is available. Using 'C:\Users\Lacon\AppData\Local\ASP.NET\DataProtection-Keys' as key repository and Windows DPAPI to encrypt keys at rest.
2024-05-19 15:20:09.467 +02:00  INF  Now listening on: https://localhost:7015
2024-05-19 15:20:09.469 +02:00  INF  Now listening on: http://localhost:5131
2024-05-19 15:20:09.473 +02:00  INF  Application started. Press Ctrl+C to shut down.
2024-05-19 15:20:09.474 +02:00  INF  Hosting environment: Development
2024-05-19 15:20:09.474 +02:00  INF  Content root path: C:\Users\Lacon\Desktop\DEVELOPPEMENT\ECF_Zoo\ECF_Zoo\API_Arcadia\API_Arcadia
2024-05-19 15:20:10.552 +02:00  INF  Request starting HTTP/2 GET https://localhost:7015/swagger/index.html - null null
2024-05-19 15:20:10.771 +02:00  INF  Request finished HTTP/2 GET https://localhost:7015/swagger/index.html - 200 null text/html;charset=utf-8 224.7911ms
2024-05-19 15:20:10.819 +02:00  INF  Request starting HTTP/2 GET https://localhost:7015/_framework/aspnetcore-browser-refresh.js - null null
2024-05-19 15:20:10.819 +02:00  INF  Request starting HTTP/2 GET https://localhost:7015/_vs/browserLink - null null
2024-05-19 15:20:10.824 +02:00  INF  Request finished HTTP/2 GET https://localhost:7015/_framework/aspnetcore-browser-refresh.js - 200 13758 application/javascript; charset=utf-8 5.4445ms
2024-05-19 15:20:10.861 +02:00  INF  Request finished HTTP/2 GET https://localhost:7015/_vs/browserLink - 200 null text/javascript; charset=UTF-8 42.2931ms
2024-05-19 15:20:10.935 +02:00  INF  Request starting HTTP/2 GET https://localhost:7015/swagger/v1/swagger.json - null null
2024-05-19 15:20:11.082 +02:00  INF  Request finished HTTP/2 GET https://localhost:7015/swagger/v1/swagger.json - 200 null application/json;charset=utf-8 146.4248ms
2024-05-19 15:20:54.784 +02:00  INF  User profile is available. Using 'C:\Users\Lacon\AppData\Local\ASP.NET\DataProtection-Keys' as key repository and Windows DPAPI to encrypt keys at rest.
2024-05-19 15:20:54.877 +02:00  INF  Now listening on: https://localhost:7015
2024-05-19 15:20:54.879 +02:00  INF  Now listening on: http://localhost:5131
2024-05-19 15:20:54.880 +02:00  INF  Application started. Press Ctrl+C to shut down.
2024-05-19 15:20:54.881 +02:00  INF  Hosting environment: Development
2024-05-19 15:20:54.881 +02:00  INF  Content root path: C:\Users\Lacon\Desktop\DEVELOPPEMENT\ECF_Zoo\ECF_Zoo\API_Arcadia\API_Arcadia
2024-05-19 15:20:58.979 +02:00  INF  User profile is available. Using 'C:\Users\Lacon\AppData\Local\ASP.NET\DataProtection-Keys' as key repository and Windows DPAPI to encrypt keys at rest.
2024-05-19 15:20:59.267 +02:00  INF  Now listening on: https://localhost:7015
2024-05-19 15:20:59.271 +02:00  INF  Now listening on: http://localhost:5131
2024-05-19 15:20:59.274 +02:00  INF  Application started. Press Ctrl+C to shut down.
2024-05-19 15:20:59.275 +02:00  INF  Hosting environment: Development
2024-05-19 15:20:59.276 +02:00  INF  Content root path: C:\Users\Lacon\Desktop\DEVELOPPEMENT\ECF_Zoo\ECF_Zoo\API_Arcadia\API_Arcadia
2024-05-19 15:20:59.994 +02:00  INF  Request starting HTTP/2 GET https://localhost:7015/swagger/index.html - null null
2024-05-19 15:21:00.219 +02:00  INF  Request finished HTTP/2 GET https://localhost:7015/swagger/index.html - 200 null text/html;charset=utf-8 230.021ms
2024-05-19 15:21:00.274 +02:00  INF  Request starting HTTP/2 GET https://localhost:7015/_vs/browserLink - null null
2024-05-19 15:21:00.274 +02:00  INF  Request starting HTTP/2 GET https://localhost:7015/_framework/aspnetcore-browser-refresh.js - null null
2024-05-19 15:21:00.293 +02:00  INF  Request finished HTTP/2 GET https://localhost:7015/_framework/aspnetcore-browser-refresh.js - 200 13758 application/javascript; charset=utf-8 19.4943ms
2024-05-19 15:21:00.356 +02:00  INF  Request finished HTTP/2 GET https://localhost:7015/_vs/browserLink - 200 null text/javascript; charset=UTF-8 82.0646ms
2024-05-19 15:21:00.393 +02:00  INF  Request starting HTTP/2 GET https://localhost:7015/swagger/v1/swagger.json - null null
2024-05-19 15:21:00.575 +02:00  INF  Request finished HTTP/2 GET https://localhost:7015/swagger/v1/swagger.json - 200 null application/json;charset=utf-8 182.4339ms
2024-05-19 15:37:04.591 +02:00  INF  User profile is available. Using 'C:\Users\Lacon\AppData\Local\ASP.NET\DataProtection-Keys' as key repository and Windows DPAPI to encrypt keys at rest.
2024-05-19 15:37:04.846 +02:00  INF  Now listening on: https://localhost:7015
2024-05-19 15:37:04.848 +02:00  INF  Now listening on: http://localhost:5131
2024-05-19 15:37:04.850 +02:00  INF  Application started. Press Ctrl+C to shut down.
2024-05-19 15:37:04.855 +02:00  INF  Hosting environment: Development
2024-05-19 15:37:04.856 +02:00  INF  Content root path: C:\Users\Lacon\Desktop\DEVELOPPEMENT\ECF_Zoo\ECF_Zoo\API_Arcadia\API_Arcadia
2024-05-19 15:37:05.351 +02:00  INF  Request starting HTTP/2 GET https://localhost:7015/swagger/index.html - null null
2024-05-19 15:37:05.588 +02:00  INF  Request finished HTTP/2 GET https://localhost:7015/swagger/index.html - 200 null text/html;charset=utf-8 241.7888ms
2024-05-19 15:37:05.633 +02:00  INF  Request starting HTTP/2 GET https://localhost:7015/_framework/aspnetcore-browser-refresh.js - null null
2024-05-19 15:37:05.639 +02:00  INF  Request finished HTTP/2 GET https://localhost:7015/_framework/aspnetcore-browser-refresh.js - 200 13758 application/javascript; charset=utf-8 6.1228ms
2024-05-19 15:37:05.648 +02:00  INF  Request starting HTTP/2 GET https://localhost:7015/_vs/browserLink - null null
2024-05-19 15:37:05.695 +02:00  INF  Request finished HTTP/2 GET https://localhost:7015/_vs/browserLink - 200 null text/javascript; charset=UTF-8 47.2571ms
2024-05-19 15:37:05.745 +02:00  INF  Request starting HTTP/2 GET https://localhost:7015/swagger/v1/swagger.json - null null
2024-05-19 15:37:05.845 +02:00  INF  Request finished HTTP/2 GET https://localhost:7015/swagger/v1/swagger.json - 200 null application/json;charset=utf-8 100.114ms
2024-05-19 15:39:37.037 +02:00  INF  User profile is available. Using 'C:\Users\Lacon\AppData\Local\ASP.NET\DataProtection-Keys' as key repository and Windows DPAPI to encrypt keys at rest.
2024-05-19 15:39:37.300 +02:00  INF  Now listening on: https://localhost:7015
2024-05-19 15:39:37.309 +02:00  INF  Now listening on: http://localhost:5131
2024-05-19 15:39:37.315 +02:00  INF  Application started. Press Ctrl+C to shut down.
2024-05-19 15:39:37.330 +02:00  INF  Hosting environment: Development
2024-05-19 15:39:37.356 +02:00  INF  Content root path: C:\Users\Lacon\Desktop\DEVELOPPEMENT\ECF_Zoo\ECF_Zoo\API_Arcadia\API_Arcadia
2024-05-19 15:39:37.950 +02:00  INF  Request starting HTTP/2 GET https://localhost:7015/swagger/index.html - null null
2024-05-19 15:39:38.154 +02:00  INF  Request finished HTTP/2 GET https://localhost:7015/swagger/index.html - 200 null text/html;charset=utf-8 207.9054ms
2024-05-19 15:39:38.184 +02:00  INF  Request starting HTTP/2 GET https://localhost:7015/_framework/aspnetcore-browser-refresh.js - null null
2024-05-19 15:39:38.191 +02:00  INF  Request finished HTTP/2 GET https://localhost:7015/_framework/aspnetcore-browser-refresh.js - 200 13758 application/javascript; charset=utf-8 6.0802ms
2024-05-19 15:39:38.194 +02:00  INF  Request starting HTTP/2 GET https://localhost:7015/_vs/browserLink - null null
2024-05-19 15:39:38.239 +02:00  INF  Request finished HTTP/2 GET https://localhost:7015/_vs/browserLink - 200 null text/javascript; charset=UTF-8 44.987ms
2024-05-19 15:39:38.432 +02:00  INF  Request starting HTTP/2 GET https://localhost:7015/swagger/v1/swagger.json - null null
2024-05-19 15:39:38.557 +02:00  INF  Request finished HTTP/2 GET https://localhost:7015/swagger/v1/swagger.json - 200 null application/json;charset=utf-8 125.3922ms
2024-05-19 15:39:49.916 +02:00  INF  User profile is available. Using 'C:\Users\Lacon\AppData\Local\ASP.NET\DataProtection-Keys' as key repository and Windows DPAPI to encrypt keys at rest.
2024-05-19 15:39:50.175 +02:00  INF  Now listening on: https://localhost:7015
2024-05-19 15:39:50.176 +02:00  INF  Now listening on: http://localhost:5131
2024-05-19 15:39:50.179 +02:00  INF  Application started. Press Ctrl+C to shut down.
2024-05-19 15:39:50.180 +02:00  INF  Hosting environment: Development
2024-05-19 15:39:50.180 +02:00  INF  Content root path: C:\Users\Lacon\Desktop\DEVELOPPEMENT\ECF_Zoo\ECF_Zoo\API_Arcadia\API_Arcadia
2024-05-19 15:39:50.575 +02:00  INF  Request starting HTTP/2 GET https://localhost:7015/swagger/index.html - null null
2024-05-19 15:39:50.845 +02:00  INF  Request finished HTTP/2 GET https://localhost:7015/swagger/index.html - 200 null text/html;charset=utf-8 273.0496ms
2024-05-19 15:39:50.911 +02:00  INF  Request starting HTTP/2 GET https://localhost:7015/_vs/browserLink - null null
2024-05-19 15:39:50.911 +02:00  INF  Request starting HTTP/2 GET https://localhost:7015/_framework/aspnetcore-browser-refresh.js - null null
2024-05-19 15:39:50.925 +02:00  INF  Request finished HTTP/2 GET https://localhost:7015/_framework/aspnetcore-browser-refresh.js - 200 13758 application/javascript; charset=utf-8 14.0722ms
2024-05-19 15:39:50.957 +02:00  INF  Request finished HTTP/2 GET https://localhost:7015/_vs/browserLink - 200 null text/javascript; charset=UTF-8 45.9008ms
2024-05-19 15:39:51.019 +02:00  INF  Request starting HTTP/2 GET https://localhost:7015/swagger/v1/swagger.json - null null
2024-05-19 15:39:51.129 +02:00  INF  Request finished HTTP/2 GET https://localhost:7015/swagger/v1/swagger.json - 200 null application/json;charset=utf-8 110.7989ms
2024-05-19 16:01:28.135 +02:00  INF  User profile is available. Using 'C:\Users\Lacon\AppData\Local\ASP.NET\DataProtection-Keys' as key repository and Windows DPAPI to encrypt keys at rest.
2024-05-19 16:01:28.381 +02:00  INF  Now listening on: https://localhost:7015
2024-05-19 16:01:28.383 +02:00  INF  Now listening on: http://localhost:5131
2024-05-19 16:01:28.386 +02:00  INF  Application started. Press Ctrl+C to shut down.
2024-05-19 16:01:28.393 +02:00  INF  Hosting environment: Development
2024-05-19 16:01:28.394 +02:00  INF  Content root path: C:\Users\Lacon\Desktop\DEVELOPPEMENT\ECF_Zoo\ECF_Zoo\API_Arcadia\API_Arcadia
2024-05-19 16:01:29.278 +02:00  INF  Request starting HTTP/2 GET https://localhost:7015/swagger/index.html - null null
2024-05-19 16:01:29.508 +02:00  INF  Request finished HTTP/2 GET https://localhost:7015/swagger/index.html - 200 null text/html;charset=utf-8 233.3584ms
2024-05-19 16:01:29.573 +02:00  INF  Request starting HTTP/2 GET https://localhost:7015/_framework/aspnetcore-browser-refresh.js - null null
2024-05-19 16:01:29.580 +02:00  INF  Request finished HTTP/2 GET https://localhost:7015/_framework/aspnetcore-browser-refresh.js - 200 13758 application/javascript; charset=utf-8 7.1541ms
2024-05-19 16:01:29.608 +02:00  INF  Request starting HTTP/2 GET https://localhost:7015/_vs/browserLink - null null
2024-05-19 16:01:29.649 +02:00  INF  Request finished HTTP/2 GET https://localhost:7015/_vs/browserLink - 200 null text/javascript; charset=UTF-8 41.7839ms
2024-05-19 16:01:29.822 +02:00  INF  Request starting HTTP/2 GET https://localhost:7015/swagger/v1/swagger.json - null null
2024-05-19 16:01:29.955 +02:00  INF  Request finished HTTP/2 GET https://localhost:7015/swagger/v1/swagger.json - 200 null application/json;charset=utf-8 133.5253ms
2024-05-19 16:19:01.765 +02:00  INF  User profile is available. Using 'C:\Users\Lacon\AppData\Local\ASP.NET\DataProtection-Keys' as key repository and Windows DPAPI to encrypt keys at rest.
2024-05-19 16:19:02.079 +02:00  INF  Now listening on: https://localhost:7015
2024-05-19 16:19:02.080 +02:00  INF  Now listening on: http://localhost:5131
2024-05-19 16:19:02.082 +02:00  INF  Application started. Press Ctrl+C to shut down.
2024-05-19 16:19:02.083 +02:00  INF  Hosting environment: Development
2024-05-19 16:19:02.084 +02:00  INF  Content root path: C:\Users\Lacon\Desktop\DEVELOPPEMENT\ECF_Zoo\ECF_Zoo\API_Arcadia\API_Arcadia
2024-05-19 16:19:02.789 +02:00  INF  Request starting HTTP/2 GET https://localhost:7015/swagger/index.html - null null
2024-05-19 16:19:03.038 +02:00  INF  Request finished HTTP/2 GET https://localhost:7015/swagger/index.html - 200 null text/html;charset=utf-8 252.7848ms
2024-05-19 16:19:03.068 +02:00  INF  Request starting HTTP/2 GET https://localhost:7015/_framework/aspnetcore-browser-refresh.js - null null
2024-05-19 16:19:03.069 +02:00  INF  Request starting HTTP/2 GET https://localhost:7015/_vs/browserLink - null null
2024-05-19 16:19:03.085 +02:00  INF  Request finished HTTP/2 GET https://localhost:7015/_framework/aspnetcore-browser-refresh.js - 200 13758 application/javascript; charset=utf-8 16.7449ms
2024-05-19 16:19:03.164 +02:00  INF  Request finished HTTP/2 GET https://localhost:7015/_vs/browserLink - 200 null text/javascript; charset=UTF-8 95.2141ms
2024-05-19 16:19:03.205 +02:00  INF  Request starting HTTP/2 GET https://localhost:7015/swagger/v1/swagger.json - null null
2024-05-19 16:19:03.395 +02:00  INF  Request finished HTTP/2 GET https://localhost:7015/swagger/v1/swagger.json - 200 null application/json;charset=utf-8 190.4508ms
2024-05-19 16:26:45.852 +02:00  INF  User profile is available. Using 'C:\Users\Lacon\AppData\Local\ASP.NET\DataProtection-Keys' as key repository and Windows DPAPI to encrypt keys at rest.
2024-05-19 16:26:46.040 +02:00  INF  Now listening on: https://localhost:7015
2024-05-19 16:26:46.041 +02:00  INF  Now listening on: http://localhost:5131
2024-05-19 16:26:46.043 +02:00  INF  Application started. Press Ctrl+C to shut down.
2024-05-19 16:26:46.045 +02:00  INF  Hosting environment: Development
2024-05-19 16:26:46.046 +02:00  INF  Content root path: C:\Users\Lacon\Desktop\DEVELOPPEMENT\ECF_Zoo\ECF_Zoo\API_Arcadia\API_Arcadia
2024-05-19 16:26:46.636 +02:00  INF  Request starting HTTP/2 GET https://localhost:7015/swagger/index.html - null null
2024-05-19 16:26:46.875 +02:00  INF  Request finished HTTP/2 GET https://localhost:7015/swagger/index.html - 200 null text/html;charset=utf-8 244.1066ms
2024-05-19 16:26:46.899 +02:00  INF  Request starting HTTP/2 GET https://localhost:7015/_framework/aspnetcore-browser-refresh.js - null null
2024-05-19 16:26:46.909 +02:00  INF  Request starting HTTP/2 GET https://localhost:7015/_vs/browserLink - null null
2024-05-19 16:26:46.909 +02:00  INF  Request finished HTTP/2 GET https://localhost:7015/_framework/aspnetcore-browser-refresh.js - 200 13758 application/javascript; charset=utf-8 8.5556ms
2024-05-19 16:26:46.957 +02:00  INF  Request finished HTTP/2 GET https://localhost:7015/_vs/browserLink - 200 null text/javascript; charset=UTF-8 48.4104ms
2024-05-19 16:26:47.027 +02:00  INF  Request starting HTTP/2 GET https://localhost:7015/swagger/v1/swagger.json - null null
2024-05-19 16:26:47.140 +02:00  INF  Request finished HTTP/2 GET https://localhost:7015/swagger/v1/swagger.json - 200 null application/json;charset=utf-8 114.2554ms
2024-05-19 16:27:14.978 +02:00  INF  User profile is available. Using 'C:\Users\Lacon\AppData\Local\ASP.NET\DataProtection-Keys' as key repository and Windows DPAPI to encrypt keys at rest.
2024-05-19 16:27:15.274 +02:00  INF  Now listening on: https://localhost:7015
2024-05-19 16:27:15.276 +02:00  INF  Now listening on: http://localhost:5131
2024-05-19 16:27:15.279 +02:00  INF  Application started. Press Ctrl+C to shut down.
2024-05-19 16:27:15.280 +02:00  INF  Hosting environment: Development
2024-05-19 16:27:15.282 +02:00  INF  Content root path: C:\Users\Lacon\Desktop\DEVELOPPEMENT\ECF_Zoo\ECF_Zoo\API_Arcadia\API_Arcadia
2024-05-19 16:27:15.938 +02:00  INF  Request starting HTTP/2 GET https://localhost:7015/swagger/index.html - null null
2024-05-19 16:27:16.164 +02:00  INF  Request finished HTTP/2 GET https://localhost:7015/swagger/index.html - 200 null text/html;charset=utf-8 229.9168ms
2024-05-19 16:27:16.189 +02:00  INF  Request starting HTTP/2 GET https://localhost:7015/_framework/aspnetcore-browser-refresh.js - null null
2024-05-19 16:27:16.196 +02:00  INF  Request finished HTTP/2 GET https://localhost:7015/_framework/aspnetcore-browser-refresh.js - 200 13758 application/javascript; charset=utf-8 6.9691ms
2024-05-19 16:27:16.205 +02:00  INF  Request starting HTTP/2 GET https://localhost:7015/_vs/browserLink - null null
2024-05-19 16:27:16.251 +02:00  INF  Request finished HTTP/2 GET https://localhost:7015/_vs/browserLink - 200 null text/javascript; charset=UTF-8 45.6975ms
2024-05-19 16:27:16.353 +02:00  INF  Request starting HTTP/2 GET https://localhost:7015/swagger/v1/swagger.json - null null
2024-05-19 16:27:16.568 +02:00  INF  Request finished HTTP/2 GET https://localhost:7015/swagger/v1/swagger.json - 200 null application/json;charset=utf-8 215.3858ms
2024-05-19 16:27:41.951 +02:00  INF  User profile is available. Using 'C:\Users\Lacon\AppData\Local\ASP.NET\DataProtection-Keys' as key repository and Windows DPAPI to encrypt keys at rest.
2024-05-19 16:27:42.191 +02:00  INF  Now listening on: https://localhost:7015
2024-05-19 16:27:42.194 +02:00  INF  Now listening on: http://localhost:5131
2024-05-19 16:27:42.197 +02:00  INF  Application started. Press Ctrl+C to shut down.
2024-05-19 16:27:42.200 +02:00  INF  Hosting environment: Development
2024-05-19 16:27:42.201 +02:00  INF  Content root path: C:\Users\Lacon\Desktop\DEVELOPPEMENT\ECF_Zoo\ECF_Zoo\API_Arcadia\API_Arcadia
2024-05-19 16:27:42.632 +02:00  INF  Request starting HTTP/2 GET https://localhost:7015/swagger/index.html - null null
2024-05-19 16:27:42.903 +02:00  INF  Request finished HTTP/2 GET https://localhost:7015/swagger/index.html - 200 null text/html;charset=utf-8 273.5082ms
2024-05-19 16:27:42.927 +02:00  INF  Request starting HTTP/2 GET https://localhost:7015/_framework/aspnetcore-browser-refresh.js - null null
2024-05-19 16:27:42.927 +02:00  INF  Request starting HTTP/2 GET https://localhost:7015/_vs/browserLink - null null
2024-05-19 16:27:42.936 +02:00  INF  Request finished HTTP/2 GET https://localhost:7015/_framework/aspnetcore-browser-refresh.js - 200 13758 application/javascript; charset=utf-8 9.1623ms
2024-05-19 16:27:42.961 +02:00  INF  Request finished HTTP/2 GET https://localhost:7015/_vs/browserLink - 200 null text/javascript; charset=UTF-8 33.6288ms
2024-05-19 16:27:43.017 +02:00  INF  Request starting HTTP/2 GET https://localhost:7015/swagger/v1/swagger.json - null null
2024-05-19 16:27:43.117 +02:00  INF  Request finished HTTP/2 GET https://localhost:7015/swagger/v1/swagger.json - 200 null application/json;charset=utf-8 100.2518ms
2024-05-19 16:28:38.713 +02:00  INF  User profile is available. Using 'C:\Users\Lacon\AppData\Local\ASP.NET\DataProtection-Keys' as key repository and Windows DPAPI to encrypt keys at rest.
2024-05-19 16:28:39.024 +02:00  INF  Now listening on: https://localhost:7015
2024-05-19 16:28:39.025 +02:00  INF  Now listening on: http://localhost:5131
2024-05-19 16:28:39.028 +02:00  INF  Application started. Press Ctrl+C to shut down.
2024-05-19 16:28:39.029 +02:00  INF  Hosting environment: Development
2024-05-19 16:28:39.029 +02:00  INF  Content root path: C:\Users\Lacon\Desktop\DEVELOPPEMENT\ECF_Zoo\ECF_Zoo\API_Arcadia\API_Arcadia
2024-05-19 16:28:39.803 +02:00  INF  Request starting HTTP/2 GET https://localhost:7015/swagger/index.html - null null
2024-05-19 16:28:39.990 +02:00  INF  Request finished HTTP/2 GET https://localhost:7015/swagger/index.html - 200 null text/html;charset=utf-8 189.7866ms
2024-05-19 16:28:40.010 +02:00  INF  Request starting HTTP/2 GET https://localhost:7015/_framework/aspnetcore-browser-refresh.js - null null
2024-05-19 16:28:40.015 +02:00  INF  Request finished HTTP/2 GET https://localhost:7015/_framework/aspnetcore-browser-refresh.js - 200 13758 application/javascript; charset=utf-8 5.2225ms
2024-05-19 16:28:40.022 +02:00  INF  Request starting HTTP/2 GET https://localhost:7015/_vs/browserLink - null null
2024-05-19 16:28:40.055 +02:00  INF  Request finished HTTP/2 GET https://localhost:7015/_vs/browserLink - 200 null text/javascript; charset=UTF-8 33.2482ms
2024-05-19 16:28:40.158 +02:00  INF  Request starting HTTP/2 GET https://localhost:7015/swagger/v1/swagger.json - null null
2024-05-19 16:28:40.279 +02:00  INF  Request finished HTTP/2 GET https://localhost:7015/swagger/v1/swagger.json - 200 null application/json;charset=utf-8 121.1647ms
2024-05-19 16:37:41.109 +02:00  INF  User profile is available. Using 'C:\Users\Lacon\AppData\Local\ASP.NET\DataProtection-Keys' as key repository and Windows DPAPI to encrypt keys at rest.
2024-05-19 16:37:41.416 +02:00  INF  Now listening on: https://localhost:7015
2024-05-19 16:37:41.417 +02:00  INF  Now listening on: http://localhost:5131
2024-05-19 16:37:41.420 +02:00  INF  Application started. Press Ctrl+C to shut down.
2024-05-19 16:37:41.421 +02:00  INF  Hosting environment: Development
2024-05-19 16:37:41.421 +02:00  INF  Content root path: C:\Users\Lacon\Desktop\DEVELOPPEMENT\ECF_Zoo\ECF_Zoo\API_Arcadia\API_Arcadia
2024-05-19 16:37:41.957 +02:00  INF  Request starting HTTP/2 GET https://localhost:7015/swagger/index.html - null null
2024-05-19 16:37:42.219 +02:00  INF  Request finished HTTP/2 GET https://localhost:7015/swagger/index.html - 200 null text/html;charset=utf-8 265.9162ms
2024-05-19 16:37:42.244 +02:00  INF  Request starting HTTP/2 GET https://localhost:7015/_framework/aspnetcore-browser-refresh.js - null null
2024-05-19 16:37:42.248 +02:00  INF  Request finished HTTP/2 GET https://localhost:7015/_framework/aspnetcore-browser-refresh.js - 200 13758 application/javascript; charset=utf-8 4.8683ms
2024-05-19 16:37:42.251 +02:00  INF  Request starting HTTP/2 GET https://localhost:7015/_vs/browserLink - null null
2024-05-19 16:37:42.281 +02:00  INF  Request finished HTTP/2 GET https://localhost:7015/_vs/browserLink - 200 null text/javascript; charset=UTF-8 29.2407ms
2024-05-19 16:37:42.336 +02:00  INF  Request starting HTTP/2 GET https://localhost:7015/swagger/v1/swagger.json - null null
2024-05-19 16:37:42.465 +02:00  INF  Request finished HTTP/2 GET https://localhost:7015/swagger/v1/swagger.json - 200 null application/json;charset=utf-8 128.5054ms
2024-05-19 16:38:19.455 +02:00  INF  Request starting HTTP/2 GET https://localhost:7015/api/Animals - null null
2024-05-19 16:38:19.553 +02:00  INF  Executing endpoint 'API_Arcadia.Controllers.AnimalsController.GetAnimals (API_Arcadia)'
2024-05-19 16:38:19.565 +02:00  INF  Route matched with {action = "GetAnimals", controller = "Animals"}. Executing controller action with signature System.Threading.Tasks.Task`1[Microsoft.AspNetCore.Mvc.ActionResult`1[System.Collections.Generic.IEnumerable`1[API_Arcadia.Models.Animal]]] GetAnimals() on controller API_Arcadia.Controllers.AnimalsController (API_Arcadia).
2024-05-19 16:38:20.582 +02:00  INF  Executed DbCommand (25ms) [Parameters=[], CommandType='"Text"', CommandTimeout='30']
SELECT [a].[Id], [a].[IdHealth], [a].[IdSpecies], [a].[IsMale], [a].[Name], [s].[Id], [a0].[Id], [a0].[IdAnimal], [a0].[MiniSlug], [a0].[Slug], [s].[Description], [s].[FemaleMaxSize], [s].[FemaleMaxWeight], [s].[IdDiet], [s].[IdSizeUnit], [s].[IdWeightUnit], [s].[Lifespan], [s].[MaleMaxSize], [s].[MaleMaxWeight], [s].[Name], [s].[ScientificName]
FROM [Animals] AS [a]
INNER JOIN [Speciess] AS [s] ON [a].[IdSpecies] = [s].[Id]
LEFT JOIN [AnimalImages] AS [a0] ON [a].[Id] = [a0].[IdAnimal]
ORDER BY [a].[Id], [s].[Id]
2024-05-19 16:38:20.669 +02:00  INF  Executing OkObjectResult, writing value of type 'System.Collections.Generic.List`1[[API_Arcadia.Models.Animal, API_Arcadia, Version=1.0.0.0, Culture=neutral, PublicKeyToken=null]]'.
2024-05-19 16:38:20.694 +02:00  INF  Executed action API_Arcadia.Controllers.AnimalsController.GetAnimals (API_Arcadia) in 1125.4371ms
2024-05-19 16:38:20.696 +02:00  INF  Executed endpoint 'API_Arcadia.Controllers.AnimalsController.GetAnimals (API_Arcadia)'
2024-05-19 16:38:20.702 +02:00  INF  Request finished HTTP/2 GET https://localhost:7015/api/Animals - 200 null application/json; charset=utf-8 1247.8434ms
2024-05-19 17:06:16.615 +02:00  INF  User profile is available. Using 'C:\Users\Lacon\AppData\Local\ASP.NET\DataProtection-Keys' as key repository and Windows DPAPI to encrypt keys at rest.
2024-05-19 17:06:16.827 +02:00  INF  Now listening on: https://localhost:7015
2024-05-19 17:06:16.829 +02:00  INF  Now listening on: http://localhost:5131
2024-05-19 17:06:16.831 +02:00  INF  Application started. Press Ctrl+C to shut down.
2024-05-19 17:06:16.833 +02:00  INF  Hosting environment: Development
2024-05-19 17:06:16.833 +02:00  INF  Content root path: C:\Users\Lacon\Desktop\DEVELOPPEMENT\ECF_Zoo\ECF_Zoo\API_Arcadia\API_Arcadia
2024-05-19 17:06:17.457 +02:00  INF  Request starting HTTP/2 GET https://localhost:7015/swagger/index.html - null null
2024-05-19 17:06:17.747 +02:00  INF  Request starting HTTP/2 GET https://localhost:7015/_framework/aspnetcore-browser-refresh.js - null null
2024-05-19 17:06:17.747 +02:00  INF  Request starting HTTP/2 GET https://localhost:7015/_vs/browserLink - null null
2024-05-19 17:06:17.748 +02:00  INF  Request finished HTTP/2 GET https://localhost:7015/swagger/index.html - 200 null text/html;charset=utf-8 295.074ms
2024-05-19 17:06:17.757 +02:00  INF  Request finished HTTP/2 GET https://localhost:7015/_framework/aspnetcore-browser-refresh.js - 200 13758 application/javascript; charset=utf-8 10.8415ms
2024-05-19 17:06:17.844 +02:00  INF  Request finished HTTP/2 GET https://localhost:7015/_vs/browserLink - 200 null text/javascript; charset=UTF-8 96.9737ms
2024-05-19 17:06:17.886 +02:00  INF  Request starting HTTP/2 GET https://localhost:7015/swagger/v1/swagger.json - null null
2024-05-19 17:06:18.006 +02:00  INF  Request finished HTTP/2 GET https://localhost:7015/swagger/v1/swagger.json - 200 null application/json;charset=utf-8 120.9972ms
2024-05-19 17:11:54.983 +02:00  INF  User profile is available. Using 'C:\Users\Lacon\AppData\Local\ASP.NET\DataProtection-Keys' as key repository and Windows DPAPI to encrypt keys at rest.
2024-05-19 17:11:55.183 +02:00  INF  Now listening on: https://localhost:7015
2024-05-19 17:11:55.208 +02:00  INF  Now listening on: http://localhost:5131
2024-05-19 17:11:55.211 +02:00  INF  Application started. Press Ctrl+C to shut down.
2024-05-19 17:11:55.219 +02:00  INF  Hosting environment: Development
2024-05-19 17:11:55.224 +02:00  INF  Content root path: C:\Users\Lacon\Desktop\DEVELOPPEMENT\ECF_Zoo\ECF_Zoo\API_Arcadia\API_Arcadia
2024-05-19 17:11:55.708 +02:00  INF  Request starting HTTP/2 GET https://localhost:7015/swagger/index.html - null null
2024-05-19 17:11:55.949 +02:00  INF  Request finished HTTP/2 GET https://localhost:7015/swagger/index.html - 200 null text/html;charset=utf-8 244.237ms
2024-05-19 17:11:55.987 +02:00  INF  Request starting HTTP/2 GET https://localhost:7015/_framework/aspnetcore-browser-refresh.js - null null
2024-05-19 17:11:55.997 +02:00  INF  Request starting HTTP/2 GET https://localhost:7015/_vs/browserLink - null null
2024-05-19 17:11:55.997 +02:00  INF  Request finished HTTP/2 GET https://localhost:7015/_framework/aspnetcore-browser-refresh.js - 200 13758 application/javascript; charset=utf-8 10.9081ms
2024-05-19 17:11:56.050 +02:00  INF  Request finished HTTP/2 GET https://localhost:7015/_vs/browserLink - 200 null text/javascript; charset=UTF-8 52.9583ms
2024-05-19 17:11:56.124 +02:00  INF  Request starting HTTP/2 GET https://localhost:7015/swagger/v1/swagger.json - null null
2024-05-19 17:11:56.246 +02:00  INF  Request finished HTTP/2 GET https://localhost:7015/swagger/v1/swagger.json - 200 null application/json;charset=utf-8 122.5429ms
