2024-05-14 22:11:53.067 +02:00  INF  User profile is available. Using 'C:\Users\Lacon\AppData\Local\ASP.NET\DataProtection-Keys' as key repository and Windows DPAPI to encrypt keys at rest.
2024-05-14 22:11:53.321 +02:00  INF  Now listening on: https://localhost:7015
2024-05-14 22:11:53.322 +02:00  INF  Now listening on: http://localhost:5131
2024-05-14 22:11:53.324 +02:00  INF  Application started. Press Ctrl+C to shut down.
2024-05-14 22:11:53.325 +02:00  INF  Hosting environment: Development
2024-05-14 22:11:53.326 +02:00  INF  Content root path: C:\Users\Lacon\Desktop\DEVELOPPEMENT\ECF_Zoo\ECF_Zoo\API_Arcadia\API_Arcadia
2024-05-14 22:11:54.177 +02:00  INF  Request starting HTTP/2 GET https://localhost:7015/swagger/index.html - null null
2024-05-14 22:11:54.463 +02:00  INF  Request finished HTTP/2 GET https://localhost:7015/swagger/index.html - 200 null text/html;charset=utf-8 290.484ms
2024-05-14 22:11:54.498 +02:00  INF  Request starting HTTP/2 GET https://localhost:7015/_framework/aspnetcore-browser-refresh.js - null null
2024-05-14 22:11:54.504 +02:00  INF  Request finished HTTP/2 GET https://localhost:7015/_framework/aspnetcore-browser-refresh.js - 200 13757 application/javascript; charset=utf-8 5.9822ms
2024-05-14 22:11:54.506 +02:00  INF  Request starting HTTP/2 GET https://localhost:7015/_vs/browserLink - null null
2024-05-14 22:11:54.597 +02:00  INF  Request finished HTTP/2 GET https://localhost:7015/_vs/browserLink - 200 null text/javascript; charset=UTF-8 90.2112ms
2024-05-14 22:11:54.655 +02:00  INF  Request starting HTTP/2 GET https://localhost:7015/swagger/v1/swagger.json - null null
2024-05-14 22:11:54.767 +02:00  INF  Request finished HTTP/2 GET https://localhost:7015/swagger/v1/swagger.json - 200 null application/json;charset=utf-8 112.4626ms
2024-05-14 22:12:15.864 +02:00  INF  Request starting HTTP/2 GET https://localhost:7015/api/Animals - null null
2024-05-14 22:12:15.954 +02:00  INF  Executing endpoint 'API_Arcadia.Controllers.AnimalsController.GetAnimals (API_Arcadia)'
2024-05-14 22:12:15.966 +02:00  INF  Route matched with {action = "GetAnimals", controller = "Animals"}. Executing controller action with signature System.Threading.Tasks.Task`1[Microsoft.AspNetCore.Mvc.ActionResult`1[System.Collections.Generic.IEnumerable`1[API_Arcadia.Models.Animal]]] GetAnimals() on controller API_Arcadia.Controllers.AnimalsController (API_Arcadia).
2024-05-14 22:12:17.091 +02:00  INF  Executed DbCommand (26ms) [Parameters=[], CommandType='"Text"', CommandTimeout='30']
SELECT [a].[Id], [a].[IdHealth], [a].[IdSpecies], [a].[IsMale], [a].[Name], [s].[Id], [a0].[Id], [a0].[IdAnimal], [a0].[MiniSlug], [a0].[Slug], [s].[Description], [s].[FemaleMaxSize], [s].[FemaleMaxWeight], [s].[IdDiet], [s].[IdSizeUnit], [s].[IdWeightUnit], [s].[Lifespan], [s].[MaleMaxSize], [s].[MaleMaxWeight], [s].[Name], [s].[ScientificName]
FROM [Animals] AS [a]
INNER JOIN [Speciess] AS [s] ON [a].[IdSpecies] = [s].[Id]
LEFT JOIN [AnimalImages] AS [a0] ON [a].[Id] = [a0].[IdAnimal]
ORDER BY [a].[Id], [s].[Id]
2024-05-14 22:12:17.181 +02:00  INF  Executing OkObjectResult, writing value of type 'System.Collections.Generic.List`1[[API_Arcadia.Models.Animal, API_Arcadia, Version=1.0.0.0, Culture=neutral, PublicKeyToken=null]]'.
2024-05-14 22:12:17.207 +02:00  INF  Executed action API_Arcadia.Controllers.AnimalsController.GetAnimals (API_Arcadia) in 1237.2361ms
2024-05-14 22:12:17.208 +02:00  INF  Executed endpoint 'API_Arcadia.Controllers.AnimalsController.GetAnimals (API_Arcadia)'
2024-05-14 22:12:17.213 +02:00  INF  Request finished HTTP/2 GET https://localhost:7015/api/Animals - 200 null application/json; charset=utf-8 1350.0327ms
2024-05-14 22:12:17.336 +02:00  INF  Request starting HTTP/2 GET https://localhost:7015/images/animals/638496693869536018_Mufasa.jpg - null null
2024-05-14 22:12:17.336 +02:00  INF  Request starting HTTP/2 GET https://localhost:7015/images/animals/l_orang_outan1.jpg - null null
2024-05-14 22:12:17.336 +02:00  INF  Request starting HTTP/2 GET https://localhost:7015/images/animals/la_panthere1.jpg - null null
2024-05-14 22:12:17.336 +02:00  INF  Request starting HTTP/2 GET https://localhost:7015/images/animals/le_rhino2.jpg - null null
2024-05-14 22:12:17.336 +02:00  INF  Request starting HTTP/2 GET https://localhost:7015/images/animals/le_rhino1.jpeg - null null
2024-05-14 22:12:17.337 +02:00  INF  Request starting HTTP/2 GET https://localhost:7015/images/animals/la_panthere2.jpg - null null
2024-05-14 22:12:17.339 +02:00  INF  Request starting HTTP/2 GET https://localhost:7015/images/animals/l_orang_outan2.jpg - null null
2024-05-14 22:12:17.340 +02:00  INF  Request starting HTTP/2 GET https://localhost:7015/images/animals/638496693873204536_Mufasa.jpg - null null
2024-05-14 22:12:17.343 +02:00  INF  Request starting HTTP/2 GET https://localhost:7015/images/animals/la_loutre2.jpg - null null
2024-05-14 22:12:17.349 +02:00  INF  Request starting HTTP/2 GET https://localhost:7015/images/animals/la_loutre1.jpg - null null
2024-05-14 22:12:17.351 +02:00  INF  Request starting HTTP/2 GET https://localhost:7015/images/animals/le_gorille2.jpg - null null
2024-05-14 22:12:17.354 +02:00  INF  Request starting HTTP/2 GET https://localhost:7015/images/animals/le_gorille1.jpg - null null
2024-05-14 22:12:17.357 +02:00  INF  The file /images/animals/le_rhino2.jpg was not modified
2024-05-14 22:12:17.357 +02:00  INF  The file /images/animals/le_rhino1.jpeg was not modified
2024-05-14 22:12:17.357 +02:00  INF  The file /images/animals/la_panthere2.jpg was not modified
2024-05-14 22:12:17.357 +02:00  INF  The file /images/animals/638496693869536018_Mufasa.jpg was not modified
2024-05-14 22:12:17.358 +02:00  INF  The file /images/animals/la_panthere1.jpg was not modified
2024-05-14 22:12:17.359 +02:00  INF  The file /images/animals/l_orang_outan2.jpg was not modified
2024-05-14 22:12:17.361 +02:00  INF  The file /images/animals/l_orang_outan1.jpg was not modified
2024-05-14 22:12:17.362 +02:00  INF  The file /images/animals/638496693873204536_Mufasa.jpg was not modified
2024-05-14 22:12:17.363 +02:00  INF  The file /images/animals/la_loutre2.jpg was not modified
2024-05-14 22:12:17.364 +02:00  INF  The file /images/animals/la_loutre1.jpg was not modified
2024-05-14 22:12:17.365 +02:00  INF  The file /images/animals/le_gorille2.jpg was not modified
2024-05-14 22:12:17.367 +02:00  INF  The file /images/animals/le_gorille1.jpg was not modified
2024-05-14 22:12:17.368 +02:00  INF  Request finished HTTP/2 GET https://localhost:7015/images/animals/le_rhino2.jpg - 304 null image/jpeg 31.2966ms
2024-05-14 22:12:17.368 +02:00  INF  Request finished HTTP/2 GET https://localhost:7015/images/animals/le_rhino1.jpeg - 304 null image/jpeg 31.2977ms
2024-05-14 22:12:17.368 +02:00  INF  Request finished HTTP/2 GET https://localhost:7015/images/animals/la_panthere2.jpg - 304 null image/jpeg 31.486ms
2024-05-14 22:12:17.369 +02:00  INF  Request finished HTTP/2 GET https://localhost:7015/images/animals/638496693869536018_Mufasa.jpg - 304 null image/jpeg 32.8726ms
2024-05-14 22:12:17.369 +02:00  INF  Request finished HTTP/2 GET https://localhost:7015/images/animals/la_panthere1.jpg - 304 null image/jpeg 33.018ms
2024-05-14 22:12:17.370 +02:00  INF  Request finished HTTP/2 GET https://localhost:7015/images/animals/l_orang_outan2.jpg - 304 null image/jpeg 30.919ms
2024-05-14 22:12:17.370 +02:00  INF  Request finished HTTP/2 GET https://localhost:7015/images/animals/l_orang_outan1.jpg - 304 null image/jpeg 34.1518ms
2024-05-14 22:12:17.371 +02:00  INF  Request finished HTTP/2 GET https://localhost:7015/images/animals/638496693873204536_Mufasa.jpg - 304 null image/jpeg 31.2603ms
2024-05-14 22:12:17.371 +02:00  INF  Request finished HTTP/2 GET https://localhost:7015/images/animals/la_loutre2.jpg - 304 null image/jpeg 29.1084ms
2024-05-14 22:12:17.372 +02:00  INF  Request finished HTTP/2 GET https://localhost:7015/images/animals/la_loutre1.jpg - 304 null image/jpeg 23.3298ms
2024-05-14 22:12:17.372 +02:00  INF  Request finished HTTP/2 GET https://localhost:7015/images/animals/le_gorille2.jpg - 304 null image/jpeg 21.332ms
2024-05-14 22:12:17.373 +02:00  INF  Request finished HTTP/2 GET https://localhost:7015/images/animals/le_gorille1.jpg - 304 null image/jpeg 19.1159ms
2024-05-14 22:12:17.375 +02:00  INF  Request starting HTTP/2 GET https://localhost:7015/images/animals/le_heron2.jpg - null null
2024-05-14 22:12:17.377 +02:00  INF  Request starting HTTP/2 GET https://localhost:7015/images/animals/le_heron1.jpg - null null
2024-05-14 22:12:17.382 +02:00  INF  The file /images/animals/le_heron1.jpg was not modified
2024-05-14 22:12:17.385 +02:00  INF  The file /images/animals/le_heron2.jpg was not modified
2024-05-14 22:12:17.406 +02:00  INF  Request finished HTTP/2 GET https://localhost:7015/images/animals/le_heron1.jpg - 304 null image/jpeg 28.8758ms
2024-05-14 22:12:17.406 +02:00  INF  Request finished HTTP/2 GET https://localhost:7015/images/animals/le_heron2.jpg - 304 null image/jpeg 31.7307ms
2024-05-14 22:13:40.056 +02:00  INF  User profile is available. Using 'C:\Users\Lacon\AppData\Local\ASP.NET\DataProtection-Keys' as key repository and Windows DPAPI to encrypt keys at rest.
2024-05-14 22:13:40.307 +02:00  INF  Now listening on: https://localhost:7015
2024-05-14 22:13:40.326 +02:00  INF  Now listening on: http://localhost:5131
2024-05-14 22:13:40.330 +02:00  INF  Application started. Press Ctrl+C to shut down.
2024-05-14 22:13:40.333 +02:00  INF  Hosting environment: Development
2024-05-14 22:13:40.334 +02:00  INF  Content root path: C:\Users\Lacon\Desktop\DEVELOPPEMENT\ECF_Zoo\ECF_Zoo\API_Arcadia\API_Arcadia
2024-05-14 22:13:40.858 +02:00  INF  Request starting HTTP/2 GET https://localhost:7015/swagger/index.html - null null
2024-05-14 22:13:41.127 +02:00  INF  Request finished HTTP/2 GET https://localhost:7015/swagger/index.html - 200 null text/html;charset=utf-8 273.285ms
2024-05-14 22:13:41.147 +02:00  INF  Request starting HTTP/2 GET https://localhost:7015/_framework/aspnetcore-browser-refresh.js - null null
2024-05-14 22:13:41.151 +02:00  INF  Request finished HTTP/2 GET https://localhost:7015/_framework/aspnetcore-browser-refresh.js - 200 13757 application/javascript; charset=utf-8 4.409ms
2024-05-14 22:13:41.156 +02:00  INF  Request starting HTTP/2 GET https://localhost:7015/_vs/browserLink - null null
2024-05-14 22:13:41.195 +02:00  INF  Request finished HTTP/2 GET https://localhost:7015/_vs/browserLink - 200 null text/javascript; charset=UTF-8 39.4099ms
2024-05-14 22:13:41.376 +02:00  INF  Request starting HTTP/2 GET https://localhost:7015/swagger/v1/swagger.json - null null
2024-05-14 22:13:41.533 +02:00  INF  Request finished HTTP/2 GET https://localhost:7015/swagger/v1/swagger.json - 200 null application/json;charset=utf-8 157.6738ms
2024-05-14 22:13:58.598 +02:00  INF  Request starting HTTP/2 GET https://localhost:7015/api/Animals - null null
2024-05-14 22:13:58.683 +02:00  INF  Executing endpoint 'API_Arcadia.Controllers.AnimalsController.GetAnimals (API_Arcadia)'
2024-05-14 22:13:58.696 +02:00  INF  Route matched with {action = "GetAnimals", controller = "Animals"}. Executing controller action with signature System.Threading.Tasks.Task`1[Microsoft.AspNetCore.Mvc.ActionResult`1[System.Collections.Generic.IEnumerable`1[API_Arcadia.Models.Animal]]] GetAnimals() on controller API_Arcadia.Controllers.AnimalsController (API_Arcadia).
2024-05-14 22:13:59.667 +02:00  INF  Executed DbCommand (25ms) [Parameters=[], CommandType='"Text"', CommandTimeout='30']
SELECT [a].[Id], [a].[IdHealth], [a].[IdSpecies], [a].[IsMale], [a].[Name], [s].[Id], [a0].[Id], [a0].[IdAnimal], [a0].[MiniSlug], [a0].[Slug], [s].[Description], [s].[FemaleMaxSize], [s].[FemaleMaxWeight], [s].[IdDiet], [s].[IdSizeUnit], [s].[IdWeightUnit], [s].[Lifespan], [s].[MaleMaxSize], [s].[MaleMaxWeight], [s].[Name], [s].[ScientificName]
FROM [Animals] AS [a]
INNER JOIN [Speciess] AS [s] ON [a].[IdSpecies] = [s].[Id]
LEFT JOIN [AnimalImages] AS [a0] ON [a].[Id] = [a0].[IdAnimal]
ORDER BY [a].[Id], [s].[Id]
2024-05-14 22:13:59.752 +02:00  INF  Executing OkObjectResult, writing value of type 'System.Collections.Generic.List`1[[API_Arcadia.Models.Animal, API_Arcadia, Version=1.0.0.0, Culture=neutral, PublicKeyToken=null]]'.
2024-05-14 22:13:59.776 +02:00  INF  Executed action API_Arcadia.Controllers.AnimalsController.GetAnimals (API_Arcadia) in 1077.0132ms
2024-05-14 22:13:59.778 +02:00  INF  Executed endpoint 'API_Arcadia.Controllers.AnimalsController.GetAnimals (API_Arcadia)'
2024-05-14 22:13:59.783 +02:00  INF  Request finished HTTP/2 GET https://localhost:7015/api/Animals - 200 null application/json; charset=utf-8 1186.0393ms
