2024-05-07 14:06:56.107 +02:00  INF  User profile is available. Using 'C:\Users\Lacon\AppData\Local\ASP.NET\DataProtection-Keys' as key repository and Windows DPAPI to encrypt keys at rest.
2024-05-07 14:06:56.444 +02:00  INF  Now listening on: https://localhost:7015
2024-05-07 14:06:56.446 +02:00  INF  Now listening on: http://localhost:5131
2024-05-07 14:06:56.455 +02:00  INF  Application started. Press Ctrl+C to shut down.
2024-05-07 14:06:56.456 +02:00  INF  Hosting environment: Development
2024-05-07 14:06:56.458 +02:00  INF  Content root path: C:\Users\Lacon\Desktop\DEV\ECF_Zoo\API_Arcadia\API_Arcadia
2024-05-07 14:06:57.163 +02:00  INF  Request starting HTTP/2 GET https://localhost:7015/swagger/index.html - null null
2024-05-07 14:06:57.611 +02:00  INF  Request finished HTTP/2 GET https://localhost:7015/swagger/index.html - 200 null text/html;charset=utf-8 455.4434ms
2024-05-07 14:06:57.663 +02:00  INF  Request starting HTTP/2 GET https://localhost:7015/_framework/aspnetcore-browser-refresh.js - null null
2024-05-07 14:06:57.680 +02:00  INF  Request starting HTTP/2 GET https://localhost:7015/_vs/browserLink - null null
2024-05-07 14:06:57.680 +02:00  INF  Request finished HTTP/2 GET https://localhost:7015/_framework/aspnetcore-browser-refresh.js - 200 13758 application/javascript; charset=utf-8 17.7267ms
2024-05-07 14:06:57.782 +02:00  INF  Request finished HTTP/2 GET https://localhost:7015/_vs/browserLink - 200 null text/javascript; charset=UTF-8 102.0784ms
2024-05-07 14:06:57.860 +02:00  INF  Request starting HTTP/2 GET https://localhost:7015/swagger/v1/swagger.json - null null
2024-05-07 14:06:58.097 +02:00  INF  Request finished HTTP/2 GET https://localhost:7015/swagger/v1/swagger.json - 200 null application/json;charset=utf-8 237.2997ms
2024-05-07 14:07:22.536 +02:00  INF  Request starting HTTP/2 GET https://localhost:7015/api/Animals - null null
2024-05-07 14:07:22.674 +02:00  INF  Executing endpoint 'API_Arcadia.Controllers.AnimalsController.GetAnimals (API_Arcadia)'
2024-05-07 14:07:22.690 +02:00  INF  Route matched with {action = "GetAnimals", controller = "Animals"}. Executing controller action with signature System.Threading.Tasks.Task`1[Microsoft.AspNetCore.Mvc.ActionResult`1[System.Collections.Generic.IEnumerable`1[API_Arcadia.Models.Animal]]] GetAnimals() on controller API_Arcadia.Controllers.AnimalsController (API_Arcadia).
2024-05-07 14:07:24.236 +02:00  INF  Executed DbCommand (39ms) [Parameters=[], CommandType='"Text"', CommandTimeout='30']
SELECT [a].[Id], [a].[IdHealth], [a].[IdSpecies], [a].[IsMale], [a].[Name], [s].[Id], [a0].[Id], [a0].[IdAnimal], [a0].[MiniSlug], [a0].[Slug], [s].[Description], [s].[FemaleMaxSize], [s].[FemaleMaxWeight], [s].[IdDiet], [s].[IdSizeUnit], [s].[IdWeightUnit], [s].[Lifespan], [s].[MaleMaxSize], [s].[MaleMaxWeight], [s].[Name], [s].[ScientificName]
FROM [Animals] AS [a]
INNER JOIN [Speciess] AS [s] ON [a].[IdSpecies] = [s].[Id]
LEFT JOIN [AnimalImages] AS [a0] ON [a].[Id] = [a0].[IdAnimal]
ORDER BY [a].[Id], [s].[Id]
2024-05-07 14:07:24.373 +02:00  INF  Executing OkObjectResult, writing value of type 'System.Collections.Generic.List`1[[API_Arcadia.Models.Animal, API_Arcadia, Version=1.0.0.0, Culture=neutral, PublicKeyToken=null]]'.
2024-05-07 14:07:24.406 +02:00  INF  Executed action API_Arcadia.Controllers.AnimalsController.GetAnimals (API_Arcadia) in 1712.2863ms
2024-05-07 14:07:24.409 +02:00  INF  Executed endpoint 'API_Arcadia.Controllers.AnimalsController.GetAnimals (API_Arcadia)'
2024-05-07 14:07:24.418 +02:00  INF  Request finished HTTP/2 GET https://localhost:7015/api/Animals - 200 null application/json; charset=utf-8 1881.8264ms
2024-05-07 14:07:24.618 +02:00  INF  Request starting HTTP/2 GET https://localhost:7015/images/animals/638496693869536018_Mufasa.jpg - null null
2024-05-07 14:07:24.618 +02:00  INF  Request starting HTTP/2 GET https://localhost:7015/images/animals/l_orang_outan1.jpg - null null
2024-05-07 14:07:24.618 +02:00  INF  Request starting HTTP/2 GET https://localhost:7015/images/animals/le_heron2.jpg - null null
2024-05-07 14:07:24.618 +02:00  INF  Request starting HTTP/2 GET https://localhost:7015/images/animals/la_loutre1.jpg - null null
2024-05-07 14:07:24.619 +02:00  INF  Request starting HTTP/2 GET https://localhost:7015/images/animals/la_panthere1.jpg - null null
2024-05-07 14:07:24.623 +02:00  INF  Request starting HTTP/2 GET https://localhost:7015/images/animals/le_gorille2.jpg - null null
2024-05-07 14:07:24.624 +02:00  INF  Request starting HTTP/2 GET https://localhost:7015/images/animals/le_rhino2.jpg - null null
2024-05-07 14:07:24.628 +02:00  INF  Request starting HTTP/2 GET https://localhost:7015/images/animals/le_gorille1.jpg - null null
2024-05-07 14:07:24.633 +02:00  INF  Request starting HTTP/2 GET https://localhost:7015/images/animals/le_rhino1.jpeg - null null
2024-05-07 14:07:24.641 +02:00  INF  Request starting HTTP/2 GET https://localhost:7015/images/animals/la_panthere2.jpg - null null
2024-05-07 14:07:24.646 +02:00  INF  Request starting HTTP/2 GET https://localhost:7015/images/animals/638496693873204536_Mufasa.jpg - null null
2024-05-07 14:07:24.649 +02:00  INF  Request starting HTTP/2 GET https://localhost:7015/images/animals/le_heron1.jpg - null null
2024-05-07 14:07:24.653 +02:00  INF  The file /images/animals/638496693869536018_Mufasa.jpg was not modified
2024-05-07 14:07:24.654 +02:00  INF  The file /images/animals/la_loutre1.jpg was not modified
2024-05-07 14:07:24.654 +02:00  INF  The file /images/animals/la_panthere1.jpg was not modified
2024-05-07 14:07:24.654 +02:00  INF  The file /images/animals/le_gorille2.jpg was not modified
2024-05-07 14:07:24.654 +02:00  INF  The file /images/animals/l_orang_outan1.jpg was not modified
2024-05-07 14:07:24.656 +02:00  INF  The file /images/animals/le_heron2.jpg was not modified
2024-05-07 14:07:24.658 +02:00  INF  The file /images/animals/le_rhino2.jpg was not modified
2024-05-07 14:07:24.660 +02:00  INF  The file /images/animals/le_gorille1.jpg was not modified
2024-05-07 14:07:24.661 +02:00  INF  The file /images/animals/le_rhino1.jpeg was not modified
2024-05-07 14:07:24.663 +02:00  INF  The file /images/animals/la_panthere2.jpg was not modified
2024-05-07 14:07:24.665 +02:00  INF  The file /images/animals/638496693873204536_Mufasa.jpg was not modified
2024-05-07 14:07:24.667 +02:00  INF  The file /images/animals/le_heron1.jpg was not modified
2024-05-07 14:07:24.668 +02:00  INF  Request finished HTTP/2 GET https://localhost:7015/images/animals/638496693869536018_Mufasa.jpg - 304 null image/jpeg 49.9977ms
2024-05-07 14:07:24.668 +02:00  INF  Request finished HTTP/2 GET https://localhost:7015/images/animals/la_loutre1.jpg - 304 null image/jpeg 49.9568ms
2024-05-07 14:07:24.669 +02:00  INF  Request finished HTTP/2 GET https://localhost:7015/images/animals/la_panthere1.jpg - 304 null image/jpeg 50.2572ms
2024-05-07 14:07:24.670 +02:00  INF  Request finished HTTP/2 GET https://localhost:7015/images/animals/le_gorille2.jpg - 304 null image/jpeg 46.713ms
2024-05-07 14:07:24.670 +02:00  INF  Request finished HTTP/2 GET https://localhost:7015/images/animals/l_orang_outan1.jpg - 304 null image/jpeg 52.2652ms
2024-05-07 14:07:24.671 +02:00  INF  Request finished HTTP/2 GET https://localhost:7015/images/animals/le_heron2.jpg - 304 null image/jpeg 53.0917ms
2024-05-07 14:07:24.672 +02:00  INF  Request finished HTTP/2 GET https://localhost:7015/images/animals/le_rhino2.jpg - 304 null image/jpeg 48.7035ms
2024-05-07 14:07:24.673 +02:00  INF  Request finished HTTP/2 GET https://localhost:7015/images/animals/le_gorille1.jpg - 304 null image/jpeg 45.1519ms
2024-05-07 14:07:24.673 +02:00  INF  Request finished HTTP/2 GET https://localhost:7015/images/animals/le_rhino1.jpeg - 304 null image/jpeg 40.8907ms
2024-05-07 14:07:24.674 +02:00  INF  Request finished HTTP/2 GET https://localhost:7015/images/animals/la_panthere2.jpg - 304 null image/jpeg 32.8328ms
2024-05-07 14:07:24.675 +02:00  INF  Request finished HTTP/2 GET https://localhost:7015/images/animals/638496693873204536_Mufasa.jpg - 304 null image/jpeg 29.2778ms
2024-05-07 14:07:24.676 +02:00  INF  Request finished HTTP/2 GET https://localhost:7015/images/animals/le_heron1.jpg - 304 null image/jpeg 26.8797ms
2024-05-07 14:07:24.678 +02:00  INF  Request starting HTTP/2 GET https://localhost:7015/images/animals/l_orang_outan2.jpg - null null
2024-05-07 14:07:24.681 +02:00  INF  Request starting HTTP/2 GET https://localhost:7015/images/animals/la_loutre2.jpg - null null
2024-05-07 14:07:24.692 +02:00  INF  The file /images/animals/la_loutre2.jpg was not modified
2024-05-07 14:07:24.695 +02:00  INF  The file /images/animals/l_orang_outan2.jpg was not modified
2024-05-07 14:07:24.719 +02:00  INF  Request finished HTTP/2 GET https://localhost:7015/images/animals/la_loutre2.jpg - 304 null image/jpeg 38.6494ms
2024-05-07 14:07:24.720 +02:00  INF  Request finished HTTP/2 GET https://localhost:7015/images/animals/l_orang_outan2.jpg - 304 null image/jpeg 41.7133ms
2024-05-07 14:08:06.730 +02:00  INF  Request starting HTTP/2 GET https://localhost:7015/api/Animals - null null
2024-05-07 14:08:06.739 +02:00  INF  Executing endpoint 'API_Arcadia.Controllers.AnimalsController.GetAnimals (API_Arcadia)'
2024-05-07 14:08:06.740 +02:00  INF  Route matched with {action = "GetAnimals", controller = "Animals"}. Executing controller action with signature System.Threading.Tasks.Task`1[Microsoft.AspNetCore.Mvc.ActionResult`1[System.Collections.Generic.IEnumerable`1[API_Arcadia.Models.Animal]]] GetAnimals() on controller API_Arcadia.Controllers.AnimalsController (API_Arcadia).
2024-05-07 14:08:06.774 +02:00  INF  Executed DbCommand (8ms) [Parameters=[], CommandType='"Text"', CommandTimeout='30']
SELECT [a].[Id], [a].[IdHealth], [a].[IdSpecies], [a].[IsMale], [a].[Name], [s].[Id], [a0].[Id], [a0].[IdAnimal], [a0].[MiniSlug], [a0].[Slug], [s].[Description], [s].[FemaleMaxSize], [s].[FemaleMaxWeight], [s].[IdDiet], [s].[IdSizeUnit], [s].[IdWeightUnit], [s].[Lifespan], [s].[MaleMaxSize], [s].[MaleMaxWeight], [s].[Name], [s].[ScientificName]
FROM [Animals] AS [a]
INNER JOIN [Speciess] AS [s] ON [a].[IdSpecies] = [s].[Id]
LEFT JOIN [AnimalImages] AS [a0] ON [a].[Id] = [a0].[IdAnimal]
ORDER BY [a].[Id], [s].[Id]
2024-05-07 14:08:06.782 +02:00  INF  Executing OkObjectResult, writing value of type 'System.Collections.Generic.List`1[[API_Arcadia.Models.Animal, API_Arcadia, Version=1.0.0.0, Culture=neutral, PublicKeyToken=null]]'.
2024-05-07 14:08:06.787 +02:00  INF  Executed action API_Arcadia.Controllers.AnimalsController.GetAnimals (API_Arcadia) in 45.4837ms
2024-05-07 14:08:06.796 +02:00  INF  Executed endpoint 'API_Arcadia.Controllers.AnimalsController.GetAnimals (API_Arcadia)'
2024-05-07 14:08:06.797 +02:00  INF  Request finished HTTP/2 GET https://localhost:7015/api/Animals - 200 null application/json; charset=utf-8 67.8588ms
2024-05-07 14:20:39.703 +02:00  INF  User profile is available. Using 'C:\Users\Lacon\AppData\Local\ASP.NET\DataProtection-Keys' as key repository and Windows DPAPI to encrypt keys at rest.
2024-05-07 14:20:39.986 +02:00  INF  Now listening on: https://localhost:7015
2024-05-07 14:20:39.988 +02:00  INF  Now listening on: http://localhost:5131
2024-05-07 14:20:39.991 +02:00  INF  Application started. Press Ctrl+C to shut down.
2024-05-07 14:20:39.992 +02:00  INF  Hosting environment: Development
2024-05-07 14:20:39.993 +02:00  INF  Content root path: C:\Users\Lacon\Desktop\DEV\ECF_Zoo\API_Arcadia\API_Arcadia
2024-05-07 14:20:40.600 +02:00  INF  Request starting HTTP/2 GET https://localhost:7015/swagger/index.html - null null
2024-05-07 14:20:40.871 +02:00  INF  Request finished HTTP/2 GET https://localhost:7015/swagger/index.html - 200 null text/html;charset=utf-8 275.5513ms
2024-05-07 14:20:40.888 +02:00  INF  Request starting HTTP/2 GET https://localhost:7015/_framework/aspnetcore-browser-refresh.js - null null
2024-05-07 14:20:40.895 +02:00  INF  Request finished HTTP/2 GET https://localhost:7015/_framework/aspnetcore-browser-refresh.js - 200 13758 application/javascript; charset=utf-8 6.9308ms
2024-05-07 14:20:40.908 +02:00  INF  Request starting HTTP/2 GET https://localhost:7015/_vs/browserLink - null null
2024-05-07 14:20:40.953 +02:00  INF  Request finished HTTP/2 GET https://localhost:7015/_vs/browserLink - 200 null text/javascript; charset=UTF-8 45.324ms
2024-05-07 14:20:41.096 +02:00  INF  Request starting HTTP/2 GET https://localhost:7015/swagger/v1/swagger.json - null null
2024-05-07 14:20:41.356 +02:00  INF  Request finished HTTP/2 GET https://localhost:7015/swagger/v1/swagger.json - 200 null application/json;charset=utf-8 259.7912ms
2024-05-07 14:21:07.044 +02:00  INF  Request starting HTTP/2 GET https://localhost:7015/api/Animals - null null
2024-05-07 14:21:07.266 +02:00  INF  Executing endpoint 'API_Arcadia.Controllers.AnimalsController.GetAnimals (API_Arcadia)'
2024-05-07 14:21:07.299 +02:00  INF  Route matched with {action = "GetAnimals", controller = "Animals"}. Executing controller action with signature System.Threading.Tasks.Task`1[Microsoft.AspNetCore.Mvc.ActionResult`1[System.Collections.Generic.IEnumerable`1[API_Arcadia.Models.Animal]]] GetAnimals() on controller API_Arcadia.Controllers.AnimalsController (API_Arcadia).
2024-05-07 14:21:09.247 +02:00  INF  Executed DbCommand (47ms) [Parameters=[], CommandType='"Text"', CommandTimeout='30']
SELECT [a].[Id], [a].[IdHealth], [a].[IdSpecies], [a].[IsMale], [a].[Name], [s].[Id], [a0].[Id], [a0].[IdAnimal], [a0].[MiniSlug], [a0].[Slug], [s].[Description], [s].[FemaleMaxSize], [s].[FemaleMaxWeight], [s].[IdDiet], [s].[IdSizeUnit], [s].[IdWeightUnit], [s].[Lifespan], [s].[MaleMaxSize], [s].[MaleMaxWeight], [s].[Name], [s].[ScientificName]
FROM [Animals] AS [a]
INNER JOIN [Speciess] AS [s] ON [a].[IdSpecies] = [s].[Id]
LEFT JOIN [AnimalImages] AS [a0] ON [a].[Id] = [a0].[IdAnimal]
ORDER BY [a].[Id], [s].[Id]
2024-05-07 14:21:09.438 +02:00  INF  Executing OkObjectResult, writing value of type 'System.Collections.Generic.List`1[[API_Arcadia.Models.Animal, API_Arcadia, Version=1.0.0.0, Culture=neutral, PublicKeyToken=null]]'.
2024-05-07 14:21:09.486 +02:00  INF  Executed action API_Arcadia.Controllers.AnimalsController.GetAnimals (API_Arcadia) in 2179.6086ms
2024-05-07 14:21:09.489 +02:00  INF  Executed endpoint 'API_Arcadia.Controllers.AnimalsController.GetAnimals (API_Arcadia)'
2024-05-07 14:21:09.500 +02:00  INF  Request finished HTTP/2 GET https://localhost:7015/api/Animals - 200 null application/json; charset=utf-8 2460.4338ms
2024-05-07 14:21:37.361 +02:00  INF  User profile is available. Using 'C:\Users\Lacon\AppData\Local\ASP.NET\DataProtection-Keys' as key repository and Windows DPAPI to encrypt keys at rest.
2024-05-07 14:21:37.741 +02:00  INF  Now listening on: https://localhost:7015
2024-05-07 14:21:37.744 +02:00  INF  Now listening on: http://localhost:5131
2024-05-07 14:21:37.749 +02:00  INF  Application started. Press Ctrl+C to shut down.
2024-05-07 14:21:37.751 +02:00  INF  Hosting environment: Development
2024-05-07 14:21:37.753 +02:00  INF  Content root path: C:\Users\Lacon\Desktop\DEV\ECF_Zoo\API_Arcadia\API_Arcadia
2024-05-07 14:21:38.372 +02:00  INF  Request starting HTTP/2 GET https://localhost:7015/swagger/index.html - null null
2024-05-07 14:21:38.765 +02:00  INF  Request finished HTTP/2 GET https://localhost:7015/swagger/index.html - 200 null text/html;charset=utf-8 401.2152ms
2024-05-07 14:21:38.781 +02:00  INF  Request starting HTTP/2 GET https://localhost:7015/_framework/aspnetcore-browser-refresh.js - null null
2024-05-07 14:21:38.790 +02:00  INF  Request finished HTTP/2 GET https://localhost:7015/_framework/aspnetcore-browser-refresh.js - 200 13758 application/javascript; charset=utf-8 9.0012ms
2024-05-07 14:21:38.806 +02:00  INF  Request starting HTTP/2 GET https://localhost:7015/_vs/browserLink - null null
2024-05-07 14:21:38.856 +02:00  INF  Request finished HTTP/2 GET https://localhost:7015/_vs/browserLink - 200 null text/javascript; charset=UTF-8 50.7146ms
2024-05-07 14:21:39.021 +02:00  INF  Request starting HTTP/2 GET https://localhost:7015/swagger/v1/swagger.json - null null
2024-05-07 14:21:39.237 +02:00  INF  Request finished HTTP/2 GET https://localhost:7015/swagger/v1/swagger.json - 200 null application/json;charset=utf-8 216.322ms
2024-05-07 14:22:02.387 +02:00  INF  Request starting HTTP/2 GET https://localhost:7015/api/Animals - null null
2024-05-07 14:22:02.617 +02:00  INF  Executing endpoint 'API_Arcadia.Controllers.AnimalsController.GetAnimals (API_Arcadia)'
2024-05-07 14:22:02.644 +02:00  INF  Route matched with {action = "GetAnimals", controller = "Animals"}. Executing controller action with signature System.Threading.Tasks.Task`1[Microsoft.AspNetCore.Mvc.ActionResult`1[System.Collections.Generic.IEnumerable`1[API_Arcadia.Models.Animal]]] GetAnimals() on controller API_Arcadia.Controllers.AnimalsController (API_Arcadia).
2024-05-07 14:22:04.778 +02:00  INF  Executed DbCommand (47ms) [Parameters=[], CommandType='"Text"', CommandTimeout='30']
SELECT [a].[Id], [a].[IdHealth], [a].[IdSpecies], [a].[IsMale], [a].[Name], [s].[Id], [a0].[Id], [a0].[IdAnimal], [a0].[MiniSlug], [a0].[Slug], [s].[Description], [s].[FemaleMaxSize], [s].[FemaleMaxWeight], [s].[IdDiet], [s].[IdSizeUnit], [s].[IdWeightUnit], [s].[Lifespan], [s].[MaleMaxSize], [s].[MaleMaxWeight], [s].[Name], [s].[ScientificName]
FROM [Animals] AS [a]
INNER JOIN [Speciess] AS [s] ON [a].[IdSpecies] = [s].[Id]
LEFT JOIN [AnimalImages] AS [a0] ON [a].[Id] = [a0].[IdAnimal]
ORDER BY [a].[Id], [s].[Id]
2024-05-07 14:22:04.989 +02:00  INF  Executing OkObjectResult, writing value of type 'System.Collections.Generic.List`1[[API_Arcadia.Models.Animal, API_Arcadia, Version=1.0.0.0, Culture=neutral, PublicKeyToken=null]]'.
2024-05-07 14:22:05.046 +02:00  INF  Executed action API_Arcadia.Controllers.AnimalsController.GetAnimals (API_Arcadia) in 2393.9832ms
2024-05-07 14:22:05.049 +02:00  INF  Executed endpoint 'API_Arcadia.Controllers.AnimalsController.GetAnimals (API_Arcadia)'
2024-05-07 14:22:05.061 +02:00  INF  Request finished HTTP/2 GET https://localhost:7015/api/Animals - 200 null application/json; charset=utf-8 2674.9748ms
2024-05-07 14:23:35.386 +02:00  INF  User profile is available. Using 'C:\Users\Lacon\AppData\Local\ASP.NET\DataProtection-Keys' as key repository and Windows DPAPI to encrypt keys at rest.
2024-05-07 14:23:35.737 +02:00  INF  Now listening on: https://localhost:7015
2024-05-07 14:23:35.739 +02:00  INF  Now listening on: http://localhost:5131
2024-05-07 14:23:35.743 +02:00  INF  Application started. Press Ctrl+C to shut down.
2024-05-07 14:23:35.745 +02:00  INF  Hosting environment: Development
2024-05-07 14:23:35.746 +02:00  INF  Content root path: C:\Users\Lacon\Desktop\DEV\ECF_Zoo\API_Arcadia\API_Arcadia
2024-05-07 14:23:36.461 +02:00  INF  Request starting HTTP/2 GET https://localhost:7015/swagger/index.html - null null
2024-05-07 14:23:36.900 +02:00  INF  Request finished HTTP/2 GET https://localhost:7015/swagger/index.html - 200 null text/html;charset=utf-8 440.0459ms
2024-05-07 14:23:37.045 +02:00  INF  Request starting HTTP/2 GET https://localhost:7015/_vs/browserLink - null null
2024-05-07 14:23:37.052 +02:00  INF  Request starting HTTP/2 GET https://localhost:7015/_framework/aspnetcore-browser-refresh.js - null null
2024-05-07 14:23:37.096 +02:00  INF  Request finished HTTP/2 GET https://localhost:7015/_framework/aspnetcore-browser-refresh.js - 200 13758 application/javascript; charset=utf-8 43.938ms
2024-05-07 14:23:37.137 +02:00  INF  Request finished HTTP/2 GET https://localhost:7015/_vs/browserLink - 200 null text/javascript; charset=UTF-8 92.0755ms
2024-05-07 14:23:37.746 +02:00  INF  Request starting HTTP/2 GET https://localhost:7015/swagger/v1/swagger.json - null null
2024-05-07 14:23:37.999 +02:00  INF  Request finished HTTP/2 GET https://localhost:7015/swagger/v1/swagger.json - 200 null application/json;charset=utf-8 253.5649ms
2024-05-07 14:24:00.558 +02:00  INF  Request starting HTTP/2 GET https://localhost:7015/api/Animals - null null
2024-05-07 14:24:00.758 +02:00  INF  Executing endpoint 'API_Arcadia.Controllers.AnimalsController.GetAnimals (API_Arcadia)'
2024-05-07 14:24:00.790 +02:00  INF  Route matched with {action = "GetAnimals", controller = "Animals"}. Executing controller action with signature System.Threading.Tasks.Task`1[Microsoft.AspNetCore.Mvc.ActionResult`1[System.Collections.Generic.IEnumerable`1[API_Arcadia.Models.Animal]]] GetAnimals() on controller API_Arcadia.Controllers.AnimalsController (API_Arcadia).
2024-05-07 14:24:02.769 +02:00  INF  Executed DbCommand (44ms) [Parameters=[], CommandType='"Text"', CommandTimeout='30']
SELECT [a].[Id], [a].[IdHealth], [a].[IdSpecies], [a].[IsMale], [a].[Name], [s].[Id], [a0].[Id], [a0].[IdAnimal], [a0].[MiniSlug], [a0].[Slug], [s].[Description], [s].[FemaleMaxSize], [s].[FemaleMaxWeight], [s].[IdDiet], [s].[IdSizeUnit], [s].[IdWeightUnit], [s].[Lifespan], [s].[MaleMaxSize], [s].[MaleMaxWeight], [s].[Name], [s].[ScientificName]
FROM [Animals] AS [a]
INNER JOIN [Speciess] AS [s] ON [a].[IdSpecies] = [s].[Id]
LEFT JOIN [AnimalImages] AS [a0] ON [a].[Id] = [a0].[IdAnimal]
ORDER BY [a].[Id], [s].[Id]
2024-05-07 14:24:02.956 +02:00  INF  Executing OkObjectResult, writing value of type 'System.Collections.Generic.List`1[[API_Arcadia.Models.Animal, API_Arcadia, Version=1.0.0.0, Culture=neutral, PublicKeyToken=null]]'.
2024-05-07 14:24:03.010 +02:00  INF  Executed action API_Arcadia.Controllers.AnimalsController.GetAnimals (API_Arcadia) in 2212.0859ms
2024-05-07 14:24:03.013 +02:00  INF  Executed endpoint 'API_Arcadia.Controllers.AnimalsController.GetAnimals (API_Arcadia)'
2024-05-07 14:24:03.024 +02:00  INF  Request finished HTTP/2 GET https://localhost:7015/api/Animals - 200 null application/json; charset=utf-8 2467.2326ms
2024-05-07 14:36:53.489 +02:00  INF  User profile is available. Using 'C:\Users\Lacon\AppData\Local\ASP.NET\DataProtection-Keys' as key repository and Windows DPAPI to encrypt keys at rest.
2024-05-07 14:36:53.815 +02:00  INF  Now listening on: https://localhost:7015
2024-05-07 14:36:53.816 +02:00  INF  Now listening on: http://localhost:5131
2024-05-07 14:36:53.821 +02:00  INF  Application started. Press Ctrl+C to shut down.
2024-05-07 14:36:53.822 +02:00  INF  Hosting environment: Development
2024-05-07 14:36:53.824 +02:00  INF  Content root path: C:\Users\Lacon\Desktop\DEV\ECF_Zoo\API_Arcadia\API_Arcadia
2024-05-07 14:36:54.430 +02:00  INF  Request starting HTTP/2 GET https://localhost:7015/swagger/index.html - null null
2024-05-07 14:36:54.823 +02:00  INF  Request finished HTTP/2 GET https://localhost:7015/swagger/index.html - 200 null text/html;charset=utf-8 400.8724ms
2024-05-07 14:36:54.859 +02:00  INF  Request starting HTTP/2 GET https://localhost:7015/_framework/aspnetcore-browser-refresh.js - null null
2024-05-07 14:36:54.872 +02:00  INF  Request finished HTTP/2 GET https://localhost:7015/_framework/aspnetcore-browser-refresh.js - 200 13758 application/javascript; charset=utf-8 12.2524ms
2024-05-07 14:36:54.879 +02:00  INF  Request starting HTTP/2 GET https://localhost:7015/_vs/browserLink - null null
2024-05-07 14:36:54.922 +02:00  INF  Request finished HTTP/2 GET https://localhost:7015/_vs/browserLink - 200 null text/javascript; charset=UTF-8 43.0487ms
2024-05-07 14:36:55.062 +02:00  INF  Request starting HTTP/2 GET https://localhost:7015/swagger/v1/swagger.json - null null
2024-05-07 14:36:55.249 +02:00  INF  Request finished HTTP/2 GET https://localhost:7015/swagger/v1/swagger.json - 200 null application/json;charset=utf-8 187.6171ms
2024-05-07 14:37:19.520 +02:00  INF  Request starting HTTP/2 GET https://localhost:7015/api/Animals - null null
2024-05-07 14:37:19.741 +02:00  INF  Executing endpoint 'API_Arcadia.Controllers.AnimalsController.GetAnimals (API_Arcadia)'
2024-05-07 14:37:19.774 +02:00  INF  Route matched with {action = "GetAnimals", controller = "Animals"}. Executing controller action with signature System.Threading.Tasks.Task`1[Microsoft.AspNetCore.Mvc.ActionResult`1[System.Collections.Generic.IEnumerable`1[API_Arcadia.Models.Animal]]] GetAnimals() on controller API_Arcadia.Controllers.AnimalsController (API_Arcadia).
2024-05-07 14:37:21.740 +02:00  INF  Executed DbCommand (47ms) [Parameters=[], CommandType='"Text"', CommandTimeout='30']
SELECT [a].[Id], [a].[IdHealth], [a].[IdSpecies], [a].[IsMale], [a].[Name], [s].[Id], [a0].[Id], [a0].[IdAnimal], [a0].[MiniSlug], [a0].[Slug], [s].[Description], [s].[FemaleMaxSize], [s].[FemaleMaxWeight], [s].[IdDiet], [s].[IdSizeUnit], [s].[IdWeightUnit], [s].[Lifespan], [s].[MaleMaxSize], [s].[MaleMaxWeight], [s].[Name], [s].[ScientificName]
FROM [Animals] AS [a]
INNER JOIN [Speciess] AS [s] ON [a].[IdSpecies] = [s].[Id]
LEFT JOIN [AnimalImages] AS [a0] ON [a].[Id] = [a0].[IdAnimal]
ORDER BY [a].[Id], [s].[Id]
2024-05-07 14:37:21.937 +02:00  INF  Executing OkObjectResult, writing value of type 'System.Collections.Generic.List`1[[API_Arcadia.Models.Animal, API_Arcadia, Version=1.0.0.0, Culture=neutral, PublicKeyToken=null]]'.
2024-05-07 14:37:21.986 +02:00  INF  Executed action API_Arcadia.Controllers.AnimalsController.GetAnimals (API_Arcadia) in 2204.1053ms
2024-05-07 14:37:21.989 +02:00  INF  Executed endpoint 'API_Arcadia.Controllers.AnimalsController.GetAnimals (API_Arcadia)'
2024-05-07 14:37:22.000 +02:00  INF  Request finished HTTP/2 GET https://localhost:7015/api/Animals - 200 null application/json; charset=utf-8 2480.3257ms
2024-05-07 14:38:14.732 +02:00  INF  User profile is available. Using 'C:\Users\Lacon\AppData\Local\ASP.NET\DataProtection-Keys' as key repository and Windows DPAPI to encrypt keys at rest.
2024-05-07 14:38:15.106 +02:00  INF  Now listening on: https://localhost:7015
2024-05-07 14:38:15.108 +02:00  INF  Now listening on: http://localhost:5131
2024-05-07 14:38:15.111 +02:00  INF  Application started. Press Ctrl+C to shut down.
2024-05-07 14:38:15.113 +02:00  INF  Hosting environment: Development
2024-05-07 14:38:15.115 +02:00  INF  Content root path: C:\Users\Lacon\Desktop\DEV\ECF_Zoo\API_Arcadia\API_Arcadia
2024-05-07 14:38:15.803 +02:00  INF  Request starting HTTP/2 GET https://localhost:7015/swagger/index.html - null null
2024-05-07 14:38:16.177 +02:00  INF  Request finished HTTP/2 GET https://localhost:7015/swagger/index.html - 200 null text/html;charset=utf-8 385.3669ms
2024-05-07 14:38:16.220 +02:00  INF  Request starting HTTP/2 GET https://localhost:7015/_vs/browserLink - null null
2024-05-07 14:38:16.220 +02:00  INF  Request starting HTTP/2 GET https://localhost:7015/_framework/aspnetcore-browser-refresh.js - null null
2024-05-07 14:38:16.239 +02:00  INF  Request finished HTTP/2 GET https://localhost:7015/_framework/aspnetcore-browser-refresh.js - 200 13758 application/javascript; charset=utf-8 19.7544ms
2024-05-07 14:38:16.278 +02:00  INF  Request finished HTTP/2 GET https://localhost:7015/_vs/browserLink - 200 null text/javascript; charset=UTF-8 59.3189ms
2024-05-07 14:38:16.438 +02:00  INF  Request starting HTTP/2 GET https://localhost:7015/swagger/v1/swagger.json - null null
2024-05-07 14:38:16.632 +02:00  INF  Request finished HTTP/2 GET https://localhost:7015/swagger/v1/swagger.json - 200 null application/json;charset=utf-8 193.8495ms
2024-05-07 14:38:41.725 +02:00  INF  Request starting HTTP/2 GET https://localhost:7015/api/Animals - null null
2024-05-07 14:38:41.943 +02:00  INF  Executing endpoint 'API_Arcadia.Controllers.AnimalsController.GetAnimals (API_Arcadia)'
2024-05-07 14:38:41.976 +02:00  INF  Route matched with {action = "GetAnimals", controller = "Animals"}. Executing controller action with signature System.Threading.Tasks.Task`1[Microsoft.AspNetCore.Mvc.ActionResult`1[System.Collections.Generic.IEnumerable`1[API_Arcadia.Models.Animal]]] GetAnimals() on controller API_Arcadia.Controllers.AnimalsController (API_Arcadia).
2024-05-07 14:38:43.951 +02:00  INF  Executed DbCommand (41ms) [Parameters=[], CommandType='"Text"', CommandTimeout='30']
SELECT [a].[Id], [a].[IdHealth], [a].[IdSpecies], [a].[IsMale], [a].[Name], [s].[Id], [a0].[Id], [a0].[IdAnimal], [a0].[MiniSlug], [a0].[Slug], [s].[Description], [s].[FemaleMaxSize], [s].[FemaleMaxWeight], [s].[IdDiet], [s].[IdSizeUnit], [s].[IdWeightUnit], [s].[Lifespan], [s].[MaleMaxSize], [s].[MaleMaxWeight], [s].[Name], [s].[ScientificName]
FROM [Animals] AS [a]
INNER JOIN [Speciess] AS [s] ON [a].[IdSpecies] = [s].[Id]
LEFT JOIN [AnimalImages] AS [a0] ON [a].[Id] = [a0].[IdAnimal]
ORDER BY [a].[Id], [s].[Id]
2024-05-07 14:38:44.152 +02:00  INF  Executing OkObjectResult, writing value of type 'System.Collections.Generic.List`1[[API_Arcadia.Models.Animal, API_Arcadia, Version=1.0.0.0, Culture=neutral, PublicKeyToken=null]]'.
2024-05-07 14:38:44.203 +02:00  INF  Executed action API_Arcadia.Controllers.AnimalsController.GetAnimals (API_Arcadia) in 2217.9877ms
2024-05-07 14:38:44.205 +02:00  INF  Executed endpoint 'API_Arcadia.Controllers.AnimalsController.GetAnimals (API_Arcadia)'
2024-05-07 14:38:44.217 +02:00  INF  Request finished HTTP/2 GET https://localhost:7015/api/Animals - 200 null application/json; charset=utf-8 2492.6822ms
2024-05-07 14:42:27.526 +02:00  INF  Request starting HTTP/2 GET https://localhost:7015/api/Animals - null null
2024-05-07 14:42:27.541 +02:00  INF  Executing endpoint 'API_Arcadia.Controllers.AnimalsController.GetAnimals (API_Arcadia)'
2024-05-07 14:42:27.543 +02:00  INF  Route matched with {action = "GetAnimals", controller = "Animals"}. Executing controller action with signature System.Threading.Tasks.Task`1[Microsoft.AspNetCore.Mvc.ActionResult`1[System.Collections.Generic.IEnumerable`1[API_Arcadia.Models.Animal]]] GetAnimals() on controller API_Arcadia.Controllers.AnimalsController (API_Arcadia).
2024-05-07 14:42:27.572 +02:00  INF  Executed DbCommand (4ms) [Parameters=[], CommandType='"Text"', CommandTimeout='30']
SELECT [a].[Id], [a].[IdHealth], [a].[IdSpecies], [a].[IsMale], [a].[Name], [s].[Id], [a0].[Id], [a0].[IdAnimal], [a0].[MiniSlug], [a0].[Slug], [s].[Description], [s].[FemaleMaxSize], [s].[FemaleMaxWeight], [s].[IdDiet], [s].[IdSizeUnit], [s].[IdWeightUnit], [s].[Lifespan], [s].[MaleMaxSize], [s].[MaleMaxWeight], [s].[Name], [s].[ScientificName]
FROM [Animals] AS [a]
INNER JOIN [Speciess] AS [s] ON [a].[IdSpecies] = [s].[Id]
LEFT JOIN [AnimalImages] AS [a0] ON [a].[Id] = [a0].[IdAnimal]
ORDER BY [a].[Id], [s].[Id]
2024-05-07 14:42:27.579 +02:00  INF  Executing OkObjectResult, writing value of type 'System.Collections.Generic.List`1[[API_Arcadia.Models.Animal, API_Arcadia, Version=1.0.0.0, Culture=neutral, PublicKeyToken=null]]'.
2024-05-07 14:42:27.583 +02:00  INF  Executed action API_Arcadia.Controllers.AnimalsController.GetAnimals (API_Arcadia) in 38.3505ms
2024-05-07 14:42:27.585 +02:00  INF  Executed endpoint 'API_Arcadia.Controllers.AnimalsController.GetAnimals (API_Arcadia)'
2024-05-07 14:42:27.587 +02:00  INF  Request finished HTTP/2 GET https://localhost:7015/api/Animals - 200 null application/json; charset=utf-8 61.8574ms
2024-05-07 14:55:39.184 +02:00  INF  User profile is available. Using 'C:\Users\Lacon\AppData\Local\ASP.NET\DataProtection-Keys' as key repository and Windows DPAPI to encrypt keys at rest.
2024-05-07 14:55:39.461 +02:00  INF  Now listening on: https://localhost:7015
2024-05-07 14:55:39.462 +02:00  INF  Now listening on: http://localhost:5131
2024-05-07 14:55:39.465 +02:00  INF  Application started. Press Ctrl+C to shut down.
2024-05-07 14:55:39.466 +02:00  INF  Hosting environment: Development
2024-05-07 14:55:39.467 +02:00  INF  Content root path: C:\Users\Lacon\Desktop\DEV\ECF_Zoo\API_Arcadia\API_Arcadia
2024-05-07 14:55:40.729 +02:00  INF  Request starting HTTP/2 GET https://localhost:7015/swagger/index.html - null null
2024-05-07 14:55:41.198 +02:00  INF  Request finished HTTP/2 GET https://localhost:7015/swagger/index.html - 200 null text/html;charset=utf-8 475.4869ms
2024-05-07 14:55:41.262 +02:00  INF  Request starting HTTP/2 GET https://localhost:7015/_framework/aspnetcore-browser-refresh.js - null null
2024-05-07 14:55:41.274 +02:00  INF  Request finished HTTP/2 GET https://localhost:7015/_framework/aspnetcore-browser-refresh.js - 200 13758 application/javascript; charset=utf-8 11.9819ms
2024-05-07 14:55:41.282 +02:00  INF  Request starting HTTP/2 GET https://localhost:7015/_vs/browserLink - null null
2024-05-07 14:55:41.353 +02:00  INF  Request finished HTTP/2 GET https://localhost:7015/_vs/browserLink - 200 null text/javascript; charset=UTF-8 70.3555ms
2024-05-07 14:55:41.604 +02:00  INF  Request starting HTTP/2 GET https://localhost:7015/swagger/v1/swagger.json - null null
2024-05-07 14:55:41.776 +02:00  INF  Request finished HTTP/2 GET https://localhost:7015/swagger/v1/swagger.json - 200 null application/json;charset=utf-8 172.3229ms
