2024-06-08 21:56:34.911 +02:00  INF  Now listening on: https://localhost:7015
2024-06-08 21:56:34.939 +02:00  INF  Now listening on: http://localhost:5131
2024-06-08 21:56:34.941 +02:00  INF  Application started. Press Ctrl+C to shut down.
2024-06-08 21:56:34.941 +02:00  INF  Hosting environment: Development
2024-06-08 21:56:34.942 +02:00  INF  Content root path: C:\Users\Lacon\Desktop\DEVELOPPEMENT\ECF_Zoo\ECF_Zoo\API_Arcadia
2024-06-08 21:56:35.529 +02:00  INF  Request starting HTTP/2 GET https://localhost:7015/swagger - null null
2024-06-08 21:56:35.689 +02:00  INF  Request finished HTTP/2 GET https://localhost:7015/swagger - 301 0 null 162.7894ms
2024-06-08 21:56:35.692 +02:00  INF  Request starting HTTP/2 GET https://localhost:7015/swagger/index.html - null null
2024-06-08 21:56:35.743 +02:00  INF  Request finished HTTP/2 GET https://localhost:7015/swagger/index.html - 200 null text/html;charset=utf-8 50.9746ms
2024-06-08 21:56:35.755 +02:00  INF  Request starting HTTP/2 GET https://localhost:7015/swagger/swagger-ui.css - null null
2024-06-08 21:56:35.760 +02:00  INF  Request starting HTTP/2 GET https://localhost:7015/swagger/swagger-ui-standalone-preset.js - null null
2024-06-08 21:56:35.760 +02:00  INF  Request starting HTTP/2 GET https://localhost:7015/_framework/aspnetcore-browser-refresh.js - null null
2024-06-08 21:56:35.760 +02:00  INF  Request starting HTTP/2 GET https://localhost:7015/swagger/swagger-ui-bundle.js - null null
2024-06-08 21:56:35.778 +02:00  INF  Request starting HTTP/2 GET https://localhost:7015/_vs/browserLink - null null
2024-06-08 21:56:35.779 +02:00  INF  Request finished HTTP/2 GET https://localhost:7015/_framework/aspnetcore-browser-refresh.js - 200 13758 application/javascript; charset=utf-8 19.314ms
2024-06-08 21:56:35.791 +02:00  INF  Sending file. Request path: '/swagger-ui.css'. Physical path: 'N/A'
2024-06-08 21:56:35.791 +02:00  INF  Sending file. Request path: '/swagger-ui-standalone-preset.js'. Physical path: 'N/A'
2024-06-08 21:56:35.793 +02:00  INF  Request finished HTTP/2 GET https://localhost:7015/swagger/swagger-ui.css - 200 144929 text/css 37.9078ms
2024-06-08 21:56:35.796 +02:00  INF  Request finished HTTP/2 GET https://localhost:7015/swagger/swagger-ui-standalone-preset.js - 200 312163 text/javascript 35.9459ms
2024-06-08 21:56:35.808 +02:00  INF  Sending file. Request path: '/swagger-ui-bundle.js'. Physical path: 'N/A'
2024-06-08 21:56:35.809 +02:00  INF  Request finished HTTP/2 GET https://localhost:7015/swagger/swagger-ui-bundle.js - 200 1061536 text/javascript 49.7435ms
2024-06-08 21:56:35.841 +02:00  INF  Request finished HTTP/2 GET https://localhost:7015/_vs/browserLink - 200 null text/javascript; charset=UTF-8 63.6221ms
2024-06-08 21:56:35.923 +02:00  INF  Request starting HTTP/2 GET https://localhost:7015/swagger/v1/swagger.json - null null
2024-06-08 21:56:36.018 +02:00  INF  Request finished HTTP/2 GET https://localhost:7015/swagger/v1/swagger.json - 200 null application/json;charset=utf-8 94.7642ms
2024-06-08 21:59:07.364 +02:00  INF  Request starting HTTP/2 GET https://localhost:7015/api/Animals - null null
2024-06-08 21:59:07.372 +02:00  INF  Executing endpoint 'API_Arcadia.Controllers.AnimalsController.GetAnimals (API_Arcadia)'
2024-06-08 21:59:07.386 +02:00  INF  Route matched with {action = "GetAnimals", controller = "Animals"}. Executing controller action with signature System.Threading.Tasks.Task`1[Microsoft.AspNetCore.Mvc.ActionResult`1[System.Collections.Generic.IEnumerable`1[API_Arcadia.Models.Animal]]] GetAnimals() on controller API_Arcadia.Controllers.AnimalsController (API_Arcadia).
2024-06-08 21:59:09.536 +02:00  INF  Executed DbCommand (26ms) [Parameters=[], CommandType='"Text"', CommandTimeout='30']
SELECT [a].[Id], [a].[IdHealth], [a].[IdSpecies], [a].[IsMale], [a].[Name], [s].[Id], [a0].[Id], [a0].[IdAnimal], [a0].[MiniSlug], [a0].[Slug], [s].[Description], [s].[FemaleMaxSize], [s].[FemaleMaxWeight], [s].[IdDiet], [s].[IdSizeUnit], [s].[IdWeightUnit], [s].[Lifespan], [s].[MaleMaxSize], [s].[MaleMaxWeight], [s].[Name], [s].[ScientificName]
FROM [Animals] AS [a]
INNER JOIN [Speciess] AS [s] ON [a].[IdSpecies] = [s].[Id]
LEFT JOIN [AnimalImages] AS [a0] ON [a].[Id] = [a0].[IdAnimal]
ORDER BY [a].[Id], [s].[Id]
2024-06-08 21:59:09.622 +02:00  INF  Executing OkObjectResult, writing value of type 'System.Collections.Generic.List`1[[API_Arcadia.Models.Animal, API_Arcadia, Version=1.0.0.0, Culture=neutral, PublicKeyToken=null]]'.
2024-06-08 21:59:09.649 +02:00  INF  Executed action API_Arcadia.Controllers.AnimalsController.GetAnimals (API_Arcadia) in 2259.5376ms
2024-06-08 21:59:09.650 +02:00  INF  Executed endpoint 'API_Arcadia.Controllers.AnimalsController.GetAnimals (API_Arcadia)'
2024-06-08 21:59:09.655 +02:00  INF  Request finished HTTP/2 GET https://localhost:7015/api/Animals - 200 null application/json; charset=utf-8 2292.9881ms
