2024-06-23 16:00:57.416 +02:00  INF  Now listening on: https://localhost:7015
2024-06-23 16:00:57.444 +02:00  INF  Now listening on: http://localhost:5131
2024-06-23 16:00:57.446 +02:00  INF  Application started. Press Ctrl+C to shut down.
2024-06-23 16:00:57.446 +02:00  INF  Hosting environment: Development
2024-06-23 16:00:57.447 +02:00  INF  Content root path: C:\Users\Lacon\Desktop\DEVELOPPEMENT\ECF_Zoo\ECF_Zoo\API_Arcadia
2024-06-23 16:00:57.929 +02:00  INF  Request starting HTTP/2 GET https://localhost:7015/swagger - null null
2024-06-23 16:00:58.091 +02:00  INF  Request finished HTTP/2 GET https://localhost:7015/swagger - 301 0 null 165.3511ms
2024-06-23 16:00:58.095 +02:00  INF  Request starting HTTP/2 GET https://localhost:7015/swagger/index.html - null null
2024-06-23 16:00:58.145 +02:00  INF  Request finished HTTP/2 GET https://localhost:7015/swagger/index.html - 200 null text/html;charset=utf-8 49.8365ms
2024-06-23 16:00:58.157 +02:00  INF  Request starting HTTP/2 GET https://localhost:7015/swagger/swagger-ui.css - null null
2024-06-23 16:00:58.161 +02:00  INF  Request starting HTTP/2 GET https://localhost:7015/swagger/swagger-ui-bundle.js - null null
2024-06-23 16:00:58.161 +02:00  INF  Request starting HTTP/2 GET https://localhost:7015/swagger/swagger-ui-standalone-preset.js - null null
2024-06-23 16:00:58.173 +02:00  INF  Request starting HTTP/2 GET https://localhost:7015/_vs/browserLink - null null
2024-06-23 16:00:58.173 +02:00  INF  Request starting HTTP/2 GET https://localhost:7015/_framework/aspnetcore-browser-refresh.js - null null
2024-06-23 16:00:58.201 +02:00  INF  Request finished HTTP/2 GET https://localhost:7015/_framework/aspnetcore-browser-refresh.js - 200 13758 application/javascript; charset=utf-8 27.7826ms
2024-06-23 16:00:58.205 +02:00  INF  Sending file. Request path: '/swagger-ui.css'. Physical path: 'N/A'
2024-06-23 16:00:58.205 +02:00  INF  Sending file. Request path: '/swagger-ui-standalone-preset.js'. Physical path: 'N/A'
2024-06-23 16:00:58.208 +02:00  INF  Request finished HTTP/2 GET https://localhost:7015/swagger/swagger-ui.css - 200 144929 text/css 50.9687ms
2024-06-23 16:00:58.208 +02:00  INF  Request finished HTTP/2 GET https://localhost:7015/swagger/swagger-ui-standalone-preset.js - 200 312163 text/javascript 47.0754ms
2024-06-23 16:00:58.220 +02:00  INF  Sending file. Request path: '/swagger-ui-bundle.js'. Physical path: 'N/A'
2024-06-23 16:00:58.221 +02:00  INF  Request finished HTTP/2 GET https://localhost:7015/swagger/swagger-ui-bundle.js - 200 1061536 text/javascript 60.5736ms
2024-06-23 16:00:58.237 +02:00  INF  Request finished HTTP/2 GET https://localhost:7015/_vs/browserLink - 200 null text/javascript; charset=UTF-8 63.4613ms
2024-06-23 16:00:58.340 +02:00  INF  Request starting HTTP/2 GET https://localhost:7015/swagger/v1/swagger.json - null null
2024-06-23 16:00:58.444 +02:00  INF  Request finished HTTP/2 GET https://localhost:7015/swagger/v1/swagger.json - 200 null application/json;charset=utf-8 104.1922ms
2024-06-23 16:01:04.160 +02:00  INF  Request starting HTTP/2 GET https://localhost:7015/images/animals/638496693869536822_Mufasa_mini.jpg - null null
2024-06-23 16:01:04.160 +02:00  INF  Request starting HTTP/2 GET https://localhost:7015/images/animals/638496693873204641_Mufasa_mini.jpg - null null
2024-06-23 16:01:04.161 +02:00  INF  Request starting HTTP/2 GET https://localhost:7015/images/animals/638496693869536018_Mufasa.jpg - null null
2024-06-23 16:01:04.161 +02:00  INF  Request starting HTTP/2 GET https://localhost:7015/x - null null
2024-06-23 16:01:04.169 +02:00  INF  Request finished HTTP/2 GET https://localhost:7015/x - 404 0 null 8.4174ms
2024-06-23 16:01:04.174 +02:00  INF  Request reached the end of the middleware pipeline without being handled by application code. Request path: GET https://localhost:7015/x, Response status code: 404
2024-06-23 16:01:04.205 +02:00  INF  Sending file. Request path: '/images/animals/638496693873204641_Mufasa_mini.jpg'. Physical path: 'C:\Users\Lacon\Desktop\DEVELOPPEMENT\ECF_Zoo\ECF_Zoo\API_Arcadia\wwwroot\images\animals\638496693873204641_Mufasa_mini.jpg'
2024-06-23 16:01:04.205 +02:00  INF  Sending file. Request path: '/images/animals/638496693869536822_Mufasa_mini.jpg'. Physical path: 'C:\Users\Lacon\Desktop\DEVELOPPEMENT\ECF_Zoo\ECF_Zoo\API_Arcadia\wwwroot\images\animals\638496693869536822_Mufasa_mini.jpg'
2024-06-23 16:01:04.207 +02:00  INF  Request finished HTTP/2 GET https://localhost:7015/images/animals/638496693873204641_Mufasa_mini.jpg - 200 93587 image/jpeg 46.9347ms
2024-06-23 16:01:04.208 +02:00  INF  Request finished HTTP/2 GET https://localhost:7015/images/animals/638496693869536822_Mufasa_mini.jpg - 200 80881 image/jpeg 48.1685ms
2024-06-23 16:01:04.218 +02:00  INF  Sending file. Request path: '/images/animals/638496693869536018_Mufasa.jpg'. Physical path: 'C:\Users\Lacon\Desktop\DEVELOPPEMENT\ECF_Zoo\ECF_Zoo\API_Arcadia\wwwroot\images\animals\638496693869536018_Mufasa.jpg'
2024-06-23 16:01:04.219 +02:00  INF  Request finished HTTP/2 GET https://localhost:7015/images/animals/638496693869536018_Mufasa.jpg - 200 643175 image/jpeg 58.6174ms
2024-06-23 16:01:17.823 +02:00  INF  Request starting HTTP/2 GET https://localhost:7015/images/habitats/Savane.jpg - null null
2024-06-23 16:01:17.823 +02:00  INF  Request starting HTTP/2 GET https://localhost:7015/images/habitats/Marais.jpg - null null
2024-06-23 16:01:17.823 +02:00  INF  Request starting HTTP/2 GET https://localhost:7015/images/habitats/Jungle.jpg - null null
2024-06-23 16:01:17.841 +02:00  INF  Sending file. Request path: '/images/habitats/Marais.jpg'. Physical path: 'C:\Users\Lacon\Desktop\DEVELOPPEMENT\ECF_Zoo\ECF_Zoo\API_Arcadia\wwwroot\images\habitats\Marais.jpg'
2024-06-23 16:01:17.843 +02:00  INF  Request finished HTTP/2 GET https://localhost:7015/images/habitats/Marais.jpg - 200 166838 image/jpeg 19.1049ms
2024-06-23 16:01:17.862 +02:00  INF  Sending file. Request path: '/images/habitats/Savane.jpg'. Physical path: 'C:\Users\Lacon\Desktop\DEVELOPPEMENT\ECF_Zoo\ECF_Zoo\API_Arcadia\wwwroot\images\habitats\Savane.jpg'
2024-06-23 16:01:17.863 +02:00  INF  Request finished HTTP/2 GET https://localhost:7015/images/habitats/Savane.jpg - 200 801492 image/jpeg 40.372ms
2024-06-23 16:01:17.873 +02:00  INF  Sending file. Request path: '/images/habitats/Jungle.jpg'. Physical path: 'C:\Users\Lacon\Desktop\DEVELOPPEMENT\ECF_Zoo\ECF_Zoo\API_Arcadia\wwwroot\images\habitats\Jungle.jpg'
2024-06-23 16:01:17.874 +02:00  INF  Request finished HTTP/2 GET https://localhost:7015/images/habitats/Jungle.jpg - 200 1124270 image/jpeg 50.4612ms
2024-06-23 16:04:09.236 +02:00  INF  Request starting HTTP/2 GET https://localhost:7015/x - null null
2024-06-23 16:04:09.240 +02:00  INF  Request finished HTTP/2 GET https://localhost:7015/x - 404 0 null 4.5103ms
2024-06-23 16:04:09.242 +02:00  INF  Request reached the end of the middleware pipeline without being handled by application code. Request path: GET https://localhost:7015/x, Response status code: 404
2024-06-23 16:12:54.120 +02:00  INF  Request starting HTTP/2 GET https://localhost:7015/x - null null
2024-06-23 16:12:54.125 +02:00  INF  Request finished HTTP/2 GET https://localhost:7015/x - 404 0 null 5.293ms
2024-06-23 16:12:54.127 +02:00  INF  Request reached the end of the middleware pipeline without being handled by application code. Request path: GET https://localhost:7015/x, Response status code: 404
2024-06-23 16:13:59.468 +02:00  INF  Request starting HTTP/2 GET https://localhost:7015/x - null null
2024-06-23 16:13:59.472 +02:00  INF  Request finished HTTP/2 GET https://localhost:7015/x - 404 0 null 5.0989ms
2024-06-23 16:13:59.475 +02:00  INF  Request reached the end of the middleware pipeline without being handled by application code. Request path: GET https://localhost:7015/x, Response status code: 404
2024-06-23 16:40:54.919 +02:00  INF  Request starting HTTP/2 GET https://localhost:7015/api/Reviews - null null
2024-06-23 16:40:54.926 +02:00  INF  Executing endpoint 'API_Arcadia.Controllers.ReviewsController.GetReviews (API_Arcadia)'
2024-06-23 16:40:54.942 +02:00  INF  Route matched with {action = "GetReviews", controller = "Reviews"}. Executing controller action with signature System.Threading.Tasks.Task`1[Microsoft.AspNetCore.Mvc.ActionResult`1[System.Collections.Generic.IEnumerable`1[API_Arcadia.Models.Review]]] GetReviews() on controller API_Arcadia.Controllers.ReviewsController (API_Arcadia).
2024-06-23 16:40:57.025 +02:00  INF  Executed DbCommand (27ms) [Parameters=[], CommandType='"Text"', CommandTimeout='30']
SELECT [r].[Id], [r].[Content], [r].[IsValidated], [r].[Note], [r].[Pseudo]
FROM [Reviews] AS [r]
WHERE [r].[IsValidated] = CAST(1 AS bit)
2024-06-23 16:40:57.078 +02:00  INF  Executing ObjectResult, writing value of type 'System.Collections.Generic.List`1[[API_Arcadia.Models.Review, API_Arcadia, Version=1.0.0.0, Culture=neutral, PublicKeyToken=null]]'.
2024-06-23 16:40:57.088 +02:00  INF  Executed action API_Arcadia.Controllers.ReviewsController.GetReviews (API_Arcadia) in 2142.5192ms
2024-06-23 16:40:57.089 +02:00  INF  Executed endpoint 'API_Arcadia.Controllers.ReviewsController.GetReviews (API_Arcadia)'
2024-06-23 16:40:57.094 +02:00  INF  Request finished HTTP/2 GET https://localhost:7015/api/Reviews - 200 null application/json; charset=utf-8 2175.4477ms
2024-06-23 16:59:18.301 +02:00  INF  Request starting HTTP/2 GET https://localhost:7015/api/OpeningHours - null null
2024-06-23 16:59:18.306 +02:00  INF  Executing endpoint 'API_Arcadia.Controllers.OpeningHoursController.GetOpeningHours (API_Arcadia)'
2024-06-23 16:59:18.310 +02:00  INF  Route matched with {action = "GetOpeningHours", controller = "OpeningHours"}. Executing controller action with signature System.Threading.Tasks.Task`1[Microsoft.AspNetCore.Mvc.ActionResult`1[System.Collections.Generic.IEnumerable`1[API_Arcadia.Models.OpeningHour]]] GetOpeningHours() on controller API_Arcadia.Controllers.OpeningHoursController (API_Arcadia).
2024-06-23 16:59:18.952 +02:00  INF  Executed DbCommand (3ms) [Parameters=[], CommandType='"Text"', CommandTimeout='30']
SELECT [o].[Id], [o].[AfternoonClosing], [o].[AfternoonOpening], [o].[DayOfWeek], [o].[MorningClosing], [o].[MorningOpening]
FROM [OpeningHours] AS [o]
2024-06-23 16:59:18.965 +02:00  INF  Executing ObjectResult, writing value of type 'System.Collections.Generic.List`1[[API_Arcadia.Models.OpeningHour, API_Arcadia, Version=1.0.0.0, Culture=neutral, PublicKeyToken=null]]'.
2024-06-23 16:59:18.971 +02:00  INF  Executed action API_Arcadia.Controllers.OpeningHoursController.GetOpeningHours (API_Arcadia) in 659.9ms
2024-06-23 16:59:18.972 +02:00  INF  Executed endpoint 'API_Arcadia.Controllers.OpeningHoursController.GetOpeningHours (API_Arcadia)'
2024-06-23 16:59:18.973 +02:00  INF  Request finished HTTP/2 GET https://localhost:7015/api/OpeningHours - 200 null application/json; charset=utf-8 672.0087ms
