2024-07-11 08:02:28.576 +02:00  INF  Executed DbCommand (15ms) [Parameters=[], CommandType='"Text"', CommandTimeout='30']
SELECT 1
2024-07-11 08:02:28.660 +02:00  INF  Executed DbCommand (14ms) [Parameters=[], CommandType='"Text"', CommandTimeout='30']
SELECT OBJECT_ID(N'[__EFMigrationsHistory]');
2024-07-11 08:02:28.662 +02:00  INF  Executed DbCommand (1ms) [Parameters=[], CommandType='"Text"', CommandTimeout='30']
SELECT 1
2024-07-11 08:02:28.663 +02:00  INF  Executed DbCommand (0ms) [Parameters=[], CommandType='"Text"', CommandTimeout='30']
SELECT OBJECT_ID(N'[__EFMigrationsHistory]');
2024-07-11 08:02:28.678 +02:00  INF  Executed DbCommand (3ms) [Parameters=[], CommandType='"Text"', CommandTimeout='30']
SELECT [MigrationId], [ProductVersion]
FROM [__EFMigrationsHistory]
ORDER BY [MigrationId];
2024-07-11 08:02:28.695 +02:00  INF  Applying migration '20240710192848_Initial Auth Migration'.
2024-07-11 08:02:28.791 +02:00  INF  Executed DbCommand (6ms) [Parameters=[], CommandType='"Text"', CommandTimeout='30']
CREATE TABLE [AspNetRoles] (
    [Id] nvarchar(450) NOT NULL,
    [Name] nvarchar(256) NULL,
    [NormalizedName] nvarchar(256) NULL,
    [ConcurrencyStamp] nvarchar(max) NULL,
    CONSTRAINT [PK_AspNetRoles] PRIMARY KEY ([Id])
);
2024-07-11 08:02:28.794 +02:00  INF  Executed DbCommand (2ms) [Parameters=[], CommandType='"Text"', CommandTimeout='30']
CREATE TABLE [AspNetUsers] (
    [Id] nvarchar(450) NOT NULL,
    [UserName] nvarchar(256) NULL,
    [NormalizedUserName] nvarchar(256) NULL,
    [Email] nvarchar(256) NULL,
    [NormalizedEmail] nvarchar(256) NULL,
    [EmailConfirmed] bit NOT NULL,
    [PasswordHash] nvarchar(max) NULL,
    [SecurityStamp] nvarchar(max) NULL,
    [ConcurrencyStamp] nvarchar(max) NULL,
    [PhoneNumber] nvarchar(max) NULL,
    [PhoneNumberConfirmed] bit NOT NULL,
    [TwoFactorEnabled] bit NOT NULL,
    [LockoutEnd] datetimeoffset NULL,
    [LockoutEnabled] bit NOT NULL,
    [AccessFailedCount] int NOT NULL,
    CONSTRAINT [PK_AspNetUsers] PRIMARY KEY ([Id])
);
2024-07-11 08:02:28.797 +02:00  INF  Executed DbCommand (3ms) [Parameters=[], CommandType='"Text"', CommandTimeout='30']
CREATE TABLE [AspNetRoleClaims] (
    [Id] int NOT NULL IDENTITY,
    [RoleId] nvarchar(450) NOT NULL,
    [ClaimType] nvarchar(max) NULL,
    [ClaimValue] nvarchar(max) NULL,
    CONSTRAINT [PK_AspNetRoleClaims] PRIMARY KEY ([Id]),
    CONSTRAINT [FK_AspNetRoleClaims_AspNetRoles_RoleId] FOREIGN KEY ([RoleId]) REFERENCES [AspNetRoles] ([Id]) ON DELETE CASCADE
);
2024-07-11 08:02:28.800 +02:00  INF  Executed DbCommand (2ms) [Parameters=[], CommandType='"Text"', CommandTimeout='30']
CREATE TABLE [AspNetUserClaims] (
    [Id] int NOT NULL IDENTITY,
    [UserId] nvarchar(450) NOT NULL,
    [ClaimType] nvarchar(max) NULL,
    [ClaimValue] nvarchar(max) NULL,
    CONSTRAINT [PK_AspNetUserClaims] PRIMARY KEY ([Id]),
    CONSTRAINT [FK_AspNetUserClaims_AspNetUsers_UserId] FOREIGN KEY ([UserId]) REFERENCES [AspNetUsers] ([Id]) ON DELETE CASCADE
);
2024-07-11 08:02:28.821 +02:00  INF  Executed DbCommand (3ms) [Parameters=[], CommandType='"Text"', CommandTimeout='30']
CREATE TABLE [AspNetUserLogins] (
    [LoginProvider] nvarchar(450) NOT NULL,
    [ProviderKey] nvarchar(450) NOT NULL,
    [ProviderDisplayName] nvarchar(max) NULL,
    [UserId] nvarchar(450) NOT NULL,
    CONSTRAINT [PK_AspNetUserLogins] PRIMARY KEY ([LoginProvider], [ProviderKey]),
    CONSTRAINT [FK_AspNetUserLogins_AspNetUsers_UserId] FOREIGN KEY ([UserId]) REFERENCES [AspNetUsers] ([Id]) ON DELETE CASCADE
);
2024-07-11 08:02:28.825 +02:00  INF  Executed DbCommand (4ms) [Parameters=[], CommandType='"Text"', CommandTimeout='30']
CREATE TABLE [AspNetUserRoles] (
    [UserId] nvarchar(450) NOT NULL,
    [RoleId] nvarchar(450) NOT NULL,
    CONSTRAINT [PK_AspNetUserRoles] PRIMARY KEY ([UserId], [RoleId]),
    CONSTRAINT [FK_AspNetUserRoles_AspNetRoles_RoleId] FOREIGN KEY ([RoleId]) REFERENCES [AspNetRoles] ([Id]) ON DELETE CASCADE,
    CONSTRAINT [FK_AspNetUserRoles_AspNetUsers_UserId] FOREIGN KEY ([UserId]) REFERENCES [AspNetUsers] ([Id]) ON DELETE CASCADE
);
2024-07-11 08:02:28.828 +02:00  INF  Executed DbCommand (3ms) [Parameters=[], CommandType='"Text"', CommandTimeout='30']
CREATE TABLE [AspNetUserTokens] (
    [UserId] nvarchar(450) NOT NULL,
    [LoginProvider] nvarchar(450) NOT NULL,
    [Name] nvarchar(450) NOT NULL,
    [Value] nvarchar(max) NULL,
    CONSTRAINT [PK_AspNetUserTokens] PRIMARY KEY ([UserId], [LoginProvider], [Name]),
    CONSTRAINT [FK_AspNetUserTokens_AspNetUsers_UserId] FOREIGN KEY ([UserId]) REFERENCES [AspNetUsers] ([Id]) ON DELETE CASCADE
);
2024-07-11 08:02:28.858 +02:00  INF  Executed DbCommand (30ms) [Parameters=[], CommandType='"Text"', CommandTimeout='30']
IF EXISTS (SELECT * FROM [sys].[identity_columns] WHERE [name] IN (N'Id', N'ConcurrencyStamp', N'Name', N'NormalizedName') AND [object_id] = OBJECT_ID(N'[AspNetRoles]'))
    SET IDENTITY_INSERT [AspNetRoles] ON;
INSERT INTO [AspNetRoles] ([Id], [ConcurrencyStamp], [Name], [NormalizedName])
VALUES (N'2bc0d38d-b990-454c-91a5-95705251063c', N'2bc0d38d-b990-454c-91a5-95705251063c', N'Vet', N'VET'),
(N'4dd3b707-837e-4ba5-b8b7-cc2a1f0aec49', N'4dd3b707-837e-4ba5-b8b7-cc2a1f0aec49', N'Employee', N'EMPLOYEE'),
(N'92f3d9c7-ca7a-4032-b2e5-45f511eca19e', N'92f3d9c7-ca7a-4032-b2e5-45f511eca19e', N'Admin', N'ADMIN');
IF EXISTS (SELECT * FROM [sys].[identity_columns] WHERE [name] IN (N'Id', N'ConcurrencyStamp', N'Name', N'NormalizedName') AND [object_id] = OBJECT_ID(N'[AspNetRoles]'))
    SET IDENTITY_INSERT [AspNetRoles] OFF;
2024-07-11 08:02:29.091 +02:00  INF  Executed DbCommand (15ms) [Parameters=[], CommandType='"Text"', CommandTimeout='30']
IF EXISTS (SELECT * FROM [sys].[identity_columns] WHERE [name] IN (N'Id', N'AccessFailedCount', N'ConcurrencyStamp', N'Email', N'EmailConfirmed', N'LockoutEnabled', N'LockoutEnd', N'NormalizedEmail', N'NormalizedUserName', N'PasswordHash', N'PhoneNumber', N'PhoneNumberConfirmed', N'SecurityStamp', N'TwoFactorEnabled', N'UserName') AND [object_id] = OBJECT_ID(N'[AspNetUsers]'))
    SET IDENTITY_INSERT [AspNetUsers] ON;
INSERT INTO [AspNetUsers] ([Id], [AccessFailedCount], [ConcurrencyStamp], [Email], [EmailConfirmed], [LockoutEnabled], [LockoutEnd], [NormalizedEmail], [NormalizedUserName], [PasswordHash], [PhoneNumber], [PhoneNumberConfirmed], [SecurityStamp], [TwoFactorEnabled], [UserName])
VALUES (N'4d1f3651-74f6-4542-96a1-418e9b9ccb79', 0, N'7592232b-aec0-40e3-b00b-f2e39b27a532', NULL, CAST(0 AS bit), CAST(0 AS bit), NULL, N'ADMIN@ARCADIA.FR', N'ADMIN@ARCADIA.FR', N'AQAAAAIAAYagAAAAEP8bHHbP+ZoTZVI7bha8drXJXkYmHplJBem+pmA4ex+4EJyd3PvojttMovn6HEatCQ==', NULL, CAST(0 AS bit), N'9f0fd5b3-4bf7-42b2-823e-a5dd54413b91', CAST(0 AS bit), N'admin@arcadia.fr');
IF EXISTS (SELECT * FROM [sys].[identity_columns] WHERE [name] IN (N'Id', N'AccessFailedCount', N'ConcurrencyStamp', N'Email', N'EmailConfirmed', N'LockoutEnabled', N'LockoutEnd', N'NormalizedEmail', N'NormalizedUserName', N'PasswordHash', N'PhoneNumber', N'PhoneNumberConfirmed', N'SecurityStamp', N'TwoFactorEnabled', N'UserName') AND [object_id] = OBJECT_ID(N'[AspNetUsers]'))
    SET IDENTITY_INSERT [AspNetUsers] OFF;
2024-07-11 08:02:29.278 +02:00  INF  Executed DbCommand (16ms) [Parameters=[], CommandType='"Text"', CommandTimeout='30']
IF EXISTS (SELECT * FROM [sys].[identity_columns] WHERE [name] IN (N'RoleId', N'UserId') AND [object_id] = OBJECT_ID(N'[AspNetUserRoles]'))
    SET IDENTITY_INSERT [AspNetUserRoles] ON;
INSERT INTO [AspNetUserRoles] ([RoleId], [UserId])
VALUES (N'2bc0d38d-b990-454c-91a5-95705251063c', N'4d1f3651-74f6-4542-96a1-418e9b9ccb79'),
(N'4dd3b707-837e-4ba5-b8b7-cc2a1f0aec49', N'4d1f3651-74f6-4542-96a1-418e9b9ccb79'),
(N'92f3d9c7-ca7a-4032-b2e5-45f511eca19e', N'4d1f3651-74f6-4542-96a1-418e9b9ccb79');
IF EXISTS (SELECT * FROM [sys].[identity_columns] WHERE [name] IN (N'RoleId', N'UserId') AND [object_id] = OBJECT_ID(N'[AspNetUserRoles]'))
    SET IDENTITY_INSERT [AspNetUserRoles] OFF;
2024-07-11 08:02:29.280 +02:00  INF  Executed DbCommand (2ms) [Parameters=[], CommandType='"Text"', CommandTimeout='30']
CREATE INDEX [IX_AspNetRoleClaims_RoleId] ON [AspNetRoleClaims] ([RoleId]);
2024-07-11 08:02:29.285 +02:00  INF  Executed DbCommand (4ms) [Parameters=[], CommandType='"Text"', CommandTimeout='30']
CREATE UNIQUE INDEX [RoleNameIndex] ON [AspNetRoles] ([NormalizedName]) WHERE [NormalizedName] IS NOT NULL;
2024-07-11 08:02:29.287 +02:00  INF  Executed DbCommand (1ms) [Parameters=[], CommandType='"Text"', CommandTimeout='30']
CREATE INDEX [IX_AspNetUserClaims_UserId] ON [AspNetUserClaims] ([UserId]);
2024-07-11 08:02:29.288 +02:00  INF  Executed DbCommand (1ms) [Parameters=[], CommandType='"Text"', CommandTimeout='30']
CREATE INDEX [IX_AspNetUserLogins_UserId] ON [AspNetUserLogins] ([UserId]);
2024-07-11 08:02:29.291 +02:00  INF  Executed DbCommand (3ms) [Parameters=[], CommandType='"Text"', CommandTimeout='30']
CREATE INDEX [IX_AspNetUserRoles_RoleId] ON [AspNetUserRoles] ([RoleId]);
2024-07-11 08:02:29.294 +02:00  INF  Executed DbCommand (2ms) [Parameters=[], CommandType='"Text"', CommandTimeout='30']
CREATE INDEX [EmailIndex] ON [AspNetUsers] ([NormalizedEmail]);
2024-07-11 08:02:29.336 +02:00  INF  Executed DbCommand (4ms) [Parameters=[], CommandType='"Text"', CommandTimeout='30']
CREATE UNIQUE INDEX [UserNameIndex] ON [AspNetUsers] ([NormalizedUserName]) WHERE [NormalizedUserName] IS NOT NULL;
2024-07-11 08:02:29.337 +02:00  INF  Executed DbCommand (1ms) [Parameters=[], CommandType='"Text"', CommandTimeout='30']
INSERT INTO [__EFMigrationsHistory] ([MigrationId], [ProductVersion])
VALUES (N'20240710192848_Initial Auth Migration', N'8.0.6');
2024-07-11 11:14:37.842 +02:00  INF  User profile is available. Using 'C:\Users\nicolas.frotey\AppData\Local\ASP.NET\DataProtection-Keys' as key repository and Windows DPAPI to encrypt keys at rest.
2024-07-11 11:14:38.251 +02:00  INF  Application started. Press Ctrl+C to shut down.
2024-07-11 11:14:38.252 +02:00  INF  Hosting environment: Development
2024-07-11 11:14:38.252 +02:00  INF  Content root path: C:\Users\nicolas.frotey\Documents\5-PERSO\ECF_Zoo\API_Arcadia
2024-07-11 11:14:38.610 +02:00  INF  Request starting HTTP/2 GET https://localhost:44364/swagger - null null
2024-07-11 11:14:38.745 +02:00  INF  Request starting HTTP/2 GET https://localhost:44364/swagger/index.html - null null
2024-07-11 11:14:38.749 +02:00  INF  Request finished HTTP/2 GET https://localhost:44364/swagger - 301 null null 146.2272ms
2024-07-11 11:14:38.877 +02:00  INF  Request finished HTTP/2 GET https://localhost:44364/swagger/index.html - 200 null text/html;charset=utf-8 132.121ms
2024-07-11 11:14:38.901 +02:00  INF  Request starting HTTP/2 GET https://localhost:44364/swagger/swagger-ui.css - null null
2024-07-11 11:14:38.907 +02:00  INF  Request starting HTTP/2 GET https://localhost:44364/swagger/swagger-ui-bundle.js - null null
2024-07-11 11:14:38.907 +02:00  INF  Request starting HTTP/2 GET https://localhost:44364/swagger/swagger-ui-standalone-preset.js - null null
2024-07-11 11:14:38.928 +02:00  INF  Sending file. Request path: '/swagger-ui-standalone-preset.js'. Physical path: 'N/A'
2024-07-11 11:14:38.928 +02:00  INF  Sending file. Request path: '/swagger-ui.css'. Physical path: 'N/A'
2024-07-11 11:14:38.936 +02:00  INF  Request finished HTTP/2 GET https://localhost:44364/swagger/swagger-ui-standalone-preset.js - 200 230280 text/javascript 28.9354ms
2024-07-11 11:14:38.936 +02:00  INF  Request finished HTTP/2 GET https://localhost:44364/swagger/swagger-ui.css - 200 152034 text/css 34.3691ms
2024-07-11 11:14:38.944 +02:00  INF  Sending file. Request path: '/swagger-ui-bundle.js'. Physical path: 'N/A'
2024-07-11 11:14:38.991 +02:00  INF  Request finished HTTP/2 GET https://localhost:44364/swagger/swagger-ui-bundle.js - 200 1456926 text/javascript 84.3199ms
2024-07-11 11:14:39.484 +02:00  INF  Request starting HTTP/2 GET https://localhost:44364/swagger/v1/swagger.json - null null
2024-07-11 11:14:39.499 +02:00  INF  Request starting HTTP/2 GET https://localhost:44364/swagger/favicon-32x32.png - null null
2024-07-11 11:14:39.500 +02:00  INF  Sending file. Request path: '/favicon-32x32.png'. Physical path: 'N/A'
2024-07-11 11:14:39.501 +02:00  INF  Request finished HTTP/2 GET https://localhost:44364/swagger/favicon-32x32.png - 200 628 image/png 2.2596ms
2024-07-11 11:14:39.724 +02:00  INF  Request finished HTTP/2 GET https://localhost:44364/swagger/v1/swagger.json - 200 null application/json;charset=utf-8 240.0389ms
2024-07-11 11:15:36.276 +02:00  INF  Request starting HTTP/2 GET https://localhost:44364/api/Animals - null null
2024-07-11 11:15:36.387 +02:00  INF  Authorization failed. These requirements were not met:
DenyAnonymousAuthorizationRequirement: Requires an authenticated user.
2024-07-11 11:15:36.391 +02:00  INF  AuthenticationScheme: Bearer was challenged.
2024-07-11 11:15:36.392 +02:00  INF  Request finished HTTP/2 GET https://localhost:44364/api/Animals - 401 null null 116.0808ms
2024-07-11 11:15:48.312 +02:00  INF  Request starting HTTP/2 GET https://localhost:44364/api/Habitats - null null
2024-07-11 11:15:48.318 +02:00  INF  Executing endpoint 'API_Arcadia.Controllers.HabitatsController.GetHabitats (API_Arcadia)'
2024-07-11 11:15:48.337 +02:00  INF  Route matched with {action = "GetHabitats", controller = "Habitats"}. Executing controller action with signature System.Threading.Tasks.Task`1[Microsoft.AspNetCore.Mvc.ActionResult`1[System.Collections.Generic.IEnumerable`1[API_Arcadia.Models.Habitat]]] GetHabitats() on controller API_Arcadia.Controllers.HabitatsController (API_Arcadia).
2024-07-11 11:15:48.526 +02:00  INF  Executing action method API_Arcadia.Controllers.HabitatsController.GetHabitats (API_Arcadia) - Validation state: "Valid"
2024-07-11 11:15:50.830 +02:00  INF  Executed DbCommand (34ms) [Parameters=[], CommandType='"Text"', CommandTimeout='30']
SELECT [h].[Id], [h].[Description], [h].[Name], [h0].[Id], [h0].[IdHabitat], [h0].[MiniSlug], [h0].[Slug]
FROM [Habitats] AS [h]
LEFT JOIN [HabitatImages] AS [h0] ON [h].[Id] = [h0].[IdHabitat]
ORDER BY [h].[Id]
2024-07-11 11:15:50.915 +02:00  INF  Executed action method API_Arcadia.Controllers.HabitatsController.GetHabitats (API_Arcadia), returned result Microsoft.AspNetCore.Mvc.ObjectResult in 2385.8603ms.
2024-07-11 11:15:50.921 +02:00  INF  Executing ObjectResult, writing value of type 'System.Collections.Generic.List`1[[API_Arcadia.Models.Habitat, API_Arcadia, Version=1.0.0.0, Culture=neutral, PublicKeyToken=null]]'.
2024-07-11 11:15:50.974 +02:00  INF  Executed action API_Arcadia.Controllers.HabitatsController.GetHabitats (API_Arcadia) in 2631.0409ms
2024-07-11 11:15:50.976 +02:00  INF  Executed endpoint 'API_Arcadia.Controllers.HabitatsController.GetHabitats (API_Arcadia)'
2024-07-11 11:15:50.993 +02:00  INF  Request finished HTTP/2 GET https://localhost:44364/api/Habitats - 200 null application/json; charset=utf-8 2681.1334ms
2024-07-11 11:16:11.176 +02:00  INF  Request starting HTTP/2 GET https://localhost:44364/api/Habitats - null null
2024-07-11 11:16:11.177 +02:00  INF  Executing endpoint 'API_Arcadia.Controllers.HabitatsController.GetHabitats (API_Arcadia)'
2024-07-11 11:16:11.177 +02:00  INF  Route matched with {action = "GetHabitats", controller = "Habitats"}. Executing controller action with signature System.Threading.Tasks.Task`1[Microsoft.AspNetCore.Mvc.ActionResult`1[System.Collections.Generic.IEnumerable`1[API_Arcadia.Models.Habitat]]] GetHabitats() on controller API_Arcadia.Controllers.HabitatsController (API_Arcadia).
2024-07-11 11:16:11.178 +02:00  INF  Executing action method API_Arcadia.Controllers.HabitatsController.GetHabitats (API_Arcadia) - Validation state: "Valid"
2024-07-11 11:16:11.200 +02:00  INF  Executed DbCommand (6ms) [Parameters=[], CommandType='"Text"', CommandTimeout='30']
SELECT [h].[Id], [h].[Description], [h].[Name], [h0].[Id], [h0].[IdHabitat], [h0].[MiniSlug], [h0].[Slug]
FROM [Habitats] AS [h]
LEFT JOIN [HabitatImages] AS [h0] ON [h].[Id] = [h0].[IdHabitat]
ORDER BY [h].[Id]
2024-07-11 11:16:11.201 +02:00  INF  Executed action method API_Arcadia.Controllers.HabitatsController.GetHabitats (API_Arcadia), returned result Microsoft.AspNetCore.Mvc.ObjectResult in 22.6074ms.
2024-07-11 11:16:11.201 +02:00  INF  Executing ObjectResult, writing value of type 'System.Collections.Generic.List`1[[API_Arcadia.Models.Habitat, API_Arcadia, Version=1.0.0.0, Culture=neutral, PublicKeyToken=null]]'.
2024-07-11 11:16:11.202 +02:00  INF  Executed action API_Arcadia.Controllers.HabitatsController.GetHabitats (API_Arcadia) in 24.3463ms
2024-07-11 11:16:11.202 +02:00  INF  Executed endpoint 'API_Arcadia.Controllers.HabitatsController.GetHabitats (API_Arcadia)'
2024-07-11 11:16:11.202 +02:00  INF  Request finished HTTP/2 GET https://localhost:44364/api/Habitats - 200 null application/json; charset=utf-8 26.4544ms
2024-07-11 11:16:14.950 +02:00  INF  Request starting HTTP/2 GET https://localhost:44364/api/Habitats - null null
2024-07-11 11:16:14.951 +02:00  INF  Executing endpoint 'API_Arcadia.Controllers.HabitatsController.GetHabitats (API_Arcadia)'
2024-07-11 11:16:14.951 +02:00  INF  Route matched with {action = "GetHabitats", controller = "Habitats"}. Executing controller action with signature System.Threading.Tasks.Task`1[Microsoft.AspNetCore.Mvc.ActionResult`1[System.Collections.Generic.IEnumerable`1[API_Arcadia.Models.Habitat]]] GetHabitats() on controller API_Arcadia.Controllers.HabitatsController (API_Arcadia).
2024-07-11 11:16:14.955 +02:00  INF  Executing action method API_Arcadia.Controllers.HabitatsController.GetHabitats (API_Arcadia) - Validation state: "Valid"
2024-07-11 11:16:15.014 +02:00  INF  Executed DbCommand (2ms) [Parameters=[], CommandType='"Text"', CommandTimeout='30']
SELECT [h].[Id], [h].[Description], [h].[Name], [h0].[Id], [h0].[IdHabitat], [h0].[MiniSlug], [h0].[Slug]
FROM [Habitats] AS [h]
LEFT JOIN [HabitatImages] AS [h0] ON [h].[Id] = [h0].[IdHabitat]
ORDER BY [h].[Id]
2024-07-11 11:16:15.015 +02:00  INF  Executed action method API_Arcadia.Controllers.HabitatsController.GetHabitats (API_Arcadia), returned result Microsoft.AspNetCore.Mvc.ObjectResult in 60.0363ms.
2024-07-11 11:16:15.015 +02:00  INF  Executing ObjectResult, writing value of type 'System.Collections.Generic.List`1[[API_Arcadia.Models.Habitat, API_Arcadia, Version=1.0.0.0, Culture=neutral, PublicKeyToken=null]]'.
2024-07-11 11:16:15.016 +02:00  INF  Executed action API_Arcadia.Controllers.HabitatsController.GetHabitats (API_Arcadia) in 64.6174ms
2024-07-11 11:16:15.016 +02:00  INF  Executed endpoint 'API_Arcadia.Controllers.HabitatsController.GetHabitats (API_Arcadia)'
2024-07-11 11:16:15.016 +02:00  INF  Request finished HTTP/2 GET https://localhost:44364/api/Habitats - 200 null application/json; charset=utf-8 66.1258ms
2024-07-11 11:16:29.357 +02:00  INF  Request starting HTTP/2 GET https://localhost:44364/api/Animals/9 - null null
2024-07-11 11:16:29.359 +02:00  INF  Executing endpoint 'API_Arcadia.Controllers.AnimalsController.GetAnimal (API_Arcadia)'
2024-07-11 11:16:29.368 +02:00  INF  Route matched with {action = "GetAnimal", controller = "Animals"}. Executing controller action with signature System.Threading.Tasks.Task`1[Microsoft.AspNetCore.Mvc.ActionResult`1[API_Arcadia.Models.Animal]] GetAnimal(Int32) on controller API_Arcadia.Controllers.AnimalsController (API_Arcadia).
2024-07-11 11:16:29.377 +02:00  INF  Executing action method API_Arcadia.Controllers.AnimalsController.GetAnimal (API_Arcadia) - Validation state: "Valid"
2024-07-11 11:16:29.433 +02:00  WRN  Compiling a query which loads related collections for more than one collection navigation, either via 'Include' or through projection, but no 'QuerySplittingBehavior' has been configured. By default, Entity Framework will use 'QuerySplittingBehavior.SingleQuery', which can potentially result in slow query performance. See https://go.microsoft.com/fwlink/?linkid=2134277 for more information. To identify the query that's triggering this warning call 'ConfigureWarnings(w => w.Throw(RelationalEventId.MultipleCollectionIncludeWarning))'.
2024-07-11 11:16:29.471 +02:00  INF  Executed DbCommand (22ms) [Parameters=[@__id_0='?' (DbType = Int32)], CommandType='"Text"', CommandTimeout='30']
SELECT [t].[Id], [t].[IdHealth], [t].[IdSpecies], [t].[IsMale], [t].[Name], [t].[Id0], [t].[Id1], [t].[Id2], [t].[Id3], [t].[Id4], [a0].[Id], [a0].[IdAnimal], [a0].[MiniSlug], [a0].[Slug], [t].[State], [t].[Description], [t].[FemaleMaxSize], [t].[FemaleMaxWeight], [t].[IdDiet], [t].[IdSizeUnit], [t].[IdWeightUnit], [t].[Lifespan], [t].[MaleMaxSize], [t].[MaleMaxWeight], [t].[Name0], [t].[ScientificName], [t].[Abbr], [t].[Name1], [t].[Abbr0], [t].[Name2], [t].[Name3], [t0].[IdHabitat], [t0].[IdSpecies], [t0].[Id], [t0].[Description], [t0].[Name]
FROM (
    SELECT TOP(1) [a].[Id], [a].[IdHealth], [a].[IdSpecies], [a].[IsMale], [a].[Name], [h].[Id] AS [Id0], [h].[State], [s].[Id] AS [Id1], [s].[Description], [s].[FemaleMaxSize], [s].[FemaleMaxWeight], [s].[IdDiet], [s].[IdSizeUnit], [s].[IdWeightUnit], [s].[Lifespan], [s].[MaleMaxSize], [s].[MaleMaxWeight], [s].[Name] AS [Name0], [s].[ScientificName], [s0].[Id] AS [Id2], [s0].[Abbr], [s0].[Name] AS [Name1], [w].[Id] AS [Id3], [w].[Abbr] AS [Abbr0], [w].[Name] AS [Name2], [d].[Id] AS [Id4], [d].[Name] AS [Name3]
    FROM [Animals] AS [a]
    INNER JOIN [Healths] AS [h] ON [a].[IdHealth] = [h].[Id]
    INNER JOIN [Speciess] AS [s] ON [a].[IdSpecies] = [s].[Id]
    INNER JOIN [SizeUnits] AS [s0] ON [s].[IdSizeUnit] = [s0].[Id]
    INNER JOIN [WeightUnits] AS [w] ON [s].[IdWeightUnit] = [w].[Id]
    INNER JOIN [Diets] AS [d] ON [s].[IdDiet] = [d].[Id]
    WHERE [a].[Id] = @__id_0
) AS [t]
LEFT JOIN [AnimalImages] AS [a0] ON [t].[Id] = [a0].[IdAnimal]
LEFT JOIN (
    SELECT [s1].[IdHabitat], [s1].[IdSpecies], [h0].[Id], [h0].[Description], [h0].[Name]
    FROM [SpeciesHabitats] AS [s1]
    INNER JOIN [Habitats] AS [h0] ON [s1].[IdHabitat] = [h0].[Id]
) AS [t0] ON [t].[Id1] = [t0].[IdSpecies]
ORDER BY [t].[Id], [t].[Id0], [t].[Id1], [t].[Id2], [t].[Id3], [t].[Id4], [a0].[Id], [t0].[IdHabitat], [t0].[IdSpecies]
2024-07-11 11:16:29.538 +02:00  INF  Executed action method API_Arcadia.Controllers.AnimalsController.GetAnimal (API_Arcadia), returned result Microsoft.AspNetCore.Mvc.OkObjectResult in 160.9416ms.
2024-07-11 11:16:29.538 +02:00  INF  Executing OkObjectResult, writing value of type 'API_Arcadia.Models.Animal'.
2024-07-11 11:16:29.565 +02:00  INF  Executed action API_Arcadia.Controllers.AnimalsController.GetAnimal (API_Arcadia) in 196.9097ms
2024-07-11 11:16:29.565 +02:00  INF  Executed endpoint 'API_Arcadia.Controllers.AnimalsController.GetAnimal (API_Arcadia)'
2024-07-11 11:16:29.565 +02:00  INF  Request finished HTTP/2 GET https://localhost:44364/api/Animals/9 - 200 null application/json; charset=utf-8 208.0935ms
2024-07-11 11:20:24.704 +02:00  INF  Application is shutting down...
2024-07-11 13:37:21.317 +02:00  INF  User profile is available. Using 'C:\Users\nicolas.frotey\AppData\Local\ASP.NET\DataProtection-Keys' as key repository and Windows DPAPI to encrypt keys at rest.
2024-07-11 13:37:21.766 +02:00  INF  Now listening on: https://localhost:7015
2024-07-11 13:37:21.768 +02:00  INF  Now listening on: http://localhost:5131
2024-07-11 13:37:21.772 +02:00  INF  Application started. Press Ctrl+C to shut down.
2024-07-11 13:37:21.774 +02:00  INF  Hosting environment: Development
2024-07-11 13:37:21.776 +02:00  INF  Content root path: C:\Users\nicolas.frotey\Documents\5-PERSO\ECF_Zoo\API_Arcadia
2024-07-11 13:37:25.467 +02:00  INF  Request starting HTTP/2 GET https://localhost:7015/swagger/index.html - null null
2024-07-11 13:37:26.114 +02:00  INF  Request finished HTTP/2 GET https://localhost:7015/swagger/index.html - 200 null text/html;charset=utf-8 659.4503ms
2024-07-11 13:37:26.165 +02:00  INF  Request starting HTTP/2 GET https://localhost:7015/_framework/aspnetcore-browser-refresh.js - null null
2024-07-11 13:37:26.165 +02:00  INF  Request starting HTTP/2 GET https://localhost:7015/_vs/browserLink - null null
2024-07-11 13:37:26.202 +02:00  INF  Request finished HTTP/2 GET https://localhost:7015/_framework/aspnetcore-browser-refresh.js - 200 13758 application/javascript; charset=utf-8 37.8889ms
2024-07-11 13:37:26.326 +02:00  INF  Request finished HTTP/2 GET https://localhost:7015/_vs/browserLink - 200 null text/javascript; charset=UTF-8 161.1494ms
2024-07-11 13:37:26.574 +02:00  INF  Request starting HTTP/2 GET https://localhost:7015/swagger/v1/swagger.json - null null
2024-07-11 13:37:26.871 +02:00  INF  Request finished HTTP/2 GET https://localhost:7015/swagger/v1/swagger.json - 200 null application/json;charset=utf-8 297.9869ms
2024-07-11 13:39:28.617 +02:00  INF  Request starting HTTP/2 POST https://localhost:7015/api/Auth/register - application/json 80
2024-07-11 13:39:28.625 +02:00  INF  CORS policy execution successful.
2024-07-11 13:39:28.715 +02:00  INF  Executing endpoint 'API_Arcadia.Controllers.AuthController.Register (API_Arcadia)'
2024-07-11 13:39:28.750 +02:00  INF  Route matched with {action = "Register", controller = "Auth"}. Executing controller action with signature System.Threading.Tasks.Task`1[Microsoft.AspNetCore.Mvc.IActionResult] Register(API_Arcadia.Models.Data.RegisterRequestDTO) on controller API_Arcadia.Controllers.AuthController (API_Arcadia).
2024-07-11 13:39:31.819 +02:00  INF  Executed DbCommand (86ms) [Parameters=[@__normalizedUserName_0='?' (Size = 256)], CommandType='"Text"', CommandTimeout='30']
SELECT TOP(1) [a].[Id], [a].[AccessFailedCount], [a].[ConcurrencyStamp], [a].[Email], [a].[EmailConfirmed], [a].[LockoutEnabled], [a].[LockoutEnd], [a].[NormalizedEmail], [a].[NormalizedUserName], [a].[PasswordHash], [a].[PhoneNumber], [a].[PhoneNumberConfirmed], [a].[SecurityStamp], [a].[TwoFactorEnabled], [a].[UserName]
FROM [AspNetUsers] AS [a]
WHERE [a].[NormalizedUserName] = @__normalizedUserName_0
2024-07-11 13:39:32.134 +02:00  INF  Executed DbCommand (12ms) [Parameters=[@p0='?' (Size = 450), @p1='?' (DbType = Int32), @p2='?' (Size = 4000), @p3='?' (Size = 256), @p4='?' (DbType = Boolean), @p5='?' (DbType = Boolean), @p6='?' (DbType = DateTimeOffset), @p7='?' (Size = 256), @p8='?' (Size = 256), @p9='?' (Size = 4000), @p10='?' (Size = 4000), @p11='?' (DbType = Boolean), @p12='?' (Size = 4000), @p13='?' (DbType = Boolean), @p14='?' (Size = 256)], CommandType='"Text"', CommandTimeout='30']
SET IMPLICIT_TRANSACTIONS OFF;
SET NOCOUNT ON;
INSERT INTO [AspNetUsers] ([Id], [AccessFailedCount], [ConcurrencyStamp], [Email], [EmailConfirmed], [LockoutEnabled], [LockoutEnd], [NormalizedEmail], [NormalizedUserName], [PasswordHash], [PhoneNumber], [PhoneNumberConfirmed], [SecurityStamp], [TwoFactorEnabled], [UserName])
VALUES (@p0, @p1, @p2, @p3, @p4, @p5, @p6, @p7, @p8, @p9, @p10, @p11, @p12, @p13, @p14);
2024-07-11 13:39:32.170 +02:00  INF  Executed DbCommand (3ms) [Parameters=[@__normalizedRoleName_0='?' (Size = 256)], CommandType='"Text"', CommandTimeout='30']
SELECT TOP(2) [a].[Id], [a].[ConcurrencyStamp], [a].[Name], [a].[NormalizedName]
FROM [AspNetRoles] AS [a]
WHERE [a].[NormalizedName] = @__normalizedRoleName_0
2024-07-11 13:39:32.255 +02:00  INF  Executed DbCommand (3ms) [Parameters=[@__p_0='?' (Size = 450), @__p_1='?' (Size = 450)], CommandType='"Text"', CommandTimeout='30']
SELECT TOP(1) [a].[UserId], [a].[RoleId]
FROM [AspNetUserRoles] AS [a]
WHERE [a].[UserId] = @__p_0 AND [a].[RoleId] = @__p_1
2024-07-11 13:39:32.272 +02:00  INF  Executed DbCommand (3ms) [Parameters=[@__normalizedRoleName_0='?' (Size = 256)], CommandType='"Text"', CommandTimeout='30']
SELECT TOP(2) [a].[Id], [a].[ConcurrencyStamp], [a].[Name], [a].[NormalizedName]
FROM [AspNetRoles] AS [a]
WHERE [a].[NormalizedName] = @__normalizedRoleName_0
2024-07-11 13:39:32.301 +02:00  INF  Executed DbCommand (3ms) [Parameters=[@__normalizedUserName_0='?' (Size = 256)], CommandType='"Text"', CommandTimeout='30']
SELECT TOP(1) [a].[Id], [a].[AccessFailedCount], [a].[ConcurrencyStamp], [a].[Email], [a].[EmailConfirmed], [a].[LockoutEnabled], [a].[LockoutEnd], [a].[NormalizedEmail], [a].[NormalizedUserName], [a].[PasswordHash], [a].[PhoneNumber], [a].[PhoneNumberConfirmed], [a].[SecurityStamp], [a].[TwoFactorEnabled], [a].[UserName]
FROM [AspNetUsers] AS [a]
WHERE [a].[NormalizedUserName] = @__normalizedUserName_0
2024-07-11 13:39:32.370 +02:00  INF  Executed DbCommand (10ms) [Parameters=[@p0='?' (Size = 450), @p1='?' (Size = 450), @p16='?' (Size = 450), @p2='?' (DbType = Int32), @p3='?' (Size = 4000), @p17='?' (Size = 4000), @p4='?' (Size = 256), @p5='?' (DbType = Boolean), @p6='?' (DbType = Boolean), @p7='?' (DbType = DateTimeOffset), @p8='?' (Size = 256), @p9='?' (Size = 256), @p10='?' (Size = 4000), @p11='?' (Size = 4000), @p12='?' (DbType = Boolean), @p13='?' (Size = 4000), @p14='?' (DbType = Boolean), @p15='?' (Size = 256)], CommandType='"Text"', CommandTimeout='30']
SET NOCOUNT ON;
INSERT INTO [AspNetUserRoles] ([RoleId], [UserId])
VALUES (@p0, @p1);
UPDATE [AspNetUsers] SET [AccessFailedCount] = @p2, [ConcurrencyStamp] = @p3, [Email] = @p4, [EmailConfirmed] = @p5, [LockoutEnabled] = @p6, [LockoutEnd] = @p7, [NormalizedEmail] = @p8, [NormalizedUserName] = @p9, [PasswordHash] = @p10, [PhoneNumber] = @p11, [PhoneNumberConfirmed] = @p12, [SecurityStamp] = @p13, [TwoFactorEnabled] = @p14, [UserName] = @p15
OUTPUT 1
WHERE [Id] = @p16 AND [ConcurrencyStamp] = @p17;
2024-07-11 13:39:32.401 +02:00  INF  Executing StatusCodeResult, setting HTTP status code 200
2024-07-11 13:39:32.409 +02:00  INF  Executed action API_Arcadia.Controllers.AuthController.Register (API_Arcadia) in 3650.6667ms
2024-07-11 13:39:32.414 +02:00  INF  Executed endpoint 'API_Arcadia.Controllers.AuthController.Register (API_Arcadia)'
2024-07-11 13:39:32.430 +02:00  INF  Request finished HTTP/2 POST https://localhost:7015/api/Auth/register - 200 0 null 3812.6107ms
2024-07-11 13:44:33.755 +02:00  INF  Request starting HTTP/2 POST https://localhost:7015/api/Auth/register - application/json 56
2024-07-11 13:44:33.763 +02:00  INF  CORS policy execution successful.
2024-07-11 13:44:33.765 +02:00  INF  Executing endpoint 'API_Arcadia.Controllers.AuthController.Register (API_Arcadia)'
2024-07-11 13:44:33.766 +02:00  INF  Route matched with {action = "Register", controller = "Auth"}. Executing controller action with signature System.Threading.Tasks.Task`1[Microsoft.AspNetCore.Mvc.IActionResult] Register(API_Arcadia.Models.Data.RegisterRequestDTO) on controller API_Arcadia.Controllers.AuthController (API_Arcadia).
2024-07-11 13:44:33.923 +02:00  INF  Executed action API_Arcadia.Controllers.AuthController.Register (API_Arcadia) in 154.6549ms
2024-07-11 13:44:33.955 +02:00  INF  Executed endpoint 'API_Arcadia.Controllers.AuthController.Register (API_Arcadia)'
2024-07-11 13:44:34.017 +02:00  ERR  An unhandled exception has occurred while executing the request.System.ArgumentNullException: Value cannot be null. (Parameter 'password')
   at System.ArgumentNullException.Throw(String paramName)
   at System.ArgumentNullException.ThrowIfNull(Object argument, String paramName)
   at Microsoft.AspNetCore.Shared.ArgumentNullThrowHelper.ThrowIfNull(Object argument, String paramName)
   at Microsoft.AspNetCore.Identity.UserManager`1.CreateAsync(TUser user, String password)
   at API_Arcadia.Controllers.AuthController.Register(RegisterRequestDTO r) in C:\Users\nicolas.frotey\Documents\5-PERSO\ECF_Zoo\API_Arcadia\Controllers\AuthController.cs:line 34
   at Microsoft.AspNetCore.Mvc.Infrastructure.ActionMethodExecutor.TaskOfIActionResultExecutor.Execute(ActionContext actionContext, IActionResultTypeMapper mapper, ObjectMethodExecutor executor, Object controller, Object[] arguments)
   at Microsoft.AspNetCore.Mvc.Infrastructure.ControllerActionInvoker.<InvokeActionMethodAsync>g__Awaited|12_0(ControllerActionInvoker invoker, ValueTask`1 actionResultValueTask)
   at Microsoft.AspNetCore.Mvc.Infrastructure.ControllerActionInvoker.<InvokeNextActionFilterAsync>g__Awaited|10_0(ControllerActionInvoker invoker, Task lastTask, State next, Scope scope, Object state, Boolean isCompleted)
   at Microsoft.AspNetCore.Mvc.Infrastructure.ControllerActionInvoker.Rethrow(ActionExecutedContextSealed context)
   at Microsoft.AspNetCore.Mvc.Infrastructure.ControllerActionInvoker.Next(State& next, Scope& scope, Object& state, Boolean& isCompleted)
   at Microsoft.AspNetCore.Mvc.Infrastructure.ControllerActionInvoker.InvokeInnerFilterAsync()
--- End of stack trace from previous location ---
   at Microsoft.AspNetCore.Mvc.Infrastructure.ResourceInvoker.<InvokeFilterPipelineAsync>g__Awaited|20_0(ResourceInvoker invoker, Task lastTask, State next, Scope scope, Object state, Boolean isCompleted)
   at Microsoft.AspNetCore.Mvc.Infrastructure.ResourceInvoker.<InvokeAsync>g__Logged|17_1(ResourceInvoker invoker)
   at Microsoft.AspNetCore.Mvc.Infrastructure.ResourceInvoker.<InvokeAsync>g__Logged|17_1(ResourceInvoker invoker)
   at Microsoft.AspNetCore.Routing.EndpointMiddleware.<Invoke>g__AwaitRequestTask|7_0(Endpoint endpoint, Task requestTask, ILogger logger)
   at Microsoft.AspNetCore.Authorization.AuthorizationMiddleware.Invoke(HttpContext context)
   at Microsoft.AspNetCore.Authentication.AuthenticationMiddleware.Invoke(HttpContext context)
   at Swashbuckle.AspNetCore.SwaggerUI.SwaggerUIMiddleware.Invoke(HttpContext httpContext)
   at Swashbuckle.AspNetCore.Swagger.SwaggerMiddleware.Invoke(HttpContext httpContext, ISwaggerProvider swaggerProvider)
   at Microsoft.AspNetCore.Diagnostics.DeveloperExceptionPageMiddlewareImpl.Invoke(HttpContext context)

2024-07-11 13:44:34.048 +02:00  INF  Request finished HTTP/2 POST https://localhost:7015/api/Auth/register - 500 null text/plain; charset=utf-8 293.8502ms
2024-07-11 13:45:51.232 +02:00  INF  Request starting HTTP/2 POST https://localhost:7015/api/Auth/register - application/json 56
2024-07-11 13:45:51.241 +02:00  INF  CORS policy execution successful.
2024-07-11 13:45:51.244 +02:00  INF  Executing endpoint 'API_Arcadia.Controllers.AuthController.Register (API_Arcadia)'
2024-07-11 13:45:51.246 +02:00  INF  Route matched with {action = "Register", controller = "Auth"}. Executing controller action with signature System.Threading.Tasks.Task`1[Microsoft.AspNetCore.Mvc.IActionResult] Register(API_Arcadia.Models.Data.RegisterRequestDTO) on controller API_Arcadia.Controllers.AuthController (API_Arcadia).
2024-07-11 13:46:39.808 +02:00  INF  Executed action API_Arcadia.Controllers.AuthController.Register (API_Arcadia) in 48557.4196ms
2024-07-11 13:46:39.834 +02:00  INF  Executed endpoint 'API_Arcadia.Controllers.AuthController.Register (API_Arcadia)'
2024-07-11 13:46:39.889 +02:00  ERR  An unhandled exception has occurred while executing the request.System.ArgumentNullException: Value cannot be null. (Parameter 'password')
   at System.ArgumentNullException.Throw(String paramName)
   at System.ArgumentNullException.ThrowIfNull(Object argument, String paramName)
   at Microsoft.AspNetCore.Shared.ArgumentNullThrowHelper.ThrowIfNull(Object argument, String paramName)
   at Microsoft.AspNetCore.Identity.UserManager`1.CreateAsync(TUser user, String password)
   at API_Arcadia.Controllers.AuthController.Register(RegisterRequestDTO r) in C:\Users\nicolas.frotey\Documents\5-PERSO\ECF_Zoo\API_Arcadia\Controllers\AuthController.cs:line 34
   at Microsoft.AspNetCore.Mvc.Infrastructure.ActionMethodExecutor.TaskOfIActionResultExecutor.Execute(ActionContext actionContext, IActionResultTypeMapper mapper, ObjectMethodExecutor executor, Object controller, Object[] arguments)
   at Microsoft.AspNetCore.Mvc.Infrastructure.ControllerActionInvoker.<InvokeActionMethodAsync>g__Awaited|12_0(ControllerActionInvoker invoker, ValueTask`1 actionResultValueTask)
   at Microsoft.AspNetCore.Mvc.Infrastructure.ControllerActionInvoker.<InvokeNextActionFilterAsync>g__Awaited|10_0(ControllerActionInvoker invoker, Task lastTask, State next, Scope scope, Object state, Boolean isCompleted)
   at Microsoft.AspNetCore.Mvc.Infrastructure.ControllerActionInvoker.Rethrow(ActionExecutedContextSealed context)
   at Microsoft.AspNetCore.Mvc.Infrastructure.ControllerActionInvoker.Next(State& next, Scope& scope, Object& state, Boolean& isCompleted)
   at Microsoft.AspNetCore.Mvc.Infrastructure.ControllerActionInvoker.InvokeInnerFilterAsync()
--- End of stack trace from previous location ---
   at Microsoft.AspNetCore.Mvc.Infrastructure.ResourceInvoker.<InvokeFilterPipelineAsync>g__Awaited|20_0(ResourceInvoker invoker, Task lastTask, State next, Scope scope, Object state, Boolean isCompleted)
   at Microsoft.AspNetCore.Mvc.Infrastructure.ResourceInvoker.<InvokeAsync>g__Logged|17_1(ResourceInvoker invoker)
   at Microsoft.AspNetCore.Mvc.Infrastructure.ResourceInvoker.<InvokeAsync>g__Logged|17_1(ResourceInvoker invoker)
   at Microsoft.AspNetCore.Routing.EndpointMiddleware.<Invoke>g__AwaitRequestTask|7_0(Endpoint endpoint, Task requestTask, ILogger logger)
   at Microsoft.AspNetCore.Authorization.AuthorizationMiddleware.Invoke(HttpContext context)
   at Microsoft.AspNetCore.Authentication.AuthenticationMiddleware.Invoke(HttpContext context)
   at Swashbuckle.AspNetCore.SwaggerUI.SwaggerUIMiddleware.Invoke(HttpContext httpContext)
   at Swashbuckle.AspNetCore.Swagger.SwaggerMiddleware.Invoke(HttpContext httpContext, ISwaggerProvider swaggerProvider)
   at Microsoft.AspNetCore.Diagnostics.DeveloperExceptionPageMiddlewareImpl.Invoke(HttpContext context)

2024-07-11 13:46:39.899 +02:00  INF  Request finished HTTP/2 POST https://localhost:7015/api/Auth/register - 500 null text/plain; charset=utf-8 48667.2664ms
2024-07-11 13:46:57.317 +02:00  INF  Request starting HTTP/2 POST https://localhost:7015/api/Auth/register - application/json 56
2024-07-11 13:46:57.321 +02:00  INF  CORS policy execution successful.
2024-07-11 13:46:57.324 +02:00  INF  Executing endpoint 'API_Arcadia.Controllers.AuthController.Register (API_Arcadia)'
2024-07-11 13:46:57.325 +02:00  INF  Route matched with {action = "Register", controller = "Auth"}. Executing controller action with signature System.Threading.Tasks.Task`1[Microsoft.AspNetCore.Mvc.IActionResult] Register(API_Arcadia.Models.Data.RegisterRequestDTO) on controller API_Arcadia.Controllers.AuthController (API_Arcadia).
2024-07-11 13:46:59.480 +02:00  INF  Executed action API_Arcadia.Controllers.AuthController.Register (API_Arcadia) in 2152.6927ms
2024-07-11 13:46:59.505 +02:00  INF  Executed endpoint 'API_Arcadia.Controllers.AuthController.Register (API_Arcadia)'
2024-07-11 13:46:59.561 +02:00  ERR  An unhandled exception has occurred while executing the request.System.ArgumentNullException: Value cannot be null. (Parameter 'password')
   at System.ArgumentNullException.Throw(String paramName)
   at System.ArgumentNullException.ThrowIfNull(Object argument, String paramName)
   at Microsoft.AspNetCore.Shared.ArgumentNullThrowHelper.ThrowIfNull(Object argument, String paramName)
   at Microsoft.AspNetCore.Identity.UserManager`1.CreateAsync(TUser user, String password)
   at API_Arcadia.Controllers.AuthController.Register(RegisterRequestDTO r) in C:\Users\nicolas.frotey\Documents\5-PERSO\ECF_Zoo\API_Arcadia\Controllers\AuthController.cs:line 34
   at Microsoft.AspNetCore.Mvc.Infrastructure.ActionMethodExecutor.TaskOfIActionResultExecutor.Execute(ActionContext actionContext, IActionResultTypeMapper mapper, ObjectMethodExecutor executor, Object controller, Object[] arguments)
   at Microsoft.AspNetCore.Mvc.Infrastructure.ControllerActionInvoker.<InvokeActionMethodAsync>g__Awaited|12_0(ControllerActionInvoker invoker, ValueTask`1 actionResultValueTask)
   at Microsoft.AspNetCore.Mvc.Infrastructure.ControllerActionInvoker.<InvokeNextActionFilterAsync>g__Awaited|10_0(ControllerActionInvoker invoker, Task lastTask, State next, Scope scope, Object state, Boolean isCompleted)
   at Microsoft.AspNetCore.Mvc.Infrastructure.ControllerActionInvoker.Rethrow(ActionExecutedContextSealed context)
   at Microsoft.AspNetCore.Mvc.Infrastructure.ControllerActionInvoker.Next(State& next, Scope& scope, Object& state, Boolean& isCompleted)
   at Microsoft.AspNetCore.Mvc.Infrastructure.ControllerActionInvoker.InvokeInnerFilterAsync()
--- End of stack trace from previous location ---
   at Microsoft.AspNetCore.Mvc.Infrastructure.ResourceInvoker.<InvokeFilterPipelineAsync>g__Awaited|20_0(ResourceInvoker invoker, Task lastTask, State next, Scope scope, Object state, Boolean isCompleted)
   at Microsoft.AspNetCore.Mvc.Infrastructure.ResourceInvoker.<InvokeAsync>g__Logged|17_1(ResourceInvoker invoker)
   at Microsoft.AspNetCore.Mvc.Infrastructure.ResourceInvoker.<InvokeAsync>g__Logged|17_1(ResourceInvoker invoker)
   at Microsoft.AspNetCore.Routing.EndpointMiddleware.<Invoke>g__AwaitRequestTask|7_0(Endpoint endpoint, Task requestTask, ILogger logger)
   at Microsoft.AspNetCore.Authorization.AuthorizationMiddleware.Invoke(HttpContext context)
   at Microsoft.AspNetCore.Authentication.AuthenticationMiddleware.Invoke(HttpContext context)
   at Swashbuckle.AspNetCore.SwaggerUI.SwaggerUIMiddleware.Invoke(HttpContext httpContext)
   at Swashbuckle.AspNetCore.Swagger.SwaggerMiddleware.Invoke(HttpContext httpContext, ISwaggerProvider swaggerProvider)
   at Microsoft.AspNetCore.Diagnostics.DeveloperExceptionPageMiddlewareImpl.Invoke(HttpContext context)

2024-07-11 13:46:59.579 +02:00  INF  Request finished HTTP/2 POST https://localhost:7015/api/Auth/register - 500 null text/plain; charset=utf-8 2261.4096ms
2024-07-11 13:51:07.403 +02:00  INF  Request starting HTTP/2 GET https://localhost:7015/swagger/index.html - null null
2024-07-11 13:51:07.427 +02:00  INF  Request finished HTTP/2 GET https://localhost:7015/swagger/index.html - 200 null text/html;charset=utf-8 24.438ms
2024-07-11 13:51:07.427 +02:00  INF  Request starting HTTP/2 GET https://localhost:7015/_framework/aspnetcore-browser-refresh.js - null null
2024-07-11 13:51:07.428 +02:00  INF  Request starting HTTP/2 GET https://localhost:7015/_vs/browserLink - null null
2024-07-11 13:51:07.445 +02:00  INF  Request finished HTTP/2 GET https://localhost:7015/_framework/aspnetcore-browser-refresh.js - 200 13758 application/javascript; charset=utf-8 17.9787ms
2024-07-11 13:51:07.463 +02:00  INF  Request finished HTTP/2 GET https://localhost:7015/_vs/browserLink - 200 null text/javascript; charset=UTF-8 35.6999ms
2024-07-11 13:51:16.126 +02:00  INF  User profile is available. Using 'C:\Users\nicolas.frotey\AppData\Local\ASP.NET\DataProtection-Keys' as key repository and Windows DPAPI to encrypt keys at rest.
2024-07-11 13:51:16.411 +02:00  INF  Now listening on: https://localhost:7015
2024-07-11 13:51:16.412 +02:00  INF  Now listening on: http://localhost:5131
2024-07-11 13:51:16.414 +02:00  INF  Application started. Press Ctrl+C to shut down.
2024-07-11 13:51:16.415 +02:00  INF  Hosting environment: Development
2024-07-11 13:51:16.416 +02:00  INF  Content root path: C:\Users\nicolas.frotey\Documents\5-PERSO\ECF_Zoo\API_Arcadia
2024-07-11 13:51:18.067 +02:00  INF  Request starting HTTP/2 GET https://localhost:7015/swagger/index.html - null null
2024-07-11 13:51:18.387 +02:00  INF  Request finished HTTP/2 GET https://localhost:7015/swagger/index.html - 200 null text/html;charset=utf-8 334.9792ms
2024-07-11 13:51:18.408 +02:00  INF  Request starting HTTP/2 GET https://localhost:7015/_framework/aspnetcore-browser-refresh.js - null null
2024-07-11 13:51:18.408 +02:00  INF  Request starting HTTP/2 GET https://localhost:7015/_vs/browserLink - null null
2024-07-11 13:51:18.419 +02:00  INF  Request finished HTTP/2 GET https://localhost:7015/_framework/aspnetcore-browser-refresh.js - 200 13758 application/javascript; charset=utf-8 11.7416ms
2024-07-11 13:51:18.471 +02:00  INF  Request finished HTTP/2 GET https://localhost:7015/_vs/browserLink - 200 null text/javascript; charset=UTF-8 63.0675ms
2024-07-11 13:51:18.531 +02:00  INF  Request starting HTTP/2 GET https://localhost:7015/swagger/v1/swagger.json - null null
2024-07-11 13:51:18.729 +02:00  INF  Request finished HTTP/2 GET https://localhost:7015/swagger/v1/swagger.json - 200 null application/json;charset=utf-8 197.9841ms
2024-07-11 13:51:31.242 +02:00  INF  Request starting HTTP/2 POST https://localhost:7015/api/Auth/register - application/json 43
2024-07-11 13:51:31.255 +02:00  INF  CORS policy execution successful.
2024-07-11 13:51:31.326 +02:00  INF  Executing endpoint 'API_Arcadia.Controllers.AuthController.Register (API_Arcadia)'
2024-07-11 13:51:31.350 +02:00  INF  Route matched with {action = "Register", controller = "Auth"}. Executing controller action with signature System.Threading.Tasks.Task`1[Microsoft.AspNetCore.Mvc.IActionResult] Register(API_Arcadia.Models.Data.RegisterRequestDTO) on controller API_Arcadia.Controllers.AuthController (API_Arcadia).
2024-07-11 13:51:31.591 +02:00  INF  Executing BadRequestObjectResult, writing value of type 'System.String'.
2024-07-11 13:51:31.597 +02:00  INF  Executed action API_Arcadia.Controllers.AuthController.Register (API_Arcadia) in 239.2469ms
2024-07-11 13:51:31.598 +02:00  INF  Executed endpoint 'API_Arcadia.Controllers.AuthController.Register (API_Arcadia)'
2024-07-11 13:51:31.600 +02:00  INF  Request finished HTTP/2 POST https://localhost:7015/api/Auth/register - 400 null text/plain; charset=utf-8 358.7557ms
2024-07-11 13:53:40.652 +02:00  INF  Request starting HTTP/2 GET https://localhost:7015/swagger/index.html - null null
2024-07-11 13:53:40.673 +02:00  INF  Request finished HTTP/2 GET https://localhost:7015/swagger/index.html - 200 null text/html;charset=utf-8 20.695ms
2024-07-11 13:53:40.682 +02:00  INF  Request starting HTTP/2 GET https://localhost:7015/_vs/browserLink - null null
2024-07-11 13:53:40.682 +02:00  INF  Request starting HTTP/2 GET https://localhost:7015/_framework/aspnetcore-browser-refresh.js - null null
2024-07-11 13:53:40.692 +02:00  INF  Request finished HTTP/2 GET https://localhost:7015/_framework/aspnetcore-browser-refresh.js - 200 13758 application/javascript; charset=utf-8 10.6402ms
2024-07-11 13:53:40.711 +02:00  INF  Request finished HTTP/2 GET https://localhost:7015/_vs/browserLink - 200 null text/javascript; charset=UTF-8 29.8015ms
2024-07-11 13:53:40.778 +02:00  INF  Request starting HTTP/2 GET https://localhost:7015/swagger/v1/swagger.json - null null
2024-07-11 13:53:40.811 +02:00  INF  Request finished HTTP/2 GET https://localhost:7015/swagger/v1/swagger.json - 200 null application/json;charset=utf-8 33.775ms
2024-07-11 13:53:58.806 +02:00  INF  User profile is available. Using 'C:\Users\nicolas.frotey\AppData\Local\ASP.NET\DataProtection-Keys' as key repository and Windows DPAPI to encrypt keys at rest.
2024-07-11 13:53:59.003 +02:00  INF  Now listening on: https://localhost:7015
2024-07-11 13:53:59.004 +02:00  INF  Now listening on: http://localhost:5131
2024-07-11 13:53:59.006 +02:00  INF  Application started. Press Ctrl+C to shut down.
2024-07-11 13:53:59.007 +02:00  INF  Hosting environment: Development
2024-07-11 13:53:59.008 +02:00  INF  Content root path: C:\Users\nicolas.frotey\Documents\5-PERSO\ECF_Zoo\API_Arcadia
2024-07-11 13:54:00.145 +02:00  INF  Request starting HTTP/2 GET https://localhost:7015/swagger/index.html - null null
2024-07-11 13:54:00.410 +02:00  INF  Request finished HTTP/2 GET https://localhost:7015/swagger/index.html - 200 null text/html;charset=utf-8 274.4052ms
2024-07-11 13:54:00.460 +02:00  INF  Request starting HTTP/2 GET https://localhost:7015/_vs/browserLink - null null
2024-07-11 13:54:00.460 +02:00  INF  Request starting HTTP/2 GET https://localhost:7015/_framework/aspnetcore-browser-refresh.js - null null
2024-07-11 13:54:00.497 +02:00  INF  Request finished HTTP/2 GET https://localhost:7015/_framework/aspnetcore-browser-refresh.js - 200 13758 application/javascript; charset=utf-8 36.735ms
2024-07-11 13:54:00.629 +02:00  INF  Request finished HTTP/2 GET https://localhost:7015/_vs/browserLink - 200 null text/javascript; charset=UTF-8 168.7287ms
2024-07-11 13:54:00.798 +02:00  INF  Request starting HTTP/2 GET https://localhost:7015/swagger/v1/swagger.json - null null
2024-07-11 13:54:01.287 +02:00  INF  Request finished HTTP/2 GET https://localhost:7015/swagger/v1/swagger.json - 200 null application/json;charset=utf-8 489.8572ms
2024-07-11 13:54:10.086 +02:00  INF  Request starting HTTP/2 POST https://localhost:7015/api/Auth/register - application/json 43
2024-07-11 13:54:10.096 +02:00  INF  CORS policy execution successful.
2024-07-11 13:54:10.158 +02:00  INF  Executing endpoint 'API_Arcadia.Controllers.AuthController.Register (API_Arcadia)'
2024-07-11 13:54:10.179 +02:00  INF  Route matched with {action = "Register", controller = "Auth"}. Executing controller action with signature System.Threading.Tasks.Task`1[Microsoft.AspNetCore.Mvc.IActionResult] Register(API_Arcadia.Models.Data.RegisterRequestDTO) on controller API_Arcadia.Controllers.AuthController (API_Arcadia).
2024-07-11 13:54:10.490 +02:00  INF  Executed action API_Arcadia.Controllers.AuthController.Register (API_Arcadia) in 303.9122ms
2024-07-11 13:54:10.521 +02:00  INF  Executed endpoint 'API_Arcadia.Controllers.AuthController.Register (API_Arcadia)'
2024-07-11 13:54:10.578 +02:00  ERR  An unhandled exception has occurred while executing the request.System.ArgumentNullException: Value cannot be null. (Parameter 'password')
   at System.ArgumentNullException.Throw(String paramName)
   at System.ArgumentNullException.ThrowIfNull(Object argument, String paramName)
   at Microsoft.AspNetCore.Shared.ArgumentNullThrowHelper.ThrowIfNull(Object argument, String paramName)
   at Microsoft.AspNetCore.Identity.UserManager`1.CreateAsync(TUser user, String password)
   at API_Arcadia.Controllers.AuthController.Register(RegisterRequestDTO r) in C:\Users\nicolas.frotey\Documents\5-PERSO\ECF_Zoo\API_Arcadia\Controllers\AuthController.cs:line 36
   at Microsoft.AspNetCore.Mvc.Infrastructure.ActionMethodExecutor.TaskOfIActionResultExecutor.Execute(ActionContext actionContext, IActionResultTypeMapper mapper, ObjectMethodExecutor executor, Object controller, Object[] arguments)
   at Microsoft.AspNetCore.Mvc.Infrastructure.ControllerActionInvoker.<InvokeActionMethodAsync>g__Awaited|12_0(ControllerActionInvoker invoker, ValueTask`1 actionResultValueTask)
   at Microsoft.AspNetCore.Mvc.Infrastructure.ControllerActionInvoker.<InvokeNextActionFilterAsync>g__Awaited|10_0(ControllerActionInvoker invoker, Task lastTask, State next, Scope scope, Object state, Boolean isCompleted)
   at Microsoft.AspNetCore.Mvc.Infrastructure.ControllerActionInvoker.Rethrow(ActionExecutedContextSealed context)
   at Microsoft.AspNetCore.Mvc.Infrastructure.ControllerActionInvoker.Next(State& next, Scope& scope, Object& state, Boolean& isCompleted)
   at Microsoft.AspNetCore.Mvc.Infrastructure.ControllerActionInvoker.InvokeInnerFilterAsync()
--- End of stack trace from previous location ---
   at Microsoft.AspNetCore.Mvc.Infrastructure.ResourceInvoker.<InvokeFilterPipelineAsync>g__Awaited|20_0(ResourceInvoker invoker, Task lastTask, State next, Scope scope, Object state, Boolean isCompleted)
   at Microsoft.AspNetCore.Mvc.Infrastructure.ResourceInvoker.<InvokeAsync>g__Logged|17_1(ResourceInvoker invoker)
   at Microsoft.AspNetCore.Mvc.Infrastructure.ResourceInvoker.<InvokeAsync>g__Logged|17_1(ResourceInvoker invoker)
   at Microsoft.AspNetCore.Routing.EndpointMiddleware.<Invoke>g__AwaitRequestTask|7_0(Endpoint endpoint, Task requestTask, ILogger logger)
   at Microsoft.AspNetCore.Authorization.AuthorizationMiddleware.Invoke(HttpContext context)
   at Microsoft.AspNetCore.Authentication.AuthenticationMiddleware.Invoke(HttpContext context)
   at Swashbuckle.AspNetCore.SwaggerUI.SwaggerUIMiddleware.Invoke(HttpContext httpContext)
   at Swashbuckle.AspNetCore.Swagger.SwaggerMiddleware.Invoke(HttpContext httpContext, ISwaggerProvider swaggerProvider)
   at Microsoft.AspNetCore.Diagnostics.DeveloperExceptionPageMiddlewareImpl.Invoke(HttpContext context)

2024-07-11 13:54:10.614 +02:00  INF  Request finished HTTP/2 POST https://localhost:7015/api/Auth/register - 500 null text/plain; charset=utf-8 528.7405ms
2024-07-11 13:54:46.271 +02:00  INF  User profile is available. Using 'C:\Users\nicolas.frotey\AppData\Local\ASP.NET\DataProtection-Keys' as key repository and Windows DPAPI to encrypt keys at rest.
2024-07-11 13:54:46.448 +02:00  INF  Now listening on: https://localhost:7015
2024-07-11 13:54:46.450 +02:00  INF  Now listening on: http://localhost:5131
2024-07-11 13:54:46.452 +02:00  INF  Application started. Press Ctrl+C to shut down.
2024-07-11 13:54:46.453 +02:00  INF  Hosting environment: Development
2024-07-11 13:54:46.454 +02:00  INF  Content root path: C:\Users\nicolas.frotey\Documents\5-PERSO\ECF_Zoo\API_Arcadia
2024-07-11 13:54:47.376 +02:00  INF  Request starting HTTP/2 GET https://localhost:7015/swagger/index.html - null null
2024-07-11 13:54:47.550 +02:00  INF  Request finished HTTP/2 GET https://localhost:7015/swagger/index.html - 200 null text/html;charset=utf-8 177.829ms
2024-07-11 13:54:47.567 +02:00  INF  Request starting HTTP/2 GET https://localhost:7015/_vs/browserLink - null null
2024-07-11 13:54:47.567 +02:00  INF  Request starting HTTP/2 GET https://localhost:7015/_framework/aspnetcore-browser-refresh.js - null null
2024-07-11 13:54:47.586 +02:00  INF  Request finished HTTP/2 GET https://localhost:7015/_framework/aspnetcore-browser-refresh.js - 200 13758 application/javascript; charset=utf-8 19.0668ms
2024-07-11 13:54:47.608 +02:00  INF  Request finished HTTP/2 GET https://localhost:7015/_vs/browserLink - 200 null text/javascript; charset=UTF-8 40.7721ms
2024-07-11 13:54:47.641 +02:00  INF  Request starting HTTP/2 GET https://localhost:7015/swagger/v1/swagger.json - null null
2024-07-11 13:54:47.740 +02:00  INF  Request finished HTTP/2 GET https://localhost:7015/swagger/v1/swagger.json - 200 null application/json;charset=utf-8 99.3337ms
2024-07-11 13:54:58.219 +02:00  INF  Request starting HTTP/2 POST https://localhost:7015/api/Auth/register - application/json 43
2024-07-11 13:54:58.229 +02:00  INF  CORS policy execution successful.
2024-07-11 13:54:58.290 +02:00  INF  Executing endpoint 'API_Arcadia.Controllers.AuthController.Register (API_Arcadia)'
2024-07-11 13:54:58.311 +02:00  INF  Route matched with {action = "Register", controller = "Auth"}. Executing controller action with signature System.Threading.Tasks.Task`1[Microsoft.AspNetCore.Mvc.IActionResult] Register(API_Arcadia.Models.Data.RegisterRequestDTO) on controller API_Arcadia.Controllers.AuthController (API_Arcadia).
2024-07-11 13:54:58.476 +02:00  INF  Executing BadRequestObjectResult, writing value of type 'System.String'.
2024-07-11 13:54:58.482 +02:00  INF  Executed action API_Arcadia.Controllers.AuthController.Register (API_Arcadia) in 165.9319ms
2024-07-11 13:54:58.483 +02:00  INF  Executed endpoint 'API_Arcadia.Controllers.AuthController.Register (API_Arcadia)'
2024-07-11 13:54:58.486 +02:00  INF  Request finished HTTP/2 POST https://localhost:7015/api/Auth/register - 400 null text/plain; charset=utf-8 267.5384ms
2024-07-11 13:55:20.634 +02:00  INF  Request starting HTTP/2 GET https://localhost:7015/swagger/index.html - null null
2024-07-11 13:55:20.647 +02:00  INF  Request finished HTTP/2 GET https://localhost:7015/swagger/index.html - 200 null text/html;charset=utf-8 12.9235ms
2024-07-11 13:55:20.659 +02:00  INF  Request starting HTTP/2 GET https://localhost:7015/_framework/aspnetcore-browser-refresh.js - null null
2024-07-11 13:55:20.659 +02:00  INF  Request starting HTTP/2 GET https://localhost:7015/_vs/browserLink - null null
2024-07-11 13:55:20.665 +02:00  INF  Request finished HTTP/2 GET https://localhost:7015/_framework/aspnetcore-browser-refresh.js - 200 13758 application/javascript; charset=utf-8 6.468ms
2024-07-11 13:55:20.695 +02:00  INF  Request finished HTTP/2 GET https://localhost:7015/_vs/browserLink - 200 null text/javascript; charset=UTF-8 36.6172ms
2024-07-11 13:55:20.744 +02:00  INF  Request starting HTTP/2 GET https://localhost:7015/swagger/v1/swagger.json - null null
2024-07-11 13:55:20.785 +02:00  INF  Request finished HTTP/2 GET https://localhost:7015/swagger/v1/swagger.json - 200 null application/json;charset=utf-8 41.3002ms
