2024-06-27 20:57:19.420 +02:00  INF  Now listening on: https://localhost:7015
2024-06-27 20:57:19.449 +02:00  INF  Now listening on: http://localhost:5131
2024-06-27 20:57:19.451 +02:00  INF  Application started. Press Ctrl+C to shut down.
2024-06-27 20:57:19.451 +02:00  INF  Hosting environment: Development
2024-06-27 20:57:19.452 +02:00  INF  Content root path: C:\Users\Lacon\Desktop\DEVELOPPEMENT\ECF_Zoo\ECF_Zoo\API_Arcadia
2024-06-27 20:57:19.971 +02:00  INF  Request starting HTTP/2 GET https://localhost:7015/swagger - null null
2024-06-27 20:57:20.131 +02:00  INF  Request finished HTTP/2 GET https://localhost:7015/swagger - 301 0 null 163.9415ms
2024-06-27 20:57:20.136 +02:00  INF  Request starting HTTP/2 GET https://localhost:7015/swagger/index.html - null null
2024-06-27 20:57:20.185 +02:00  INF  Request finished HTTP/2 GET https://localhost:7015/swagger/index.html - 200 null text/html;charset=utf-8 48.9549ms
2024-06-27 20:57:20.192 +02:00  INF  Request starting HTTP/2 GET https://localhost:7015/swagger/swagger-ui.css - null null
2024-06-27 20:57:20.199 +02:00  INF  Request starting HTTP/2 GET https://localhost:7015/swagger/swagger-ui-bundle.js - null null
2024-06-27 20:57:20.199 +02:00  INF  Request starting HTTP/2 GET https://localhost:7015/swagger/swagger-ui-standalone-preset.js - null null
2024-06-27 20:57:20.199 +02:00  INF  Request starting HTTP/2 GET https://localhost:7015/_framework/aspnetcore-browser-refresh.js - null null
2024-06-27 20:57:20.210 +02:00  INF  Request starting HTTP/2 GET https://localhost:7015/_vs/browserLink - null null
2024-06-27 20:57:20.225 +02:00  INF  Request finished HTTP/2 GET https://localhost:7015/_framework/aspnetcore-browser-refresh.js - 200 13758 application/javascript; charset=utf-8 25.6926ms
2024-06-27 20:57:20.230 +02:00  INF  Sending file. Request path: '/swagger-ui.css'. Physical path: 'N/A'
2024-06-27 20:57:20.235 +02:00  INF  Sending file. Request path: '/swagger-ui-standalone-preset.js'. Physical path: 'N/A'
2024-06-27 20:57:20.235 +02:00  INF  Request finished HTTP/2 GET https://localhost:7015/swagger/swagger-ui.css - 200 144929 text/css 43.0388ms
2024-06-27 20:57:20.236 +02:00  INF  Request finished HTTP/2 GET https://localhost:7015/swagger/swagger-ui-standalone-preset.js - 200 312163 text/javascript 36.8199ms
2024-06-27 20:57:20.248 +02:00  INF  Sending file. Request path: '/swagger-ui-bundle.js'. Physical path: 'N/A'
2024-06-27 20:57:20.250 +02:00  INF  Request finished HTTP/2 GET https://localhost:7015/swagger/swagger-ui-bundle.js - 200 1061536 text/javascript 50.2621ms
2024-06-27 20:57:20.273 +02:00  INF  Request finished HTTP/2 GET https://localhost:7015/_vs/browserLink - 200 null text/javascript; charset=UTF-8 63.2189ms
2024-06-27 20:57:20.364 +02:00  INF  Request starting HTTP/2 GET https://localhost:7015/swagger/v1/swagger.json - null null
2024-06-27 20:57:20.381 +02:00  INF  Request starting HTTP/2 GET https://localhost:7015/swagger/favicon-32x32.png - null null
2024-06-27 20:57:20.383 +02:00  INF  Sending file. Request path: '/favicon-32x32.png'. Physical path: 'N/A'
2024-06-27 20:57:20.384 +02:00  INF  Request finished HTTP/2 GET https://localhost:7015/swagger/favicon-32x32.png - 200 628 image/png 3.6054ms
2024-06-27 20:57:20.456 +02:00  INF  Request finished HTTP/2 GET https://localhost:7015/swagger/v1/swagger.json - 200 null application/json;charset=utf-8 92.7731ms
2024-06-27 20:57:24.035 +02:00  INF  Request starting HTTP/2 GET https://localhost:7015/x - null null
2024-06-27 20:57:24.035 +02:00  INF  Request starting HTTP/2 GET https://localhost:7015/images/animals/638496693873204641_Mufasa_mini.jpg - null null
2024-06-27 20:57:24.035 +02:00  INF  Request starting HTTP/2 GET https://localhost:7015/images/animals/638496693869536822_Mufasa_mini.jpg - null null
2024-06-27 20:57:24.039 +02:00  INF  Request finished HTTP/2 GET https://localhost:7015/x - 404 0 null 4.2171ms
2024-06-27 20:57:24.045 +02:00  INF  Request reached the end of the middleware pipeline without being handled by application code. Request path: GET https://localhost:7015/x, Response status code: 404
2024-06-27 20:57:24.096 +02:00  INF  Sending file. Request path: '/images/animals/638496693873204641_Mufasa_mini.jpg'. Physical path: 'C:\Users\Lacon\Desktop\DEVELOPPEMENT\ECF_Zoo\ECF_Zoo\API_Arcadia\wwwroot\images\animals\638496693873204641_Mufasa_mini.jpg'
2024-06-27 20:57:24.096 +02:00  INF  Sending file. Request path: '/images/animals/638496693869536822_Mufasa_mini.jpg'. Physical path: 'C:\Users\Lacon\Desktop\DEVELOPPEMENT\ECF_Zoo\ECF_Zoo\API_Arcadia\wwwroot\images\animals\638496693869536822_Mufasa_mini.jpg'
2024-06-27 20:57:24.097 +02:00  INF  Request finished HTTP/2 GET https://localhost:7015/images/animals/638496693873204641_Mufasa_mini.jpg - 200 93587 image/jpeg 62.1307ms
2024-06-27 20:57:24.098 +02:00  INF  Request finished HTTP/2 GET https://localhost:7015/images/animals/638496693869536822_Mufasa_mini.jpg - 200 80881 image/jpeg 63.027ms
2024-06-27 20:57:29.612 +02:00  INF  Request starting HTTP/2 GET https://localhost:7015/images/animals/l_orang_outan1.jpg - null null
2024-06-27 20:57:29.617 +02:00  INF  Sending file. Request path: '/images/animals/l_orang_outan1.jpg'. Physical path: 'C:\Users\Lacon\Desktop\DEVELOPPEMENT\ECF_Zoo\ECF_Zoo\API_Arcadia\wwwroot\images\animals\l_orang_outan1.jpg'
2024-06-27 20:57:29.618 +02:00  INF  Request finished HTTP/2 GET https://localhost:7015/images/animals/l_orang_outan1.jpg - 200 48419 image/jpeg 6.7459ms
2024-06-27 20:57:31.295 +02:00  INF  Request starting HTTP/2 GET https://localhost:7015/x - null null
2024-06-27 20:57:31.297 +02:00  INF  Request finished HTTP/2 GET https://localhost:7015/x - 404 0 null 2.2404ms
2024-06-27 20:57:31.299 +02:00  INF  Request reached the end of the middleware pipeline without being handled by application code. Request path: GET https://localhost:7015/x, Response status code: 404
2024-06-27 20:57:32.814 +02:00  INF  Request starting HTTP/2 GET https://localhost:7015/images/habitats/Savane.jpg - null null
2024-06-27 20:57:32.839 +02:00  INF  Sending file. Request path: '/images/habitats/Savane.jpg'. Physical path: 'C:\Users\Lacon\Desktop\DEVELOPPEMENT\ECF_Zoo\ECF_Zoo\API_Arcadia\wwwroot\images\habitats\Savane.jpg'
2024-06-27 20:57:32.840 +02:00  INF  Request finished HTTP/2 GET https://localhost:7015/images/habitats/Savane.jpg - 200 801492 image/jpeg 28.414ms
2024-06-27 20:57:35.184 +02:00  INF  Request starting HTTP/2 GET https://localhost:7015/images/habitats/Jungle.jpg - null null
2024-06-27 20:57:35.187 +02:00  INF  Request starting HTTP/2 GET https://localhost:7015/images/habitats/Marais.jpg - null null
2024-06-27 20:57:35.197 +02:00  INF  Sending file. Request path: '/images/habitats/Marais.jpg'. Physical path: 'C:\Users\Lacon\Desktop\DEVELOPPEMENT\ECF_Zoo\ECF_Zoo\API_Arcadia\wwwroot\images\habitats\Marais.jpg'
2024-06-27 20:57:35.199 +02:00  INF  Request finished HTTP/2 GET https://localhost:7015/images/habitats/Marais.jpg - 200 166838 image/jpeg 12.4416ms
2024-06-27 20:57:35.216 +02:00  INF  Sending file. Request path: '/images/habitats/Jungle.jpg'. Physical path: 'C:\Users\Lacon\Desktop\DEVELOPPEMENT\ECF_Zoo\ECF_Zoo\API_Arcadia\wwwroot\images\habitats\Jungle.jpg'
2024-06-27 20:57:35.217 +02:00  INF  Request finished HTTP/2 GET https://localhost:7015/images/habitats/Jungle.jpg - 200 1124270 image/jpeg 33.1905ms
2024-06-27 20:57:38.577 +02:00  INF  Request starting HTTP/2 GET https://localhost:7015/x - null null
2024-06-27 20:57:38.579 +02:00  INF  Request finished HTTP/2 GET https://localhost:7015/x - 404 0 null 2.4804ms
2024-06-27 20:57:38.581 +02:00  INF  Request reached the end of the middleware pipeline without being handled by application code. Request path: GET https://localhost:7015/x, Response status code: 404
2024-06-27 20:57:41.134 +02:00  INF  Request starting HTTP/2 GET https://localhost:7015/images/animals/638496693869536018_Mufasa.jpg - null null
2024-06-27 20:57:41.152 +02:00  INF  Sending file. Request path: '/images/animals/638496693869536018_Mufasa.jpg'. Physical path: 'C:\Users\Lacon\Desktop\DEVELOPPEMENT\ECF_Zoo\ECF_Zoo\API_Arcadia\wwwroot\images\animals\638496693869536018_Mufasa.jpg'
2024-06-27 20:57:41.153 +02:00  INF  Request finished HTTP/2 GET https://localhost:7015/images/animals/638496693869536018_Mufasa.jpg - 200 643175 image/jpeg 19.4129ms
2024-06-27 21:06:22.663 +02:00  INF  Request starting HTTP/2 GET https://localhost:7015/images/animals/638496693873204536_Mufasa.jpg - null null
2024-06-27 21:06:22.799 +02:00  INF  Sending file. Request path: '/images/animals/638496693873204536_Mufasa.jpg'. Physical path: 'C:\Users\Lacon\Desktop\DEVELOPPEMENT\ECF_Zoo\ECF_Zoo\API_Arcadia\wwwroot\images\animals\638496693873204536_Mufasa.jpg'
2024-06-27 21:06:22.799 +02:00  INF  Request finished HTTP/2 GET https://localhost:7015/images/animals/638496693873204536_Mufasa.jpg - 200 8273660 image/jpeg 137.0578ms
2024-06-27 21:23:23.317 +02:00  INF  Request starting HTTP/2 GET https://localhost:7015/x - null null
2024-06-27 21:23:23.319 +02:00  INF  Request finished HTTP/2 GET https://localhost:7015/x - 404 0 null 2.8008ms
2024-06-27 21:23:23.322 +02:00  INF  Request reached the end of the middleware pipeline without being handled by application code. Request path: GET https://localhost:7015/x, Response status code: 404
2024-06-27 21:23:43.574 +02:00  INF  Request starting HTTP/2 GET https://localhost:7015/x - null null
2024-06-27 21:23:43.576 +02:00  INF  Request finished HTTP/2 GET https://localhost:7015/x - 404 0 null 2.3728ms
2024-06-27 21:23:43.579 +02:00  INF  Request reached the end of the middleware pipeline without being handled by application code. Request path: GET https://localhost:7015/x, Response status code: 404
2024-06-27 21:23:52.251 +02:00  INF  Request starting HTTP/2 GET https://localhost:7015/x - null null
2024-06-27 21:23:52.253 +02:00  INF  Request finished HTTP/2 GET https://localhost:7015/x - 404 0 null 1.9152ms
2024-06-27 21:23:52.255 +02:00  INF  Request reached the end of the middleware pipeline without being handled by application code. Request path: GET https://localhost:7015/x, Response status code: 404
2024-06-27 21:24:13.165 +02:00  INF  Request starting HTTP/2 GET https://localhost:7015/x - null null
2024-06-27 21:24:13.169 +02:00  INF  Request finished HTTP/2 GET https://localhost:7015/x - 404 0 null 4.0043ms
2024-06-27 21:24:13.170 +02:00  INF  Request reached the end of the middleware pipeline without being handled by application code. Request path: GET https://localhost:7015/x, Response status code: 404
