2024-06-25 08:42:02.347 +02:00  INF  Now listening on: https://localhost:7015
2024-06-25 08:42:02.378 +02:00  INF  Now listening on: http://localhost:5131
2024-06-25 08:42:02.380 +02:00  INF  Application started. Press Ctrl+C to shut down.
2024-06-25 08:42:02.381 +02:00  INF  Hosting environment: Development
2024-06-25 08:42:02.381 +02:00  INF  Content root path: C:\Users\Lacon\Desktop\DEVELOPPEMENT\ECF_Zoo\ECF_Zoo\API_Arcadia
2024-06-25 08:42:02.942 +02:00  INF  Request starting HTTP/2 GET https://localhost:7015/swagger - null null
2024-06-25 08:42:03.100 +02:00  INF  Request finished HTTP/2 GET https://localhost:7015/swagger - 301 0 null 161.4728ms
2024-06-25 08:42:03.104 +02:00  INF  Request starting HTTP/2 GET https://localhost:7015/swagger/index.html - null null
2024-06-25 08:42:03.159 +02:00  INF  Request finished HTTP/2 GET https://localhost:7015/swagger/index.html - 200 null text/html;charset=utf-8 55.0047ms
2024-06-25 08:42:03.169 +02:00  INF  Request starting HTTP/2 GET https://localhost:7015/swagger/swagger-ui.css - null null
2024-06-25 08:42:03.171 +02:00  INF  Request starting HTTP/2 GET https://localhost:7015/swagger/swagger-ui-bundle.js - null null
2024-06-25 08:42:03.171 +02:00  INF  Request starting HTTP/2 GET https://localhost:7015/_framework/aspnetcore-browser-refresh.js - null null
2024-06-25 08:42:03.171 +02:00  INF  Request starting HTTP/2 GET https://localhost:7015/swagger/swagger-ui-standalone-preset.js - null null
2024-06-25 08:42:03.189 +02:00  INF  Request finished HTTP/2 GET https://localhost:7015/_framework/aspnetcore-browser-refresh.js - 200 13758 application/javascript; charset=utf-8 17.4475ms
2024-06-25 08:42:03.191 +02:00  INF  Request starting HTTP/2 GET https://localhost:7015/_vs/browserLink - null null
2024-06-25 08:42:03.210 +02:00  INF  Sending file. Request path: '/swagger-ui.css'. Physical path: 'N/A'
2024-06-25 08:42:03.216 +02:00  INF  Sending file. Request path: '/swagger-ui-standalone-preset.js'. Physical path: 'N/A'
2024-06-25 08:42:03.219 +02:00  INF  Request finished HTTP/2 GET https://localhost:7015/swagger/swagger-ui.css - 200 144929 text/css 49.7021ms
2024-06-25 08:42:03.219 +02:00  INF  Request finished HTTP/2 GET https://localhost:7015/swagger/swagger-ui-standalone-preset.js - 200 312163 text/javascript 47.3631ms
2024-06-25 08:42:03.236 +02:00  INF  Sending file. Request path: '/swagger-ui-bundle.js'. Physical path: 'N/A'
2024-06-25 08:42:03.237 +02:00  INF  Request finished HTTP/2 GET https://localhost:7015/swagger/swagger-ui-bundle.js - 200 1061536 text/javascript 66.2925ms
2024-06-25 08:42:03.256 +02:00  INF  Request finished HTTP/2 GET https://localhost:7015/_vs/browserLink - 200 null text/javascript; charset=UTF-8 65.036ms
2024-06-25 08:42:03.361 +02:00  INF  Request starting HTTP/2 GET https://localhost:7015/swagger/v1/swagger.json - null null
2024-06-25 08:42:03.380 +02:00  INF  Request starting HTTP/2 GET https://localhost:7015/swagger/favicon-32x32.png - null null
2024-06-25 08:42:03.383 +02:00  INF  Sending file. Request path: '/favicon-32x32.png'. Physical path: 'N/A'
2024-06-25 08:42:03.385 +02:00  INF  Request finished HTTP/2 GET https://localhost:7015/swagger/favicon-32x32.png - 200 628 image/png 5.253ms
2024-06-25 08:42:03.470 +02:00  INF  Request finished HTTP/2 GET https://localhost:7015/swagger/v1/swagger.json - 200 null application/json;charset=utf-8 109.5587ms
2024-06-25 10:03:40.814 +02:00  INF  Request starting HTTP/2 GET https://localhost:7015/x - null null
2024-06-25 10:03:40.820 +02:00  INF  Request finished HTTP/2 GET https://localhost:7015/x - 404 0 null 6.0215ms
2024-06-25 10:03:40.824 +02:00  INF  Request reached the end of the middleware pipeline without being handled by application code. Request path: GET https://localhost:7015/x, Response status code: 404
2024-06-25 10:22:37.556 +02:00  INF  Request starting HTTP/2 GET https://localhost:7015/x - null null
2024-06-25 10:22:37.562 +02:00  INF  Request finished HTTP/2 GET https://localhost:7015/x - 404 0 null 6.7759ms
2024-06-25 10:22:37.565 +02:00  INF  Request reached the end of the middleware pipeline without being handled by application code. Request path: GET https://localhost:7015/x, Response status code: 404
2024-06-25 10:23:02.314 +02:00  INF  Request starting HTTP/2 GET https://localhost:7015/x - null null
2024-06-25 10:23:02.319 +02:00  INF  Request finished HTTP/2 GET https://localhost:7015/x - 404 0 null 4.9277ms
2024-06-25 10:23:02.321 +02:00  INF  Request reached the end of the middleware pipeline without being handled by application code. Request path: GET https://localhost:7015/x, Response status code: 404
2024-06-25 10:23:07.686 +02:00  INF  Request starting HTTP/2 GET https://localhost:7015/x - null null
2024-06-25 10:23:07.688 +02:00  INF  Request finished HTTP/2 GET https://localhost:7015/x - 404 0 null 2.1098ms
2024-06-25 10:23:07.690 +02:00  INF  Request reached the end of the middleware pipeline without being handled by application code. Request path: GET https://localhost:7015/x, Response status code: 404
2024-06-25 10:23:09.607 +02:00  INF  Request starting HTTP/2 GET https://localhost:7015/x - null null
2024-06-25 10:23:09.608 +02:00  INF  Request finished HTTP/2 GET https://localhost:7015/x - 404 0 null 1.9306ms
2024-06-25 10:23:09.610 +02:00  INF  Request reached the end of the middleware pipeline without being handled by application code. Request path: GET https://localhost:7015/x, Response status code: 404
2024-06-25 10:23:42.645 +02:00  INF  Request starting HTTP/2 GET https://localhost:7015/x - null null
2024-06-25 10:23:42.649 +02:00  INF  Request finished HTTP/2 GET https://localhost:7015/x - 404 0 null 4.2977ms
2024-06-25 10:23:42.651 +02:00  INF  Request reached the end of the middleware pipeline without being handled by application code. Request path: GET https://localhost:7015/x, Response status code: 404
2024-06-25 10:24:25.093 +02:00  INF  Request starting HTTP/2 GET https://localhost:7015/x - null null
2024-06-25 10:24:25.099 +02:00  INF  Request finished HTTP/2 GET https://localhost:7015/x - 404 0 null 5.6986ms
2024-06-25 10:24:25.101 +02:00  INF  Request reached the end of the middleware pipeline without being handled by application code. Request path: GET https://localhost:7015/x, Response status code: 404
2024-06-25 10:25:39.139 +02:00  INF  Request starting HTTP/2 GET https://localhost:7015/x - null null
2024-06-25 10:25:39.144 +02:00  INF  Request finished HTTP/2 GET https://localhost:7015/x - 404 0 null 5.5568ms
2024-06-25 10:25:39.147 +02:00  INF  Request reached the end of the middleware pipeline without being handled by application code. Request path: GET https://localhost:7015/x, Response status code: 404
2024-06-25 10:27:50.148 +02:00  INF  Request starting HTTP/2 GET https://localhost:7015/x - null null
2024-06-25 10:27:50.153 +02:00  INF  Request finished HTTP/2 GET https://localhost:7015/x - 404 0 null 5.8441ms
2024-06-25 10:27:50.156 +02:00  INF  Request reached the end of the middleware pipeline without being handled by application code. Request path: GET https://localhost:7015/x, Response status code: 404
2024-06-25 10:44:42.056 +02:00  INF  Request starting HTTP/2 GET https://localhost:7015/x - null null
2024-06-25 10:44:42.060 +02:00  INF  Request finished HTTP/2 GET https://localhost:7015/x - 404 0 null 4.0369ms
2024-06-25 10:44:42.063 +02:00  INF  Request reached the end of the middleware pipeline without being handled by application code. Request path: GET https://localhost:7015/x, Response status code: 404
2024-06-25 10:44:44.433 +02:00  INF  Request starting HTTP/2 GET https://localhost:7015/x - null null
2024-06-25 10:44:44.434 +02:00  INF  Request finished HTTP/2 GET https://localhost:7015/x - 404 0 null 1.755ms
2024-06-25 10:44:44.436 +02:00  INF  Request reached the end of the middleware pipeline without being handled by application code. Request path: GET https://localhost:7015/x, Response status code: 404
2024-06-25 10:44:49.652 +02:00  INF  Request starting HTTP/2 GET https://localhost:7015/x - null null
2024-06-25 10:44:49.654 +02:00  INF  Request finished HTTP/2 GET https://localhost:7015/x - 404 0 null 2.1213ms
2024-06-25 10:44:49.655 +02:00  INF  Request reached the end of the middleware pipeline without being handled by application code. Request path: GET https://localhost:7015/x, Response status code: 404
2024-06-25 10:46:06.762 +02:00  INF  Request starting HTTP/2 GET https://localhost:7015/x - null null
2024-06-25 10:46:06.767 +02:00  INF  Request finished HTTP/2 GET https://localhost:7015/x - 404 0 null 4.6352ms
2024-06-25 10:46:06.768 +02:00  INF  Request reached the end of the middleware pipeline without being handled by application code. Request path: GET https://localhost:7015/x, Response status code: 404
2024-06-25 10:47:50.974 +02:00  INF  Request starting HTTP/2 GET https://localhost:7015/x - null null
2024-06-25 10:47:50.980 +02:00  INF  Request finished HTTP/2 GET https://localhost:7015/x - 404 0 null 6.1985ms
2024-06-25 10:47:50.982 +02:00  INF  Request reached the end of the middleware pipeline without being handled by application code. Request path: GET https://localhost:7015/x, Response status code: 404
2024-06-25 10:49:07.601 +02:00  INF  Request starting HTTP/2 GET https://localhost:7015/x - null null
2024-06-25 10:49:07.606 +02:00  INF  Request finished HTTP/2 GET https://localhost:7015/x - 404 0 null 4.5419ms
2024-06-25 10:49:07.607 +02:00  INF  Request reached the end of the middleware pipeline without being handled by application code. Request path: GET https://localhost:7015/x, Response status code: 404
2024-06-25 10:51:18.892 +02:00  INF  Request starting HTTP/2 GET https://localhost:7015/x - null null
2024-06-25 10:51:18.896 +02:00  INF  Request finished HTTP/2 GET https://localhost:7015/x - 404 0 null 4.9241ms
2024-06-25 10:51:18.899 +02:00  INF  Request reached the end of the middleware pipeline without being handled by application code. Request path: GET https://localhost:7015/x, Response status code: 404
2024-06-25 10:51:36.918 +02:00  INF  Request starting HTTP/2 GET https://localhost:7015/x - null null
2024-06-25 10:51:36.920 +02:00  INF  Request finished HTTP/2 GET https://localhost:7015/x - 404 0 null 2.4434ms
2024-06-25 10:51:36.922 +02:00  INF  Request reached the end of the middleware pipeline without being handled by application code. Request path: GET https://localhost:7015/x, Response status code: 404
2024-06-25 10:52:57.706 +02:00  INF  Request starting HTTP/2 GET https://localhost:7015/x - null null
2024-06-25 10:52:57.713 +02:00  INF  Request finished HTTP/2 GET https://localhost:7015/x - 404 0 null 7.1335ms
2024-06-25 10:52:57.716 +02:00  INF  Request reached the end of the middleware pipeline without being handled by application code. Request path: GET https://localhost:7015/x, Response status code: 404
2024-06-25 10:53:09.785 +02:00  INF  Request starting HTTP/2 GET https://localhost:7015/x - null null
2024-06-25 10:53:09.787 +02:00  INF  Request finished HTTP/2 GET https://localhost:7015/x - 404 0 null 2.0769ms
2024-06-25 10:53:09.789 +02:00  INF  Request reached the end of the middleware pipeline without being handled by application code. Request path: GET https://localhost:7015/x, Response status code: 404
2024-06-25 11:10:41.545 +02:00  INF  Request starting HTTP/2 GET https://localhost:7015/x - null null
2024-06-25 11:10:41.551 +02:00  INF  Request finished HTTP/2 GET https://localhost:7015/x - 404 0 null 5.8513ms
2024-06-25 11:10:41.553 +02:00  INF  Request reached the end of the middleware pipeline without being handled by application code. Request path: GET https://localhost:7015/x, Response status code: 404
2024-06-25 11:10:50.711 +02:00  INF  Request starting HTTP/2 GET https://localhost:7015/x - null null
2024-06-25 11:10:50.712 +02:00  INF  Request finished HTTP/2 GET https://localhost:7015/x - 404 0 null 1.5388ms
2024-06-25 11:10:50.714 +02:00  INF  Request reached the end of the middleware pipeline without being handled by application code. Request path: GET https://localhost:7015/x, Response status code: 404
2024-06-25 11:12:03.508 +02:00  INF  Request starting HTTP/2 GET https://localhost:7015/x - null null
2024-06-25 11:12:03.513 +02:00  INF  Request finished HTTP/2 GET https://localhost:7015/x - 404 0 null 4.7151ms
2024-06-25 11:12:03.515 +02:00  INF  Request reached the end of the middleware pipeline without being handled by application code. Request path: GET https://localhost:7015/x, Response status code: 404
2024-06-25 11:12:10.187 +02:00  INF  Request starting HTTP/2 GET https://localhost:7015/x - null null
2024-06-25 11:12:10.189 +02:00  INF  Request finished HTTP/2 GET https://localhost:7015/x - 404 0 null 2.2577ms
2024-06-25 11:12:10.191 +02:00  INF  Request reached the end of the middleware pipeline without being handled by application code. Request path: GET https://localhost:7015/x, Response status code: 404
2024-06-25 11:12:12.417 +02:00  INF  Request starting HTTP/2 GET https://localhost:7015/x - null null
2024-06-25 11:12:12.419 +02:00  INF  Request finished HTTP/2 GET https://localhost:7015/x - 404 0 null 2.2004ms
2024-06-25 11:12:12.421 +02:00  INF  Request reached the end of the middleware pipeline without being handled by application code. Request path: GET https://localhost:7015/x, Response status code: 404
2024-06-25 11:12:15.907 +02:00  INF  Request starting HTTP/2 GET https://localhost:7015/x - null null
2024-06-25 11:12:15.909 +02:00  INF  Request finished HTTP/2 GET https://localhost:7015/x - 404 0 null 2.1244ms
2024-06-25 11:12:15.911 +02:00  INF  Request reached the end of the middleware pipeline without being handled by application code. Request path: GET https://localhost:7015/x, Response status code: 404
2024-06-25 11:18:10.503 +02:00  INF  Request starting HTTP/2 GET https://localhost:7015/x - null null
2024-06-25 11:18:10.507 +02:00  INF  Request finished HTTP/2 GET https://localhost:7015/x - 404 0 null 4.3963ms
2024-06-25 11:18:10.508 +02:00  INF  Request reached the end of the middleware pipeline without being handled by application code. Request path: GET https://localhost:7015/x, Response status code: 404
2024-06-25 13:13:46.519 +02:00  INF  Request starting HTTP/2 GET https://localhost:7015/x - null null
2024-06-25 13:13:46.523 +02:00  INF  Request finished HTTP/2 GET https://localhost:7015/x - 404 0 null 4.7253ms
2024-06-25 13:13:46.526 +02:00  INF  Request reached the end of the middleware pipeline without being handled by application code. Request path: GET https://localhost:7015/x, Response status code: 404
2024-06-25 13:18:49.765 +02:00  INF  Request starting HTTP/2 GET https://localhost:7015/x - null null
2024-06-25 13:18:49.772 +02:00  INF  Request finished HTTP/2 GET https://localhost:7015/x - 404 0 null 6.4201ms
2024-06-25 13:18:49.774 +02:00  INF  Request reached the end of the middleware pipeline without being handled by application code. Request path: GET https://localhost:7015/x, Response status code: 404
2024-06-25 13:34:48.727 +02:00  INF  Request starting HTTP/2 GET https://localhost:7015/x - null null
2024-06-25 13:34:48.735 +02:00  INF  Request finished HTTP/2 GET https://localhost:7015/x - 404 0 null 7.6032ms
2024-06-25 13:34:48.738 +02:00  INF  Request reached the end of the middleware pipeline without being handled by application code. Request path: GET https://localhost:7015/x, Response status code: 404
2024-06-25 13:34:51.653 +02:00  INF  Request starting HTTP/2 GET https://localhost:7015/x - null null
2024-06-25 13:34:51.656 +02:00  INF  Request finished HTTP/2 GET https://localhost:7015/x - 404 0 null 3.0063ms
2024-06-25 13:34:51.659 +02:00  INF  Request reached the end of the middleware pipeline without being handled by application code. Request path: GET https://localhost:7015/x, Response status code: 404
2024-06-25 14:00:50.622 +02:00  INF  Request starting HTTP/2 GET https://localhost:7015/x - null null
2024-06-25 14:00:50.627 +02:00  INF  Request finished HTTP/2 GET https://localhost:7015/x - 404 0 null 5.2709ms
2024-06-25 14:00:50.630 +02:00  INF  Request reached the end of the middleware pipeline without being handled by application code. Request path: GET https://localhost:7015/x, Response status code: 404
2024-06-25 14:01:02.947 +02:00  INF  Request starting HTTP/2 GET https://localhost:7015/x - null null
2024-06-25 14:01:02.949 +02:00  INF  Request finished HTTP/2 GET https://localhost:7015/x - 404 0 null 1.8733ms
2024-06-25 14:01:02.950 +02:00  INF  Request reached the end of the middleware pipeline without being handled by application code. Request path: GET https://localhost:7015/x, Response status code: 404
2024-06-25 14:01:04.836 +02:00  INF  Request starting HTTP/2 GET https://localhost:7015/x - null null
2024-06-25 14:01:04.838 +02:00  INF  Request finished HTTP/2 GET https://localhost:7015/x - 404 0 null 1.8746ms
2024-06-25 14:01:04.840 +02:00  INF  Request reached the end of the middleware pipeline without being handled by application code. Request path: GET https://localhost:7015/x, Response status code: 404
2024-06-25 14:01:13.083 +02:00  INF  Request starting HTTP/2 GET https://localhost:7015/x - null null
2024-06-25 14:01:13.084 +02:00  INF  Request finished HTTP/2 GET https://localhost:7015/x - 404 0 null 1.4733ms
2024-06-25 14:01:13.086 +02:00  INF  Request reached the end of the middleware pipeline without being handled by application code. Request path: GET https://localhost:7015/x, Response status code: 404
2024-06-25 14:01:15.454 +02:00  INF  Request starting HTTP/2 GET https://localhost:7015/x - null null
2024-06-25 14:01:15.456 +02:00  INF  Request finished HTTP/2 GET https://localhost:7015/x - 404 0 null 2.0353ms
2024-06-25 14:01:15.459 +02:00  INF  Request reached the end of the middleware pipeline without being handled by application code. Request path: GET https://localhost:7015/x, Response status code: 404
2024-06-25 14:01:17.452 +02:00  INF  Request starting HTTP/2 GET https://localhost:7015/x - null null
2024-06-25 14:01:17.454 +02:00  INF  Request finished HTTP/2 GET https://localhost:7015/x - 404 0 null 1.921ms
2024-06-25 14:01:17.456 +02:00  INF  Request reached the end of the middleware pipeline without being handled by application code. Request path: GET https://localhost:7015/x, Response status code: 404
2024-06-25 14:01:22.218 +02:00  INF  Request starting HTTP/2 GET https://localhost:7015/x - null null
2024-06-25 14:01:22.220 +02:00  INF  Request finished HTTP/2 GET https://localhost:7015/x - 404 0 null 1.7453ms
2024-06-25 14:01:22.222 +02:00  INF  Request reached the end of the middleware pipeline without being handled by application code. Request path: GET https://localhost:7015/x, Response status code: 404
2024-06-25 14:01:35.207 +02:00  INF  Request starting HTTP/2 GET https://localhost:7015/x - null null
2024-06-25 14:01:35.209 +02:00  INF  Request finished HTTP/2 GET https://localhost:7015/x - 404 0 null 2.0484ms
2024-06-25 14:01:35.211 +02:00  INF  Request reached the end of the middleware pipeline without being handled by application code. Request path: GET https://localhost:7015/x, Response status code: 404
2024-06-25 14:01:41.909 +02:00  INF  Request starting HTTP/2 GET https://localhost:7015/x - null null
2024-06-25 14:01:41.911 +02:00  INF  Request finished HTTP/2 GET https://localhost:7015/x - 404 0 null 1.7735ms
2024-06-25 14:01:41.912 +02:00  INF  Request reached the end of the middleware pipeline without being handled by application code. Request path: GET https://localhost:7015/x, Response status code: 404
2024-06-25 14:02:40.990 +02:00  INF  Request starting HTTP/2 GET https://localhost:7015/x - null null
2024-06-25 14:02:40.996 +02:00  INF  Request finished HTTP/2 GET https://localhost:7015/x - 404 0 null 6.1571ms
2024-06-25 14:02:40.998 +02:00  INF  Request reached the end of the middleware pipeline without being handled by application code. Request path: GET https://localhost:7015/x, Response status code: 404
2024-06-25 14:02:49.372 +02:00  INF  Request starting HTTP/2 GET https://localhost:7015/x - null null
2024-06-25 14:02:49.373 +02:00  INF  Request finished HTTP/2 GET https://localhost:7015/x - 404 0 null 2.0405ms
2024-06-25 14:02:49.375 +02:00  INF  Request reached the end of the middleware pipeline without being handled by application code. Request path: GET https://localhost:7015/x, Response status code: 404
2024-06-25 14:02:52.009 +02:00  INF  Request starting HTTP/2 GET https://localhost:7015/x - null null
2024-06-25 14:02:52.012 +02:00  INF  Request finished HTTP/2 GET https://localhost:7015/x - 404 0 null 2.2579ms
2024-06-25 14:02:52.013 +02:00  INF  Request reached the end of the middleware pipeline without being handled by application code. Request path: GET https://localhost:7015/x, Response status code: 404
2024-06-25 14:02:54.343 +02:00  INF  Request starting HTTP/2 GET https://localhost:7015/x - null null
2024-06-25 14:02:54.345 +02:00  INF  Request finished HTTP/2 GET https://localhost:7015/x - 404 0 null 2.2235ms
2024-06-25 14:02:54.347 +02:00  INF  Request reached the end of the middleware pipeline without being handled by application code. Request path: GET https://localhost:7015/x, Response status code: 404
2024-06-25 14:02:56.148 +02:00  INF  Request starting HTTP/2 GET https://localhost:7015/x - null null
2024-06-25 14:02:56.150 +02:00  INF  Request finished HTTP/2 GET https://localhost:7015/x - 404 0 null 1.8094ms
2024-06-25 14:02:56.151 +02:00  INF  Request reached the end of the middleware pipeline without being handled by application code. Request path: GET https://localhost:7015/x, Response status code: 404
2024-06-25 14:03:30.826 +02:00  INF  Request starting HTTP/2 GET https://localhost:7015/x - null null
2024-06-25 14:03:30.831 +02:00  INF  Request finished HTTP/2 GET https://localhost:7015/x - 404 0 null 4.9176ms
2024-06-25 14:03:30.833 +02:00  INF  Request reached the end of the middleware pipeline without being handled by application code. Request path: GET https://localhost:7015/x, Response status code: 404
2024-06-25 14:03:37.089 +02:00  INF  Request starting HTTP/2 GET https://localhost:7015/x - null null
2024-06-25 14:03:37.090 +02:00  INF  Request finished HTTP/2 GET https://localhost:7015/x - 404 0 null 1.7637ms
2024-06-25 14:03:37.093 +02:00  INF  Request reached the end of the middleware pipeline without being handled by application code. Request path: GET https://localhost:7015/x, Response status code: 404
2024-06-25 14:04:41.880 +02:00  INF  Request starting HTTP/2 GET https://localhost:7015/x - null null
2024-06-25 14:04:41.886 +02:00  INF  Request finished HTTP/2 GET https://localhost:7015/x - 404 0 null 6.7662ms
2024-06-25 14:04:41.888 +02:00  INF  Request reached the end of the middleware pipeline without being handled by application code. Request path: GET https://localhost:7015/x, Response status code: 404
2024-06-25 14:06:10.188 +02:00  INF  Request starting HTTP/2 GET https://localhost:7015/x - null null
2024-06-25 14:06:10.193 +02:00  INF  Request finished HTTP/2 GET https://localhost:7015/x - 404 0 null 4.5077ms
2024-06-25 14:06:10.195 +02:00  INF  Request reached the end of the middleware pipeline without being handled by application code. Request path: GET https://localhost:7015/x, Response status code: 404
2024-06-25 14:07:06.895 +02:00  INF  Request starting HTTP/2 GET https://localhost:7015/x - null null
2024-06-25 14:07:06.901 +02:00  INF  Request finished HTTP/2 GET https://localhost:7015/x - 404 0 null 5.9249ms
2024-06-25 14:07:06.903 +02:00  INF  Request reached the end of the middleware pipeline without being handled by application code. Request path: GET https://localhost:7015/x, Response status code: 404
2024-06-25 14:07:10.411 +02:00  INF  Request starting HTTP/2 GET https://localhost:7015/x - null null
2024-06-25 14:07:10.413 +02:00  INF  Request finished HTTP/2 GET https://localhost:7015/x - 404 0 null 1.8243ms
2024-06-25 14:07:10.415 +02:00  INF  Request reached the end of the middleware pipeline without being handled by application code. Request path: GET https://localhost:7015/x, Response status code: 404
2024-06-25 14:07:13.357 +02:00  INF  Request starting HTTP/2 GET https://localhost:7015/x - null null
2024-06-25 14:07:13.359 +02:00  INF  Request finished HTTP/2 GET https://localhost:7015/x - 404 0 null 1.5684ms
2024-06-25 14:07:13.360 +02:00  INF  Request reached the end of the middleware pipeline without being handled by application code. Request path: GET https://localhost:7015/x, Response status code: 404
2024-06-25 14:07:16.868 +02:00  INF  Request starting HTTP/2 GET https://localhost:7015/x - null null
2024-06-25 14:07:16.870 +02:00  INF  Request finished HTTP/2 GET https://localhost:7015/x - 404 0 null 1.9187ms
2024-06-25 14:07:16.872 +02:00  INF  Request reached the end of the middleware pipeline without being handled by application code. Request path: GET https://localhost:7015/x, Response status code: 404
2024-06-25 14:07:43.579 +02:00  INF  Request starting HTTP/2 GET https://localhost:7015/x - null null
2024-06-25 14:07:43.584 +02:00  INF  Request finished HTTP/2 GET https://localhost:7015/x - 404 0 null 5.3211ms
2024-06-25 14:07:43.586 +02:00  INF  Request reached the end of the middleware pipeline without being handled by application code. Request path: GET https://localhost:7015/x, Response status code: 404
2024-06-25 14:08:02.599 +02:00  INF  Request starting HTTP/2 GET https://localhost:7015/x - null null
2024-06-25 14:08:02.601 +02:00  INF  Request finished HTTP/2 GET https://localhost:7015/x - 404 0 null 2.2079ms
2024-06-25 14:08:02.603 +02:00  INF  Request reached the end of the middleware pipeline without being handled by application code. Request path: GET https://localhost:7015/x, Response status code: 404
2024-06-25 14:08:05.818 +02:00  INF  Request starting HTTP/2 GET https://localhost:7015/x - null null
2024-06-25 14:08:05.819 +02:00  INF  Request finished HTTP/2 GET https://localhost:7015/x - 404 0 null 1.7182ms
2024-06-25 14:08:05.821 +02:00  INF  Request reached the end of the middleware pipeline without being handled by application code. Request path: GET https://localhost:7015/x, Response status code: 404
2024-06-25 14:08:07.715 +02:00  INF  Request starting HTTP/2 GET https://localhost:7015/x - null null
2024-06-25 14:08:07.716 +02:00  INF  Request finished HTTP/2 GET https://localhost:7015/x - 404 0 null 1.5919ms
2024-06-25 14:08:07.718 +02:00  INF  Request reached the end of the middleware pipeline without being handled by application code. Request path: GET https://localhost:7015/x, Response status code: 404
2024-06-25 14:08:20.163 +02:00  INF  Request starting HTTP/2 GET https://localhost:7015/x - null null
2024-06-25 14:08:20.166 +02:00  INF  Request finished HTTP/2 GET https://localhost:7015/x - 404 0 null 2.5538ms
2024-06-25 14:08:20.168 +02:00  INF  Request reached the end of the middleware pipeline without being handled by application code. Request path: GET https://localhost:7015/x, Response status code: 404
2024-06-25 14:28:05.158 +02:00  INF  Request starting HTTP/2 GET https://localhost:7015/x - null null
2024-06-25 14:28:05.162 +02:00  INF  Request finished HTTP/2 GET https://localhost:7015/x - 404 0 null 4.3477ms
2024-06-25 14:28:05.164 +02:00  INF  Request reached the end of the middleware pipeline without being handled by application code. Request path: GET https://localhost:7015/x, Response status code: 404
2024-06-25 14:40:32.244 +02:00  INF  Request starting HTTP/2 GET https://localhost:7015/x - null null
2024-06-25 14:40:32.250 +02:00  INF  Request finished HTTP/2 GET https://localhost:7015/x - 404 0 null 5.9513ms
2024-06-25 14:40:32.252 +02:00  INF  Request reached the end of the middleware pipeline without being handled by application code. Request path: GET https://localhost:7015/x, Response status code: 404
2024-06-25 14:49:40.109 +02:00  INF  Request starting HTTP/2 GET https://localhost:7015/x - null null
2024-06-25 14:49:40.113 +02:00  INF  Request finished HTTP/2 GET https://localhost:7015/x - 404 0 null 4.253ms
2024-06-25 14:49:40.115 +02:00  INF  Request reached the end of the middleware pipeline without being handled by application code. Request path: GET https://localhost:7015/x, Response status code: 404
2024-06-25 15:10:53.217 +02:00  INF  Request starting HTTP/2 GET https://localhost:7015/x - null null
2024-06-25 15:10:53.222 +02:00  INF  Request finished HTTP/2 GET https://localhost:7015/x - 404 0 null 5.3749ms
2024-06-25 15:10:53.224 +02:00  INF  Request reached the end of the middleware pipeline without being handled by application code. Request path: GET https://localhost:7015/x, Response status code: 404
2024-06-25 15:28:32.840 +02:00  INF  Request starting HTTP/2 GET https://localhost:7015/x - null null
2024-06-25 15:28:32.845 +02:00  INF  Request finished HTTP/2 GET https://localhost:7015/x - 404 0 null 5.0289ms
2024-06-25 15:28:32.847 +02:00  INF  Request reached the end of the middleware pipeline without being handled by application code. Request path: GET https://localhost:7015/x, Response status code: 404
2024-06-25 15:33:07.644 +02:00  INF  Request starting HTTP/2 GET https://localhost:7015/x - null null
2024-06-25 15:33:07.651 +02:00  INF  Request finished HTTP/2 GET https://localhost:7015/x - 404 0 null 7.0835ms
2024-06-25 15:33:07.655 +02:00  INF  Request reached the end of the middleware pipeline without being handled by application code. Request path: GET https://localhost:7015/x, Response status code: 404
2024-06-25 15:33:50.630 +02:00  INF  Request starting HTTP/2 GET https://localhost:7015/x - null null
2024-06-25 15:33:50.636 +02:00  INF  Request finished HTTP/2 GET https://localhost:7015/x - 404 0 null 6.1423ms
2024-06-25 15:33:50.638 +02:00  INF  Request reached the end of the middleware pipeline without being handled by application code. Request path: GET https://localhost:7015/x, Response status code: 404
2024-06-25 15:37:39.630 +02:00  INF  Request starting HTTP/2 GET https://localhost:7015/x - null null
2024-06-25 15:37:39.640 +02:00  INF  Request finished HTTP/2 GET https://localhost:7015/x - 404 0 null 14.3385ms
2024-06-25 15:37:39.642 +02:00  INF  Request reached the end of the middleware pipeline without being handled by application code. Request path: GET https://localhost:7015/x, Response status code: 404
2024-06-25 15:49:23.980 +02:00  INF  Request starting HTTP/2 GET https://localhost:7015/x - null null
2024-06-25 15:49:23.984 +02:00  INF  Request finished HTTP/2 GET https://localhost:7015/x - 404 0 null 4.6157ms
2024-06-25 15:49:23.986 +02:00  INF  Request reached the end of the middleware pipeline without being handled by application code. Request path: GET https://localhost:7015/x, Response status code: 404
2024-06-25 15:49:43.572 +02:00  INF  Request starting HTTP/2 GET https://localhost:7015/x - null null
2024-06-25 15:49:43.573 +02:00  INF  Request finished HTTP/2 GET https://localhost:7015/x - 404 0 null 1.5542ms
2024-06-25 15:49:43.575 +02:00  INF  Request reached the end of the middleware pipeline without being handled by application code. Request path: GET https://localhost:7015/x, Response status code: 404
2024-06-25 15:50:17.274 +02:00  INF  Request starting HTTP/2 GET https://localhost:7015/x - null null
2024-06-25 15:50:17.280 +02:00  INF  Request finished HTTP/2 GET https://localhost:7015/x - 404 0 null 5.2346ms
2024-06-25 15:50:17.282 +02:00  INF  Request reached the end of the middleware pipeline without being handled by application code. Request path: GET https://localhost:7015/x, Response status code: 404
2024-06-25 15:53:04.794 +02:00  INF  Request starting HTTP/2 GET https://localhost:7015/x - null null
2024-06-25 15:53:04.800 +02:00  INF  Request finished HTTP/2 GET https://localhost:7015/x - 404 0 null 5.2306ms
2024-06-25 15:53:04.801 +02:00  INF  Request reached the end of the middleware pipeline without being handled by application code. Request path: GET https://localhost:7015/x, Response status code: 404
2024-06-25 15:53:09.793 +02:00  INF  Request starting HTTP/2 GET https://localhost:7015/x - null null
2024-06-25 15:53:09.795 +02:00  INF  Request finished HTTP/2 GET https://localhost:7015/x - 404 0 null 2.0214ms
2024-06-25 15:53:09.797 +02:00  INF  Request reached the end of the middleware pipeline without being handled by application code. Request path: GET https://localhost:7015/x, Response status code: 404
2024-06-25 15:53:11.558 +02:00  INF  Request starting HTTP/2 GET https://localhost:7015/x - null null
2024-06-25 15:53:11.560 +02:00  INF  Request finished HTTP/2 GET https://localhost:7015/x - 404 0 null 2.0074ms
2024-06-25 15:53:11.562 +02:00  INF  Request reached the end of the middleware pipeline without being handled by application code. Request path: GET https://localhost:7015/x, Response status code: 404
2024-06-25 15:53:36.376 +02:00  INF  Request starting HTTP/2 GET https://localhost:7015/x - null null
2024-06-25 15:53:36.384 +02:00  INF  Request finished HTTP/2 GET https://localhost:7015/x - 404 0 null 7.7997ms
2024-06-25 15:53:36.386 +02:00  INF  Request reached the end of the middleware pipeline without being handled by application code. Request path: GET https://localhost:7015/x, Response status code: 404
2024-06-25 15:53:41.269 +02:00  INF  Request starting HTTP/2 GET https://localhost:7015/x - null null
2024-06-25 15:53:41.270 +02:00  INF  Request finished HTTP/2 GET https://localhost:7015/x - 404 0 null 1.7039ms
2024-06-25 15:53:41.272 +02:00  INF  Request reached the end of the middleware pipeline without being handled by application code. Request path: GET https://localhost:7015/x, Response status code: 404
2024-06-25 16:05:17.762 +02:00  INF  Request starting HTTP/2 GET https://localhost:7015/x - null null
2024-06-25 16:05:17.765 +02:00  INF  Request finished HTTP/2 GET https://localhost:7015/x - 404 0 null 3.862ms
2024-06-25 16:05:17.767 +02:00  INF  Request reached the end of the middleware pipeline without being handled by application code. Request path: GET https://localhost:7015/x, Response status code: 404
2024-06-25 16:05:21.148 +02:00  INF  Request starting HTTP/2 GET https://localhost:7015/x - null null
2024-06-25 16:05:21.149 +02:00  INF  Request finished HTTP/2 GET https://localhost:7015/x - 404 0 null 1.4576ms
2024-06-25 16:05:21.151 +02:00  INF  Request reached the end of the middleware pipeline without being handled by application code. Request path: GET https://localhost:7015/x, Response status code: 404
2024-06-25 16:05:26.922 +02:00  INF  Request starting HTTP/2 GET https://localhost:7015/x - null null
2024-06-25 16:05:26.924 +02:00  INF  Request finished HTTP/2 GET https://localhost:7015/x - 404 0 null 1.6466ms
2024-06-25 16:05:26.927 +02:00  INF  Request reached the end of the middleware pipeline without being handled by application code. Request path: GET https://localhost:7015/x, Response status code: 404
2024-06-25 16:20:12.956 +02:00  INF  Request starting HTTP/2 GET https://localhost:7015/x - null null
2024-06-25 16:20:12.961 +02:00  INF  Request finished HTTP/2 GET https://localhost:7015/x - 404 0 null 5.7271ms
2024-06-25 16:20:12.963 +02:00  INF  Request reached the end of the middleware pipeline without being handled by application code. Request path: GET https://localhost:7015/x, Response status code: 404
2024-06-25 16:20:16.119 +02:00  INF  Request starting HTTP/2 GET https://localhost:7015/x - null null
2024-06-25 16:20:16.120 +02:00  INF  Request finished HTTP/2 GET https://localhost:7015/x - 404 0 null 1.8959ms
2024-06-25 16:20:16.122 +02:00  INF  Request reached the end of the middleware pipeline without being handled by application code. Request path: GET https://localhost:7015/x, Response status code: 404
2024-06-25 16:20:18.388 +02:00  INF  Request starting HTTP/2 GET https://localhost:7015/x - null null
2024-06-25 16:20:18.390 +02:00  INF  Request finished HTTP/2 GET https://localhost:7015/x - 404 0 null 1.8637ms
2024-06-25 16:20:18.392 +02:00  INF  Request reached the end of the middleware pipeline without being handled by application code. Request path: GET https://localhost:7015/x, Response status code: 404
2024-06-25 16:20:20.277 +02:00  INF  Request starting HTTP/2 GET https://localhost:7015/x - null null
2024-06-25 16:20:20.279 +02:00  INF  Request finished HTTP/2 GET https://localhost:7015/x - 404 0 null 1.7274ms
2024-06-25 16:20:20.280 +02:00  INF  Request reached the end of the middleware pipeline without being handled by application code. Request path: GET https://localhost:7015/x, Response status code: 404
2024-06-25 16:20:21.035 +02:00  INF  Request starting HTTP/2 GET https://localhost:7015/x - null null
2024-06-25 16:20:21.037 +02:00  INF  Request finished HTTP/2 GET https://localhost:7015/x - 404 0 null 2.0599ms
2024-06-25 16:20:21.039 +02:00  INF  Request reached the end of the middleware pipeline without being handled by application code. Request path: GET https://localhost:7015/x, Response status code: 404
2024-06-25 16:20:50.410 +02:00  INF  Request starting HTTP/2 GET https://localhost:7015/x - null null
2024-06-25 16:20:50.414 +02:00  INF  Request finished HTTP/2 GET https://localhost:7015/x - 404 0 null 4.1943ms
2024-06-25 16:20:50.416 +02:00  INF  Request reached the end of the middleware pipeline without being handled by application code. Request path: GET https://localhost:7015/x, Response status code: 404
2024-06-25 16:20:52.867 +02:00  INF  Request starting HTTP/2 GET https://localhost:7015/x - null null
2024-06-25 16:20:52.868 +02:00  INF  Request finished HTTP/2 GET https://localhost:7015/x - 404 0 null 1.6568ms
2024-06-25 16:20:52.870 +02:00  INF  Request reached the end of the middleware pipeline without being handled by application code. Request path: GET https://localhost:7015/x, Response status code: 404
2024-06-25 16:20:54.253 +02:00  INF  Request starting HTTP/2 GET https://localhost:7015/x - null null
2024-06-25 16:20:54.255 +02:00  INF  Request finished HTTP/2 GET https://localhost:7015/x - 404 0 null 1.8279ms
2024-06-25 16:20:54.257 +02:00  INF  Request reached the end of the middleware pipeline without being handled by application code. Request path: GET https://localhost:7015/x, Response status code: 404
2024-06-25 16:20:55.812 +02:00  INF  Request starting HTTP/2 GET https://localhost:7015/x - null null
2024-06-25 16:20:55.813 +02:00  INF  Request finished HTTP/2 GET https://localhost:7015/x - 404 0 null 1.6973ms
2024-06-25 16:20:55.815 +02:00  INF  Request reached the end of the middleware pipeline without being handled by application code. Request path: GET https://localhost:7015/x, Response status code: 404
2024-06-25 21:05:32.517 +02:00  INF  Now listening on: https://localhost:7015
2024-06-25 21:05:32.545 +02:00  INF  Now listening on: http://localhost:5131
2024-06-25 21:05:32.547 +02:00  INF  Application started. Press Ctrl+C to shut down.
2024-06-25 21:05:32.548 +02:00  INF  Hosting environment: Development
2024-06-25 21:05:32.549 +02:00  INF  Content root path: C:\Users\Lacon\Desktop\DEVELOPPEMENT\ECF_Zoo\ECF_Zoo\API_Arcadia
2024-06-25 21:05:33.121 +02:00  INF  Request starting HTTP/2 GET https://localhost:7015/swagger/index.html - null null
2024-06-25 21:05:33.357 +02:00  INF  Request finished HTTP/2 GET https://localhost:7015/swagger/index.html - 200 null text/html;charset=utf-8 240.377ms
2024-06-25 21:05:33.380 +02:00  INF  Request starting HTTP/2 GET https://localhost:7015/_framework/aspnetcore-browser-refresh.js - null null
2024-06-25 21:05:33.385 +02:00  INF  Request finished HTTP/2 GET https://localhost:7015/_framework/aspnetcore-browser-refresh.js - 200 13758 application/javascript; charset=utf-8 5.2101ms
2024-06-25 21:05:33.389 +02:00  INF  Request starting HTTP/2 GET https://localhost:7015/_vs/browserLink - null null
2024-06-25 21:05:33.437 +02:00  INF  Request finished HTTP/2 GET https://localhost:7015/_vs/browserLink - 200 null text/javascript; charset=UTF-8 48.0619ms
2024-06-25 21:05:33.570 +02:00  INF  Request starting HTTP/2 GET https://localhost:7015/swagger/v1/swagger.json - null null
2024-06-25 21:05:33.680 +02:00  INF  Request finished HTTP/2 GET https://localhost:7015/swagger/v1/swagger.json - 200 null application/json;charset=utf-8 110.1328ms
2024-06-25 21:19:25.773 +02:00  INF  Request starting HTTP/2 GET https://localhost:7015/x - null null
2024-06-25 21:19:25.776 +02:00  INF  Request finished HTTP/2 GET https://localhost:7015/x - 404 0 null 3.6771ms
2024-06-25 21:19:25.779 +02:00  INF  Request reached the end of the middleware pipeline without being handled by application code. Request path: GET https://localhost:7015/x, Response status code: 404
2024-06-25 21:19:29.120 +02:00  INF  Request starting HTTP/2 GET https://localhost:7015/x - null null
2024-06-25 21:19:29.122 +02:00  INF  Request finished HTTP/2 GET https://localhost:7015/x - 404 0 null 2.063ms
2024-06-25 21:19:29.124 +02:00  INF  Request reached the end of the middleware pipeline without being handled by application code. Request path: GET https://localhost:7015/x, Response status code: 404
2024-06-25 21:19:31.070 +02:00  INF  Request starting HTTP/2 GET https://localhost:7015/x - null null
2024-06-25 21:19:31.072 +02:00  INF  Request finished HTTP/2 GET https://localhost:7015/x - 404 0 null 2.1707ms
2024-06-25 21:19:31.074 +02:00  INF  Request reached the end of the middleware pipeline without being handled by application code. Request path: GET https://localhost:7015/x, Response status code: 404
2024-06-25 21:19:42.527 +02:00  INF  Request starting HTTP/2 GET https://localhost:7015/x - null null
2024-06-25 21:19:42.528 +02:00  INF  Request finished HTTP/2 GET https://localhost:7015/x - 404 0 null 1.7065ms
2024-06-25 21:19:42.530 +02:00  INF  Request reached the end of the middleware pipeline without being handled by application code. Request path: GET https://localhost:7015/x, Response status code: 404
2024-06-25 21:20:07.516 +02:00  INF  Request starting HTTP/2 GET https://localhost:7015/x - null null
2024-06-25 21:20:07.521 +02:00  INF  Request finished HTTP/2 GET https://localhost:7015/x - 404 0 null 4.8567ms
2024-06-25 21:20:07.523 +02:00  INF  Request reached the end of the middleware pipeline without being handled by application code. Request path: GET https://localhost:7015/x, Response status code: 404
2024-06-25 21:20:08.639 +02:00  INF  Request starting HTTP/2 GET https://localhost:7015/x - null null
2024-06-25 21:20:08.642 +02:00  INF  Request finished HTTP/2 GET https://localhost:7015/x - 404 0 null 2.4177ms
2024-06-25 21:20:08.644 +02:00  INF  Request reached the end of the middleware pipeline without being handled by application code. Request path: GET https://localhost:7015/x, Response status code: 404
2024-06-25 21:20:09.583 +02:00  INF  Request starting HTTP/2 GET https://localhost:7015/x - null null
2024-06-25 21:20:09.585 +02:00  INF  Request finished HTTP/2 GET https://localhost:7015/x - 404 0 null 1.8997ms
2024-06-25 21:20:09.587 +02:00  INF  Request reached the end of the middleware pipeline without being handled by application code. Request path: GET https://localhost:7015/x, Response status code: 404
2024-06-25 21:20:15.389 +02:00  INF  Request starting HTTP/2 GET https://localhost:7015/x - null null
2024-06-25 21:20:15.391 +02:00  INF  Request finished HTTP/2 GET https://localhost:7015/x - 404 0 null 2.0625ms
2024-06-25 21:20:15.393 +02:00  INF  Request reached the end of the middleware pipeline without being handled by application code. Request path: GET https://localhost:7015/x, Response status code: 404
2024-06-25 21:20:23.626 +02:00  INF  Request starting HTTP/2 GET https://localhost:7015/x - null null
2024-06-25 21:20:23.627 +02:00  INF  Request finished HTTP/2 GET https://localhost:7015/x - 404 0 null 1.7891ms
2024-06-25 21:20:23.629 +02:00  INF  Request reached the end of the middleware pipeline without being handled by application code. Request path: GET https://localhost:7015/x, Response status code: 404
2024-06-25 21:24:05.245 +02:00  INF  Request starting HTTP/2 GET https://localhost:7015/images/animals/638496693873204536_Mufasa.jpg - null null
2024-06-25 21:24:05.963 +02:00  INF  Sending file. Request path: '/images/animals/638496693873204536_Mufasa.jpg'. Physical path: 'C:\Users\Lacon\Desktop\DEVELOPPEMENT\ECF_Zoo\ECF_Zoo\API_Arcadia\wwwroot\images\animals\638496693873204536_Mufasa.jpg'
2024-06-25 21:24:05.964 +02:00  INF  Request finished HTTP/2 GET https://localhost:7015/images/animals/638496693873204536_Mufasa.jpg - 200 8273660 image/jpeg 718.6973ms
2024-06-25 21:24:08.396 +02:00  INF  Request starting HTTP/2 GET https://localhost:7015/images/habitats/Savane.jpg - null null
2024-06-25 21:24:08.401 +02:00  INF  Request starting HTTP/2 GET https://localhost:7015/images/animals/638496693873204641_Mufasa_mini.jpg - null null
2024-06-25 21:24:08.401 +02:00  INF  Request starting HTTP/2 GET https://localhost:7015/images/animals/638496693869536822_Mufasa_mini.jpg - null null
2024-06-25 21:24:08.412 +02:00  INF  Sending file. Request path: '/images/animals/638496693873204641_Mufasa_mini.jpg'. Physical path: 'C:\Users\Lacon\Desktop\DEVELOPPEMENT\ECF_Zoo\ECF_Zoo\API_Arcadia\wwwroot\images\animals\638496693873204641_Mufasa_mini.jpg'
2024-06-25 21:24:08.413 +02:00  INF  Sending file. Request path: '/images/animals/638496693869536822_Mufasa_mini.jpg'. Physical path: 'C:\Users\Lacon\Desktop\DEVELOPPEMENT\ECF_Zoo\ECF_Zoo\API_Arcadia\wwwroot\images\animals\638496693869536822_Mufasa_mini.jpg'
2024-06-25 21:24:08.414 +02:00  INF  Request finished HTTP/2 GET https://localhost:7015/images/animals/638496693873204641_Mufasa_mini.jpg - 200 93587 image/jpeg 12.6227ms
2024-06-25 21:24:08.415 +02:00  INF  Request finished HTTP/2 GET https://localhost:7015/images/animals/638496693869536822_Mufasa_mini.jpg - 200 80881 image/jpeg 13.7049ms
2024-06-25 21:24:08.423 +02:00  INF  Sending file. Request path: '/images/habitats/Savane.jpg'. Physical path: 'C:\Users\Lacon\Desktop\DEVELOPPEMENT\ECF_Zoo\ECF_Zoo\API_Arcadia\wwwroot\images\habitats\Savane.jpg'
2024-06-25 21:24:08.424 +02:00  INF  Request finished HTTP/2 GET https://localhost:7015/images/habitats/Savane.jpg - 200 801492 image/jpeg 27.6763ms
2024-06-25 21:46:11.461 +02:00  INF  Request starting HTTP/2 GET https://localhost:7015/images/animals/638496693869536018_Mufasa.jpg - null null
2024-06-25 21:46:11.483 +02:00  INF  Sending file. Request path: '/images/animals/638496693869536018_Mufasa.jpg'. Physical path: 'C:\Users\Lacon\Desktop\DEVELOPPEMENT\ECF_Zoo\ECF_Zoo\API_Arcadia\wwwroot\images\animals\638496693869536018_Mufasa.jpg'
2024-06-25 21:46:11.484 +02:00  INF  Request finished HTTP/2 GET https://localhost:7015/images/animals/638496693869536018_Mufasa.jpg - 200 643175 image/jpeg 22.9881ms
2024-06-25 21:46:15.351 +02:00  INF  Request starting HTTP/2 GET https://localhost:7015/images/habitats/Jungle.jpg - null null
2024-06-25 21:46:15.351 +02:00  INF  Request starting HTTP/2 GET https://localhost:7015/images/habitats/Marais.jpg - null null
2024-06-25 21:46:15.369 +02:00  INF  Sending file. Request path: '/images/habitats/Marais.jpg'. Physical path: 'C:\Users\Lacon\Desktop\DEVELOPPEMENT\ECF_Zoo\ECF_Zoo\API_Arcadia\wwwroot\images\habitats\Marais.jpg'
2024-06-25 21:46:15.371 +02:00  INF  Request finished HTTP/2 GET https://localhost:7015/images/habitats/Marais.jpg - 200 166838 image/jpeg 19.3714ms
2024-06-25 21:46:15.389 +02:00  INF  Sending file. Request path: '/images/habitats/Jungle.jpg'. Physical path: 'C:\Users\Lacon\Desktop\DEVELOPPEMENT\ECF_Zoo\ECF_Zoo\API_Arcadia\wwwroot\images\habitats\Jungle.jpg'
2024-06-25 21:46:15.390 +02:00  INF  Request finished HTTP/2 GET https://localhost:7015/images/habitats/Jungle.jpg - 200 1124270 image/jpeg 38.3905ms
2024-06-25 21:46:37.596 +02:00  INF  Request starting HTTP/2 GET https://localhost:7015/x - null null
2024-06-25 21:46:37.597 +02:00  INF  Request finished HTTP/2 GET https://localhost:7015/x - 404 0 null 1.7359ms
2024-06-25 21:46:37.599 +02:00  INF  Request reached the end of the middleware pipeline without being handled by application code. Request path: GET https://localhost:7015/x, Response status code: 404
2024-06-25 21:47:22.616 +02:00  INF  Request starting HTTP/2 GET https://localhost:7015/x - null null
2024-06-25 21:47:22.623 +02:00  INF  Request finished HTTP/2 GET https://localhost:7015/x - 404 0 null 6.4668ms
2024-06-25 21:47:22.625 +02:00  INF  Request reached the end of the middleware pipeline without being handled by application code. Request path: GET https://localhost:7015/x, Response status code: 404
2024-06-25 21:47:24.963 +02:00  INF  Request starting HTTP/2 GET https://localhost:7015/x - null null
2024-06-25 21:47:24.965 +02:00  INF  Request finished HTTP/2 GET https://localhost:7015/x - 404 0 null 1.9384ms
2024-06-25 21:47:24.966 +02:00  INF  Request reached the end of the middleware pipeline without being handled by application code. Request path: GET https://localhost:7015/x, Response status code: 404
2024-06-25 21:47:31.334 +02:00  INF  Request starting HTTP/2 GET https://localhost:7015/x - null null
2024-06-25 21:47:31.336 +02:00  INF  Request finished HTTP/2 GET https://localhost:7015/x - 404 0 null 2.0276ms
2024-06-25 21:47:31.338 +02:00  INF  Request reached the end of the middleware pipeline without being handled by application code. Request path: GET https://localhost:7015/x, Response status code: 404
2024-06-25 21:48:09.003 +02:00  INF  Request starting HTTP/2 GET https://localhost:7015/images/animals/l_orang_outan1.jpg - null null
2024-06-25 21:48:09.011 +02:00  INF  Sending file. Request path: '/images/animals/l_orang_outan1.jpg'. Physical path: 'C:\Users\Lacon\Desktop\DEVELOPPEMENT\ECF_Zoo\ECF_Zoo\API_Arcadia\wwwroot\images\animals\l_orang_outan1.jpg'
2024-06-25 21:48:09.015 +02:00  INF  Request finished HTTP/2 GET https://localhost:7015/images/animals/l_orang_outan1.jpg - 200 48419 image/jpeg 11.7172ms
2024-06-25 22:05:05.799 +02:00  INF  Request starting HTTP/2 GET https://localhost:7015/x - null null
2024-06-25 22:05:05.803 +02:00  INF  Request finished HTTP/2 GET https://localhost:7015/x - 404 0 null 4.8466ms
2024-06-25 22:05:05.805 +02:00  INF  Request reached the end of the middleware pipeline without being handled by application code. Request path: GET https://localhost:7015/x, Response status code: 404
2024-06-25 22:05:46.040 +02:00  INF  Request starting HTTP/2 GET https://localhost:7015/x - null null
2024-06-25 22:05:46.042 +02:00  INF  Request finished HTTP/2 GET https://localhost:7015/x - 404 0 null 1.9206ms
2024-06-25 22:05:46.044 +02:00  INF  Request reached the end of the middleware pipeline without being handled by application code. Request path: GET https://localhost:7015/x, Response status code: 404
2024-06-25 22:06:58.460 +02:00  INF  Request starting HTTP/2 GET https://localhost:7015/x - null null
2024-06-25 22:06:58.465 +02:00  INF  Request finished HTTP/2 GET https://localhost:7015/x - 404 0 null 4.7756ms
2024-06-25 22:06:58.466 +02:00  INF  Request reached the end of the middleware pipeline without being handled by application code. Request path: GET https://localhost:7015/x, Response status code: 404
2024-06-25 22:07:23.929 +02:00  INF  Request starting HTTP/2 GET https://localhost:7015/x - null null
2024-06-25 22:07:23.933 +02:00  INF  Request finished HTTP/2 GET https://localhost:7015/x - 404 0 null 4.5991ms
2024-06-25 22:07:23.935 +02:00  INF  Request reached the end of the middleware pipeline without being handled by application code. Request path: GET https://localhost:7015/x, Response status code: 404
