2024-07-10 15:35:44.454 +02:00  INF  User profile is available. Using 'C:\Users\Lacon\AppData\Local\ASP.NET\DataProtection-Keys' as key repository and Windows DPAPI to encrypt keys at rest.
2024-07-10 15:35:44.916 +02:00  INF  Now listening on: https://localhost:7015
2024-07-10 15:35:44.917 +02:00  INF  Now listening on: http://localhost:5131
2024-07-10 15:35:44.918 +02:00  INF  Application started. Press Ctrl+C to shut down.
2024-07-10 15:35:44.919 +02:00  INF  Hosting environment: Development
2024-07-10 15:35:44.920 +02:00  INF  Content root path: C:\Users\Lacon\Desktop\DEVELOPPEMENT\ECF_Zoo\ECF_Zoo\API_Arcadia
2024-07-10 15:35:45.646 +02:00  INF  Request starting HTTP/2 GET https://localhost:7015/swagger - null null
2024-07-10 15:35:45.802 +02:00  INF  Request finished HTTP/2 GET https://localhost:7015/swagger - 301 0 null 158.9393ms
2024-07-10 15:35:45.806 +02:00  INF  Request starting HTTP/2 GET https://localhost:7015/swagger/index.html - null null
2024-07-10 15:35:45.852 +02:00  INF  Request finished HTTP/2 GET https://localhost:7015/swagger/index.html - 200 null text/html;charset=utf-8 45.2838ms
2024-07-10 15:35:45.860 +02:00  INF  Request starting HTTP/2 GET https://localhost:7015/swagger/swagger-ui.css - null null
2024-07-10 15:35:45.862 +02:00  INF  Request starting HTTP/2 GET https://localhost:7015/swagger/swagger-ui-bundle.js - null null
2024-07-10 15:35:45.862 +02:00  INF  Request starting HTTP/2 GET https://localhost:7015/swagger/swagger-ui-standalone-preset.js - null null
2024-07-10 15:35:45.862 +02:00  INF  Request starting HTTP/2 GET https://localhost:7015/_framework/aspnetcore-browser-refresh.js - null null
2024-07-10 15:35:45.881 +02:00  INF  Request starting HTTP/2 GET https://localhost:7015/_vs/browserLink - null null
2024-07-10 15:35:45.888 +02:00  INF  Request finished HTTP/2 GET https://localhost:7015/_framework/aspnetcore-browser-refresh.js - 200 13758 application/javascript; charset=utf-8 25.1745ms
2024-07-10 15:35:45.896 +02:00  INF  Sending file. Request path: '/swagger-ui.css'. Physical path: 'N/A'
2024-07-10 15:35:45.896 +02:00  INF  Sending file. Request path: '/swagger-ui-standalone-preset.js'. Physical path: 'N/A'
2024-07-10 15:35:45.902 +02:00  INF  Request finished HTTP/2 GET https://localhost:7015/swagger/swagger-ui-standalone-preset.js - 200 230280 text/javascript 40.5289ms
2024-07-10 15:35:45.902 +02:00  INF  Request finished HTTP/2 GET https://localhost:7015/swagger/swagger-ui.css - 200 152034 text/css 42.6626ms
2024-07-10 15:35:45.926 +02:00  INF  Sending file. Request path: '/swagger-ui-bundle.js'. Physical path: 'N/A'
2024-07-10 15:35:45.927 +02:00  INF  Request finished HTTP/2 GET https://localhost:7015/swagger/swagger-ui-bundle.js - 200 1456926 text/javascript 64.8008ms
2024-07-10 15:35:45.940 +02:00  INF  Request finished HTTP/2 GET https://localhost:7015/_vs/browserLink - 200 null text/javascript; charset=UTF-8 59.5364ms
2024-07-10 15:35:46.094 +02:00  INF  Request starting HTTP/2 GET https://localhost:7015/swagger/v1/swagger.json - null null
2024-07-10 15:35:46.108 +02:00  INF  Request starting HTTP/2 GET https://localhost:7015/swagger/favicon-32x32.png - null null
2024-07-10 15:35:46.110 +02:00  INF  Sending file. Request path: '/favicon-32x32.png'. Physical path: 'N/A'
2024-07-10 15:35:46.111 +02:00  INF  Request finished HTTP/2 GET https://localhost:7015/swagger/favicon-32x32.png - 200 628 image/png 3.3019ms
2024-07-10 15:35:46.191 +02:00  INF  Request finished HTTP/2 GET https://localhost:7015/swagger/v1/swagger.json - 200 null application/json;charset=utf-8 97.7135ms
2024-07-10 15:36:12.308 +02:00  INF  Request starting HTTP/2 GET https://localhost:7015/api/Animals - null null
2024-07-10 15:36:12.401 +02:00  INF  Executing endpoint 'API_Arcadia.Controllers.AnimalsController.GetAnimals (API_Arcadia)'
2024-07-10 15:36:12.415 +02:00  INF  Route matched with {action = "GetAnimals", controller = "Animals"}. Executing controller action with signature System.Threading.Tasks.Task`1[Microsoft.AspNetCore.Mvc.ActionResult`1[System.Collections.Generic.IEnumerable`1[API_Arcadia.Models.Animal]]] GetAnimals() on controller API_Arcadia.Controllers.AnimalsController (API_Arcadia).
2024-07-10 15:36:13.420 +02:00  WRN  Compiling a query which loads related collections for more than one collection navigation, either via 'Include' or through projection, but no 'QuerySplittingBehavior' has been configured. By default, Entity Framework will use 'QuerySplittingBehavior.SingleQuery', which can potentially result in slow query performance. See https://go.microsoft.com/fwlink/?linkid=2134277 for more information. To identify the query that's triggering this warning call 'ConfigureWarnings(w => w.Throw(RelationalEventId.MultipleCollectionIncludeWarning))'.
2024-07-10 15:36:14.488 +02:00  INF  Executed DbCommand (30ms) [Parameters=[], CommandType='"Text"', CommandTimeout='30']
SELECT [a].[Id], [a].[IdHealth], [a].[IdSpecies], [a].[IsMale], [a].[Name], [s].[Id], [a0].[Id], [a0].[IdAnimal], [a0].[MiniSlug], [a0].[Slug], [s].[Description], [s].[FemaleMaxSize], [s].[FemaleMaxWeight], [s].[IdDiet], [s].[IdSizeUnit], [s].[IdWeightUnit], [s].[Lifespan], [s].[MaleMaxSize], [s].[MaleMaxWeight], [s].[Name], [s].[ScientificName], [t].[IdHabitat], [t].[IdSpecies], [t].[Id], [t].[Description], [t].[Name]
FROM [Animals] AS [a]
INNER JOIN [Speciess] AS [s] ON [a].[IdSpecies] = [s].[Id]
LEFT JOIN [AnimalImages] AS [a0] ON [a].[Id] = [a0].[IdAnimal]
LEFT JOIN (
    SELECT [s0].[IdHabitat], [s0].[IdSpecies], [h].[Id], [h].[Description], [h].[Name]
    FROM [SpeciesHabitats] AS [s0]
    INNER JOIN [Habitats] AS [h] ON [s0].[IdHabitat] = [h].[Id]
) AS [t] ON [s].[Id] = [t].[IdSpecies]
ORDER BY [a].[Id], [s].[Id], [a0].[Id], [t].[IdHabitat], [t].[IdSpecies]
2024-07-10 15:36:14.588 +02:00  INF  Executing OkObjectResult, writing value of type 'System.Collections.Generic.List`1[[API_Arcadia.Models.Animal, API_Arcadia, Version=1.0.0.0, Culture=neutral, PublicKeyToken=null]]'.
2024-07-10 15:36:14.618 +02:00  INF  Executed action API_Arcadia.Controllers.AnimalsController.GetAnimals (API_Arcadia) in 2199.4163ms
2024-07-10 15:36:14.619 +02:00  INF  Executed endpoint 'API_Arcadia.Controllers.AnimalsController.GetAnimals (API_Arcadia)'
2024-07-10 15:36:14.624 +02:00  INF  Request finished HTTP/2 GET https://localhost:7015/api/Animals - 200 null application/json; charset=utf-8 2316.1186ms
2024-07-10 15:36:35.269 +02:00  INF  Request starting HTTP/2 GET https://localhost:7015/api/Animals/2 - null null
2024-07-10 15:36:35.278 +02:00  INF  Executing endpoint 'API_Arcadia.Controllers.AnimalsController.GetAnimal (API_Arcadia)'
2024-07-10 15:36:35.285 +02:00  INF  Route matched with {action = "GetAnimal", controller = "Animals"}. Executing controller action with signature System.Threading.Tasks.Task`1[Microsoft.AspNetCore.Mvc.ActionResult`1[API_Arcadia.Models.Animal]] GetAnimal(Int32) on controller API_Arcadia.Controllers.AnimalsController (API_Arcadia).
2024-07-10 15:36:35.361 +02:00  WRN  Compiling a query which loads related collections for more than one collection navigation, either via 'Include' or through projection, but no 'QuerySplittingBehavior' has been configured. By default, Entity Framework will use 'QuerySplittingBehavior.SingleQuery', which can potentially result in slow query performance. See https://go.microsoft.com/fwlink/?linkid=2134277 for more information. To identify the query that's triggering this warning call 'ConfigureWarnings(w => w.Throw(RelationalEventId.MultipleCollectionIncludeWarning))'.
2024-07-10 15:36:35.399 +02:00  INF  Executed DbCommand (25ms) [Parameters=[@__id_0='?' (DbType = Int32)], CommandType='"Text"', CommandTimeout='30']
SELECT [t].[Id], [t].[IdHealth], [t].[IdSpecies], [t].[IsMale], [t].[Name], [t].[Id0], [t].[Id1], [t].[Id2], [t].[Id3], [t].[Id4], [a0].[Id], [a0].[IdAnimal], [a0].[MiniSlug], [a0].[Slug], [t].[State], [t].[Description], [t].[FemaleMaxSize], [t].[FemaleMaxWeight], [t].[IdDiet], [t].[IdSizeUnit], [t].[IdWeightUnit], [t].[Lifespan], [t].[MaleMaxSize], [t].[MaleMaxWeight], [t].[Name0], [t].[ScientificName], [t].[Abbr], [t].[Name1], [t].[Abbr0], [t].[Name2], [t].[Name3], [t0].[IdHabitat], [t0].[IdSpecies], [t0].[Id], [t0].[Description], [t0].[Name], [t0].[Id0], [t0].[IdHabitat0], [t0].[MiniSlug], [t0].[Slug]
FROM (
    SELECT TOP(1) [a].[Id], [a].[IdHealth], [a].[IdSpecies], [a].[IsMale], [a].[Name], [h].[Id] AS [Id0], [h].[State], [s].[Id] AS [Id1], [s].[Description], [s].[FemaleMaxSize], [s].[FemaleMaxWeight], [s].[IdDiet], [s].[IdSizeUnit], [s].[IdWeightUnit], [s].[Lifespan], [s].[MaleMaxSize], [s].[MaleMaxWeight], [s].[Name] AS [Name0], [s].[ScientificName], [s0].[Id] AS [Id2], [s0].[Abbr], [s0].[Name] AS [Name1], [w].[Id] AS [Id3], [w].[Abbr] AS [Abbr0], [w].[Name] AS [Name2], [d].[Id] AS [Id4], [d].[Name] AS [Name3]
    FROM [Animals] AS [a]
    INNER JOIN [Healths] AS [h] ON [a].[IdHealth] = [h].[Id]
    INNER JOIN [Speciess] AS [s] ON [a].[IdSpecies] = [s].[Id]
    INNER JOIN [SizeUnits] AS [s0] ON [s].[IdSizeUnit] = [s0].[Id]
    INNER JOIN [WeightUnits] AS [w] ON [s].[IdWeightUnit] = [w].[Id]
    INNER JOIN [Diets] AS [d] ON [s].[IdDiet] = [d].[Id]
    WHERE [a].[Id] = @__id_0
) AS [t]
LEFT JOIN [AnimalImages] AS [a0] ON [t].[Id] = [a0].[IdAnimal]
LEFT JOIN (
    SELECT [s1].[IdHabitat], [s1].[IdSpecies], [h0].[Id], [h0].[Description], [h0].[Name], [h1].[Id] AS [Id0], [h1].[IdHabitat] AS [IdHabitat0], [h1].[MiniSlug], [h1].[Slug]
    FROM [SpeciesHabitats] AS [s1]
    INNER JOIN [Habitats] AS [h0] ON [s1].[IdHabitat] = [h0].[Id]
    LEFT JOIN [HabitatImages] AS [h1] ON [h0].[Id] = [h1].[IdHabitat]
) AS [t0] ON [t].[Id1] = [t0].[IdSpecies]
ORDER BY [t].[Id], [t].[Id0], [t].[Id1], [t].[Id2], [t].[Id3], [t].[Id4], [a0].[Id], [t0].[IdHabitat], [t0].[IdSpecies], [t0].[Id]
2024-07-10 15:36:35.422 +02:00  INF  Executing OkObjectResult, writing value of type 'API_Arcadia.Models.Animal'.
2024-07-10 15:36:35.424 +02:00  INF  Executed action API_Arcadia.Controllers.AnimalsController.GetAnimal (API_Arcadia) in 137.3842ms
2024-07-10 15:36:35.425 +02:00  INF  Executed endpoint 'API_Arcadia.Controllers.AnimalsController.GetAnimal (API_Arcadia)'
2024-07-10 15:36:35.426 +02:00  INF  Request finished HTTP/2 GET https://localhost:7015/api/Animals/2 - 200 null application/json; charset=utf-8 157.1958ms
2024-07-10 15:46:23.421 +02:00  INF  User profile is available. Using 'C:\Users\Lacon\AppData\Local\ASP.NET\DataProtection-Keys' as key repository and Windows DPAPI to encrypt keys at rest.
2024-07-10 15:46:23.605 +02:00  INF  Now listening on: https://localhost:7015
2024-07-10 15:46:23.606 +02:00  INF  Now listening on: http://localhost:5131
2024-07-10 15:46:23.610 +02:00  INF  Application started. Press Ctrl+C to shut down.
2024-07-10 15:46:23.611 +02:00  INF  Hosting environment: Development
2024-07-10 15:46:23.611 +02:00  INF  Content root path: C:\Users\Lacon\Desktop\DEVELOPPEMENT\ECF_Zoo\ECF_Zoo\API_Arcadia
2024-07-10 15:46:23.894 +02:00  INF  Request starting HTTP/2 GET https://localhost:7015/swagger/index.html - null null
2024-07-10 15:46:24.064 +02:00  INF  Request finished HTTP/2 GET https://localhost:7015/swagger/index.html - 200 null text/html;charset=utf-8 175.4348ms
2024-07-10 15:46:24.085 +02:00  INF  Request starting HTTP/2 GET https://localhost:7015/_framework/aspnetcore-browser-refresh.js - null null
2024-07-10 15:46:24.093 +02:00  INF  Request finished HTTP/2 GET https://localhost:7015/_framework/aspnetcore-browser-refresh.js - 200 13758 application/javascript; charset=utf-8 7.4147ms
2024-07-10 15:46:24.103 +02:00  INF  Request starting HTTP/2 GET https://localhost:7015/_vs/browserLink - null null
2024-07-10 15:46:24.143 +02:00  INF  Request finished HTTP/2 GET https://localhost:7015/_vs/browserLink - 200 null text/javascript; charset=UTF-8 40.7897ms
2024-07-10 15:46:24.348 +02:00  INF  Request starting HTTP/2 GET https://localhost:7015/swagger/v1/swagger.json - null null
2024-07-10 15:46:24.437 +02:00  INF  Request finished HTTP/2 GET https://localhost:7015/swagger/v1/swagger.json - 200 null application/json;charset=utf-8 90.1359ms
2024-07-10 15:46:29.442 +02:00  INF  Request starting HTTP/2 GET https://localhost:7015/api/Animals - null null
2024-07-10 15:46:29.495 +02:00  INF  Authorization failed. These requirements were not met:
DenyAnonymousAuthorizationRequirement: Requires an authenticated user.
2024-07-10 15:46:29.498 +02:00  INF  AuthenticationScheme: Bearer was challenged.
2024-07-10 15:46:29.499 +02:00  INF  Request finished HTTP/2 GET https://localhost:7015/api/Animals - 401 0 null 57.1873ms
2024-07-10 16:11:54.912 +02:00  INF  User profile is available. Using 'C:\Users\Lacon\AppData\Local\ASP.NET\DataProtection-Keys' as key repository and Windows DPAPI to encrypt keys at rest.
2024-07-10 16:11:55.128 +02:00  INF  Now listening on: https://localhost:7015
2024-07-10 16:11:55.129 +02:00  INF  Now listening on: http://localhost:5131
2024-07-10 16:11:55.131 +02:00  INF  Application started. Press Ctrl+C to shut down.
2024-07-10 16:11:55.132 +02:00  INF  Hosting environment: Development
2024-07-10 16:11:55.133 +02:00  INF  Content root path: C:\Users\Lacon\Desktop\DEVELOPPEMENT\ECF_Zoo\ECF_Zoo\API_Arcadia
2024-07-10 16:11:55.478 +02:00  INF  Request starting HTTP/2 GET https://localhost:7015/swagger/index.html - null null
2024-07-10 16:11:55.615 +02:00  INF  Request finished HTTP/2 GET https://localhost:7015/swagger/index.html - 200 null text/html;charset=utf-8 140.6647ms
2024-07-10 16:11:55.627 +02:00  INF  Request starting HTTP/2 GET https://localhost:7015/_framework/aspnetcore-browser-refresh.js - null null
2024-07-10 16:11:55.632 +02:00  INF  Request finished HTTP/2 GET https://localhost:7015/_framework/aspnetcore-browser-refresh.js - 200 13758 application/javascript; charset=utf-8 4.6852ms
2024-07-10 16:11:55.642 +02:00  INF  Request starting HTTP/2 GET https://localhost:7015/_vs/browserLink - null null
2024-07-10 16:11:55.672 +02:00  INF  Request finished HTTP/2 GET https://localhost:7015/_vs/browserLink - 200 null text/javascript; charset=UTF-8 30.1643ms
2024-07-10 16:11:55.737 +02:00  INF  Request starting HTTP/2 GET https://localhost:7015/swagger/v1/swagger.json - null null
2024-07-10 16:11:55.824 +02:00  INF  Request finished HTTP/2 GET https://localhost:7015/swagger/v1/swagger.json - 200 null application/json;charset=utf-8 86.8135ms
2024-07-10 16:44:21.994 +02:00  INF  User profile is available. Using 'C:\Users\Lacon\AppData\Local\ASP.NET\DataProtection-Keys' as key repository and Windows DPAPI to encrypt keys at rest.
2024-07-10 16:44:22.199 +02:00  INF  Now listening on: https://localhost:7015
2024-07-10 16:44:22.200 +02:00  INF  Now listening on: http://localhost:5131
2024-07-10 16:44:22.201 +02:00  INF  Application started. Press Ctrl+C to shut down.
2024-07-10 16:44:22.202 +02:00  INF  Hosting environment: Development
2024-07-10 16:44:22.203 +02:00  INF  Content root path: C:\Users\Lacon\Desktop\DEVELOPPEMENT\ECF_Zoo\ECF_Zoo\API_Arcadia
2024-07-10 16:44:22.571 +02:00  INF  Request starting HTTP/2 GET https://localhost:7015/swagger/index.html - null null
2024-07-10 16:44:22.704 +02:00  INF  Request finished HTTP/2 GET https://localhost:7015/swagger/index.html - 200 null text/html;charset=utf-8 135.1539ms
2024-07-10 16:44:22.719 +02:00  INF  Request starting HTTP/2 GET https://localhost:7015/_framework/aspnetcore-browser-refresh.js - null null
2024-07-10 16:44:22.724 +02:00  INF  Request finished HTTP/2 GET https://localhost:7015/_framework/aspnetcore-browser-refresh.js - 200 13758 application/javascript; charset=utf-8 4.843ms
2024-07-10 16:44:22.729 +02:00  INF  Request starting HTTP/2 GET https://localhost:7015/_vs/browserLink - null null
2024-07-10 16:44:22.762 +02:00  INF  Request finished HTTP/2 GET https://localhost:7015/_vs/browserLink - 200 null text/javascript; charset=UTF-8 33.081ms
2024-07-10 16:44:22.826 +02:00  INF  Request starting HTTP/2 GET https://localhost:7015/swagger/v1/swagger.json - null null
2024-07-10 16:44:22.914 +02:00  INF  Request finished HTTP/2 GET https://localhost:7015/swagger/v1/swagger.json - 200 null application/json;charset=utf-8 88.3507ms
2024-07-10 20:43:17.947 +02:00  INF  Executed DbCommand (9ms) [Parameters=[], CommandType='"Text"', CommandTimeout='30']
SELECT 1
2024-07-10 20:43:17.985 +02:00  INF  Executed DbCommand (7ms) [Parameters=[], CommandType='"Text"', CommandTimeout='30']
SELECT OBJECT_ID(N'[__EFMigrationsHistory]');
2024-07-10 20:43:17.986 +02:00  INF  Executed DbCommand (1ms) [Parameters=[], CommandType='"Text"', CommandTimeout='30']
SELECT 1
2024-07-10 20:43:17.987 +02:00  INF  Executed DbCommand (0ms) [Parameters=[], CommandType='"Text"', CommandTimeout='30']
SELECT OBJECT_ID(N'[__EFMigrationsHistory]');
2024-07-10 20:43:17.995 +02:00  INF  Executed DbCommand (2ms) [Parameters=[], CommandType='"Text"', CommandTimeout='30']
SELECT [MigrationId], [ProductVersion]
FROM [__EFMigrationsHistory]
ORDER BY [MigrationId];
2024-07-10 20:43:18.004 +02:00  INF  Applying migration '20240710184205_Initial Auth Migration'.
2024-07-10 20:43:18.060 +02:00  INF  Executed DbCommand (5ms) [Parameters=[], CommandType='"Text"', CommandTimeout='30']
CREATE TABLE [AspNetRoles] (
    [Id] nvarchar(450) NOT NULL,
    [Name] nvarchar(256) NULL,
    [NormalizedName] nvarchar(256) NULL,
    [ConcurrencyStamp] nvarchar(max) NULL,
    CONSTRAINT [PK_AspNetRoles] PRIMARY KEY ([Id])
);
2024-07-10 20:43:18.061 +02:00  INF  Executed DbCommand (1ms) [Parameters=[], CommandType='"Text"', CommandTimeout='30']
CREATE TABLE [AspNetUsers] (
    [Id] nvarchar(450) NOT NULL,
    [UserName] nvarchar(256) NULL,
    [NormalizedUserName] nvarchar(256) NULL,
    [Email] nvarchar(256) NULL,
    [NormalizedEmail] nvarchar(256) NULL,
    [EmailConfirmed] bit NOT NULL,
    [PasswordHash] nvarchar(max) NULL,
    [SecurityStamp] nvarchar(max) NULL,
    [ConcurrencyStamp] nvarchar(max) NULL,
    [PhoneNumber] nvarchar(max) NULL,
    [PhoneNumberConfirmed] bit NOT NULL,
    [TwoFactorEnabled] bit NOT NULL,
    [LockoutEnd] datetimeoffset NULL,
    [LockoutEnabled] bit NOT NULL,
    [AccessFailedCount] int NOT NULL,
    CONSTRAINT [PK_AspNetUsers] PRIMARY KEY ([Id])
);
2024-07-10 20:43:18.063 +02:00  INF  Executed DbCommand (2ms) [Parameters=[], CommandType='"Text"', CommandTimeout='30']
CREATE TABLE [AspNetRoleClaims] (
    [Id] int NOT NULL IDENTITY,
    [RoleId] nvarchar(450) NOT NULL,
    [ClaimType] nvarchar(max) NULL,
    [ClaimValue] nvarchar(max) NULL,
    CONSTRAINT [PK_AspNetRoleClaims] PRIMARY KEY ([Id]),
    CONSTRAINT [FK_AspNetRoleClaims_AspNetRoles_RoleId] FOREIGN KEY ([RoleId]) REFERENCES [AspNetRoles] ([Id]) ON DELETE CASCADE
);
2024-07-10 20:43:18.064 +02:00  INF  Executed DbCommand (1ms) [Parameters=[], CommandType='"Text"', CommandTimeout='30']
CREATE TABLE [AspNetUserClaims] (
    [Id] int NOT NULL IDENTITY,
    [UserId] nvarchar(450) NOT NULL,
    [ClaimType] nvarchar(max) NULL,
    [ClaimValue] nvarchar(max) NULL,
    CONSTRAINT [PK_AspNetUserClaims] PRIMARY KEY ([Id]),
    CONSTRAINT [FK_AspNetUserClaims_AspNetUsers_UserId] FOREIGN KEY ([UserId]) REFERENCES [AspNetUsers] ([Id]) ON DELETE CASCADE
);
2024-07-10 20:43:18.399 +02:00  INF  Executed DbCommand (2ms) [Parameters=[], CommandType='"Text"', CommandTimeout='30']
CREATE TABLE [AspNetUserLogins] (
    [LoginProvider] nvarchar(450) NOT NULL,
    [ProviderKey] nvarchar(450) NOT NULL,
    [ProviderDisplayName] nvarchar(max) NULL,
    [UserId] nvarchar(450) NOT NULL,
    CONSTRAINT [PK_AspNetUserLogins] PRIMARY KEY ([LoginProvider], [ProviderKey]),
    CONSTRAINT [FK_AspNetUserLogins_AspNetUsers_UserId] FOREIGN KEY ([UserId]) REFERENCES [AspNetUsers] ([Id]) ON DELETE CASCADE
);
2024-07-10 20:43:18.401 +02:00  INF  Executed DbCommand (2ms) [Parameters=[], CommandType='"Text"', CommandTimeout='30']
CREATE TABLE [AspNetUserRoles] (
    [UserId] nvarchar(450) NOT NULL,
    [RoleId] nvarchar(450) NOT NULL,
    CONSTRAINT [PK_AspNetUserRoles] PRIMARY KEY ([UserId], [RoleId]),
    CONSTRAINT [FK_AspNetUserRoles_AspNetRoles_RoleId] FOREIGN KEY ([RoleId]) REFERENCES [AspNetRoles] ([Id]) ON DELETE CASCADE,
    CONSTRAINT [FK_AspNetUserRoles_AspNetUsers_UserId] FOREIGN KEY ([UserId]) REFERENCES [AspNetUsers] ([Id]) ON DELETE CASCADE
);
2024-07-10 20:43:18.403 +02:00  INF  Executed DbCommand (2ms) [Parameters=[], CommandType='"Text"', CommandTimeout='30']
CREATE TABLE [AspNetUserTokens] (
    [UserId] nvarchar(450) NOT NULL,
    [LoginProvider] nvarchar(450) NOT NULL,
    [Name] nvarchar(450) NOT NULL,
    [Value] nvarchar(max) NULL,
    CONSTRAINT [PK_AspNetUserTokens] PRIMARY KEY ([UserId], [LoginProvider], [Name]),
    CONSTRAINT [FK_AspNetUserTokens_AspNetUsers_UserId] FOREIGN KEY ([UserId]) REFERENCES [AspNetUsers] ([Id]) ON DELETE CASCADE
);
2024-07-10 20:43:18.428 +02:00  ERR  Failed executing DbCommand (24ms) [Parameters=[], CommandType='"Text"', CommandTimeout='30']
IF EXISTS (SELECT * FROM [sys].[identity_columns] WHERE [name] IN (N'RoleId', N'UserId') AND [object_id] = OBJECT_ID(N'[AspNetUserRoles]'))
    SET IDENTITY_INSERT [AspNetUserRoles] ON;
INSERT INTO [AspNetUserRoles] ([RoleId], [UserId])
VALUES (N'2bc0d38d-b990-454c-91a5-95705251063c', N'92f3d9c7-ca7a-4032-b2e5-45f511eca19e'),
(N'4dd3b707-837e-4ba5-b8b7-cc2a1f0aec49', N'92f3d9c7-ca7a-4032-b2e5-45f511eca19e');
IF EXISTS (SELECT * FROM [sys].[identity_columns] WHERE [name] IN (N'RoleId', N'UserId') AND [object_id] = OBJECT_ID(N'[AspNetUserRoles]'))
    SET IDENTITY_INSERT [AspNetUserRoles] OFF;
2024-07-10 21:01:26.594 +02:00  INF  Executed DbCommand (9ms) [Parameters=[], CommandType='"Text"', CommandTimeout='30']
SELECT 1
2024-07-10 21:01:26.646 +02:00  INF  Executed DbCommand (7ms) [Parameters=[], CommandType='"Text"', CommandTimeout='30']
SELECT OBJECT_ID(N'[__EFMigrationsHistory]');
2024-07-10 21:01:26.647 +02:00  INF  Executed DbCommand (0ms) [Parameters=[], CommandType='"Text"', CommandTimeout='30']
SELECT 1
2024-07-10 21:01:26.648 +02:00  INF  Executed DbCommand (0ms) [Parameters=[], CommandType='"Text"', CommandTimeout='30']
SELECT OBJECT_ID(N'[__EFMigrationsHistory]');
2024-07-10 21:01:26.655 +02:00  INF  Executed DbCommand (1ms) [Parameters=[], CommandType='"Text"', CommandTimeout='30']
SELECT [MigrationId], [ProductVersion]
FROM [__EFMigrationsHistory]
ORDER BY [MigrationId];
2024-07-10 21:01:26.663 +02:00  INF  Applying migration '20240710184205_Initial Auth Migration'.
2024-07-10 21:01:26.715 +02:00  INF  Executed DbCommand (5ms) [Parameters=[], CommandType='"Text"', CommandTimeout='30']
CREATE TABLE [AspNetRoles] (
    [Id] nvarchar(450) NOT NULL,
    [Name] nvarchar(256) NULL,
    [NormalizedName] nvarchar(256) NULL,
    [ConcurrencyStamp] nvarchar(max) NULL,
    CONSTRAINT [PK_AspNetRoles] PRIMARY KEY ([Id])
);
2024-07-10 21:01:26.716 +02:00  INF  Executed DbCommand (1ms) [Parameters=[], CommandType='"Text"', CommandTimeout='30']
CREATE TABLE [AspNetUsers] (
    [Id] nvarchar(450) NOT NULL,
    [UserName] nvarchar(256) NULL,
    [NormalizedUserName] nvarchar(256) NULL,
    [Email] nvarchar(256) NULL,
    [NormalizedEmail] nvarchar(256) NULL,
    [EmailConfirmed] bit NOT NULL,
    [PasswordHash] nvarchar(max) NULL,
    [SecurityStamp] nvarchar(max) NULL,
    [ConcurrencyStamp] nvarchar(max) NULL,
    [PhoneNumber] nvarchar(max) NULL,
    [PhoneNumberConfirmed] bit NOT NULL,
    [TwoFactorEnabled] bit NOT NULL,
    [LockoutEnd] datetimeoffset NULL,
    [LockoutEnabled] bit NOT NULL,
    [AccessFailedCount] int NOT NULL,
    CONSTRAINT [PK_AspNetUsers] PRIMARY KEY ([Id])
);
2024-07-10 21:01:26.717 +02:00  INF  Executed DbCommand (1ms) [Parameters=[], CommandType='"Text"', CommandTimeout='30']
CREATE TABLE [AspNetRoleClaims] (
    [Id] int NOT NULL IDENTITY,
    [RoleId] nvarchar(450) NOT NULL,
    [ClaimType] nvarchar(max) NULL,
    [ClaimValue] nvarchar(max) NULL,
    CONSTRAINT [PK_AspNetRoleClaims] PRIMARY KEY ([Id]),
    CONSTRAINT [FK_AspNetRoleClaims_AspNetRoles_RoleId] FOREIGN KEY ([RoleId]) REFERENCES [AspNetRoles] ([Id]) ON DELETE CASCADE
);
2024-07-10 21:01:26.718 +02:00  INF  Executed DbCommand (1ms) [Parameters=[], CommandType='"Text"', CommandTimeout='30']
CREATE TABLE [AspNetUserClaims] (
    [Id] int NOT NULL IDENTITY,
    [UserId] nvarchar(450) NOT NULL,
    [ClaimType] nvarchar(max) NULL,
    [ClaimValue] nvarchar(max) NULL,
    CONSTRAINT [PK_AspNetUserClaims] PRIMARY KEY ([Id]),
    CONSTRAINT [FK_AspNetUserClaims_AspNetUsers_UserId] FOREIGN KEY ([UserId]) REFERENCES [AspNetUsers] ([Id]) ON DELETE CASCADE
);
2024-07-10 21:01:26.944 +02:00  INF  Executed DbCommand (2ms) [Parameters=[], CommandType='"Text"', CommandTimeout='30']
CREATE TABLE [AspNetUserLogins] (
    [LoginProvider] nvarchar(450) NOT NULL,
    [ProviderKey] nvarchar(450) NOT NULL,
    [ProviderDisplayName] nvarchar(max) NULL,
    [UserId] nvarchar(450) NOT NULL,
    CONSTRAINT [PK_AspNetUserLogins] PRIMARY KEY ([LoginProvider], [ProviderKey]),
    CONSTRAINT [FK_AspNetUserLogins_AspNetUsers_UserId] FOREIGN KEY ([UserId]) REFERENCES [AspNetUsers] ([Id]) ON DELETE CASCADE
);
2024-07-10 21:01:26.946 +02:00  INF  Executed DbCommand (2ms) [Parameters=[], CommandType='"Text"', CommandTimeout='30']
CREATE TABLE [AspNetUserRoles] (
    [UserId] nvarchar(450) NOT NULL,
    [RoleId] nvarchar(450) NOT NULL,
    CONSTRAINT [PK_AspNetUserRoles] PRIMARY KEY ([UserId], [RoleId]),
    CONSTRAINT [FK_AspNetUserRoles_AspNetRoles_RoleId] FOREIGN KEY ([RoleId]) REFERENCES [AspNetRoles] ([Id]) ON DELETE CASCADE,
    CONSTRAINT [FK_AspNetUserRoles_AspNetUsers_UserId] FOREIGN KEY ([UserId]) REFERENCES [AspNetUsers] ([Id]) ON DELETE CASCADE
);
2024-07-10 21:01:26.948 +02:00  INF  Executed DbCommand (2ms) [Parameters=[], CommandType='"Text"', CommandTimeout='30']
CREATE TABLE [AspNetUserTokens] (
    [UserId] nvarchar(450) NOT NULL,
    [LoginProvider] nvarchar(450) NOT NULL,
    [Name] nvarchar(450) NOT NULL,
    [Value] nvarchar(max) NULL,
    CONSTRAINT [PK_AspNetUserTokens] PRIMARY KEY ([UserId], [LoginProvider], [Name]),
    CONSTRAINT [FK_AspNetUserTokens_AspNetUsers_UserId] FOREIGN KEY ([UserId]) REFERENCES [AspNetUsers] ([Id]) ON DELETE CASCADE
);
2024-07-10 21:01:26.961 +02:00  ERR  Failed executing DbCommand (13ms) [Parameters=[], CommandType='"Text"', CommandTimeout='30']
IF EXISTS (SELECT * FROM [sys].[identity_columns] WHERE [name] IN (N'RoleId', N'UserId') AND [object_id] = OBJECT_ID(N'[AspNetUserRoles]'))
    SET IDENTITY_INSERT [AspNetUserRoles] ON;
INSERT INTO [AspNetUserRoles] ([RoleId], [UserId])
VALUES (N'2bc0d38d-b990-454c-91a5-95705251063c', N'92f3d9c7-ca7a-4032-b2e5-45f511eca19e'),
(N'4dd3b707-837e-4ba5-b8b7-cc2a1f0aec49', N'92f3d9c7-ca7a-4032-b2e5-45f511eca19e');
IF EXISTS (SELECT * FROM [sys].[identity_columns] WHERE [name] IN (N'RoleId', N'UserId') AND [object_id] = OBJECT_ID(N'[AspNetUserRoles]'))
    SET IDENTITY_INSERT [AspNetUserRoles] OFF;
2024-07-10 21:04:25.714 +02:00  INF  Executed DbCommand (10ms) [Parameters=[], CommandType='"Text"', CommandTimeout='30']
SELECT 1
2024-07-10 21:04:25.749 +02:00  INF  Executed DbCommand (7ms) [Parameters=[], CommandType='"Text"', CommandTimeout='30']
SELECT OBJECT_ID(N'[__EFMigrationsHistory]');
2024-07-10 21:04:25.750 +02:00  INF  Executed DbCommand (0ms) [Parameters=[], CommandType='"Text"', CommandTimeout='30']
SELECT 1
2024-07-10 21:04:25.751 +02:00  INF  Executed DbCommand (0ms) [Parameters=[], CommandType='"Text"', CommandTimeout='30']
SELECT OBJECT_ID(N'[__EFMigrationsHistory]');
2024-07-10 21:04:25.758 +02:00  INF  Executed DbCommand (1ms) [Parameters=[], CommandType='"Text"', CommandTimeout='30']
SELECT [MigrationId], [ProductVersion]
FROM [__EFMigrationsHistory]
ORDER BY [MigrationId];
2024-07-10 21:04:25.767 +02:00  INF  Applying migration '20240710184205_Initial Auth Migration'.
2024-07-10 21:04:25.818 +02:00  INF  Executed DbCommand (4ms) [Parameters=[], CommandType='"Text"', CommandTimeout='30']
CREATE TABLE [AspNetRoles] (
    [Id] nvarchar(450) NOT NULL,
    [Name] nvarchar(256) NULL,
    [NormalizedName] nvarchar(256) NULL,
    [ConcurrencyStamp] nvarchar(max) NULL,
    CONSTRAINT [PK_AspNetRoles] PRIMARY KEY ([Id])
);
2024-07-10 21:04:25.819 +02:00  INF  Executed DbCommand (1ms) [Parameters=[], CommandType='"Text"', CommandTimeout='30']
CREATE TABLE [AspNetUsers] (
    [Id] nvarchar(450) NOT NULL,
    [UserName] nvarchar(256) NULL,
    [NormalizedUserName] nvarchar(256) NULL,
    [Email] nvarchar(256) NULL,
    [NormalizedEmail] nvarchar(256) NULL,
    [EmailConfirmed] bit NOT NULL,
    [PasswordHash] nvarchar(max) NULL,
    [SecurityStamp] nvarchar(max) NULL,
    [ConcurrencyStamp] nvarchar(max) NULL,
    [PhoneNumber] nvarchar(max) NULL,
    [PhoneNumberConfirmed] bit NOT NULL,
    [TwoFactorEnabled] bit NOT NULL,
    [LockoutEnd] datetimeoffset NULL,
    [LockoutEnabled] bit NOT NULL,
    [AccessFailedCount] int NOT NULL,
    CONSTRAINT [PK_AspNetUsers] PRIMARY KEY ([Id])
);
2024-07-10 21:04:25.820 +02:00  INF  Executed DbCommand (1ms) [Parameters=[], CommandType='"Text"', CommandTimeout='30']
CREATE TABLE [AspNetRoleClaims] (
    [Id] int NOT NULL IDENTITY,
    [RoleId] nvarchar(450) NOT NULL,
    [ClaimType] nvarchar(max) NULL,
    [ClaimValue] nvarchar(max) NULL,
    CONSTRAINT [PK_AspNetRoleClaims] PRIMARY KEY ([Id]),
    CONSTRAINT [FK_AspNetRoleClaims_AspNetRoles_RoleId] FOREIGN KEY ([RoleId]) REFERENCES [AspNetRoles] ([Id]) ON DELETE CASCADE
);
2024-07-10 21:04:25.821 +02:00  INF  Executed DbCommand (1ms) [Parameters=[], CommandType='"Text"', CommandTimeout='30']
CREATE TABLE [AspNetUserClaims] (
    [Id] int NOT NULL IDENTITY,
    [UserId] nvarchar(450) NOT NULL,
    [ClaimType] nvarchar(max) NULL,
    [ClaimValue] nvarchar(max) NULL,
    CONSTRAINT [PK_AspNetUserClaims] PRIMARY KEY ([Id]),
    CONSTRAINT [FK_AspNetUserClaims_AspNetUsers_UserId] FOREIGN KEY ([UserId]) REFERENCES [AspNetUsers] ([Id]) ON DELETE CASCADE
);
2024-07-10 21:04:26.181 +02:00  INF  Executed DbCommand (2ms) [Parameters=[], CommandType='"Text"', CommandTimeout='30']
CREATE TABLE [AspNetUserLogins] (
    [LoginProvider] nvarchar(450) NOT NULL,
    [ProviderKey] nvarchar(450) NOT NULL,
    [ProviderDisplayName] nvarchar(max) NULL,
    [UserId] nvarchar(450) NOT NULL,
    CONSTRAINT [PK_AspNetUserLogins] PRIMARY KEY ([LoginProvider], [ProviderKey]),
    CONSTRAINT [FK_AspNetUserLogins_AspNetUsers_UserId] FOREIGN KEY ([UserId]) REFERENCES [AspNetUsers] ([Id]) ON DELETE CASCADE
);
2024-07-10 21:04:26.182 +02:00  INF  Executed DbCommand (1ms) [Parameters=[], CommandType='"Text"', CommandTimeout='30']
CREATE TABLE [AspNetUserRoles] (
    [UserId] nvarchar(450) NOT NULL,
    [RoleId] nvarchar(450) NOT NULL,
    CONSTRAINT [PK_AspNetUserRoles] PRIMARY KEY ([UserId], [RoleId]),
    CONSTRAINT [FK_AspNetUserRoles_AspNetRoles_RoleId] FOREIGN KEY ([RoleId]) REFERENCES [AspNetRoles] ([Id]) ON DELETE CASCADE,
    CONSTRAINT [FK_AspNetUserRoles_AspNetUsers_UserId] FOREIGN KEY ([UserId]) REFERENCES [AspNetUsers] ([Id]) ON DELETE CASCADE
);
2024-07-10 21:04:26.185 +02:00  INF  Executed DbCommand (3ms) [Parameters=[], CommandType='"Text"', CommandTimeout='30']
CREATE TABLE [AspNetUserTokens] (
    [UserId] nvarchar(450) NOT NULL,
    [LoginProvider] nvarchar(450) NOT NULL,
    [Name] nvarchar(450) NOT NULL,
    [Value] nvarchar(max) NULL,
    CONSTRAINT [PK_AspNetUserTokens] PRIMARY KEY ([UserId], [LoginProvider], [Name]),
    CONSTRAINT [FK_AspNetUserTokens_AspNetUsers_UserId] FOREIGN KEY ([UserId]) REFERENCES [AspNetUsers] ([Id]) ON DELETE CASCADE
);
2024-07-10 21:04:26.199 +02:00  ERR  Failed executing DbCommand (13ms) [Parameters=[], CommandType='"Text"', CommandTimeout='30']
IF EXISTS (SELECT * FROM [sys].[identity_columns] WHERE [name] IN (N'RoleId', N'UserId') AND [object_id] = OBJECT_ID(N'[AspNetUserRoles]'))
    SET IDENTITY_INSERT [AspNetUserRoles] ON;
INSERT INTO [AspNetUserRoles] ([RoleId], [UserId])
VALUES (N'2bc0d38d-b990-454c-91a5-95705251063c', N'92f3d9c7-ca7a-4032-b2e5-45f511eca19e'),
(N'4dd3b707-837e-4ba5-b8b7-cc2a1f0aec49', N'92f3d9c7-ca7a-4032-b2e5-45f511eca19e');
IF EXISTS (SELECT * FROM [sys].[identity_columns] WHERE [name] IN (N'RoleId', N'UserId') AND [object_id] = OBJECT_ID(N'[AspNetUserRoles]'))
    SET IDENTITY_INSERT [AspNetUserRoles] OFF;
2024-07-10 21:06:35.731 +02:00  INF  Executed DbCommand (9ms) [Parameters=[], CommandType='"Text"', CommandTimeout='30']
SELECT 1
2024-07-10 21:06:35.766 +02:00  INF  Executed DbCommand (7ms) [Parameters=[], CommandType='"Text"', CommandTimeout='30']
SELECT OBJECT_ID(N'[__EFMigrationsHistory]');
2024-07-10 21:06:35.767 +02:00  INF  Executed DbCommand (0ms) [Parameters=[], CommandType='"Text"', CommandTimeout='30']
SELECT 1
2024-07-10 21:06:35.768 +02:00  INF  Executed DbCommand (0ms) [Parameters=[], CommandType='"Text"', CommandTimeout='30']
SELECT OBJECT_ID(N'[__EFMigrationsHistory]');
2024-07-10 21:06:35.775 +02:00  INF  Executed DbCommand (1ms) [Parameters=[], CommandType='"Text"', CommandTimeout='30']
SELECT [MigrationId], [ProductVersion]
FROM [__EFMigrationsHistory]
ORDER BY [MigrationId];
2024-07-10 21:06:35.783 +02:00  INF  Applying migration '20240710184205_Initial Auth Migration'.
2024-07-10 21:06:35.834 +02:00  INF  Executed DbCommand (5ms) [Parameters=[], CommandType='"Text"', CommandTimeout='30']
CREATE TABLE [AspNetRoles] (
    [Id] nvarchar(450) NOT NULL,
    [Name] nvarchar(256) NULL,
    [NormalizedName] nvarchar(256) NULL,
    [ConcurrencyStamp] nvarchar(max) NULL,
    CONSTRAINT [PK_AspNetRoles] PRIMARY KEY ([Id])
);
2024-07-10 21:06:35.835 +02:00  INF  Executed DbCommand (1ms) [Parameters=[], CommandType='"Text"', CommandTimeout='30']
CREATE TABLE [AspNetUsers] (
    [Id] nvarchar(450) NOT NULL,
    [UserName] nvarchar(256) NULL,
    [NormalizedUserName] nvarchar(256) NULL,
    [Email] nvarchar(256) NULL,
    [NormalizedEmail] nvarchar(256) NULL,
    [EmailConfirmed] bit NOT NULL,
    [PasswordHash] nvarchar(max) NULL,
    [SecurityStamp] nvarchar(max) NULL,
    [ConcurrencyStamp] nvarchar(max) NULL,
    [PhoneNumber] nvarchar(max) NULL,
    [PhoneNumberConfirmed] bit NOT NULL,
    [TwoFactorEnabled] bit NOT NULL,
    [LockoutEnd] datetimeoffset NULL,
    [LockoutEnabled] bit NOT NULL,
    [AccessFailedCount] int NOT NULL,
    CONSTRAINT [PK_AspNetUsers] PRIMARY KEY ([Id])
);
2024-07-10 21:06:35.836 +02:00  INF  Executed DbCommand (1ms) [Parameters=[], CommandType='"Text"', CommandTimeout='30']
CREATE TABLE [AspNetRoleClaims] (
    [Id] int NOT NULL IDENTITY,
    [RoleId] nvarchar(450) NOT NULL,
    [ClaimType] nvarchar(max) NULL,
    [ClaimValue] nvarchar(max) NULL,
    CONSTRAINT [PK_AspNetRoleClaims] PRIMARY KEY ([Id]),
    CONSTRAINT [FK_AspNetRoleClaims_AspNetRoles_RoleId] FOREIGN KEY ([RoleId]) REFERENCES [AspNetRoles] ([Id]) ON DELETE CASCADE
);
2024-07-10 21:06:35.837 +02:00  INF  Executed DbCommand (1ms) [Parameters=[], CommandType='"Text"', CommandTimeout='30']
CREATE TABLE [AspNetUserClaims] (
    [Id] int NOT NULL IDENTITY,
    [UserId] nvarchar(450) NOT NULL,
    [ClaimType] nvarchar(max) NULL,
    [ClaimValue] nvarchar(max) NULL,
    CONSTRAINT [PK_AspNetUserClaims] PRIMARY KEY ([Id]),
    CONSTRAINT [FK_AspNetUserClaims_AspNetUsers_UserId] FOREIGN KEY ([UserId]) REFERENCES [AspNetUsers] ([Id]) ON DELETE CASCADE
);
2024-07-10 21:06:36.242 +02:00  INF  Executed DbCommand (1ms) [Parameters=[], CommandType='"Text"', CommandTimeout='30']
CREATE TABLE [AspNetUserLogins] (
    [LoginProvider] nvarchar(450) NOT NULL,
    [ProviderKey] nvarchar(450) NOT NULL,
    [ProviderDisplayName] nvarchar(max) NULL,
    [UserId] nvarchar(450) NOT NULL,
    CONSTRAINT [PK_AspNetUserLogins] PRIMARY KEY ([LoginProvider], [ProviderKey]),
    CONSTRAINT [FK_AspNetUserLogins_AspNetUsers_UserId] FOREIGN KEY ([UserId]) REFERENCES [AspNetUsers] ([Id]) ON DELETE CASCADE
);
2024-07-10 21:06:36.243 +02:00  INF  Executed DbCommand (1ms) [Parameters=[], CommandType='"Text"', CommandTimeout='30']
CREATE TABLE [AspNetUserRoles] (
    [UserId] nvarchar(450) NOT NULL,
    [RoleId] nvarchar(450) NOT NULL,
    CONSTRAINT [PK_AspNetUserRoles] PRIMARY KEY ([UserId], [RoleId]),
    CONSTRAINT [FK_AspNetUserRoles_AspNetRoles_RoleId] FOREIGN KEY ([RoleId]) REFERENCES [AspNetRoles] ([Id]) ON DELETE CASCADE,
    CONSTRAINT [FK_AspNetUserRoles_AspNetUsers_UserId] FOREIGN KEY ([UserId]) REFERENCES [AspNetUsers] ([Id]) ON DELETE CASCADE
);
2024-07-10 21:06:36.244 +02:00  INF  Executed DbCommand (1ms) [Parameters=[], CommandType='"Text"', CommandTimeout='30']
CREATE TABLE [AspNetUserTokens] (
    [UserId] nvarchar(450) NOT NULL,
    [LoginProvider] nvarchar(450) NOT NULL,
    [Name] nvarchar(450) NOT NULL,
    [Value] nvarchar(max) NULL,
    CONSTRAINT [PK_AspNetUserTokens] PRIMARY KEY ([UserId], [LoginProvider], [Name]),
    CONSTRAINT [FK_AspNetUserTokens_AspNetUsers_UserId] FOREIGN KEY ([UserId]) REFERENCES [AspNetUsers] ([Id]) ON DELETE CASCADE
);
2024-07-10 21:06:36.258 +02:00  ERR  Failed executing DbCommand (13ms) [Parameters=[], CommandType='"Text"', CommandTimeout='30']
IF EXISTS (SELECT * FROM [sys].[identity_columns] WHERE [name] IN (N'RoleId', N'UserId') AND [object_id] = OBJECT_ID(N'[AspNetUserRoles]'))
    SET IDENTITY_INSERT [AspNetUserRoles] ON;
INSERT INTO [AspNetUserRoles] ([RoleId], [UserId])
VALUES (N'2bc0d38d-b990-454c-91a5-95705251063c', N'92f3d9c7-ca7a-4032-b2e5-45f511eca19e'),
(N'4dd3b707-837e-4ba5-b8b7-cc2a1f0aec49', N'92f3d9c7-ca7a-4032-b2e5-45f511eca19e');
IF EXISTS (SELECT * FROM [sys].[identity_columns] WHERE [name] IN (N'RoleId', N'UserId') AND [object_id] = OBJECT_ID(N'[AspNetUserRoles]'))
    SET IDENTITY_INSERT [AspNetUserRoles] OFF;
2024-07-10 21:26:31.366 +02:00  INF  Executed DbCommand (9ms) [Parameters=[], CommandType='"Text"', CommandTimeout='30']
SELECT 1
2024-07-10 21:26:31.402 +02:00  INF  Executed DbCommand (7ms) [Parameters=[], CommandType='"Text"', CommandTimeout='30']
SELECT OBJECT_ID(N'[__EFMigrationsHistory]');
2024-07-10 21:26:31.403 +02:00  INF  Executed DbCommand (0ms) [Parameters=[], CommandType='"Text"', CommandTimeout='30']
SELECT 1
2024-07-10 21:26:31.403 +02:00  INF  Executed DbCommand (0ms) [Parameters=[], CommandType='"Text"', CommandTimeout='30']
SELECT OBJECT_ID(N'[__EFMigrationsHistory]');
2024-07-10 21:26:31.411 +02:00  INF  Executed DbCommand (2ms) [Parameters=[], CommandType='"Text"', CommandTimeout='30']
SELECT [MigrationId], [ProductVersion]
FROM [__EFMigrationsHistory]
ORDER BY [MigrationId];
2024-07-10 21:26:31.419 +02:00  INF  Applying migration '20240710184205_Initial Auth Migration'.
2024-07-10 21:26:31.471 +02:00  INF  Executed DbCommand (5ms) [Parameters=[], CommandType='"Text"', CommandTimeout='30']
CREATE TABLE [AspNetRoles] (
    [Id] nvarchar(450) NOT NULL,
    [Name] nvarchar(256) NULL,
    [NormalizedName] nvarchar(256) NULL,
    [ConcurrencyStamp] nvarchar(max) NULL,
    CONSTRAINT [PK_AspNetRoles] PRIMARY KEY ([Id])
);
2024-07-10 21:26:31.472 +02:00  INF  Executed DbCommand (1ms) [Parameters=[], CommandType='"Text"', CommandTimeout='30']
CREATE TABLE [AspNetUsers] (
    [Id] nvarchar(450) NOT NULL,
    [UserName] nvarchar(256) NULL,
    [NormalizedUserName] nvarchar(256) NULL,
    [Email] nvarchar(256) NULL,
    [NormalizedEmail] nvarchar(256) NULL,
    [EmailConfirmed] bit NOT NULL,
    [PasswordHash] nvarchar(max) NULL,
    [SecurityStamp] nvarchar(max) NULL,
    [ConcurrencyStamp] nvarchar(max) NULL,
    [PhoneNumber] nvarchar(max) NULL,
    [PhoneNumberConfirmed] bit NOT NULL,
    [TwoFactorEnabled] bit NOT NULL,
    [LockoutEnd] datetimeoffset NULL,
    [LockoutEnabled] bit NOT NULL,
    [AccessFailedCount] int NOT NULL,
    CONSTRAINT [PK_AspNetUsers] PRIMARY KEY ([Id])
);
2024-07-10 21:26:31.473 +02:00  INF  Executed DbCommand (1ms) [Parameters=[], CommandType='"Text"', CommandTimeout='30']
CREATE TABLE [AspNetRoleClaims] (
    [Id] int NOT NULL IDENTITY,
    [RoleId] nvarchar(450) NOT NULL,
    [ClaimType] nvarchar(max) NULL,
    [ClaimValue] nvarchar(max) NULL,
    CONSTRAINT [PK_AspNetRoleClaims] PRIMARY KEY ([Id]),
    CONSTRAINT [FK_AspNetRoleClaims_AspNetRoles_RoleId] FOREIGN KEY ([RoleId]) REFERENCES [AspNetRoles] ([Id]) ON DELETE CASCADE
);
2024-07-10 21:26:31.473 +02:00  INF  Executed DbCommand (1ms) [Parameters=[], CommandType='"Text"', CommandTimeout='30']
CREATE TABLE [AspNetUserClaims] (
    [Id] int NOT NULL IDENTITY,
    [UserId] nvarchar(450) NOT NULL,
    [ClaimType] nvarchar(max) NULL,
    [ClaimValue] nvarchar(max) NULL,
    CONSTRAINT [PK_AspNetUserClaims] PRIMARY KEY ([Id]),
    CONSTRAINT [FK_AspNetUserClaims_AspNetUsers_UserId] FOREIGN KEY ([UserId]) REFERENCES [AspNetUsers] ([Id]) ON DELETE CASCADE
);
2024-07-10 21:26:31.806 +02:00  INF  Executed DbCommand (2ms) [Parameters=[], CommandType='"Text"', CommandTimeout='30']
CREATE TABLE [AspNetUserLogins] (
    [LoginProvider] nvarchar(450) NOT NULL,
    [ProviderKey] nvarchar(450) NOT NULL,
    [ProviderDisplayName] nvarchar(max) NULL,
    [UserId] nvarchar(450) NOT NULL,
    CONSTRAINT [PK_AspNetUserLogins] PRIMARY KEY ([LoginProvider], [ProviderKey]),
    CONSTRAINT [FK_AspNetUserLogins_AspNetUsers_UserId] FOREIGN KEY ([UserId]) REFERENCES [AspNetUsers] ([Id]) ON DELETE CASCADE
);
2024-07-10 21:26:31.810 +02:00  INF  Executed DbCommand (3ms) [Parameters=[], CommandType='"Text"', CommandTimeout='30']
CREATE TABLE [AspNetUserRoles] (
    [UserId] nvarchar(450) NOT NULL,
    [RoleId] nvarchar(450) NOT NULL,
    CONSTRAINT [PK_AspNetUserRoles] PRIMARY KEY ([UserId], [RoleId]),
    CONSTRAINT [FK_AspNetUserRoles_AspNetRoles_RoleId] FOREIGN KEY ([RoleId]) REFERENCES [AspNetRoles] ([Id]) ON DELETE CASCADE,
    CONSTRAINT [FK_AspNetUserRoles_AspNetUsers_UserId] FOREIGN KEY ([UserId]) REFERENCES [AspNetUsers] ([Id]) ON DELETE CASCADE
);
2024-07-10 21:26:31.811 +02:00  INF  Executed DbCommand (1ms) [Parameters=[], CommandType='"Text"', CommandTimeout='30']
CREATE TABLE [AspNetUserTokens] (
    [UserId] nvarchar(450) NOT NULL,
    [LoginProvider] nvarchar(450) NOT NULL,
    [Name] nvarchar(450) NOT NULL,
    [Value] nvarchar(max) NULL,
    CONSTRAINT [PK_AspNetUserTokens] PRIMARY KEY ([UserId], [LoginProvider], [Name]),
    CONSTRAINT [FK_AspNetUserTokens_AspNetUsers_UserId] FOREIGN KEY ([UserId]) REFERENCES [AspNetUsers] ([Id]) ON DELETE CASCADE
);
2024-07-10 21:26:31.825 +02:00  ERR  Failed executing DbCommand (13ms) [Parameters=[], CommandType='"Text"', CommandTimeout='30']
IF EXISTS (SELECT * FROM [sys].[identity_columns] WHERE [name] IN (N'RoleId', N'UserId') AND [object_id] = OBJECT_ID(N'[AspNetUserRoles]'))
    SET IDENTITY_INSERT [AspNetUserRoles] ON;
INSERT INTO [AspNetUserRoles] ([RoleId], [UserId])
VALUES (N'2bc0d38d-b990-454c-91a5-95705251063c', N'92f3d9c7-ca7a-4032-b2e5-45f511eca19e'),
(N'4dd3b707-837e-4ba5-b8b7-cc2a1f0aec49', N'92f3d9c7-ca7a-4032-b2e5-45f511eca19e');
IF EXISTS (SELECT * FROM [sys].[identity_columns] WHERE [name] IN (N'RoleId', N'UserId') AND [object_id] = OBJECT_ID(N'[AspNetUserRoles]'))
    SET IDENTITY_INSERT [AspNetUserRoles] OFF;
2024-07-10 21:28:33.448 +02:00  INF  Executed DbCommand (9ms) [Parameters=[], CommandType='"Text"', CommandTimeout='30']
SELECT 1
2024-07-10 21:28:33.484 +02:00  INF  Executed DbCommand (7ms) [Parameters=[], CommandType='"Text"', CommandTimeout='30']
SELECT OBJECT_ID(N'[__EFMigrationsHistory]');
2024-07-10 21:28:33.489 +02:00  INF  Executed DbCommand (2ms) [Parameters=[], CommandType='"Text"', CommandTimeout='30']
SELECT [MigrationId], [ProductVersion]
FROM [__EFMigrationsHistory]
ORDER BY [MigrationId];
2024-07-10 21:29:06.367 +02:00  INF  Executed DbCommand (9ms) [Parameters=[], CommandType='"Text"', CommandTimeout='30']
SELECT 1
2024-07-10 21:29:06.404 +02:00  INF  Executed DbCommand (7ms) [Parameters=[], CommandType='"Text"', CommandTimeout='30']
SELECT OBJECT_ID(N'[__EFMigrationsHistory]');
2024-07-10 21:29:06.405 +02:00  INF  Executed DbCommand (0ms) [Parameters=[], CommandType='"Text"', CommandTimeout='30']
SELECT 1
2024-07-10 21:29:06.405 +02:00  INF  Executed DbCommand (0ms) [Parameters=[], CommandType='"Text"', CommandTimeout='30']
SELECT OBJECT_ID(N'[__EFMigrationsHistory]');
2024-07-10 21:29:06.413 +02:00  INF  Executed DbCommand (2ms) [Parameters=[], CommandType='"Text"', CommandTimeout='30']
SELECT [MigrationId], [ProductVersion]
FROM [__EFMigrationsHistory]
ORDER BY [MigrationId];
2024-07-10 21:29:06.422 +02:00  INF  Applying migration '20240710192848_Initial Auth Migration'.
2024-07-10 21:29:06.474 +02:00  INF  Executed DbCommand (5ms) [Parameters=[], CommandType='"Text"', CommandTimeout='30']
CREATE TABLE [AspNetRoles] (
    [Id] nvarchar(450) NOT NULL,
    [Name] nvarchar(256) NULL,
    [NormalizedName] nvarchar(256) NULL,
    [ConcurrencyStamp] nvarchar(max) NULL,
    CONSTRAINT [PK_AspNetRoles] PRIMARY KEY ([Id])
);
2024-07-10 21:29:06.475 +02:00  INF  Executed DbCommand (1ms) [Parameters=[], CommandType='"Text"', CommandTimeout='30']
CREATE TABLE [AspNetUsers] (
    [Id] nvarchar(450) NOT NULL,
    [UserName] nvarchar(256) NULL,
    [NormalizedUserName] nvarchar(256) NULL,
    [Email] nvarchar(256) NULL,
    [NormalizedEmail] nvarchar(256) NULL,
    [EmailConfirmed] bit NOT NULL,
    [PasswordHash] nvarchar(max) NULL,
    [SecurityStamp] nvarchar(max) NULL,
    [ConcurrencyStamp] nvarchar(max) NULL,
    [PhoneNumber] nvarchar(max) NULL,
    [PhoneNumberConfirmed] bit NOT NULL,
    [TwoFactorEnabled] bit NOT NULL,
    [LockoutEnd] datetimeoffset NULL,
    [LockoutEnabled] bit NOT NULL,
    [AccessFailedCount] int NOT NULL,
    CONSTRAINT [PK_AspNetUsers] PRIMARY KEY ([Id])
);
2024-07-10 21:29:06.477 +02:00  INF  Executed DbCommand (1ms) [Parameters=[], CommandType='"Text"', CommandTimeout='30']
CREATE TABLE [AspNetRoleClaims] (
    [Id] int NOT NULL IDENTITY,
    [RoleId] nvarchar(450) NOT NULL,
    [ClaimType] nvarchar(max) NULL,
    [ClaimValue] nvarchar(max) NULL,
    CONSTRAINT [PK_AspNetRoleClaims] PRIMARY KEY ([Id]),
    CONSTRAINT [FK_AspNetRoleClaims_AspNetRoles_RoleId] FOREIGN KEY ([RoleId]) REFERENCES [AspNetRoles] ([Id]) ON DELETE CASCADE
);
2024-07-10 21:29:06.477 +02:00  INF  Executed DbCommand (1ms) [Parameters=[], CommandType='"Text"', CommandTimeout='30']
CREATE TABLE [AspNetUserClaims] (
    [Id] int NOT NULL IDENTITY,
    [UserId] nvarchar(450) NOT NULL,
    [ClaimType] nvarchar(max) NULL,
    [ClaimValue] nvarchar(max) NULL,
    CONSTRAINT [PK_AspNetUserClaims] PRIMARY KEY ([Id]),
    CONSTRAINT [FK_AspNetUserClaims_AspNetUsers_UserId] FOREIGN KEY ([UserId]) REFERENCES [AspNetUsers] ([Id]) ON DELETE CASCADE
);
2024-07-10 21:29:06.805 +02:00  INF  Executed DbCommand (2ms) [Parameters=[], CommandType='"Text"', CommandTimeout='30']
CREATE TABLE [AspNetUserLogins] (
    [LoginProvider] nvarchar(450) NOT NULL,
    [ProviderKey] nvarchar(450) NOT NULL,
    [ProviderDisplayName] nvarchar(max) NULL,
    [UserId] nvarchar(450) NOT NULL,
    CONSTRAINT [PK_AspNetUserLogins] PRIMARY KEY ([LoginProvider], [ProviderKey]),
    CONSTRAINT [FK_AspNetUserLogins_AspNetUsers_UserId] FOREIGN KEY ([UserId]) REFERENCES [AspNetUsers] ([Id]) ON DELETE CASCADE
);
2024-07-10 21:29:06.807 +02:00  INF  Executed DbCommand (2ms) [Parameters=[], CommandType='"Text"', CommandTimeout='30']
CREATE TABLE [AspNetUserRoles] (
    [UserId] nvarchar(450) NOT NULL,
    [RoleId] nvarchar(450) NOT NULL,
    CONSTRAINT [PK_AspNetUserRoles] PRIMARY KEY ([UserId], [RoleId]),
    CONSTRAINT [FK_AspNetUserRoles_AspNetRoles_RoleId] FOREIGN KEY ([RoleId]) REFERENCES [AspNetRoles] ([Id]) ON DELETE CASCADE,
    CONSTRAINT [FK_AspNetUserRoles_AspNetUsers_UserId] FOREIGN KEY ([UserId]) REFERENCES [AspNetUsers] ([Id]) ON DELETE CASCADE
);
2024-07-10 21:29:06.809 +02:00  INF  Executed DbCommand (2ms) [Parameters=[], CommandType='"Text"', CommandTimeout='30']
CREATE TABLE [AspNetUserTokens] (
    [UserId] nvarchar(450) NOT NULL,
    [LoginProvider] nvarchar(450) NOT NULL,
    [Name] nvarchar(450) NOT NULL,
    [Value] nvarchar(max) NULL,
    CONSTRAINT [PK_AspNetUserTokens] PRIMARY KEY ([UserId], [LoginProvider], [Name]),
    CONSTRAINT [FK_AspNetUserTokens_AspNetUsers_UserId] FOREIGN KEY ([UserId]) REFERENCES [AspNetUsers] ([Id]) ON DELETE CASCADE
);
2024-07-10 21:29:06.823 +02:00  INF  Executed DbCommand (14ms) [Parameters=[], CommandType='"Text"', CommandTimeout='30']
IF EXISTS (SELECT * FROM [sys].[identity_columns] WHERE [name] IN (N'Id', N'ConcurrencyStamp', N'Name', N'NormalizedName') AND [object_id] = OBJECT_ID(N'[AspNetRoles]'))
    SET IDENTITY_INSERT [AspNetRoles] ON;
INSERT INTO [AspNetRoles] ([Id], [ConcurrencyStamp], [Name], [NormalizedName])
VALUES (N'2bc0d38d-b990-454c-91a5-95705251063c', N'2bc0d38d-b990-454c-91a5-95705251063c', N'Vet', N'VET'),
(N'4dd3b707-837e-4ba5-b8b7-cc2a1f0aec49', N'4dd3b707-837e-4ba5-b8b7-cc2a1f0aec49', N'Employee', N'EMPLOYEE'),
(N'92f3d9c7-ca7a-4032-b2e5-45f511eca19e', N'92f3d9c7-ca7a-4032-b2e5-45f511eca19e', N'Admin', N'ADMIN');
IF EXISTS (SELECT * FROM [sys].[identity_columns] WHERE [name] IN (N'Id', N'ConcurrencyStamp', N'Name', N'NormalizedName') AND [object_id] = OBJECT_ID(N'[AspNetRoles]'))
    SET IDENTITY_INSERT [AspNetRoles] OFF;
2024-07-10 21:29:08.218 +02:00  INF  Executed DbCommand (8ms) [Parameters=[], CommandType='"Text"', CommandTimeout='30']
IF EXISTS (SELECT * FROM [sys].[identity_columns] WHERE [name] IN (N'Id', N'AccessFailedCount', N'ConcurrencyStamp', N'Email', N'EmailConfirmed', N'LockoutEnabled', N'LockoutEnd', N'NormalizedEmail', N'NormalizedUserName', N'PasswordHash', N'PhoneNumber', N'PhoneNumberConfirmed', N'SecurityStamp', N'TwoFactorEnabled', N'UserName') AND [object_id] = OBJECT_ID(N'[AspNetUsers]'))
    SET IDENTITY_INSERT [AspNetUsers] ON;
INSERT INTO [AspNetUsers] ([Id], [AccessFailedCount], [ConcurrencyStamp], [Email], [EmailConfirmed], [LockoutEnabled], [LockoutEnd], [NormalizedEmail], [NormalizedUserName], [PasswordHash], [PhoneNumber], [PhoneNumberConfirmed], [SecurityStamp], [TwoFactorEnabled], [UserName])
VALUES (N'4d1f3651-74f6-4542-96a1-418e9b9ccb79', 0, N'7592232b-aec0-40e3-b00b-f2e39b27a532', NULL, CAST(0 AS bit), CAST(0 AS bit), NULL, N'ADMIN@ARCADIA.FR', N'ADMIN@ARCADIA.FR', N'AQAAAAIAAYagAAAAEP8bHHbP+ZoTZVI7bha8drXJXkYmHplJBem+pmA4ex+4EJyd3PvojttMovn6HEatCQ==', NULL, CAST(0 AS bit), N'9f0fd5b3-4bf7-42b2-823e-a5dd54413b91', CAST(0 AS bit), N'admin@arcadia.fr');
IF EXISTS (SELECT * FROM [sys].[identity_columns] WHERE [name] IN (N'Id', N'AccessFailedCount', N'ConcurrencyStamp', N'Email', N'EmailConfirmed', N'LockoutEnabled', N'LockoutEnd', N'NormalizedEmail', N'NormalizedUserName', N'PasswordHash', N'PhoneNumber', N'PhoneNumberConfirmed', N'SecurityStamp', N'TwoFactorEnabled', N'UserName') AND [object_id] = OBJECT_ID(N'[AspNetUsers]'))
    SET IDENTITY_INSERT [AspNetUsers] OFF;
2024-07-10 21:29:09.157 +02:00  INF  Executed DbCommand (8ms) [Parameters=[], CommandType='"Text"', CommandTimeout='30']
IF EXISTS (SELECT * FROM [sys].[identity_columns] WHERE [name] IN (N'RoleId', N'UserId') AND [object_id] = OBJECT_ID(N'[AspNetUserRoles]'))
    SET IDENTITY_INSERT [AspNetUserRoles] ON;
INSERT INTO [AspNetUserRoles] ([RoleId], [UserId])
VALUES (N'2bc0d38d-b990-454c-91a5-95705251063c', N'4d1f3651-74f6-4542-96a1-418e9b9ccb79'),
(N'4dd3b707-837e-4ba5-b8b7-cc2a1f0aec49', N'4d1f3651-74f6-4542-96a1-418e9b9ccb79'),
(N'92f3d9c7-ca7a-4032-b2e5-45f511eca19e', N'4d1f3651-74f6-4542-96a1-418e9b9ccb79');
IF EXISTS (SELECT * FROM [sys].[identity_columns] WHERE [name] IN (N'RoleId', N'UserId') AND [object_id] = OBJECT_ID(N'[AspNetUserRoles]'))
    SET IDENTITY_INSERT [AspNetUserRoles] OFF;
2024-07-10 21:29:09.160 +02:00  INF  Executed DbCommand (2ms) [Parameters=[], CommandType='"Text"', CommandTimeout='30']
CREATE INDEX [IX_AspNetRoleClaims_RoleId] ON [AspNetRoleClaims] ([RoleId]);
2024-07-10 21:29:09.162 +02:00  INF  Executed DbCommand (2ms) [Parameters=[], CommandType='"Text"', CommandTimeout='30']
CREATE UNIQUE INDEX [RoleNameIndex] ON [AspNetRoles] ([NormalizedName]) WHERE [NormalizedName] IS NOT NULL;
2024-07-10 21:29:09.163 +02:00  INF  Executed DbCommand (0ms) [Parameters=[], CommandType='"Text"', CommandTimeout='30']
CREATE INDEX [IX_AspNetUserClaims_UserId] ON [AspNetUserClaims] ([UserId]);
2024-07-10 21:29:09.163 +02:00  INF  Executed DbCommand (0ms) [Parameters=[], CommandType='"Text"', CommandTimeout='30']
CREATE INDEX [IX_AspNetUserLogins_UserId] ON [AspNetUserLogins] ([UserId]);
2024-07-10 21:29:09.165 +02:00  INF  Executed DbCommand (1ms) [Parameters=[], CommandType='"Text"', CommandTimeout='30']
CREATE INDEX [IX_AspNetUserRoles_RoleId] ON [AspNetUserRoles] ([RoleId]);
2024-07-10 21:29:09.526 +02:00  INF  Executed DbCommand (2ms) [Parameters=[], CommandType='"Text"', CommandTimeout='30']
CREATE INDEX [EmailIndex] ON [AspNetUsers] ([NormalizedEmail]);
2024-07-10 21:29:09.528 +02:00  INF  Executed DbCommand (2ms) [Parameters=[], CommandType='"Text"', CommandTimeout='30']
CREATE UNIQUE INDEX [UserNameIndex] ON [AspNetUsers] ([NormalizedUserName]) WHERE [NormalizedUserName] IS NOT NULL;
2024-07-10 21:29:09.529 +02:00  INF  Executed DbCommand (1ms) [Parameters=[], CommandType='"Text"', CommandTimeout='30']
INSERT INTO [__EFMigrationsHistory] ([MigrationId], [ProductVersion])
VALUES (N'20240710192848_Initial Auth Migration', N'8.0.6');
