2024-06-17 15:17:24.190 +02:00  INF  Now listening on: https://localhost:7015
2024-06-17 15:17:24.219 +02:00  INF  Now listening on: http://localhost:5131
2024-06-17 15:17:24.221 +02:00  INF  Application started. Press Ctrl+C to shut down.
2024-06-17 15:17:24.222 +02:00  INF  Hosting environment: Development
2024-06-17 15:17:24.223 +02:00  INF  Content root path: C:\Users\Lacon\Desktop\DEVELOPPEMENT\ECF_Zoo\ECF_Zoo\API_Arcadia
2024-06-17 15:17:24.590 +02:00  INF  Request starting HTTP/2 GET https://localhost:7015/swagger - null null
2024-06-17 15:17:24.756 +02:00  INF  Request finished HTTP/2 GET https://localhost:7015/swagger - 301 0 null 168.3671ms
2024-06-17 15:17:24.759 +02:00  INF  Request starting HTTP/2 GET https://localhost:7015/swagger/index.html - null null
2024-06-17 15:17:24.814 +02:00  INF  Request finished HTTP/2 GET https://localhost:7015/swagger/index.html - 200 null text/html;charset=utf-8 54.9203ms
2024-06-17 15:17:24.826 +02:00  INF  Request starting HTTP/2 GET https://localhost:7015/swagger/swagger-ui.css - null null
2024-06-17 15:17:24.827 +02:00  INF  Request starting HTTP/2 GET https://localhost:7015/swagger/swagger-ui-standalone-preset.js - null null
2024-06-17 15:17:24.827 +02:00  INF  Request starting HTTP/2 GET https://localhost:7015/_framework/aspnetcore-browser-refresh.js - null null
2024-06-17 15:17:24.827 +02:00  INF  Request starting HTTP/2 GET https://localhost:7015/swagger/swagger-ui-bundle.js - null null
2024-06-17 15:17:24.837 +02:00  INF  Request starting HTTP/2 GET https://localhost:7015/_vs/browserLink - null null
2024-06-17 15:17:24.838 +02:00  INF  Request finished HTTP/2 GET https://localhost:7015/_framework/aspnetcore-browser-refresh.js - 200 13757 application/javascript; charset=utf-8 11.605ms
2024-06-17 15:17:24.862 +02:00  INF  Sending file. Request path: '/swagger-ui.css'. Physical path: 'N/A'
2024-06-17 15:17:24.862 +02:00  INF  Sending file. Request path: '/swagger-ui-standalone-preset.js'. Physical path: 'N/A'
2024-06-17 15:17:24.864 +02:00  INF  Request finished HTTP/2 GET https://localhost:7015/swagger/swagger-ui.css - 200 144929 text/css 37.945ms
2024-06-17 15:17:24.865 +02:00  INF  Request finished HTTP/2 GET https://localhost:7015/swagger/swagger-ui-standalone-preset.js - 200 312163 text/javascript 38.3585ms
2024-06-17 15:17:24.883 +02:00  INF  Sending file. Request path: '/swagger-ui-bundle.js'. Physical path: 'N/A'
2024-06-17 15:17:24.884 +02:00  INF  Request finished HTTP/2 GET https://localhost:7015/swagger/swagger-ui-bundle.js - 200 1061536 text/javascript 57.624ms
2024-06-17 15:17:24.899 +02:00  INF  Request finished HTTP/2 GET https://localhost:7015/_vs/browserLink - 200 null text/javascript; charset=UTF-8 61.6724ms
2024-06-17 15:17:24.996 +02:00  INF  Request starting HTTP/2 GET https://localhost:7015/swagger/v1/swagger.json - null null
2024-06-17 15:17:25.012 +02:00  INF  Request starting HTTP/2 GET https://localhost:7015/swagger/favicon-32x32.png - null null
2024-06-17 15:17:25.014 +02:00  INF  Sending file. Request path: '/favicon-32x32.png'. Physical path: 'N/A'
2024-06-17 15:17:25.015 +02:00  INF  Request finished HTTP/2 GET https://localhost:7015/swagger/favicon-32x32.png - 200 628 image/png 3.216ms
2024-06-17 15:17:25.088 +02:00  INF  Request finished HTTP/2 GET https://localhost:7015/swagger/v1/swagger.json - 200 null application/json;charset=utf-8 92.4184ms
2024-06-17 15:17:30.589 +02:00  INF  Request starting HTTP/2 GET https://localhost:7015/api/Animals - null null
2024-06-17 15:17:30.595 +02:00  INF  Executing endpoint 'API_Arcadia.Controllers.AnimalsController.GetAnimals (API_Arcadia)'
2024-06-17 15:17:30.609 +02:00  INF  Route matched with {action = "GetAnimals", controller = "Animals"}. Executing controller action with signature System.Threading.Tasks.Task`1[Microsoft.AspNetCore.Mvc.ActionResult`1[System.Collections.Generic.IEnumerable`1[API_Arcadia.Models.Animal]]] GetAnimals() on controller API_Arcadia.Controllers.AnimalsController (API_Arcadia).
2024-06-17 15:17:32.797 +02:00  INF  Executed DbCommand (31ms) [Parameters=[], CommandType='"Text"', CommandTimeout='30']
SELECT [a].[Id], [a].[IdHealth], [a].[IdSpecies], [a].[IsMale], [a].[Name], [s].[Id], [a0].[Id], [a0].[IdAnimal], [a0].[MiniSlug], [a0].[Slug], [s].[Description], [s].[FemaleMaxSize], [s].[FemaleMaxWeight], [s].[IdDiet], [s].[IdSizeUnit], [s].[IdWeightUnit], [s].[Lifespan], [s].[MaleMaxSize], [s].[MaleMaxWeight], [s].[Name], [s].[ScientificName]
FROM [Animals] AS [a]
INNER JOIN [Speciess] AS [s] ON [a].[IdSpecies] = [s].[Id]
LEFT JOIN [AnimalImages] AS [a0] ON [a].[Id] = [a0].[IdAnimal]
ORDER BY [a].[Id], [s].[Id]
2024-06-17 15:17:32.890 +02:00  INF  Executing OkObjectResult, writing value of type 'System.Collections.Generic.List`1[[API_Arcadia.Models.Animal, API_Arcadia, Version=1.0.0.0, Culture=neutral, PublicKeyToken=null]]'.
2024-06-17 15:17:32.913 +02:00  INF  Executed action API_Arcadia.Controllers.AnimalsController.GetAnimals (API_Arcadia) in 2300.9517ms
2024-06-17 15:17:32.915 +02:00  INF  Executed endpoint 'API_Arcadia.Controllers.AnimalsController.GetAnimals (API_Arcadia)'
2024-06-17 15:17:32.919 +02:00  INF  Request finished HTTP/2 GET https://localhost:7015/api/Animals - 200 null application/json; charset=utf-8 2330.105ms
2024-06-17 15:56:48.870 +02:00  INF  Request starting HTTP/2 GET https://localhost:7015/images/animals/l_orang_outan1.jpg - null null
2024-06-17 15:56:48.870 +02:00  INF  Request starting HTTP/2 GET https://localhost:7015/images/animals/638496693873204536_Mufasa.jpg - null null
2024-06-17 15:56:48.870 +02:00  INF  Request starting HTTP/2 GET https://localhost:7015/images/animals/638496693869536018_Mufasa.jpg - null null
2024-06-17 15:56:48.930 +02:00  INF  Sending file. Request path: '/images/animals/l_orang_outan1.jpg'. Physical path: 'C:\Users\Lacon\Desktop\DEVELOPPEMENT\ECF_Zoo\ECF_Zoo\API_Arcadia\wwwroot\images\animals\l_orang_outan1.jpg'
2024-06-17 15:56:48.931 +02:00  INF  Request finished HTTP/2 GET https://localhost:7015/images/animals/l_orang_outan1.jpg - 200 48419 image/jpeg 61.1914ms
2024-06-17 15:56:48.948 +02:00  INF  Sending file. Request path: '/images/animals/638496693869536018_Mufasa.jpg'. Physical path: 'C:\Users\Lacon\Desktop\DEVELOPPEMENT\ECF_Zoo\ECF_Zoo\API_Arcadia\wwwroot\images\animals\638496693869536018_Mufasa.jpg'
2024-06-17 15:56:48.949 +02:00  INF  Request finished HTTP/2 GET https://localhost:7015/images/animals/638496693869536018_Mufasa.jpg - 200 643175 image/jpeg 78.9553ms
2024-06-17 15:56:49.087 +02:00  INF  Sending file. Request path: '/images/animals/638496693873204536_Mufasa.jpg'. Physical path: 'C:\Users\Lacon\Desktop\DEVELOPPEMENT\ECF_Zoo\ECF_Zoo\API_Arcadia\wwwroot\images\animals\638496693873204536_Mufasa.jpg'
2024-06-17 15:56:49.088 +02:00  INF  Request finished HTTP/2 GET https://localhost:7015/images/animals/638496693873204536_Mufasa.jpg - 200 8273660 image/jpeg 217.5313ms
2024-06-17 16:14:30.696 +02:00  INF  Request starting HTTP/2 GET https://localhost:7015/images/animals/638496693873204536_Mufasa.jpg - null null
2024-06-17 16:14:30.697 +02:00  INF  Request starting HTTP/2 GET https://localhost:7015/images/animals/638496693869536018_Mufasa.jpg - null null
2024-06-17 16:14:30.702 +02:00  INF  Request starting HTTP/2 GET https://localhost:7015/images/animals/l_orang_outan1.jpg - null null
2024-06-17 16:14:30.742 +02:00  INF  Sending file. Request path: '/images/animals/l_orang_outan1.jpg'. Physical path: 'C:\Users\Lacon\Desktop\DEVELOPPEMENT\ECF_Zoo\ECF_Zoo\API_Arcadia\wwwroot\images\animals\l_orang_outan1.jpg'
2024-06-17 16:14:30.745 +02:00  INF  Request finished HTTP/2 GET https://localhost:7015/images/animals/l_orang_outan1.jpg - 200 48419 image/jpeg 43.1385ms
2024-06-17 16:14:30.751 +02:00  INF  Sending file. Request path: '/images/animals/638496693869536018_Mufasa.jpg'. Physical path: 'C:\Users\Lacon\Desktop\DEVELOPPEMENT\ECF_Zoo\ECF_Zoo\API_Arcadia\wwwroot\images\animals\638496693869536018_Mufasa.jpg'
2024-06-17 16:14:30.752 +02:00  INF  Request finished HTTP/2 GET https://localhost:7015/images/animals/638496693869536018_Mufasa.jpg - 200 643175 image/jpeg 56.3506ms
2024-06-17 16:14:30.904 +02:00  INF  Sending file. Request path: '/images/animals/638496693873204536_Mufasa.jpg'. Physical path: 'C:\Users\Lacon\Desktop\DEVELOPPEMENT\ECF_Zoo\ECF_Zoo\API_Arcadia\wwwroot\images\animals\638496693873204536_Mufasa.jpg'
2024-06-17 16:14:30.906 +02:00  INF  Request finished HTTP/2 GET https://localhost:7015/images/animals/638496693873204536_Mufasa.jpg - 200 8273660 image/jpeg 210.8474ms
2024-06-17 20:41:12.518 +02:00  INF  Now listening on: https://localhost:7015
2024-06-17 20:41:12.553 +02:00  INF  Now listening on: http://localhost:5131
2024-06-17 20:41:12.555 +02:00  INF  Application started. Press Ctrl+C to shut down.
2024-06-17 20:41:12.556 +02:00  INF  Hosting environment: Development
2024-06-17 20:41:12.558 +02:00  INF  Content root path: C:\Users\Lacon\Desktop\DEVELOPPEMENT\ECF_Zoo\ECF_Zoo\API_Arcadia
2024-06-17 20:41:13.264 +02:00  INF  Request starting HTTP/2 GET https://localhost:7015/swagger/index.html - null null
2024-06-17 20:41:13.432 +02:00  INF  Request finished HTTP/2 GET https://localhost:7015/swagger/index.html - 200 null text/html;charset=utf-8 173.065ms
2024-06-17 20:41:13.448 +02:00  INF  Request starting HTTP/2 GET https://localhost:7015/_framework/aspnetcore-browser-refresh.js - null null
2024-06-17 20:41:13.454 +02:00  INF  Request finished HTTP/2 GET https://localhost:7015/_framework/aspnetcore-browser-refresh.js - 200 13757 application/javascript; charset=utf-8 5.8025ms
2024-06-17 20:41:13.457 +02:00  INF  Request starting HTTP/2 GET https://localhost:7015/_vs/browserLink - null null
2024-06-17 20:41:13.498 +02:00  INF  Request finished HTTP/2 GET https://localhost:7015/_vs/browserLink - 200 null text/javascript; charset=UTF-8 40.4777ms
2024-06-17 20:41:13.636 +02:00  INF  Request starting HTTP/2 GET https://localhost:7015/swagger/v1/swagger.json - null null
2024-06-17 20:41:13.760 +02:00  INF  Request finished HTTP/2 GET https://localhost:7015/swagger/v1/swagger.json - 200 null application/json;charset=utf-8 123.4438ms
