2024-06-30 19:57:16.115 +02:00  INF  Now listening on: https://localhost:7015
2024-06-30 19:57:16.143 +02:00  INF  Now listening on: http://localhost:5131
2024-06-30 19:57:16.145 +02:00  INF  Application started. Press Ctrl+C to shut down.
2024-06-30 19:57:16.146 +02:00  INF  Hosting environment: Development
2024-06-30 19:57:16.146 +02:00  INF  Content root path: C:\Users\Lacon\Desktop\DEVELOPPEMENT\ECF_Zoo\ECF_Zoo\API_Arcadia
2024-06-30 19:57:16.746 +02:00  INF  Request starting HTTP/2 GET https://localhost:7015/swagger - null null
2024-06-30 19:57:16.908 +02:00  INF  Request finished HTTP/2 GET https://localhost:7015/swagger - 301 0 null 165.4548ms
2024-06-30 19:57:16.913 +02:00  INF  Request starting HTTP/2 GET https://localhost:7015/swagger/index.html - null null
2024-06-30 19:57:16.962 +02:00  INF  Request finished HTTP/2 GET https://localhost:7015/swagger/index.html - 200 null text/html;charset=utf-8 49.6453ms
2024-06-30 19:57:16.971 +02:00  INF  Request starting HTTP/2 GET https://localhost:7015/swagger/swagger-ui.css - null null
2024-06-30 19:57:16.975 +02:00  INF  Request starting HTTP/2 GET https://localhost:7015/swagger/swagger-ui-standalone-preset.js - null null
2024-06-30 19:57:16.975 +02:00  INF  Request starting HTTP/2 GET https://localhost:7015/swagger/swagger-ui-bundle.js - null null
2024-06-30 19:57:16.975 +02:00  INF  Request starting HTTP/2 GET https://localhost:7015/_framework/aspnetcore-browser-refresh.js - null null
2024-06-30 19:57:16.991 +02:00  INF  Request starting HTTP/2 GET https://localhost:7015/_vs/browserLink - null null
2024-06-30 19:57:17.003 +02:00  INF  Request finished HTTP/2 GET https://localhost:7015/_framework/aspnetcore-browser-refresh.js - 200 13758 application/javascript; charset=utf-8 26.1882ms
2024-06-30 19:57:17.016 +02:00  INF  Sending file. Request path: '/swagger-ui-standalone-preset.js'. Physical path: 'N/A'
2024-06-30 19:57:17.016 +02:00  INF  Sending file. Request path: '/swagger-ui.css'. Physical path: 'N/A'
2024-06-30 19:57:17.020 +02:00  INF  Request finished HTTP/2 GET https://localhost:7015/swagger/swagger-ui.css - 200 144929 text/css 49.3866ms
2024-06-30 19:57:17.020 +02:00  INF  Request finished HTTP/2 GET https://localhost:7015/swagger/swagger-ui-standalone-preset.js - 200 312163 text/javascript 44.5892ms
2024-06-30 19:57:17.029 +02:00  INF  Sending file. Request path: '/swagger-ui-bundle.js'. Physical path: 'N/A'
2024-06-30 19:57:17.030 +02:00  INF  Request finished HTTP/2 GET https://localhost:7015/swagger/swagger-ui-bundle.js - 200 1061536 text/javascript 54.4792ms
2024-06-30 19:57:17.050 +02:00  INF  Request finished HTTP/2 GET https://localhost:7015/_vs/browserLink - 200 null text/javascript; charset=UTF-8 59.4383ms
2024-06-30 19:57:17.140 +02:00  INF  Request starting HTTP/2 GET https://localhost:7015/swagger/v1/swagger.json - null null
2024-06-30 19:57:17.245 +02:00  INF  Request finished HTTP/2 GET https://localhost:7015/swagger/v1/swagger.json - 200 null application/json;charset=utf-8 104.8636ms
2024-06-30 20:08:27.171 +02:00  INF  Request starting HTTP/2 GET https://localhost:7015/x - null null
2024-06-30 20:08:27.177 +02:00  INF  Request finished HTTP/2 GET https://localhost:7015/x - 404 0 null 6.0516ms
2024-06-30 20:08:27.180 +02:00  INF  Request reached the end of the middleware pipeline without being handled by application code. Request path: GET https://localhost:7015/x, Response status code: 404
2024-06-30 20:10:16.138 +02:00  INF  Request starting HTTP/2 GET https://localhost:7015/images/animals/638496693869536822_Mufasa_mini.jpg - null null
2024-06-30 20:10:16.138 +02:00  INF  Request starting HTTP/2 GET https://localhost:7015/x - null null
2024-06-30 20:10:16.138 +02:00  INF  Request starting HTTP/2 GET https://localhost:7015/images/animals/638496693873204641_Mufasa_mini.jpg - null null
2024-06-30 20:10:16.150 +02:00  INF  Request finished HTTP/2 GET https://localhost:7015/x - 404 0 null 11.8783ms
2024-06-30 20:10:16.168 +02:00  INF  Request reached the end of the middleware pipeline without being handled by application code. Request path: GET https://localhost:7015/x, Response status code: 404
2024-06-30 20:10:16.218 +02:00  INF  Sending file. Request path: '/images/animals/638496693873204641_Mufasa_mini.jpg'. Physical path: 'C:\Users\Lacon\Desktop\DEVELOPPEMENT\ECF_Zoo\ECF_Zoo\API_Arcadia\wwwroot\images\animals\638496693873204641_Mufasa_mini.jpg'
2024-06-30 20:10:16.218 +02:00  INF  Sending file. Request path: '/images/animals/638496693869536822_Mufasa_mini.jpg'. Physical path: 'C:\Users\Lacon\Desktop\DEVELOPPEMENT\ECF_Zoo\ECF_Zoo\API_Arcadia\wwwroot\images\animals\638496693869536822_Mufasa_mini.jpg'
2024-06-30 20:10:16.219 +02:00  INF  Request finished HTTP/2 GET https://localhost:7015/images/animals/638496693873204641_Mufasa_mini.jpg - 200 93587 image/jpeg 80.9633ms
2024-06-30 20:10:16.220 +02:00  INF  Request finished HTTP/2 GET https://localhost:7015/images/animals/638496693869536822_Mufasa_mini.jpg - 200 80881 image/jpeg 82.3515ms
2024-06-30 20:11:57.131 +02:00  INF  Request starting HTTP/2 GET https://localhost:7015/images/animals/638496693873204641_Mufasa_mini.jpg - null null
2024-06-30 20:11:57.131 +02:00  INF  Request starting HTTP/2 GET https://localhost:7015/images/animals/638496693869536822_Mufasa_mini.jpg - null null
2024-06-30 20:11:57.131 +02:00  INF  Request starting HTTP/2 GET https://localhost:7015/x - null null
2024-06-30 20:11:57.154 +02:00  INF  Sending file. Request path: '/images/animals/638496693873204641_Mufasa_mini.jpg'. Physical path: 'C:\Users\Lacon\Desktop\DEVELOPPEMENT\ECF_Zoo\ECF_Zoo\API_Arcadia\wwwroot\images\animals\638496693873204641_Mufasa_mini.jpg'
2024-06-30 20:11:57.155 +02:00  INF  Request finished HTTP/2 GET https://localhost:7015/x - 404 0 null 23.1837ms
2024-06-30 20:11:57.159 +02:00  INF  Request finished HTTP/2 GET https://localhost:7015/images/animals/638496693873204641_Mufasa_mini.jpg - 200 93587 image/jpeg 28.5265ms
2024-06-30 20:11:57.160 +02:00  INF  Sending file. Request path: '/images/animals/638496693869536822_Mufasa_mini.jpg'. Physical path: 'C:\Users\Lacon\Desktop\DEVELOPPEMENT\ECF_Zoo\ECF_Zoo\API_Arcadia\wwwroot\images\animals\638496693869536822_Mufasa_mini.jpg'
2024-06-30 20:11:57.173 +02:00  INF  Request reached the end of the middleware pipeline without being handled by application code. Request path: GET https://localhost:7015/x, Response status code: 404
2024-06-30 20:11:57.176 +02:00  INF  Request finished HTTP/2 GET https://localhost:7015/images/animals/638496693869536822_Mufasa_mini.jpg - 200 80881 image/jpeg 45.3504ms
2024-06-30 20:16:37.206 +02:00  INF  Request starting HTTP/2 GET https://localhost:7015/x - null null
2024-06-30 20:16:37.211 +02:00  INF  Request finished HTTP/2 GET https://localhost:7015/x - 404 0 null 6.0336ms
2024-06-30 20:16:37.213 +02:00  INF  Request reached the end of the middleware pipeline without being handled by application code. Request path: GET https://localhost:7015/x, Response status code: 404
2024-06-30 20:20:30.181 +02:00  INF  Request starting HTTP/2 GET https://localhost:7015/x - null null
2024-06-30 20:20:30.186 +02:00  INF  Request finished HTTP/2 GET https://localhost:7015/x - 404 0 null 5.5422ms
2024-06-30 20:20:30.188 +02:00  INF  Request reached the end of the middleware pipeline without being handled by application code. Request path: GET https://localhost:7015/x, Response status code: 404
2024-06-30 20:23:49.224 +02:00  INF  Request starting HTTP/2 GET https://localhost:7015/x - null null
2024-06-30 20:23:49.228 +02:00  INF  Request finished HTTP/2 GET https://localhost:7015/x - 404 0 null 4.4289ms
2024-06-30 20:23:49.230 +02:00  INF  Request reached the end of the middleware pipeline without being handled by application code. Request path: GET https://localhost:7015/x, Response status code: 404
2024-06-30 20:24:41.088 +02:00  INF  Request starting HTTP/2 GET https://localhost:7015/x - null null
2024-06-30 20:24:41.093 +02:00  INF  Request finished HTTP/2 GET https://localhost:7015/x - 404 0 null 5.3836ms
2024-06-30 20:24:41.095 +02:00  INF  Request reached the end of the middleware pipeline without being handled by application code. Request path: GET https://localhost:7015/x, Response status code: 404
2024-06-30 20:25:04.585 +02:00  INF  Request starting HTTP/2 GET https://localhost:7015/x - null null
2024-06-30 20:25:04.591 +02:00  INF  Request finished HTTP/2 GET https://localhost:7015/x - 404 0 null 6.0877ms
2024-06-30 20:25:04.593 +02:00  INF  Request reached the end of the middleware pipeline without being handled by application code. Request path: GET https://localhost:7015/x, Response status code: 404
2024-06-30 20:25:07.587 +02:00  INF  Request starting HTTP/2 GET https://localhost:7015/images/animals/638496693869536822_Mufasa_mini.jpg - null null
2024-06-30 20:25:07.588 +02:00  INF  Request starting HTTP/2 GET https://localhost:7015/images/animals/638496693873204641_Mufasa_mini.jpg - null null
2024-06-30 20:25:07.589 +02:00  INF  Request starting HTTP/2 GET https://localhost:7015/x - null null
2024-06-30 20:25:07.598 +02:00  INF  Request finished HTTP/2 GET https://localhost:7015/x - 404 0 null 9.5191ms
2024-06-30 20:25:07.600 +02:00  INF  Sending file. Request path: '/images/animals/638496693869536822_Mufasa_mini.jpg'. Physical path: 'C:\Users\Lacon\Desktop\DEVELOPPEMENT\ECF_Zoo\ECF_Zoo\API_Arcadia\wwwroot\images\animals\638496693869536822_Mufasa_mini.jpg'
2024-06-30 20:25:07.608 +02:00  INF  Request reached the end of the middleware pipeline without being handled by application code. Request path: GET https://localhost:7015/x, Response status code: 404
2024-06-30 20:25:07.610 +02:00  INF  Sending file. Request path: '/images/animals/638496693873204641_Mufasa_mini.jpg'. Physical path: 'C:\Users\Lacon\Desktop\DEVELOPPEMENT\ECF_Zoo\ECF_Zoo\API_Arcadia\wwwroot\images\animals\638496693873204641_Mufasa_mini.jpg'
2024-06-30 20:25:07.611 +02:00  INF  Request finished HTTP/2 GET https://localhost:7015/images/animals/638496693869536822_Mufasa_mini.jpg - 200 80881 image/jpeg 24.5996ms
2024-06-30 20:25:07.615 +02:00  INF  Request finished HTTP/2 GET https://localhost:7015/images/animals/638496693873204641_Mufasa_mini.jpg - 200 93587 image/jpeg 27.1234ms
2024-06-30 20:26:33.287 +02:00  INF  Request starting HTTP/2 GET https://localhost:7015/images/animals/638496693869536018_Mufasa.jpg - null null
2024-06-30 20:26:33.309 +02:00  INF  Sending file. Request path: '/images/animals/638496693869536018_Mufasa.jpg'. Physical path: 'C:\Users\Lacon\Desktop\DEVELOPPEMENT\ECF_Zoo\ECF_Zoo\API_Arcadia\wwwroot\images\animals\638496693869536018_Mufasa.jpg'
2024-06-30 20:26:33.313 +02:00  INF  Request finished HTTP/2 GET https://localhost:7015/images/animals/638496693869536018_Mufasa.jpg - 200 643175 image/jpeg 25.6412ms
2024-06-30 20:26:34.276 +02:00  INF  Request starting HTTP/2 GET https://localhost:7015/x - null null
2024-06-30 20:26:34.278 +02:00  INF  Request finished HTTP/2 GET https://localhost:7015/x - 404 0 null 2.3119ms
2024-06-30 20:26:34.280 +02:00  INF  Request reached the end of the middleware pipeline without being handled by application code. Request path: GET https://localhost:7015/x, Response status code: 404
2024-06-30 20:26:36.831 +02:00  INF  Request starting HTTP/2 GET https://localhost:7015/images/animals/638496693869536822_Mufasa_mini.jpg - null null
2024-06-30 20:26:36.832 +02:00  INF  Request starting HTTP/2 GET https://localhost:7015/images/animals/638496693873204641_Mufasa_mini.jpg - null null
2024-06-30 20:26:36.833 +02:00  INF  Request starting HTTP/2 GET https://localhost:7015/x - null null
2024-06-30 20:26:36.840 +02:00  INF  Sending file. Request path: '/images/animals/638496693869536822_Mufasa_mini.jpg'. Physical path: 'C:\Users\Lacon\Desktop\DEVELOPPEMENT\ECF_Zoo\ECF_Zoo\API_Arcadia\wwwroot\images\animals\638496693869536822_Mufasa_mini.jpg'
2024-06-30 20:26:36.846 +02:00  INF  Request finished HTTP/2 GET https://localhost:7015/x - 404 0 null 13.9268ms
2024-06-30 20:26:36.846 +02:00  INF  Sending file. Request path: '/images/animals/638496693873204641_Mufasa_mini.jpg'. Physical path: 'C:\Users\Lacon\Desktop\DEVELOPPEMENT\ECF_Zoo\ECF_Zoo\API_Arcadia\wwwroot\images\animals\638496693873204641_Mufasa_mini.jpg'
2024-06-30 20:26:36.847 +02:00  INF  Request finished HTTP/2 GET https://localhost:7015/images/animals/638496693869536822_Mufasa_mini.jpg - 200 80881 image/jpeg 15.3484ms
2024-06-30 20:26:36.849 +02:00  INF  Request reached the end of the middleware pipeline without being handled by application code. Request path: GET https://localhost:7015/x, Response status code: 404
2024-06-30 20:26:36.850 +02:00  INF  Request finished HTTP/2 GET https://localhost:7015/images/animals/638496693873204641_Mufasa_mini.jpg - 200 93587 image/jpeg 17.664ms
2024-06-30 20:26:59.604 +02:00  INF  Request starting HTTP/2 GET https://localhost:7015/x - null null
2024-06-30 20:26:59.606 +02:00  INF  Request finished HTTP/2 GET https://localhost:7015/x - 404 0 null 2.2968ms
2024-06-30 20:26:59.609 +02:00  INF  Request reached the end of the middleware pipeline without being handled by application code. Request path: GET https://localhost:7015/x, Response status code: 404
2024-06-30 20:27:40.052 +02:00  INF  Request starting HTTP/2 GET https://localhost:7015/x - null null
2024-06-30 20:27:40.058 +02:00  INF  Request finished HTTP/2 GET https://localhost:7015/x - 404 0 null 6.4853ms
2024-06-30 20:27:40.061 +02:00  INF  Request reached the end of the middleware pipeline without being handled by application code. Request path: GET https://localhost:7015/x, Response status code: 404
2024-06-30 20:27:52.245 +02:00  INF  Request starting HTTP/2 GET https://localhost:7015/x - null null
2024-06-30 20:27:52.247 +02:00  INF  Request finished HTTP/2 GET https://localhost:7015/x - 404 0 null 2.6225ms
2024-06-30 20:27:52.250 +02:00  INF  Request reached the end of the middleware pipeline without being handled by application code. Request path: GET https://localhost:7015/x, Response status code: 404
2024-06-30 20:28:46.962 +02:00  INF  Request starting HTTP/2 GET https://localhost:7015/x - null null
2024-06-30 20:28:46.967 +02:00  INF  Request finished HTTP/2 GET https://localhost:7015/x - 404 0 null 5.0813ms
2024-06-30 20:28:46.969 +02:00  INF  Request reached the end of the middleware pipeline without being handled by application code. Request path: GET https://localhost:7015/x, Response status code: 404
2024-06-30 21:02:50.839 +02:00  INF  Request starting HTTP/2 GET https://localhost:7015/x - null null
2024-06-30 21:02:50.847 +02:00  INF  Request finished HTTP/2 GET https://localhost:7015/x - 404 0 null 8.879ms
2024-06-30 21:02:50.850 +02:00  INF  Request reached the end of the middleware pipeline without being handled by application code. Request path: GET https://localhost:7015/x, Response status code: 404
2024-06-30 21:02:53.206 +02:00  INF  Request starting HTTP/2 GET https://localhost:7015/images/animals/638496693873204641_Mufasa_mini.jpg - null null
2024-06-30 21:02:53.206 +02:00  INF  Request starting HTTP/2 GET https://localhost:7015/images/animals/638496693869536822_Mufasa_mini.jpg - null null
2024-06-30 21:02:53.206 +02:00  INF  Request starting HTTP/2 GET https://localhost:7015/x - null null
2024-06-30 21:02:53.216 +02:00  INF  Request finished HTTP/2 GET https://localhost:7015/x - 404 0 null 10.113ms
2024-06-30 21:02:53.217 +02:00  INF  Sending file. Request path: '/images/animals/638496693873204641_Mufasa_mini.jpg'. Physical path: 'C:\Users\Lacon\Desktop\DEVELOPPEMENT\ECF_Zoo\ECF_Zoo\API_Arcadia\wwwroot\images\animals\638496693873204641_Mufasa_mini.jpg'
2024-06-30 21:02:53.226 +02:00  INF  Request reached the end of the middleware pipeline without being handled by application code. Request path: GET https://localhost:7015/x, Response status code: 404
2024-06-30 21:02:53.228 +02:00  INF  Sending file. Request path: '/images/animals/638496693869536822_Mufasa_mini.jpg'. Physical path: 'C:\Users\Lacon\Desktop\DEVELOPPEMENT\ECF_Zoo\ECF_Zoo\API_Arcadia\wwwroot\images\animals\638496693869536822_Mufasa_mini.jpg'
2024-06-30 21:02:53.228 +02:00  INF  Request finished HTTP/2 GET https://localhost:7015/images/animals/638496693873204641_Mufasa_mini.jpg - 200 93587 image/jpeg 22.6617ms
2024-06-30 21:02:53.230 +02:00  INF  Request finished HTTP/2 GET https://localhost:7015/images/animals/638496693869536822_Mufasa_mini.jpg - 200 80881 image/jpeg 24.8233ms
2024-06-30 21:04:02.122 +02:00  INF  Request starting HTTP/2 GET https://localhost:7015/images/animals/638496693869536018_Mufasa.jpg - null null
2024-06-30 21:04:02.143 +02:00  INF  Sending file. Request path: '/images/animals/638496693869536018_Mufasa.jpg'. Physical path: 'C:\Users\Lacon\Desktop\DEVELOPPEMENT\ECF_Zoo\ECF_Zoo\API_Arcadia\wwwroot\images\animals\638496693869536018_Mufasa.jpg'
2024-06-30 21:04:02.144 +02:00  INF  Request finished HTTP/2 GET https://localhost:7015/images/animals/638496693869536018_Mufasa.jpg - 200 643175 image/jpeg 22.2047ms
2024-06-30 21:04:03.611 +02:00  INF  Request starting HTTP/2 GET https://localhost:7015/x - null null
2024-06-30 21:04:03.613 +02:00  INF  Request finished HTTP/2 GET https://localhost:7015/x - 404 0 null 2.1004ms
2024-06-30 21:04:03.615 +02:00  INF  Request reached the end of the middleware pipeline without being handled by application code. Request path: GET https://localhost:7015/x, Response status code: 404
2024-06-30 21:09:09.200 +02:00  INF  Request starting HTTP/2 GET https://localhost:7015/api/animals - null null
2024-06-30 21:09:09.207 +02:00  INF  CORS policy execution successful.
2024-06-30 21:09:09.210 +02:00  INF  Executing endpoint 'API_Arcadia.Controllers.AnimalsController.GetAnimals (API_Arcadia)'
2024-06-30 21:09:09.225 +02:00  INF  Route matched with {action = "GetAnimals", controller = "Animals"}. Executing controller action with signature System.Threading.Tasks.Task`1[Microsoft.AspNetCore.Mvc.ActionResult`1[System.Collections.Generic.IEnumerable`1[API_Arcadia.Models.Animal]]] GetAnimals() on controller API_Arcadia.Controllers.AnimalsController (API_Arcadia).
2024-06-30 21:09:11.612 +02:00  INF  Executed DbCommand (29ms) [Parameters=[], CommandType='"Text"', CommandTimeout='30']
SELECT [a].[Id], [a].[IdHealth], [a].[IdSpecies], [a].[IsMale], [a].[Name], [s].[Id], [a0].[Id], [a0].[IdAnimal], [a0].[MiniSlug], [a0].[Slug], [s].[Description], [s].[FemaleMaxSize], [s].[FemaleMaxWeight], [s].[IdDiet], [s].[IdSizeUnit], [s].[IdWeightUnit], [s].[Lifespan], [s].[MaleMaxSize], [s].[MaleMaxWeight], [s].[Name], [s].[ScientificName]
FROM [Animals] AS [a]
INNER JOIN [Speciess] AS [s] ON [a].[IdSpecies] = [s].[Id]
LEFT JOIN [AnimalImages] AS [a0] ON [a].[Id] = [a0].[IdAnimal]
ORDER BY [a].[Id], [s].[Id]
2024-06-30 21:09:11.705 +02:00  INF  Executing OkObjectResult, writing value of type 'System.Collections.Generic.List`1[[API_Arcadia.Models.Animal, API_Arcadia, Version=1.0.0.0, Culture=neutral, PublicKeyToken=null]]'.
2024-06-30 21:09:11.734 +02:00  INF  Executed action API_Arcadia.Controllers.AnimalsController.GetAnimals (API_Arcadia) in 2504.9557ms
2024-06-30 21:09:11.735 +02:00  INF  Executed endpoint 'API_Arcadia.Controllers.AnimalsController.GetAnimals (API_Arcadia)'
2024-06-30 21:09:11.740 +02:00  INF  Request finished HTTP/2 GET https://localhost:7015/api/animals - 200 null application/json; charset=utf-8 2540.1155ms
2024-06-30 21:14:25.036 +02:00  INF  Request starting HTTP/2 GET https://localhost:7015/api/animals - null null
2024-06-30 21:14:25.040 +02:00  INF  CORS policy execution successful.
2024-06-30 21:14:25.040 +02:00  INF  Executing endpoint 'API_Arcadia.Controllers.AnimalsController.GetAnimals (API_Arcadia)'
2024-06-30 21:14:25.042 +02:00  INF  Route matched with {action = "GetAnimals", controller = "Animals"}. Executing controller action with signature System.Threading.Tasks.Task`1[Microsoft.AspNetCore.Mvc.ActionResult`1[System.Collections.Generic.IEnumerable`1[API_Arcadia.Models.Animal]]] GetAnimals() on controller API_Arcadia.Controllers.AnimalsController (API_Arcadia).
2024-06-30 21:14:25.062 +02:00  INF  Executed DbCommand (2ms) [Parameters=[], CommandType='"Text"', CommandTimeout='30']
SELECT [a].[Id], [a].[IdHealth], [a].[IdSpecies], [a].[IsMale], [a].[Name], [s].[Id], [a0].[Id], [a0].[IdAnimal], [a0].[MiniSlug], [a0].[Slug], [s].[Description], [s].[FemaleMaxSize], [s].[FemaleMaxWeight], [s].[IdDiet], [s].[IdSizeUnit], [s].[IdWeightUnit], [s].[Lifespan], [s].[MaleMaxSize], [s].[MaleMaxWeight], [s].[Name], [s].[ScientificName]
FROM [Animals] AS [a]
INNER JOIN [Speciess] AS [s] ON [a].[IdSpecies] = [s].[Id]
LEFT JOIN [AnimalImages] AS [a0] ON [a].[Id] = [a0].[IdAnimal]
ORDER BY [a].[Id], [s].[Id]
2024-06-30 21:14:25.067 +02:00  INF  Executing OkObjectResult, writing value of type 'System.Collections.Generic.List`1[[API_Arcadia.Models.Animal, API_Arcadia, Version=1.0.0.0, Culture=neutral, PublicKeyToken=null]]'.
2024-06-30 21:14:25.073 +02:00  INF  Executed action API_Arcadia.Controllers.AnimalsController.GetAnimals (API_Arcadia) in 30.2448ms
2024-06-30 21:14:25.074 +02:00  INF  Executed endpoint 'API_Arcadia.Controllers.AnimalsController.GetAnimals (API_Arcadia)'
2024-06-30 21:14:25.075 +02:00  INF  Request finished HTTP/2 GET https://localhost:7015/api/animals - 200 null application/json; charset=utf-8 39.3379ms
2024-06-30 21:14:27.964 +02:00  INF  Request starting HTTP/2 GET https://localhost:7015/api/animals - null null
2024-06-30 21:14:27.965 +02:00  INF  CORS policy execution successful.
2024-06-30 21:14:27.966 +02:00  INF  Executing endpoint 'API_Arcadia.Controllers.AnimalsController.GetAnimals (API_Arcadia)'
2024-06-30 21:14:27.966 +02:00  INF  Route matched with {action = "GetAnimals", controller = "Animals"}. Executing controller action with signature System.Threading.Tasks.Task`1[Microsoft.AspNetCore.Mvc.ActionResult`1[System.Collections.Generic.IEnumerable`1[API_Arcadia.Models.Animal]]] GetAnimals() on controller API_Arcadia.Controllers.AnimalsController (API_Arcadia).
2024-06-30 21:14:28.020 +02:00  INF  Executed DbCommand (1ms) [Parameters=[], CommandType='"Text"', CommandTimeout='30']
SELECT [a].[Id], [a].[IdHealth], [a].[IdSpecies], [a].[IsMale], [a].[Name], [s].[Id], [a0].[Id], [a0].[IdAnimal], [a0].[MiniSlug], [a0].[Slug], [s].[Description], [s].[FemaleMaxSize], [s].[FemaleMaxWeight], [s].[IdDiet], [s].[IdSizeUnit], [s].[IdWeightUnit], [s].[Lifespan], [s].[MaleMaxSize], [s].[MaleMaxWeight], [s].[Name], [s].[ScientificName]
FROM [Animals] AS [a]
INNER JOIN [Speciess] AS [s] ON [a].[IdSpecies] = [s].[Id]
LEFT JOIN [AnimalImages] AS [a0] ON [a].[Id] = [a0].[IdAnimal]
ORDER BY [a].[Id], [s].[Id]
2024-06-30 21:14:28.025 +02:00  INF  Executing OkObjectResult, writing value of type 'System.Collections.Generic.List`1[[API_Arcadia.Models.Animal, API_Arcadia, Version=1.0.0.0, Culture=neutral, PublicKeyToken=null]]'.
2024-06-30 21:14:28.028 +02:00  INF  Executed action API_Arcadia.Controllers.AnimalsController.GetAnimals (API_Arcadia) in 60.4612ms
2024-06-30 21:14:28.029 +02:00  INF  Executed endpoint 'API_Arcadia.Controllers.AnimalsController.GetAnimals (API_Arcadia)'
2024-06-30 21:14:28.030 +02:00  INF  Request finished HTTP/2 GET https://localhost:7015/api/animals - 200 null application/json; charset=utf-8 66.5481ms
2024-06-30 21:14:47.447 +02:00  INF  Request starting HTTP/2 GET https://localhost:7015/api/animals - null null
2024-06-30 21:14:47.448 +02:00  INF  CORS policy execution successful.
2024-06-30 21:14:47.449 +02:00  INF  Executing endpoint 'API_Arcadia.Controllers.AnimalsController.GetAnimals (API_Arcadia)'
2024-06-30 21:14:47.449 +02:00  INF  Route matched with {action = "GetAnimals", controller = "Animals"}. Executing controller action with signature System.Threading.Tasks.Task`1[Microsoft.AspNetCore.Mvc.ActionResult`1[System.Collections.Generic.IEnumerable`1[API_Arcadia.Models.Animal]]] GetAnimals() on controller API_Arcadia.Controllers.AnimalsController (API_Arcadia).
2024-06-30 21:14:47.453 +02:00  INF  Executed DbCommand (1ms) [Parameters=[], CommandType='"Text"', CommandTimeout='30']
SELECT [a].[Id], [a].[IdHealth], [a].[IdSpecies], [a].[IsMale], [a].[Name], [s].[Id], [a0].[Id], [a0].[IdAnimal], [a0].[MiniSlug], [a0].[Slug], [s].[Description], [s].[FemaleMaxSize], [s].[FemaleMaxWeight], [s].[IdDiet], [s].[IdSizeUnit], [s].[IdWeightUnit], [s].[Lifespan], [s].[MaleMaxSize], [s].[MaleMaxWeight], [s].[Name], [s].[ScientificName]
FROM [Animals] AS [a]
INNER JOIN [Speciess] AS [s] ON [a].[IdSpecies] = [s].[Id]
LEFT JOIN [AnimalImages] AS [a0] ON [a].[Id] = [a0].[IdAnimal]
ORDER BY [a].[Id], [s].[Id]
2024-06-30 21:14:47.456 +02:00  INF  Executing OkObjectResult, writing value of type 'System.Collections.Generic.List`1[[API_Arcadia.Models.Animal, API_Arcadia, Version=1.0.0.0, Culture=neutral, PublicKeyToken=null]]'.
2024-06-30 21:14:47.458 +02:00  INF  Executed action API_Arcadia.Controllers.AnimalsController.GetAnimals (API_Arcadia) in 7.4226ms
2024-06-30 21:14:47.461 +02:00  INF  Executed endpoint 'API_Arcadia.Controllers.AnimalsController.GetAnimals (API_Arcadia)'
2024-06-30 21:14:47.462 +02:00  INF  Request finished HTTP/2 GET https://localhost:7015/api/animals - 200 null application/json; charset=utf-8 15.6017ms
2024-06-30 21:17:27.204 +02:00  INF  Request starting HTTP/2 GET https://localhost:7015/api/animals - null null
2024-06-30 21:17:27.206 +02:00  INF  CORS policy execution successful.
2024-06-30 21:17:27.206 +02:00  INF  Executing endpoint 'API_Arcadia.Controllers.AnimalsController.GetAnimals (API_Arcadia)'
2024-06-30 21:17:27.207 +02:00  INF  Route matched with {action = "GetAnimals", controller = "Animals"}. Executing controller action with signature System.Threading.Tasks.Task`1[Microsoft.AspNetCore.Mvc.ActionResult`1[System.Collections.Generic.IEnumerable`1[API_Arcadia.Models.Animal]]] GetAnimals() on controller API_Arcadia.Controllers.AnimalsController (API_Arcadia).
2024-06-30 21:17:27.211 +02:00  INF  Executed DbCommand (1ms) [Parameters=[], CommandType='"Text"', CommandTimeout='30']
SELECT [a].[Id], [a].[IdHealth], [a].[IdSpecies], [a].[IsMale], [a].[Name], [s].[Id], [a0].[Id], [a0].[IdAnimal], [a0].[MiniSlug], [a0].[Slug], [s].[Description], [s].[FemaleMaxSize], [s].[FemaleMaxWeight], [s].[IdDiet], [s].[IdSizeUnit], [s].[IdWeightUnit], [s].[Lifespan], [s].[MaleMaxSize], [s].[MaleMaxWeight], [s].[Name], [s].[ScientificName]
FROM [Animals] AS [a]
INNER JOIN [Speciess] AS [s] ON [a].[IdSpecies] = [s].[Id]
LEFT JOIN [AnimalImages] AS [a0] ON [a].[Id] = [a0].[IdAnimal]
ORDER BY [a].[Id], [s].[Id]
2024-06-30 21:17:27.214 +02:00  INF  Executing OkObjectResult, writing value of type 'System.Collections.Generic.List`1[[API_Arcadia.Models.Animal, API_Arcadia, Version=1.0.0.0, Culture=neutral, PublicKeyToken=null]]'.
2024-06-30 21:17:27.216 +02:00  INF  Executed action API_Arcadia.Controllers.AnimalsController.GetAnimals (API_Arcadia) in 7.7054ms
2024-06-30 21:17:27.219 +02:00  INF  Request starting HTTP/2 GET https://localhost:7015/api/animals - null null
2024-06-30 21:17:27.220 +02:00  INF  Executed endpoint 'API_Arcadia.Controllers.AnimalsController.GetAnimals (API_Arcadia)'
2024-06-30 21:17:27.224 +02:00  INF  CORS policy execution successful.
2024-06-30 21:17:27.225 +02:00  INF  Request finished HTTP/2 GET https://localhost:7015/api/animals - 200 null application/json; charset=utf-8 21.0644ms
2024-06-30 21:17:27.227 +02:00  INF  Executing endpoint 'API_Arcadia.Controllers.AnimalsController.GetAnimals (API_Arcadia)'
2024-06-30 21:17:27.229 +02:00  INF  Route matched with {action = "GetAnimals", controller = "Animals"}. Executing controller action with signature System.Threading.Tasks.Task`1[Microsoft.AspNetCore.Mvc.ActionResult`1[System.Collections.Generic.IEnumerable`1[API_Arcadia.Models.Animal]]] GetAnimals() on controller API_Arcadia.Controllers.AnimalsController (API_Arcadia).
2024-06-30 21:17:27.237 +02:00  INF  Executed DbCommand (1ms) [Parameters=[], CommandType='"Text"', CommandTimeout='30']
SELECT [a].[Id], [a].[IdHealth], [a].[IdSpecies], [a].[IsMale], [a].[Name], [s].[Id], [a0].[Id], [a0].[IdAnimal], [a0].[MiniSlug], [a0].[Slug], [s].[Description], [s].[FemaleMaxSize], [s].[FemaleMaxWeight], [s].[IdDiet], [s].[IdSizeUnit], [s].[IdWeightUnit], [s].[Lifespan], [s].[MaleMaxSize], [s].[MaleMaxWeight], [s].[Name], [s].[ScientificName]
FROM [Animals] AS [a]
INNER JOIN [Speciess] AS [s] ON [a].[IdSpecies] = [s].[Id]
LEFT JOIN [AnimalImages] AS [a0] ON [a].[Id] = [a0].[IdAnimal]
ORDER BY [a].[Id], [s].[Id]
2024-06-30 21:17:27.240 +02:00  INF  Executing OkObjectResult, writing value of type 'System.Collections.Generic.List`1[[API_Arcadia.Models.Animal, API_Arcadia, Version=1.0.0.0, Culture=neutral, PublicKeyToken=null]]'.
2024-06-30 21:17:27.242 +02:00  INF  Executed action API_Arcadia.Controllers.AnimalsController.GetAnimals (API_Arcadia) in 7.0638ms
2024-06-30 21:17:27.243 +02:00  INF  Executed endpoint 'API_Arcadia.Controllers.AnimalsController.GetAnimals (API_Arcadia)'
2024-06-30 21:17:27.244 +02:00  INF  Request finished HTTP/2 GET https://localhost:7015/api/animals - 200 null application/json; charset=utf-8 24.3008ms
2024-06-30 21:17:47.511 +02:00  INF  Request starting HTTP/2 GET https://localhost:7015/images/animals/638496693869536822_Mufasa_mini.jpg - null null
2024-06-30 21:17:47.511 +02:00  INF  Request starting HTTP/2 GET https://localhost:7015/images/animals/638496693873204641_Mufasa_mini.jpg - null null
2024-06-30 21:17:47.517 +02:00  INF  Request starting HTTP/2 GET https://localhost:7015/x - null null
2024-06-30 21:17:47.533 +02:00  INF  Sending file. Request path: '/images/animals/638496693869536822_Mufasa_mini.jpg'. Physical path: 'C:\Users\Lacon\Desktop\DEVELOPPEMENT\ECF_Zoo\ECF_Zoo\API_Arcadia\wwwroot\images\animals\638496693869536822_Mufasa_mini.jpg'
2024-06-30 21:17:47.539 +02:00  INF  Request finished HTTP/2 GET https://localhost:7015/x - 404 0 null 22.9204ms
2024-06-30 21:17:47.539 +02:00  INF  Sending file. Request path: '/images/animals/638496693873204641_Mufasa_mini.jpg'. Physical path: 'C:\Users\Lacon\Desktop\DEVELOPPEMENT\ECF_Zoo\ECF_Zoo\API_Arcadia\wwwroot\images\animals\638496693873204641_Mufasa_mini.jpg'
2024-06-30 21:17:47.539 +02:00  INF  Request finished HTTP/2 GET https://localhost:7015/images/animals/638496693869536822_Mufasa_mini.jpg - 200 80881 image/jpeg 28.6828ms
2024-06-30 21:17:47.542 +02:00  INF  Request reached the end of the middleware pipeline without being handled by application code. Request path: GET https://localhost:7015/x, Response status code: 404
2024-06-30 21:17:47.543 +02:00  INF  Request finished HTTP/2 GET https://localhost:7015/images/animals/638496693873204641_Mufasa_mini.jpg - 200 93587 image/jpeg 31.4928ms
2024-06-30 21:17:49.960 +02:00  INF  Request starting HTTP/2 GET https://localhost:7015/x - null null
2024-06-30 21:17:49.963 +02:00  INF  Request finished HTTP/2 GET https://localhost:7015/x - 404 0 null 3.5056ms
2024-06-30 21:17:49.965 +02:00  INF  Request reached the end of the middleware pipeline without being handled by application code. Request path: GET https://localhost:7015/x, Response status code: 404
