2024-09-10 08:36:38.272 +02:00  INF  User profile is available. Using 'C:\Users\Lacon\AppData\Local\ASP.NET\DataProtection-Keys' as key repository and Windows DPAPI to encrypt keys at rest.
2024-09-10 08:36:38.527 +02:00  INF  Now listening on: https://localhost:7015
2024-09-10 08:36:38.529 +02:00  INF  Now listening on: http://localhost:5131
2024-09-10 08:36:38.606 +02:00  INF  Application started. Press Ctrl+C to shut down.
2024-09-10 08:36:38.608 +02:00  INF  Hosting environment: Development
2024-09-10 08:36:38.609 +02:00  INF  Content root path: D:\DEV\back\ECF_Zoo\API_Arcadia
2024-09-10 08:36:39.087 +02:00  INF  Request starting HTTP/2 GET https://localhost:7015/swagger/index.html - null null
2024-09-10 08:36:39.311 +02:00  INF  Request finished HTTP/2 GET https://localhost:7015/swagger/index.html - 200 null text/html;charset=utf-8 227.0503ms
2024-09-10 08:36:39.350 +02:00  INF  Request starting HTTP/2 GET https://localhost:7015/_framework/aspnetcore-browser-refresh.js - null null
2024-09-10 08:36:39.358 +02:00  INF  Request finished HTTP/2 GET https://localhost:7015/_framework/aspnetcore-browser-refresh.js - 200 13758 application/javascript; charset=utf-8 7.7507ms
2024-09-10 08:36:39.365 +02:00  INF  Request starting HTTP/2 GET https://localhost:7015/_vs/browserLink - null null
2024-09-10 08:36:39.414 +02:00  INF  Request finished HTTP/2 GET https://localhost:7015/_vs/browserLink - 200 null text/javascript; charset=UTF-8 48.4735ms
2024-09-10 08:36:39.569 +02:00  INF  Request starting HTTP/2 GET https://localhost:7015/swagger/v1/swagger.json - null null
2024-09-10 08:36:39.691 +02:00  INF  Request finished HTTP/2 GET https://localhost:7015/swagger/v1/swagger.json - 200 null application/json;charset=utf-8 121.7715ms
2024-09-10 08:36:56.232 +02:00  INF  Request starting HTTP/2 OPTIONS https://localhost:7015/api/Animals/length - null null
2024-09-10 08:36:56.233 +02:00  INF  Request starting HTTP/2 OPTIONS https://localhost:7015/api/OpeningHours - null null
2024-09-10 08:36:56.234 +02:00  INF  Request starting HTTP/2 OPTIONS https://localhost:7015/api/Reviews - null null
2024-09-10 08:36:56.241 +02:00  INF  CORS policy execution successful.
2024-09-10 08:36:56.241 +02:00  INF  CORS policy execution successful.
2024-09-10 08:36:56.241 +02:00  INF  CORS policy execution successful.
2024-09-10 08:36:56.243 +02:00  INF  Request finished HTTP/2 OPTIONS https://localhost:7015/api/Animals/length - 204 null null 10.9535ms
2024-09-10 08:36:56.243 +02:00  INF  Request finished HTTP/2 OPTIONS https://localhost:7015/api/Reviews - 204 null null 9.3247ms
2024-09-10 08:36:56.243 +02:00  INF  Request finished HTTP/2 OPTIONS https://localhost:7015/api/OpeningHours - 204 null null 9.6356ms
2024-09-10 08:36:56.253 +02:00  INF  Request starting HTTP/2 GET https://localhost:7015/api/Animals/length - null null
2024-09-10 08:36:56.253 +02:00  INF  Request starting HTTP/2 GET https://localhost:7015/api/OpeningHours - null null
2024-09-10 08:36:56.254 +02:00  INF  Request starting HTTP/2 GET https://localhost:7015/api/Reviews - null null
2024-09-10 08:36:56.257 +02:00  INF  CORS policy execution successful.
2024-09-10 08:36:56.257 +02:00  INF  CORS policy execution successful.
2024-09-10 08:36:56.259 +02:00  INF  CORS policy execution successful.
2024-09-10 08:36:57.597 +02:00  INF  Executing endpoint 'API_Arcadia.Controllers.OpeningHoursController.GetOpeningHours (API_Arcadia)'
2024-09-10 08:36:57.597 +02:00  INF  Executing endpoint 'API_Arcadia.Controllers.AnimalsController.GetAnimalsListLength (API_Arcadia)'
2024-09-10 08:36:57.597 +02:00  INF  Executing endpoint 'API_Arcadia.Controllers.ReviewsController.GetReviews (API_Arcadia)'
2024-09-10 08:36:57.616 +02:00  INF  Route matched with {action = "GetOpeningHours", controller = "OpeningHours"}. Executing controller action with signature System.Threading.Tasks.Task`1[Microsoft.AspNetCore.Mvc.ActionResult`1[System.Collections.Generic.IEnumerable`1[API_Arcadia.Models.OpeningHour]]] GetOpeningHours() on controller API_Arcadia.Controllers.OpeningHoursController (API_Arcadia).
2024-09-10 08:36:57.616 +02:00  INF  Route matched with {action = "GetAnimalsListLength", controller = "Animals"}. Executing controller action with signature System.Threading.Tasks.Task`1[Microsoft.AspNetCore.Mvc.ActionResult`1[System.Int32]] GetAnimalsListLength() on controller API_Arcadia.Controllers.AnimalsController (API_Arcadia).
2024-09-10 08:36:57.616 +02:00  INF  Route matched with {action = "GetReviews", controller = "Reviews"}. Executing controller action with signature System.Threading.Tasks.Task`1[Microsoft.AspNetCore.Mvc.ActionResult`1[System.Collections.Generic.IEnumerable`1[API_Arcadia.Models.Review]]] GetReviews() on controller API_Arcadia.Controllers.ReviewsController (API_Arcadia).
2024-09-10 08:37:00.169 +02:00  INF  Executed DbCommand (25ms) [Parameters=[], CommandType='"Text"', CommandTimeout='30']
SELECT [o].[Id], [o].[AfternoonClosing], [o].[AfternoonOpening], [o].[DayOfWeek], [o].[MorningClosing], [o].[MorningOpening]
FROM [OpeningHours] AS [o]
2024-09-10 08:37:00.169 +02:00  INF  Executed DbCommand (25ms) [Parameters=[], CommandType='"Text"', CommandTimeout='30']
SELECT COUNT(*)
FROM [Animals] AS [a]
2024-09-10 08:37:00.169 +02:00  INF  Executed DbCommand (25ms) [Parameters=[], CommandType='"Text"', CommandTimeout='30']
SELECT [r].[Id], [r].[Content], [r].[IsValidated], [r].[Note], [r].[Pseudo]
FROM [Reviews] AS [r]
WHERE [r].[IsValidated] = CAST(1 AS bit)
2024-09-10 08:37:00.192 +02:00  INF  Executing OkObjectResult, writing value of type 'System.Int32'.
2024-09-10 08:37:00.200 +02:00  INF  Executed action API_Arcadia.Controllers.AnimalsController.GetAnimalsListLength (API_Arcadia) in 2580.1349ms
2024-09-10 08:37:00.201 +02:00  INF  Executed endpoint 'API_Arcadia.Controllers.AnimalsController.GetAnimalsListLength (API_Arcadia)'
2024-09-10 08:37:00.208 +02:00  INF  Request finished HTTP/2 GET https://localhost:7015/api/Animals/length - 200 null application/json; charset=utf-8 3954.808ms
2024-09-10 08:37:00.209 +02:00  INF  Executing ObjectResult, writing value of type 'System.Collections.Generic.List`1[[API_Arcadia.Models.Review, API_Arcadia, Version=1.0.0.0, Culture=neutral, PublicKeyToken=null]]'.
2024-09-10 08:37:00.210 +02:00  INF  Executing ObjectResult, writing value of type 'System.Collections.Generic.List`1[[API_Arcadia.Models.OpeningHour, API_Arcadia, Version=1.0.0.0, Culture=neutral, PublicKeyToken=null]]'.
2024-09-10 08:37:00.212 +02:00  INF  Request starting HTTP/2 OPTIONS https://localhost:7015/api/Animals/7 - null null
2024-09-10 08:37:00.213 +02:00  INF  CORS policy execution successful.
2024-09-10 08:37:00.214 +02:00  INF  Request finished HTTP/2 OPTIONS https://localhost:7015/api/Animals/7 - 204 null null 2.1004ms
2024-09-10 08:37:00.215 +02:00  INF  Request starting HTTP/2 GET https://localhost:7015/api/Animals/7 - null null
2024-09-10 08:37:00.217 +02:00  INF  CORS policy execution successful.
2024-09-10 08:37:00.219 +02:00  INF  Executing endpoint 'API_Arcadia.Controllers.AnimalsController.GetAnimal (API_Arcadia)'
2024-09-10 08:37:00.220 +02:00  INF  Executed action API_Arcadia.Controllers.ReviewsController.GetReviews (API_Arcadia) in 2601.4086ms
2024-09-10 08:37:00.221 +02:00  INF  Executed endpoint 'API_Arcadia.Controllers.ReviewsController.GetReviews (API_Arcadia)'
2024-09-10 08:37:00.221 +02:00  INF  Executed action API_Arcadia.Controllers.OpeningHoursController.GetOpeningHours (API_Arcadia) in 2604.0324ms
2024-09-10 08:37:00.222 +02:00  INF  Request finished HTTP/2 GET https://localhost:7015/api/Reviews - 200 null application/json; charset=utf-8 3968.4246ms
2024-09-10 08:37:00.222 +02:00  INF  Executed endpoint 'API_Arcadia.Controllers.OpeningHoursController.GetOpeningHours (API_Arcadia)'
2024-09-10 08:37:00.225 +02:00  INF  Request finished HTTP/2 GET https://localhost:7015/api/OpeningHours - 200 null application/json; charset=utf-8 3971.6165ms
2024-09-10 08:37:00.228 +02:00  INF  Route matched with {action = "GetAnimal", controller = "Animals"}. Executing controller action with signature System.Threading.Tasks.Task`1[Microsoft.AspNetCore.Mvc.ActionResult`1[API_Arcadia.Models.Animal]] GetAnimal(Int32) on controller API_Arcadia.Controllers.AnimalsController (API_Arcadia).
2024-09-10 08:37:00.348 +02:00  WRN  Compiling a query which loads related collections for more than one collection navigation, either via 'Include' or through projection, but no 'QuerySplittingBehavior' has been configured. By default, Entity Framework will use 'QuerySplittingBehavior.SingleQuery', which can potentially result in slow query performance. See https://go.microsoft.com/fwlink/?linkid=2134277 for more information. To identify the query that's triggering this warning call 'ConfigureWarnings(w => w.Throw(RelationalEventId.MultipleCollectionIncludeWarning))'.
2024-09-10 08:37:00.442 +02:00  INF  Executed DbCommand (80ms) [Parameters=[@__id_0='?' (DbType = Int32)], CommandType='"Text"', CommandTimeout='30']
SELECT [t].[Id], [t].[IdHealth], [t].[IdSpecies], [t].[IsMale], [t].[Name], [t].[Id0], [t].[Id1], [t].[Id2], [t].[Id3], [t].[Id4], [a0].[Id], [a0].[IdAnimal], [a0].[MiniSlug], [a0].[Slug], [t].[State], [t].[Description], [t].[FemaleMaxSize], [t].[FemaleMaxWeight], [t].[IdDiet], [t].[IdSizeUnit], [t].[IdWeightUnit], [t].[Lifespan], [t].[MaleMaxSize], [t].[MaleMaxWeight], [t].[Name0], [t].[ScientificName], [t].[Abbr], [t].[Name1], [t].[Abbr0], [t].[Name2], [t].[Name3], [t0].[IdHabitat], [t0].[IdSpecies], [t0].[Id], [t0].[Description], [t0].[Name]
FROM (
    SELECT TOP(1) [a].[Id], [a].[IdHealth], [a].[IdSpecies], [a].[IsMale], [a].[Name], [h].[Id] AS [Id0], [h].[State], [s].[Id] AS [Id1], [s].[Description], [s].[FemaleMaxSize], [s].[FemaleMaxWeight], [s].[IdDiet], [s].[IdSizeUnit], [s].[IdWeightUnit], [s].[Lifespan], [s].[MaleMaxSize], [s].[MaleMaxWeight], [s].[Name] AS [Name0], [s].[ScientificName], [s0].[Id] AS [Id2], [s0].[Abbr], [s0].[Name] AS [Name1], [w].[Id] AS [Id3], [w].[Abbr] AS [Abbr0], [w].[Name] AS [Name2], [d].[Id] AS [Id4], [d].[Name] AS [Name3]
    FROM [Animals] AS [a]
    INNER JOIN [Healths] AS [h] ON [a].[IdHealth] = [h].[Id]
    INNER JOIN [Speciess] AS [s] ON [a].[IdSpecies] = [s].[Id]
    INNER JOIN [SizeUnits] AS [s0] ON [s].[IdSizeUnit] = [s0].[Id]
    INNER JOIN [WeightUnits] AS [w] ON [s].[IdWeightUnit] = [w].[Id]
    INNER JOIN [Diets] AS [d] ON [s].[IdDiet] = [d].[Id]
    WHERE [a].[Id] = @__id_0
) AS [t]
LEFT JOIN [AnimalImages] AS [a0] ON [t].[Id] = [a0].[IdAnimal]
LEFT JOIN (
    SELECT [s1].[IdHabitat], [s1].[IdSpecies], [h0].[Id], [h0].[Description], [h0].[Name]
    FROM [SpeciesHabitats] AS [s1]
    INNER JOIN [Habitats] AS [h0] ON [s1].[IdHabitat] = [h0].[Id]
) AS [t0] ON [t].[Id1] = [t0].[IdSpecies]
ORDER BY [t].[Id], [t].[Id0], [t].[Id1], [t].[Id2], [t].[Id3], [t].[Id4], [a0].[Id], [t0].[IdHabitat], [t0].[IdSpecies]
2024-09-10 08:37:00.510 +02:00  INF  Executing OkObjectResult, writing value of type 'API_Arcadia.Models.Animal'.
2024-09-10 08:37:00.524 +02:00  INF  Executed action API_Arcadia.Controllers.AnimalsController.GetAnimal (API_Arcadia) in 294.4432ms
2024-09-10 08:37:00.525 +02:00  INF  Executed endpoint 'API_Arcadia.Controllers.AnimalsController.GetAnimal (API_Arcadia)'
2024-09-10 08:37:00.526 +02:00  INF  Request finished HTTP/2 GET https://localhost:7015/api/Animals/7 - 200 null application/json; charset=utf-8 310.4758ms
2024-09-10 08:37:10.192 +02:00  INF  Request starting HTTP/2 OPTIONS https://localhost:7015/api/auth/login - null null
2024-09-10 08:37:10.194 +02:00  INF  CORS policy execution successful.
2024-09-10 08:37:10.195 +02:00  INF  Request finished HTTP/2 OPTIONS https://localhost:7015/api/auth/login - 204 null null 2.7479ms
2024-09-10 08:37:10.207 +02:00  INF  Request starting HTTP/2 POST https://localhost:7015/api/auth/login - application/json 52
2024-09-10 08:37:10.209 +02:00  INF  CORS policy execution successful.
2024-09-10 08:37:10.210 +02:00  INF  Executing endpoint 'API_Arcadia.Controllers.AuthController.Login (API_Arcadia)'
2024-09-10 08:37:10.213 +02:00  INF  Route matched with {action = "Login", controller = "Auth"}. Executing controller action with signature System.Threading.Tasks.Task`1[Microsoft.AspNetCore.Mvc.IActionResult] Login(API_Arcadia.Models.Data.LoginRequestDTO) on controller API_Arcadia.Controllers.AuthController (API_Arcadia).
2024-09-10 08:37:10.356 +02:00  INF  Executed DbCommand (3ms) [Parameters=[@__normalizedEmail_0='?' (Size = 256)], CommandType='"Text"', CommandTimeout='30']
SELECT TOP(2) [a].[Id], [a].[AccessFailedCount], [a].[ConcurrencyStamp], [a].[Email], [a].[EmailConfirmed], [a].[LockoutEnabled], [a].[LockoutEnd], [a].[NormalizedEmail], [a].[NormalizedUserName], [a].[PasswordHash], [a].[PhoneNumber], [a].[PhoneNumberConfirmed], [a].[SecurityStamp], [a].[TwoFactorEnabled], [a].[UserName]
FROM [AspNetUsers] AS [a]
WHERE [a].[NormalizedEmail] = @__normalizedEmail_0
2024-09-10 08:37:10.433 +02:00  INF  Executed DbCommand (3ms) [Parameters=[@__userId_0='?' (Size = 450)], CommandType='"Text"', CommandTimeout='30']
SELECT [a0].[Name]
FROM [AspNetUserRoles] AS [a]
INNER JOIN [AspNetRoles] AS [a0] ON [a].[RoleId] = [a0].[Id]
WHERE [a].[UserId] = @__userId_0
2024-09-10 08:37:10.505 +02:00  INF  Executing OkObjectResult, writing value of type 'API_Arcadia.Models.Data.LoginResponseDTO'.
2024-09-10 08:37:10.507 +02:00  INF  Executed action API_Arcadia.Controllers.AuthController.Login (API_Arcadia) in 292.8224ms
2024-09-10 08:37:10.507 +02:00  INF  Executed endpoint 'API_Arcadia.Controllers.AuthController.Login (API_Arcadia)'
2024-09-10 08:37:10.508 +02:00  INF  Request finished HTTP/2 POST https://localhost:7015/api/auth/login - 200 null application/json; charset=utf-8 301.4711ms
2024-09-10 08:37:12.928 +02:00  INF  Request starting HTTP/2 OPTIONS https://localhost:7015/api/Stats/animals - null null
2024-09-10 08:37:12.928 +02:00  INF  Request starting HTTP/2 OPTIONS https://localhost:7015/api/Stats/habitats - null null
2024-09-10 08:37:12.929 +02:00  INF  CORS policy execution successful.
2024-09-10 08:37:12.931 +02:00  INF  Request finished HTTP/2 OPTIONS https://localhost:7015/api/Stats/animals - 204 null null 3.2244ms
2024-09-10 08:37:12.931 +02:00  INF  CORS policy execution successful.
2024-09-10 08:37:12.933 +02:00  INF  Request finished HTTP/2 OPTIONS https://localhost:7015/api/Stats/habitats - 204 null null 5.4645ms
2024-09-10 08:37:12.935 +02:00  INF  Request starting HTTP/2 GET https://localhost:7015/api/Stats/animals - null null
2024-09-10 08:37:12.936 +02:00  INF  Request starting HTTP/2 GET https://localhost:7015/api/Stats/habitats - null null
2024-09-10 08:37:12.937 +02:00  INF  CORS policy execution successful.
2024-09-10 08:37:12.938 +02:00  INF  CORS policy execution successful.
2024-09-10 08:37:12.975 +02:00  INF  Executing endpoint 'API_Arcadia.Controllers.StatsController.GetHabitatsStats (API_Arcadia)'
2024-09-10 08:37:12.975 +02:00  INF  Executing endpoint 'API_Arcadia.Controllers.StatsController.GetAnimalsStats (API_Arcadia)'
2024-09-10 08:37:12.977 +02:00  INF  Route matched with {action = "GetHabitatsStats", controller = "Stats"}. Executing controller action with signature System.Threading.Tasks.Task`1[System.Collections.Generic.List`1[API_Arcadia.Models.HabitatStats]] GetHabitatsStats() on controller API_Arcadia.Controllers.StatsController (API_Arcadia).
2024-09-10 08:37:12.978 +02:00  INF  Route matched with {action = "GetAnimalsStats", controller = "Stats"}. Executing controller action with signature System.Threading.Tasks.Task`1[System.Collections.Generic.List`1[API_Arcadia.Models.AnimalStats]] GetAnimalsStats() on controller API_Arcadia.Controllers.StatsController (API_Arcadia).
2024-09-10 08:37:13.741 +02:00  INF  Executing ObjectResult, writing value of type 'System.Collections.Generic.List`1[[API_Arcadia.Models.AnimalStats, API_Arcadia, Version=1.0.0.0, Culture=neutral, PublicKeyToken=null]]'.
2024-09-10 08:37:13.741 +02:00  INF  Executing ObjectResult, writing value of type 'System.Collections.Generic.List`1[[API_Arcadia.Models.HabitatStats, API_Arcadia, Version=1.0.0.0, Culture=neutral, PublicKeyToken=null]]'.
2024-09-10 08:37:13.746 +02:00  INF  Executed action API_Arcadia.Controllers.StatsController.GetAnimalsStats (API_Arcadia) in 766.3119ms
2024-09-10 08:37:13.746 +02:00  INF  Executed action API_Arcadia.Controllers.StatsController.GetHabitatsStats (API_Arcadia) in 767.1766ms
2024-09-10 08:37:13.746 +02:00  INF  Executed endpoint 'API_Arcadia.Controllers.StatsController.GetAnimalsStats (API_Arcadia)'
2024-09-10 08:37:13.747 +02:00  INF  Executed endpoint 'API_Arcadia.Controllers.StatsController.GetHabitatsStats (API_Arcadia)'
2024-09-10 08:37:13.748 +02:00  INF  Request finished HTTP/2 GET https://localhost:7015/api/Stats/animals - 200 null application/json; charset=utf-8 813.3119ms
2024-09-10 08:37:13.749 +02:00  INF  Request finished HTTP/2 GET https://localhost:7015/api/Stats/habitats - 200 null application/json; charset=utf-8 812.9641ms
2024-09-10 08:37:54.414 +02:00  INF  Request starting HTTP/2 OPTIONS https://localhost:7015/api/Animals/length - null null
2024-09-10 08:37:54.414 +02:00  INF  Request starting HTTP/2 OPTIONS https://localhost:7015/api/OpeningHours - null null
2024-09-10 08:37:54.414 +02:00  INF  Request starting HTTP/2 OPTIONS https://localhost:7015/api/Reviews - null null
2024-09-10 08:37:54.419 +02:00  INF  CORS policy execution successful.
2024-09-10 08:37:54.420 +02:00  INF  CORS policy execution successful.
2024-09-10 08:37:54.421 +02:00  INF  CORS policy execution successful.
2024-09-10 08:37:54.421 +02:00  INF  Request finished HTTP/2 OPTIONS https://localhost:7015/api/Animals/length - 204 null null 7.8199ms
2024-09-10 08:37:54.422 +02:00  INF  Request finished HTTP/2 OPTIONS https://localhost:7015/api/Reviews - 204 null null 7.5847ms
2024-09-10 08:37:54.425 +02:00  INF  Request starting HTTP/2 GET https://localhost:7015/api/Animals/length - null null
2024-09-10 08:37:54.426 +02:00  INF  Request starting HTTP/2 GET https://localhost:7015/api/Reviews - null null
2024-09-10 08:37:54.433 +02:00  INF  CORS policy execution successful.
2024-09-10 08:37:54.434 +02:00  INF  Request finished HTTP/2 OPTIONS https://localhost:7015/api/OpeningHours - 204 null null 19.9262ms
2024-09-10 08:37:54.436 +02:00  INF  CORS policy execution successful.
2024-09-10 08:37:54.437 +02:00  INF  Executing endpoint 'API_Arcadia.Controllers.AnimalsController.GetAnimalsListLength (API_Arcadia)'
2024-09-10 08:37:54.437 +02:00  INF  Request starting HTTP/2 GET https://localhost:7015/api/OpeningHours - null null
2024-09-10 08:37:54.442 +02:00  INF  CORS policy execution successful.
2024-09-10 08:37:54.443 +02:00  INF  Route matched with {action = "GetAnimalsListLength", controller = "Animals"}. Executing controller action with signature System.Threading.Tasks.Task`1[Microsoft.AspNetCore.Mvc.ActionResult`1[System.Int32]] GetAnimalsListLength() on controller API_Arcadia.Controllers.AnimalsController (API_Arcadia).
2024-09-10 08:37:54.444 +02:00  INF  Executing endpoint 'API_Arcadia.Controllers.ReviewsController.GetReviews (API_Arcadia)'
2024-09-10 08:37:54.444 +02:00  INF  Executing endpoint 'API_Arcadia.Controllers.OpeningHoursController.GetOpeningHours (API_Arcadia)'
2024-09-10 08:37:54.446 +02:00  INF  Route matched with {action = "GetReviews", controller = "Reviews"}. Executing controller action with signature System.Threading.Tasks.Task`1[Microsoft.AspNetCore.Mvc.ActionResult`1[System.Collections.Generic.IEnumerable`1[API_Arcadia.Models.Review]]] GetReviews() on controller API_Arcadia.Controllers.ReviewsController (API_Arcadia).
2024-09-10 08:37:54.447 +02:00  INF  Route matched with {action = "GetOpeningHours", controller = "OpeningHours"}. Executing controller action with signature System.Threading.Tasks.Task`1[Microsoft.AspNetCore.Mvc.ActionResult`1[System.Collections.Generic.IEnumerable`1[API_Arcadia.Models.OpeningHour]]] GetOpeningHours() on controller API_Arcadia.Controllers.OpeningHoursController (API_Arcadia).
2024-09-10 08:37:54.452 +02:00  INF  Executed DbCommand (1ms) [Parameters=[], CommandType='"Text"', CommandTimeout='30']
SELECT COUNT(*)
FROM [Animals] AS [a]
2024-09-10 08:37:54.455 +02:00  INF  Executed DbCommand (1ms) [Parameters=[], CommandType='"Text"', CommandTimeout='30']
SELECT [o].[Id], [o].[AfternoonClosing], [o].[AfternoonOpening], [o].[DayOfWeek], [o].[MorningClosing], [o].[MorningOpening]
FROM [OpeningHours] AS [o]
2024-09-10 08:37:54.456 +02:00  INF  Executing OkObjectResult, writing value of type 'System.Int32'.
2024-09-10 08:37:54.457 +02:00  INF  Executed DbCommand (1ms) [Parameters=[], CommandType='"Text"', CommandTimeout='30']
SELECT [r].[Id], [r].[Content], [r].[IsValidated], [r].[Note], [r].[Pseudo]
FROM [Reviews] AS [r]
WHERE [r].[IsValidated] = CAST(1 AS bit)
2024-09-10 08:37:54.460 +02:00  INF  Executing ObjectResult, writing value of type 'System.Collections.Generic.List`1[[API_Arcadia.Models.OpeningHour, API_Arcadia, Version=1.0.0.0, Culture=neutral, PublicKeyToken=null]]'.
2024-09-10 08:37:54.462 +02:00  INF  Executing ObjectResult, writing value of type 'System.Collections.Generic.List`1[[API_Arcadia.Models.Review, API_Arcadia, Version=1.0.0.0, Culture=neutral, PublicKeyToken=null]]'.
2024-09-10 08:37:54.462 +02:00  INF  Executed action API_Arcadia.Controllers.AnimalsController.GetAnimalsListLength (API_Arcadia) in 16.7065ms
2024-09-10 08:37:54.463 +02:00  INF  Executed action API_Arcadia.Controllers.OpeningHoursController.GetOpeningHours (API_Arcadia) in 11.0129ms
2024-09-10 08:37:54.464 +02:00  INF  Executed action API_Arcadia.Controllers.ReviewsController.GetReviews (API_Arcadia) in 15.4993ms
2024-09-10 08:37:54.466 +02:00  INF  Executed endpoint 'API_Arcadia.Controllers.AnimalsController.GetAnimalsListLength (API_Arcadia)'
2024-09-10 08:37:54.467 +02:00  INF  Executed endpoint 'API_Arcadia.Controllers.OpeningHoursController.GetOpeningHours (API_Arcadia)'
2024-09-10 08:37:54.469 +02:00  INF  Executed endpoint 'API_Arcadia.Controllers.ReviewsController.GetReviews (API_Arcadia)'
2024-09-10 08:37:54.470 +02:00  INF  Request finished HTTP/2 GET https://localhost:7015/api/Animals/length - 200 null application/json; charset=utf-8 45.1067ms
2024-09-10 08:37:54.471 +02:00  INF  Request finished HTTP/2 GET https://localhost:7015/api/OpeningHours - 200 null application/json; charset=utf-8 34.5235ms
2024-09-10 08:37:54.472 +02:00  INF  Request finished HTTP/2 GET https://localhost:7015/api/Reviews - 200 null application/json; charset=utf-8 46.4029ms
2024-09-10 08:37:54.520 +02:00  INF  Request starting HTTP/2 OPTIONS https://localhost:7015/api/Animals/14 - null null
2024-09-10 08:37:54.522 +02:00  INF  CORS policy execution successful.
2024-09-10 08:37:54.522 +02:00  INF  Request finished HTTP/2 OPTIONS https://localhost:7015/api/Animals/14 - 204 null null 2.5334ms
2024-09-10 08:37:54.524 +02:00  INF  Request starting HTTP/2 GET https://localhost:7015/api/Animals/14 - null null
2024-09-10 08:37:54.526 +02:00  INF  CORS policy execution successful.
2024-09-10 08:37:54.526 +02:00  INF  Executing endpoint 'API_Arcadia.Controllers.AnimalsController.GetAnimal (API_Arcadia)'
2024-09-10 08:37:54.527 +02:00  INF  Route matched with {action = "GetAnimal", controller = "Animals"}. Executing controller action with signature System.Threading.Tasks.Task`1[Microsoft.AspNetCore.Mvc.ActionResult`1[API_Arcadia.Models.Animal]] GetAnimal(Int32) on controller API_Arcadia.Controllers.AnimalsController (API_Arcadia).
2024-09-10 08:37:54.531 +02:00  INF  Executed DbCommand (1ms) [Parameters=[@__id_0='?' (DbType = Int32)], CommandType='"Text"', CommandTimeout='30']
SELECT [t].[Id], [t].[IdHealth], [t].[IdSpecies], [t].[IsMale], [t].[Name], [t].[Id0], [t].[Id1], [t].[Id2], [t].[Id3], [t].[Id4], [a0].[Id], [a0].[IdAnimal], [a0].[MiniSlug], [a0].[Slug], [t].[State], [t].[Description], [t].[FemaleMaxSize], [t].[FemaleMaxWeight], [t].[IdDiet], [t].[IdSizeUnit], [t].[IdWeightUnit], [t].[Lifespan], [t].[MaleMaxSize], [t].[MaleMaxWeight], [t].[Name0], [t].[ScientificName], [t].[Abbr], [t].[Name1], [t].[Abbr0], [t].[Name2], [t].[Name3], [t0].[IdHabitat], [t0].[IdSpecies], [t0].[Id], [t0].[Description], [t0].[Name]
FROM (
    SELECT TOP(1) [a].[Id], [a].[IdHealth], [a].[IdSpecies], [a].[IsMale], [a].[Name], [h].[Id] AS [Id0], [h].[State], [s].[Id] AS [Id1], [s].[Description], [s].[FemaleMaxSize], [s].[FemaleMaxWeight], [s].[IdDiet], [s].[IdSizeUnit], [s].[IdWeightUnit], [s].[Lifespan], [s].[MaleMaxSize], [s].[MaleMaxWeight], [s].[Name] AS [Name0], [s].[ScientificName], [s0].[Id] AS [Id2], [s0].[Abbr], [s0].[Name] AS [Name1], [w].[Id] AS [Id3], [w].[Abbr] AS [Abbr0], [w].[Name] AS [Name2], [d].[Id] AS [Id4], [d].[Name] AS [Name3]
    FROM [Animals] AS [a]
    INNER JOIN [Healths] AS [h] ON [a].[IdHealth] = [h].[Id]
    INNER JOIN [Speciess] AS [s] ON [a].[IdSpecies] = [s].[Id]
    INNER JOIN [SizeUnits] AS [s0] ON [s].[IdSizeUnit] = [s0].[Id]
    INNER JOIN [WeightUnits] AS [w] ON [s].[IdWeightUnit] = [w].[Id]
    INNER JOIN [Diets] AS [d] ON [s].[IdDiet] = [d].[Id]
    WHERE [a].[Id] = @__id_0
) AS [t]
LEFT JOIN [AnimalImages] AS [a0] ON [t].[Id] = [a0].[IdAnimal]
LEFT JOIN (
    SELECT [s1].[IdHabitat], [s1].[IdSpecies], [h0].[Id], [h0].[Description], [h0].[Name]
    FROM [SpeciesHabitats] AS [s1]
    INNER JOIN [Habitats] AS [h0] ON [s1].[IdHabitat] = [h0].[Id]
) AS [t0] ON [t].[Id1] = [t0].[IdSpecies]
ORDER BY [t].[Id], [t].[Id0], [t].[Id1], [t].[Id2], [t].[Id3], [t].[Id4], [a0].[Id], [t0].[IdHabitat], [t0].[IdSpecies]
2024-09-10 08:37:54.535 +02:00  INF  Executing OkObjectResult, writing value of type 'API_Arcadia.Models.Animal'.
2024-09-10 08:37:54.537 +02:00  INF  Executed action API_Arcadia.Controllers.AnimalsController.GetAnimal (API_Arcadia) in 9.2399ms
2024-09-10 08:37:54.538 +02:00  INF  Executed endpoint 'API_Arcadia.Controllers.AnimalsController.GetAnimal (API_Arcadia)'
2024-09-10 08:37:54.539 +02:00  INF  Request finished HTTP/2 GET https://localhost:7015/api/Animals/14 - 200 null application/json; charset=utf-8 15.4777ms
2024-09-10 08:38:17.509 +02:00  INF  Request starting HTTP/2 OPTIONS https://localhost:7015/api/auth/login - null null
2024-09-10 08:38:17.510 +02:00  INF  CORS policy execution successful.
2024-09-10 08:38:17.511 +02:00  INF  Request finished HTTP/2 OPTIONS https://localhost:7015/api/auth/login - 204 null null 1.9576ms
2024-09-10 08:38:17.514 +02:00  INF  Request starting HTTP/2 POST https://localhost:7015/api/auth/login - application/json 52
2024-09-10 08:38:17.515 +02:00  INF  CORS policy execution successful.
2024-09-10 08:38:17.516 +02:00  INF  Executing endpoint 'API_Arcadia.Controllers.AuthController.Login (API_Arcadia)'
2024-09-10 08:38:17.516 +02:00  INF  Route matched with {action = "Login", controller = "Auth"}. Executing controller action with signature System.Threading.Tasks.Task`1[Microsoft.AspNetCore.Mvc.IActionResult] Login(API_Arcadia.Models.Data.LoginRequestDTO) on controller API_Arcadia.Controllers.AuthController (API_Arcadia).
2024-09-10 08:38:17.521 +02:00  INF  Executed DbCommand (1ms) [Parameters=[@__normalizedEmail_0='?' (Size = 256)], CommandType='"Text"', CommandTimeout='30']
SELECT TOP(2) [a].[Id], [a].[AccessFailedCount], [a].[ConcurrencyStamp], [a].[Email], [a].[EmailConfirmed], [a].[LockoutEnabled], [a].[LockoutEnd], [a].[NormalizedEmail], [a].[NormalizedUserName], [a].[PasswordHash], [a].[PhoneNumber], [a].[PhoneNumberConfirmed], [a].[SecurityStamp], [a].[TwoFactorEnabled], [a].[UserName]
FROM [AspNetUsers] AS [a]
WHERE [a].[NormalizedEmail] = @__normalizedEmail_0
2024-09-10 08:38:17.572 +02:00  INF  Executed DbCommand (1ms) [Parameters=[@__userId_0='?' (Size = 450)], CommandType='"Text"', CommandTimeout='30']
SELECT [a0].[Name]
FROM [AspNetUserRoles] AS [a]
INNER JOIN [AspNetRoles] AS [a0] ON [a].[RoleId] = [a0].[Id]
WHERE [a].[UserId] = @__userId_0
2024-09-10 08:38:17.574 +02:00  INF  Executing OkObjectResult, writing value of type 'API_Arcadia.Models.Data.LoginResponseDTO'.
2024-09-10 08:38:17.575 +02:00  INF  Executed action API_Arcadia.Controllers.AuthController.Login (API_Arcadia) in 57.9125ms
2024-09-10 08:38:17.576 +02:00  INF  Executed endpoint 'API_Arcadia.Controllers.AuthController.Login (API_Arcadia)'
2024-09-10 08:38:17.576 +02:00  INF  Request finished HTTP/2 POST https://localhost:7015/api/auth/login - 200 null application/json; charset=utf-8 62.9329ms
2024-09-10 08:38:21.687 +02:00  INF  Request starting HTTP/2 OPTIONS https://localhost:7015/api/Stats/animals - null null
2024-09-10 08:38:21.687 +02:00  INF  Request starting HTTP/2 OPTIONS https://localhost:7015/api/Stats/habitats - null null
2024-09-10 08:38:21.689 +02:00  INF  CORS policy execution successful.
2024-09-10 08:38:21.690 +02:00  INF  CORS policy execution successful.
2024-09-10 08:38:21.690 +02:00  INF  Request finished HTTP/2 OPTIONS https://localhost:7015/api/Stats/animals - 204 null null 3.3942ms
2024-09-10 08:38:21.691 +02:00  INF  Request finished HTTP/2 OPTIONS https://localhost:7015/api/Stats/habitats - 204 null null 3.875ms
2024-09-10 08:38:21.699 +02:00  INF  Request starting HTTP/2 GET https://localhost:7015/api/Stats/animals - null null
2024-09-10 08:38:21.699 +02:00  INF  Request starting HTTP/2 GET https://localhost:7015/api/Stats/habitats - null null
2024-09-10 08:38:21.701 +02:00  INF  CORS policy execution successful.
2024-09-10 08:38:21.702 +02:00  INF  CORS policy execution successful.
2024-09-10 08:38:21.704 +02:00  INF  Executing endpoint 'API_Arcadia.Controllers.StatsController.GetAnimalsStats (API_Arcadia)'
2024-09-10 08:38:21.704 +02:00  INF  Executing endpoint 'API_Arcadia.Controllers.StatsController.GetHabitatsStats (API_Arcadia)'
2024-09-10 08:38:21.705 +02:00  INF  Route matched with {action = "GetAnimalsStats", controller = "Stats"}. Executing controller action with signature System.Threading.Tasks.Task`1[System.Collections.Generic.List`1[API_Arcadia.Models.AnimalStats]] GetAnimalsStats() on controller API_Arcadia.Controllers.StatsController (API_Arcadia).
2024-09-10 08:38:21.705 +02:00  INF  Route matched with {action = "GetHabitatsStats", controller = "Stats"}. Executing controller action with signature System.Threading.Tasks.Task`1[System.Collections.Generic.List`1[API_Arcadia.Models.HabitatStats]] GetHabitatsStats() on controller API_Arcadia.Controllers.StatsController (API_Arcadia).
2024-09-10 08:38:21.731 +02:00  INF  Executing ObjectResult, writing value of type 'System.Collections.Generic.List`1[[API_Arcadia.Models.AnimalStats, API_Arcadia, Version=1.0.0.0, Culture=neutral, PublicKeyToken=null]]'.
2024-09-10 08:38:21.732 +02:00  INF  Executed action API_Arcadia.Controllers.StatsController.GetAnimalsStats (API_Arcadia) in 26.158ms
2024-09-10 08:38:21.733 +02:00  INF  Executed endpoint 'API_Arcadia.Controllers.StatsController.GetAnimalsStats (API_Arcadia)'
2024-09-10 08:38:21.734 +02:00  INF  Request finished HTTP/2 GET https://localhost:7015/api/Stats/animals - 200 null application/json; charset=utf-8 35.1384ms
2024-09-10 08:38:21.734 +02:00  INF  Executing ObjectResult, writing value of type 'System.Collections.Generic.List`1[[API_Arcadia.Models.HabitatStats, API_Arcadia, Version=1.0.0.0, Culture=neutral, PublicKeyToken=null]]'.
2024-09-10 08:38:21.736 +02:00  INF  Executed action API_Arcadia.Controllers.StatsController.GetHabitatsStats (API_Arcadia) in 29.2451ms
2024-09-10 08:38:21.737 +02:00  INF  Executed endpoint 'API_Arcadia.Controllers.StatsController.GetHabitatsStats (API_Arcadia)'
2024-09-10 08:38:21.738 +02:00  INF  Request finished HTTP/2 GET https://localhost:7015/api/Stats/habitats - 200 null application/json; charset=utf-8 38.529ms
