2024-09-11 19:46:01.095 +02:00  INF  User profile is available. Using 'C:\Users\Lacon\AppData\Local\ASP.NET\DataProtection-Keys' as key repository and Windows DPAPI to encrypt keys at rest.
2024-09-11 19:46:01.299 +02:00  INF  Now listening on: https://localhost:7015
2024-09-11 19:46:01.300 +02:00  INF  Now listening on: http://localhost:5131
2024-09-11 19:46:01.343 +02:00  INF  Application started. Press Ctrl+C to shut down.
2024-09-11 19:46:01.344 +02:00  INF  Hosting environment: Development
2024-09-11 19:46:01.345 +02:00  INF  Content root path: D:\DEV\back\ECF_Zoo\API_Arcadia
2024-09-11 19:46:01.879 +02:00  INF  Request starting HTTP/2 GET https://localhost:7015/swagger/index.html - null null
2024-09-11 19:46:02.060 +02:00  INF  Request finished HTTP/2 GET https://localhost:7015/swagger/index.html - 200 null text/html;charset=utf-8 183.8464ms
2024-09-11 19:46:02.137 +02:00  INF  Request starting HTTP/2 GET https://localhost:7015/_framework/aspnetcore-browser-refresh.js - null null
2024-09-11 19:46:02.146 +02:00  INF  Request finished HTTP/2 GET https://localhost:7015/_framework/aspnetcore-browser-refresh.js - 200 13758 application/javascript; charset=utf-8 8.9666ms
2024-09-11 19:46:02.149 +02:00  INF  Request starting HTTP/2 GET https://localhost:7015/_vs/browserLink - null null
2024-09-11 19:46:02.197 +02:00  INF  Request finished HTTP/2 GET https://localhost:7015/_vs/browserLink - 200 null text/javascript; charset=UTF-8 48.3839ms
2024-09-11 19:46:02.231 +02:00  INF  Request starting HTTP/2 GET https://localhost:7015/swagger/favicon-16x16.png - null null
2024-09-11 19:46:02.242 +02:00  INF  Sending file. Request path: '/favicon-16x16.png'. Physical path: 'N/A'
2024-09-11 19:46:02.244 +02:00  INF  Request finished HTTP/2 GET https://localhost:7015/swagger/favicon-16x16.png - 499 665 image/png 13.3692ms
2024-09-11 19:46:02.319 +02:00  INF  Request starting HTTP/2 GET https://localhost:7015/swagger/v1/swagger.json - null null
2024-09-11 19:46:02.412 +02:00  INF  Request finished HTTP/2 GET https://localhost:7015/swagger/v1/swagger.json - 200 null application/json;charset=utf-8 93.6937ms
2024-09-11 19:46:15.887 +02:00  INF  Request starting HTTP/2 OPTIONS https://localhost:7015/api/auth/login - null null
2024-09-11 19:46:15.895 +02:00  INF  CORS policy execution successful.
2024-09-11 19:46:15.897 +02:00  INF  Request finished HTTP/2 OPTIONS https://localhost:7015/api/auth/login - 204 null null 10.3267ms
2024-09-11 19:46:16.028 +02:00  INF  Request starting HTTP/2 POST https://localhost:7015/api/auth/login - application/json 52
2024-09-11 19:46:16.032 +02:00  INF  CORS policy execution successful.
2024-09-11 19:46:17.450 +02:00  INF  Executing endpoint 'API_Arcadia.Controllers.AuthController.Login (API_Arcadia)'
2024-09-11 19:46:17.474 +02:00  INF  Route matched with {action = "Login", controller = "Auth"}. Executing controller action with signature System.Threading.Tasks.Task`1[Microsoft.AspNetCore.Mvc.IActionResult] Login(API_Arcadia.Models.Data.LoginRequestDTO) on controller API_Arcadia.Controllers.AuthController (API_Arcadia).
2024-09-11 19:46:20.158 +02:00  INF  Executed DbCommand (84ms) [Parameters=[@__normalizedEmail_0='?' (Size = 256)], CommandType='"Text"', CommandTimeout='30']
SELECT TOP(2) [a].[Id], [a].[AccessFailedCount], [a].[ConcurrencyStamp], [a].[Email], [a].[EmailConfirmed], [a].[LockoutEnabled], [a].[LockoutEnd], [a].[NormalizedEmail], [a].[NormalizedUserName], [a].[PasswordHash], [a].[PhoneNumber], [a].[PhoneNumberConfirmed], [a].[SecurityStamp], [a].[TwoFactorEnabled], [a].[UserName]
FROM [AspNetUsers] AS [a]
WHERE [a].[NormalizedEmail] = @__normalizedEmail_0
2024-09-11 19:46:20.306 +02:00  INF  Executed DbCommand (4ms) [Parameters=[@__userId_0='?' (Size = 450)], CommandType='"Text"', CommandTimeout='30']
SELECT [a0].[Name]
FROM [AspNetUserRoles] AS [a]
INNER JOIN [AspNetRoles] AS [a0] ON [a].[RoleId] = [a0].[Id]
WHERE [a].[UserId] = @__userId_0
2024-09-11 19:46:20.381 +02:00  INF  Executing OkObjectResult, writing value of type 'API_Arcadia.Models.Data.LoginResponseDTO'.
2024-09-11 19:46:20.388 +02:00  INF  Executed action API_Arcadia.Controllers.AuthController.Login (API_Arcadia) in 2909.8691ms
2024-09-11 19:46:20.389 +02:00  INF  Executed endpoint 'API_Arcadia.Controllers.AuthController.Login (API_Arcadia)'
2024-09-11 19:46:20.395 +02:00  INF  Request finished HTTP/2 POST https://localhost:7015/api/auth/login - 200 null application/json; charset=utf-8 4367.6896ms
2024-09-11 19:46:25.134 +02:00  INF  Request starting HTTP/2 OPTIONS https://localhost:7015/api/Stats/animals - null null
2024-09-11 19:46:25.134 +02:00  INF  Request starting HTTP/2 OPTIONS https://localhost:7015/api/Stats/habitats - null null
2024-09-11 19:46:25.136 +02:00  INF  CORS policy execution successful.
2024-09-11 19:46:25.138 +02:00  INF  CORS policy execution successful.
2024-09-11 19:46:25.138 +02:00  INF  Request finished HTTP/2 OPTIONS https://localhost:7015/api/Stats/animals - 204 null null 4.535ms
2024-09-11 19:46:25.138 +02:00  INF  Request finished HTTP/2 OPTIONS https://localhost:7015/api/Stats/habitats - 204 null null 5.1006ms
2024-09-11 19:46:25.140 +02:00  INF  Request starting HTTP/2 GET https://localhost:7015/api/Stats/animals - null null
2024-09-11 19:46:25.141 +02:00  INF  Request starting HTTP/2 GET https://localhost:7015/api/Stats/habitats - null null
2024-09-11 19:46:25.146 +02:00  INF  CORS policy execution successful.
2024-09-11 19:46:25.148 +02:00  INF  CORS policy execution successful.
2024-09-11 19:46:25.184 +02:00  INF  Executing endpoint 'API_Arcadia.Controllers.StatsController.GetHabitatsStats (API_Arcadia)'
2024-09-11 19:46:25.184 +02:00  INF  Executing endpoint 'API_Arcadia.Controllers.StatsController.GetAnimalsStats (API_Arcadia)'
2024-09-11 19:46:25.187 +02:00  INF  Route matched with {action = "GetAnimalsStats", controller = "Stats"}. Executing controller action with signature System.Threading.Tasks.Task`1[System.Collections.Generic.List`1[API_Arcadia.Models.AnimalStats]] GetAnimalsStats() on controller API_Arcadia.Controllers.StatsController (API_Arcadia).
2024-09-11 19:46:25.187 +02:00  INF  Route matched with {action = "GetHabitatsStats", controller = "Stats"}. Executing controller action with signature System.Threading.Tasks.Task`1[System.Collections.Generic.List`1[API_Arcadia.Models.HabitatStats]] GetHabitatsStats() on controller API_Arcadia.Controllers.StatsController (API_Arcadia).
2024-09-11 19:46:26.542 +02:00  INF  Executing ObjectResult, writing value of type 'System.Collections.Generic.List`1[[API_Arcadia.Models.HabitatStats, API_Arcadia, Version=1.0.0.0, Culture=neutral, PublicKeyToken=null]]'.
2024-09-11 19:46:26.542 +02:00  INF  Executing ObjectResult, writing value of type 'System.Collections.Generic.List`1[[API_Arcadia.Models.AnimalStats, API_Arcadia, Version=1.0.0.0, Culture=neutral, PublicKeyToken=null]]'.
2024-09-11 19:46:26.548 +02:00  INF  Executed action API_Arcadia.Controllers.StatsController.GetAnimalsStats (API_Arcadia) in 1359.5744ms
2024-09-11 19:46:26.548 +02:00  INF  Executed action API_Arcadia.Controllers.StatsController.GetHabitatsStats (API_Arcadia) in 1358.633ms
2024-09-11 19:46:26.549 +02:00  INF  Executed endpoint 'API_Arcadia.Controllers.StatsController.GetAnimalsStats (API_Arcadia)'
2024-09-11 19:46:26.550 +02:00  INF  Executed endpoint 'API_Arcadia.Controllers.StatsController.GetHabitatsStats (API_Arcadia)'
2024-09-11 19:46:26.551 +02:00  INF  Request finished HTTP/2 GET https://localhost:7015/api/Stats/animals - 200 null application/json; charset=utf-8 1410.5566ms
2024-09-11 19:46:26.551 +02:00  INF  Request finished HTTP/2 GET https://localhost:7015/api/Stats/habitats - 200 null application/json; charset=utf-8 1410.7989ms
2024-09-11 19:46:26.576 +02:00  INF  Request starting HTTP/2 GET https://localhost:7015/images/animals/le_rhino1_mini.jpeg - null null
2024-09-11 19:46:26.576 +02:00  INF  Request starting HTTP/2 GET https://localhost:7015/images/animals/la_loutre1_mini.jpg - null null
2024-09-11 19:46:26.576 +02:00  INF  Request starting HTTP/2 GET https://localhost:7015/images/animals/le_gorille2_mini.jpg - null null
2024-09-11 19:46:26.578 +02:00  INF  Request starting HTTP/2 GET https://localhost:7015/images/animals/le_rhino2_mini.jpg - null null
2024-09-11 19:46:26.579 +02:00  INF  Request starting HTTP/2 GET https://localhost:7015/images/animals/le_heron1_mini.jpg - null null
2024-09-11 19:46:26.584 +02:00  INF  Request starting HTTP/2 GET https://localhost:7015/images/habitats/Marais_mini.jpg - null null
2024-09-11 19:46:26.587 +02:00  INF  Request starting HTTP/2 GET https://localhost:7015/images/animals/638496693869536822_Mufasa_mini.jpg - null null
2024-09-11 19:46:26.587 +02:00  INF  Request starting HTTP/2 GET https://localhost:7015/images/animals/le_heron2_mini.jpg - null null
2024-09-11 19:46:26.590 +02:00  INF  The file /images/animals/le_rhino1_mini.jpeg was not modified
2024-09-11 19:46:26.590 +02:00  INF  The file /images/animals/la_loutre1_mini.jpg was not modified
2024-09-11 19:46:26.590 +02:00  INF  Request starting HTTP/2 GET https://localhost:7015/images/animals/638496693873204641_Mufasa_mini.jpg - null null
2024-09-11 19:46:26.590 +02:00  INF  The file /images/animals/le_heron1_mini.jpg was not modified
2024-09-11 19:46:26.593 +02:00  INF  Request starting HTTP/2 GET https://localhost:7015/images/animals/l_orang_outan1_mini.jpg - null null
2024-09-11 19:46:26.596 +02:00  INF  Request starting HTTP/2 GET https://localhost:7015/images/animals/l_orang_outan2_mini.jpg - null null
2024-09-11 19:46:26.600 +02:00  INF  The file /images/animals/638496693869536822_Mufasa_mini.jpg was not modified
2024-09-11 19:46:26.600 +02:00  INF  Request starting HTTP/2 GET https://localhost:7015/images/animals/la_panthere1_mini.jpg - null null
2024-09-11 19:46:26.602 +02:00  INF  Request finished HTTP/2 GET https://localhost:7015/images/animals/la_loutre1_mini.jpg - 304 null image/jpeg 26.8861ms
2024-09-11 19:46:26.603 +02:00  INF  Request starting HTTP/2 GET https://localhost:7015/images/animals/la_panthere2_mini.jpg - null null
2024-09-11 19:46:26.603 +02:00  INF  Request finished HTTP/2 GET https://localhost:7015/images/animals/638496693869536822_Mufasa_mini.jpg - 304 null image/jpeg 16.5885ms
2024-09-11 19:46:26.604 +02:00  INF  Request finished HTTP/2 GET https://localhost:7015/images/animals/le_heron1_mini.jpg - 304 null image/jpeg 25.3686ms
2024-09-11 19:46:26.606 +02:00  INF  The file /images/habitats/Marais_mini.jpg was not modified
2024-09-11 19:46:26.607 +02:00  INF  The file /images/animals/le_rhino2_mini.jpg was not modified
2024-09-11 19:46:26.608 +02:00  INF  The file /images/animals/le_gorille2_mini.jpg was not modified
2024-09-11 19:46:26.609 +02:00  INF  Request finished HTTP/2 GET https://localhost:7015/images/animals/le_rhino1_mini.jpeg - 304 null image/jpeg 33.5933ms
2024-09-11 19:46:26.610 +02:00  INF  The file /images/animals/le_heron2_mini.jpg was not modified
2024-09-11 19:46:26.612 +02:00  INF  The file /images/animals/638496693873204641_Mufasa_mini.jpg was not modified
2024-09-11 19:46:26.613 +02:00  INF  The file /images/animals/l_orang_outan1_mini.jpg was not modified
2024-09-11 19:46:26.614 +02:00  INF  The file /images/animals/l_orang_outan2_mini.jpg was not modified
2024-09-11 19:46:26.616 +02:00  INF  The file /images/animals/la_panthere1_mini.jpg was not modified
2024-09-11 19:46:26.618 +02:00  INF  Request starting HTTP/2 GET https://localhost:7015/images/animals/la_loutre2_mini.jpg - null null
2024-09-11 19:46:26.619 +02:00  INF  The file /images/animals/la_panthere2_mini.jpg was not modified
2024-09-11 19:46:26.620 +02:00  INF  Request starting HTTP/2 GET https://localhost:7015/images/animals/le_gorille1_mini.jpg - null null
2024-09-11 19:46:26.622 +02:00  INF  Request starting HTTP/2 GET https://localhost:7015/images/habitats/Savane_mini.jpg - null null
2024-09-11 19:46:26.623 +02:00  INF  Request finished HTTP/2 GET https://localhost:7015/images/habitats/Marais_mini.jpg - 304 null image/jpeg 38.6327ms
2024-09-11 19:46:26.623 +02:00  INF  Request finished HTTP/2 GET https://localhost:7015/images/animals/le_rhino2_mini.jpg - 304 null image/jpeg 45.2793ms
2024-09-11 19:46:26.624 +02:00  INF  Request finished HTTP/2 GET https://localhost:7015/images/animals/le_gorille2_mini.jpg - 304 null image/jpeg 48.2851ms
2024-09-11 19:46:26.626 +02:00  INF  Request starting HTTP/2 GET https://localhost:7015/images/habitats/Jungle_mini.jpg - null null
2024-09-11 19:46:26.626 +02:00  INF  Request finished HTTP/2 GET https://localhost:7015/images/animals/le_heron2_mini.jpg - 304 null image/jpeg 39.4122ms
2024-09-11 19:46:26.627 +02:00  INF  Request finished HTTP/2 GET https://localhost:7015/images/animals/638496693873204641_Mufasa_mini.jpg - 304 null image/jpeg 36.7775ms
2024-09-11 19:46:26.627 +02:00  INF  Request finished HTTP/2 GET https://localhost:7015/images/animals/l_orang_outan1_mini.jpg - 304 null image/jpeg 34.1626ms
2024-09-11 19:46:26.628 +02:00  INF  Request finished HTTP/2 GET https://localhost:7015/images/animals/l_orang_outan2_mini.jpg - 304 null image/jpeg 31.795ms
2024-09-11 19:46:26.629 +02:00  INF  Request finished HTTP/2 GET https://localhost:7015/images/animals/la_panthere1_mini.jpg - 304 null image/jpeg 28.6794ms
2024-09-11 19:46:26.630 +02:00  INF  The file /images/animals/la_loutre2_mini.jpg was not modified
2024-09-11 19:46:26.630 +02:00  INF  Request finished HTTP/2 GET https://localhost:7015/images/animals/la_panthere2_mini.jpg - 304 null image/jpeg 27.5055ms
2024-09-11 19:46:26.633 +02:00  INF  The file /images/animals/le_gorille1_mini.jpg was not modified
2024-09-11 19:46:26.635 +02:00  INF  The file /images/habitats/Savane_mini.jpg was not modified
2024-09-11 19:46:26.641 +02:00  INF  The file /images/habitats/Jungle_mini.jpg was not modified
2024-09-11 19:46:26.651 +02:00  INF  Request finished HTTP/2 GET https://localhost:7015/images/animals/la_loutre2_mini.jpg - 304 null image/jpeg 33.8249ms
2024-09-11 19:46:26.654 +02:00  INF  Request finished HTTP/2 GET https://localhost:7015/images/animals/le_gorille1_mini.jpg - 304 null image/jpeg 33.1659ms
2024-09-11 19:46:26.654 +02:00  INF  Request finished HTTP/2 GET https://localhost:7015/images/habitats/Savane_mini.jpg - 304 null image/jpeg 32.1193ms
2024-09-11 19:46:26.655 +02:00  INF  Request finished HTTP/2 GET https://localhost:7015/images/habitats/Jungle_mini.jpg - 304 null image/jpeg 28.9401ms
