2024-06-21 11:43:29.605 +02:00  INF  Now listening on: https://localhost:7015
2024-06-21 11:43:29.640 +02:00  INF  Now listening on: http://localhost:5131
2024-06-21 11:43:29.642 +02:00  INF  Application started. Press Ctrl+C to shut down.
2024-06-21 11:43:29.643 +02:00  INF  Hosting environment: Development
2024-06-21 11:43:29.644 +02:00  INF  Content root path: C:\Users\Lacon\Desktop\DEVELOPPEMENT\ECF_Zoo\ECF_Zoo\API_Arcadia
2024-06-21 11:43:30.473 +02:00  INF  Request starting HTTP/2 GET https://localhost:7015/swagger - null null
2024-06-21 11:43:30.642 +02:00  INF  Request finished HTTP/2 GET https://localhost:7015/swagger - 301 0 null 172.9132ms
2024-06-21 11:43:30.646 +02:00  INF  Request starting HTTP/2 GET https://localhost:7015/swagger/index.html - null null
2024-06-21 11:43:30.698 +02:00  INF  Request finished HTTP/2 GET https://localhost:7015/swagger/index.html - 200 null text/html;charset=utf-8 52.3027ms
2024-06-21 11:43:30.707 +02:00  INF  Request starting HTTP/2 GET https://localhost:7015/swagger/swagger-ui.css - null null
2024-06-21 11:43:30.712 +02:00  INF  Request starting HTTP/2 GET https://localhost:7015/swagger/swagger-ui-standalone-preset.js - null null
2024-06-21 11:43:30.712 +02:00  INF  Request starting HTTP/2 GET https://localhost:7015/_framework/aspnetcore-browser-refresh.js - null null
2024-06-21 11:43:30.712 +02:00  INF  Request starting HTTP/2 GET https://localhost:7015/swagger/swagger-ui-bundle.js - null null
2024-06-21 11:43:30.727 +02:00  INF  Request starting HTTP/2 GET https://localhost:7015/_vs/browserLink - null null
2024-06-21 11:43:30.728 +02:00  INF  Request finished HTTP/2 GET https://localhost:7015/_framework/aspnetcore-browser-refresh.js - 200 13758 application/javascript; charset=utf-8 15.7616ms
2024-06-21 11:43:30.758 +02:00  INF  Sending file. Request path: '/swagger-ui-standalone-preset.js'. Physical path: 'N/A'
2024-06-21 11:43:30.758 +02:00  INF  Sending file. Request path: '/swagger-ui.css'. Physical path: 'N/A'
2024-06-21 11:43:30.761 +02:00  INF  Request finished HTTP/2 GET https://localhost:7015/swagger/swagger-ui.css - 200 144929 text/css 54.4894ms
2024-06-21 11:43:30.761 +02:00  INF  Request finished HTTP/2 GET https://localhost:7015/swagger/swagger-ui-standalone-preset.js - 200 312163 text/javascript 49.3621ms
2024-06-21 11:43:30.783 +02:00  INF  Sending file. Request path: '/swagger-ui-bundle.js'. Physical path: 'N/A'
2024-06-21 11:43:30.784 +02:00  INF  Request finished HTTP/2 GET https://localhost:7015/swagger/swagger-ui-bundle.js - 200 1061536 text/javascript 71.8727ms
2024-06-21 11:43:30.798 +02:00  INF  Request finished HTTP/2 GET https://localhost:7015/_vs/browserLink - 200 null text/javascript; charset=UTF-8 71.0964ms
2024-06-21 11:43:30.892 +02:00  INF  Request starting HTTP/2 GET https://localhost:7015/swagger/v1/swagger.json - null null
2024-06-21 11:43:30.906 +02:00  INF  Request starting HTTP/2 GET https://localhost:7015/swagger/favicon-32x32.png - null null
2024-06-21 11:43:30.908 +02:00  INF  Sending file. Request path: '/favicon-32x32.png'. Physical path: 'N/A'
2024-06-21 11:43:30.909 +02:00  INF  Request finished HTTP/2 GET https://localhost:7015/swagger/favicon-32x32.png - 200 628 image/png 3.2527ms
2024-06-21 11:43:30.991 +02:00  INF  Request finished HTTP/2 GET https://localhost:7015/swagger/v1/swagger.json - 200 null application/json;charset=utf-8 99.8217ms
2024-06-21 11:43:34.821 +02:00  INF  Request starting HTTP/2 GET https://localhost:7015/images/animals/638496693873204641_Mufasa_mini.jpg - null null
2024-06-21 11:43:34.821 +02:00  INF  Request starting HTTP/2 GET https://localhost:7015/images/animals/638496693869536018_Mufasa.jpg - null null
2024-06-21 11:43:34.821 +02:00  INF  Request starting HTTP/2 GET https://localhost:7015/x - null null
2024-06-21 11:43:34.821 +02:00  INF  Request starting HTTP/2 GET https://localhost:7015/images/animals/638496693869536822_Mufasa_mini.jpg - null null
2024-06-21 11:43:34.830 +02:00  INF  Request finished HTTP/2 GET https://localhost:7015/x - 404 0 null 9.9801ms
2024-06-21 11:43:34.834 +02:00  INF  Request reached the end of the middleware pipeline without being handled by application code. Request path: GET https://localhost:7015/x, Response status code: 404
2024-06-21 11:43:34.870 +02:00  INF  Sending file. Request path: '/images/animals/638496693869536822_Mufasa_mini.jpg'. Physical path: 'C:\Users\Lacon\Desktop\DEVELOPPEMENT\ECF_Zoo\ECF_Zoo\API_Arcadia\wwwroot\images\animals\638496693869536822_Mufasa_mini.jpg'
2024-06-21 11:43:34.870 +02:00  INF  Sending file. Request path: '/images/animals/638496693873204641_Mufasa_mini.jpg'. Physical path: 'C:\Users\Lacon\Desktop\DEVELOPPEMENT\ECF_Zoo\ECF_Zoo\API_Arcadia\wwwroot\images\animals\638496693873204641_Mufasa_mini.jpg'
2024-06-21 11:43:34.871 +02:00  INF  Request finished HTTP/2 GET https://localhost:7015/images/animals/638496693869536822_Mufasa_mini.jpg - 200 80881 image/jpeg 51.7217ms
2024-06-21 11:43:34.873 +02:00  INF  Request finished HTTP/2 GET https://localhost:7015/images/animals/638496693873204641_Mufasa_mini.jpg - 200 93587 image/jpeg 51.7613ms
2024-06-21 11:43:34.883 +02:00  INF  Sending file. Request path: '/images/animals/638496693869536018_Mufasa.jpg'. Physical path: 'C:\Users\Lacon\Desktop\DEVELOPPEMENT\ECF_Zoo\ECF_Zoo\API_Arcadia\wwwroot\images\animals\638496693869536018_Mufasa.jpg'
2024-06-21 11:43:34.884 +02:00  INF  Request finished HTTP/2 GET https://localhost:7015/images/animals/638496693869536018_Mufasa.jpg - 200 643175 image/jpeg 63.5965ms
2024-06-21 13:57:26.018 +02:00  INF  Request starting HTTP/2 GET https://localhost:7015/images/animals/638496693869536822_Mufasa_mini.jpg - null null
2024-06-21 13:57:26.018 +02:00  INF  Request starting HTTP/2 GET https://localhost:7015/images/animals/638496693873204641_Mufasa_mini.jpg - null null
2024-06-21 13:57:26.020 +02:00  INF  Request starting HTTP/2 GET https://localhost:7015/x - null null
2024-06-21 13:57:26.019 +02:00  INF  Request starting HTTP/2 GET https://localhost:7015/images/animals/638496693869536018_Mufasa.jpg - null null
2024-06-21 13:57:26.036 +02:00  INF  Request finished HTTP/2 GET https://localhost:7015/x - 404 0 null 15.9818ms
2024-06-21 13:57:26.042 +02:00  INF  Sending file. Request path: '/images/animals/638496693869536822_Mufasa_mini.jpg'. Physical path: 'C:\Users\Lacon\Desktop\DEVELOPPEMENT\ECF_Zoo\ECF_Zoo\API_Arcadia\wwwroot\images\animals\638496693869536822_Mufasa_mini.jpg'
2024-06-21 13:57:26.049 +02:00  INF  Sending file. Request path: '/images/animals/638496693873204641_Mufasa_mini.jpg'. Physical path: 'C:\Users\Lacon\Desktop\DEVELOPPEMENT\ECF_Zoo\ECF_Zoo\API_Arcadia\wwwroot\images\animals\638496693873204641_Mufasa_mini.jpg'
2024-06-21 13:57:26.052 +02:00  INF  Request reached the end of the middleware pipeline without being handled by application code. Request path: GET https://localhost:7015/x, Response status code: 404
2024-06-21 13:57:26.057 +02:00  INF  Request finished HTTP/2 GET https://localhost:7015/images/animals/638496693873204641_Mufasa_mini.jpg - 200 93587 image/jpeg 38.2932ms
2024-06-21 13:57:26.068 +02:00  INF  Request finished HTTP/2 GET https://localhost:7015/images/animals/638496693869536822_Mufasa_mini.jpg - 200 80881 image/jpeg 50.329ms
2024-06-21 13:57:26.072 +02:00  INF  Sending file. Request path: '/images/animals/638496693869536018_Mufasa.jpg'. Physical path: 'C:\Users\Lacon\Desktop\DEVELOPPEMENT\ECF_Zoo\ECF_Zoo\API_Arcadia\wwwroot\images\animals\638496693869536018_Mufasa.jpg'
2024-06-21 13:57:26.073 +02:00  INF  Request finished HTTP/2 GET https://localhost:7015/images/animals/638496693869536018_Mufasa.jpg - 200 643175 image/jpeg 53.6762ms
2024-06-21 14:07:51.183 +02:00  INF  Request starting HTTP/2 GET https://localhost:7015/x - null null
2024-06-21 14:07:51.188 +02:00  INF  Request finished HTTP/2 GET https://localhost:7015/x - 404 0 null 5.1147ms
2024-06-21 14:07:51.190 +02:00  INF  Request reached the end of the middleware pipeline without being handled by application code. Request path: GET https://localhost:7015/x, Response status code: 404
2024-06-21 14:08:17.013 +02:00  INF  Request starting HTTP/2 GET https://localhost:7015/x - null null
2024-06-21 14:08:17.017 +02:00  INF  Request finished HTTP/2 GET https://localhost:7015/x - 404 0 null 4.5952ms
2024-06-21 14:08:17.020 +02:00  INF  Request reached the end of the middleware pipeline without being handled by application code. Request path: GET https://localhost:7015/x, Response status code: 404
2024-06-21 14:09:49.250 +02:00  INF  Request starting HTTP/2 GET https://localhost:7015/x - null null
2024-06-21 14:09:49.290 +02:00  INF  Request finished HTTP/2 GET https://localhost:7015/x - 404 0 null 39.6846ms
2024-06-21 14:09:49.292 +02:00  INF  Request reached the end of the middleware pipeline without being handled by application code. Request path: GET https://localhost:7015/x, Response status code: 404
2024-06-21 14:13:11.393 +02:00  INF  Request starting HTTP/2 GET https://localhost:7015/x - null null
2024-06-21 14:13:11.399 +02:00  INF  Request finished HTTP/2 GET https://localhost:7015/x - 404 0 null 6.3263ms
2024-06-21 14:13:11.401 +02:00  INF  Request reached the end of the middleware pipeline without being handled by application code. Request path: GET https://localhost:7015/x, Response status code: 404
2024-06-21 14:14:18.087 +02:00  INF  Request starting HTTP/2 GET https://localhost:7015/x - null null
2024-06-21 14:14:18.092 +02:00  INF  Request finished HTTP/2 GET https://localhost:7015/x - 404 0 null 4.9456ms
2024-06-21 14:14:18.094 +02:00  INF  Request reached the end of the middleware pipeline without being handled by application code. Request path: GET https://localhost:7015/x, Response status code: 404
2024-06-21 14:20:49.112 +02:00  INF  Request starting HTTP/2 GET https://localhost:7015/x - null null
2024-06-21 14:20:49.121 +02:00  INF  Request finished HTTP/2 GET https://localhost:7015/x - 404 0 null 8.2301ms
2024-06-21 14:20:49.127 +02:00  INF  Request reached the end of the middleware pipeline without being handled by application code. Request path: GET https://localhost:7015/x, Response status code: 404
2024-06-21 14:21:09.766 +02:00  INF  Request starting HTTP/2 GET https://localhost:7015/x - null null
2024-06-21 14:21:09.768 +02:00  INF  Request finished HTTP/2 GET https://localhost:7015/x - 404 0 null 2.5381ms
2024-06-21 14:21:09.770 +02:00  INF  Request reached the end of the middleware pipeline without being handled by application code. Request path: GET https://localhost:7015/x, Response status code: 404
2024-06-21 14:22:14.881 +02:00  INF  Request starting HTTP/2 GET https://localhost:7015/x - null null
2024-06-21 14:22:14.886 +02:00  INF  Request finished HTTP/2 GET https://localhost:7015/x - 404 0 null 5.4429ms
2024-06-21 14:22:14.888 +02:00  INF  Request reached the end of the middleware pipeline without being handled by application code. Request path: GET https://localhost:7015/x, Response status code: 404
2024-06-21 14:39:26.524 +02:00  INF  Request starting HTTP/2 GET https://localhost:7015/x - null null
2024-06-21 14:39:26.533 +02:00  INF  Request finished HTTP/2 GET https://localhost:7015/x - 404 0 null 8.7056ms
2024-06-21 14:39:26.535 +02:00  INF  Request reached the end of the middleware pipeline without being handled by application code. Request path: GET https://localhost:7015/x, Response status code: 404
2024-06-21 14:42:45.407 +02:00  INF  Request starting HTTP/2 GET https://localhost:7015/x - null null
2024-06-21 14:42:45.413 +02:00  INF  Request finished HTTP/2 GET https://localhost:7015/x - 404 0 null 7.1057ms
2024-06-21 14:42:45.419 +02:00  INF  Request reached the end of the middleware pipeline without being handled by application code. Request path: GET https://localhost:7015/x, Response status code: 404
2024-06-21 21:45:07.669 +02:00  INF  Request starting HTTP/2 GET https://localhost:7015/x - null null
2024-06-21 21:45:07.674 +02:00  INF  Request finished HTTP/2 GET https://localhost:7015/x - 404 0 null 5.4188ms
2024-06-21 21:45:07.679 +02:00  INF  Request reached the end of the middleware pipeline without being handled by application code. Request path: GET https://localhost:7015/x, Response status code: 404
2024-06-21 21:45:24.566 +02:00  INF  Request starting HTTP/2 GET https://localhost:7015/x - null null
2024-06-21 21:45:24.568 +02:00  INF  Request finished HTTP/2 GET https://localhost:7015/x - 404 0 null 2.2717ms
2024-06-21 21:45:24.570 +02:00  INF  Request reached the end of the middleware pipeline without being handled by application code. Request path: GET https://localhost:7015/x, Response status code: 404
2024-06-21 22:11:11.894 +02:00  INF  Request starting HTTP/2 GET https://localhost:7015/x - null null
2024-06-21 22:11:11.900 +02:00  INF  Request finished HTTP/2 GET https://localhost:7015/x - 404 0 null 6.2494ms
2024-06-21 22:11:11.907 +02:00  INF  Request reached the end of the middleware pipeline without being handled by application code. Request path: GET https://localhost:7015/x, Response status code: 404
2024-06-21 22:11:11.909 +02:00  INF  Request starting HTTP/2 GET https://localhost:7015/x - null null
2024-06-21 22:11:11.912 +02:00  INF  Request finished HTTP/2 GET https://localhost:7015/x - 404 0 null 2.9091ms
2024-06-21 22:11:11.914 +02:00  INF  Request reached the end of the middleware pipeline without being handled by application code. Request path: GET https://localhost:7015/x, Response status code: 404
2024-06-21 22:13:08.853 +02:00  INF  Request starting HTTP/2 GET https://localhost:7015/x - null null
2024-06-21 22:13:08.860 +02:00  INF  Request finished HTTP/2 GET https://localhost:7015/x - 404 0 null 6.9368ms
2024-06-21 22:13:08.871 +02:00  INF  Request reached the end of the middleware pipeline without being handled by application code. Request path: GET https://localhost:7015/x, Response status code: 404
2024-06-21 22:13:08.873 +02:00  INF  Request starting HTTP/2 GET https://localhost:7015/x - null null
2024-06-21 22:13:08.875 +02:00  INF  Request finished HTTP/2 GET https://localhost:7015/x - 404 0 null 2.4055ms
2024-06-21 22:13:08.877 +02:00  INF  Request reached the end of the middleware pipeline without being handled by application code. Request path: GET https://localhost:7015/x, Response status code: 404
2024-06-21 22:14:27.788 +02:00  INF  Request starting HTTP/2 GET https://localhost:7015/x - null null
2024-06-21 22:14:27.792 +02:00  INF  Request finished HTTP/2 GET https://localhost:7015/x - 404 0 null 6.4866ms
2024-06-21 22:14:27.797 +02:00  INF  Request reached the end of the middleware pipeline without being handled by application code. Request path: GET https://localhost:7015/x, Response status code: 404
2024-06-21 22:14:27.798 +02:00  INF  Request starting HTTP/2 GET https://localhost:7015/x - null null
2024-06-21 22:14:27.801 +02:00  INF  Request finished HTTP/2 GET https://localhost:7015/x - 404 0 null 3.3928ms
2024-06-21 22:14:27.806 +02:00  INF  Request reached the end of the middleware pipeline without being handled by application code. Request path: GET https://localhost:7015/x, Response status code: 404
2024-06-21 22:22:23.282 +02:00  INF  Request starting HTTP/2 GET https://localhost:7015/x - null null
2024-06-21 22:22:23.287 +02:00  INF  Request finished HTTP/2 GET https://localhost:7015/x - 404 0 null 5.2436ms
2024-06-21 22:22:23.292 +02:00  INF  Request reached the end of the middleware pipeline without being handled by application code. Request path: GET https://localhost:7015/x, Response status code: 404
2024-06-21 22:22:23.677 +02:00  INF  Request starting HTTP/2 GET https://localhost:7015/x - null null
2024-06-21 22:22:23.679 +02:00  INF  Request finished HTTP/2 GET https://localhost:7015/x - 404 0 null 2.8421ms
2024-06-21 22:22:23.682 +02:00  INF  Request reached the end of the middleware pipeline without being handled by application code. Request path: GET https://localhost:7015/x, Response status code: 404
2024-06-21 22:22:26.534 +02:00  INF  Request starting HTTP/2 GET https://localhost:7015/images/animals/638496693873204536_Mufasa.jpg - null null
2024-06-21 22:22:26.663 +02:00  INF  Sending file. Request path: '/images/animals/638496693873204536_Mufasa.jpg'. Physical path: 'C:\Users\Lacon\Desktop\DEVELOPPEMENT\ECF_Zoo\ECF_Zoo\API_Arcadia\wwwroot\images\animals\638496693873204536_Mufasa.jpg'
2024-06-21 22:22:26.664 +02:00  INF  Request finished HTTP/2 GET https://localhost:7015/images/animals/638496693873204536_Mufasa.jpg - 200 8273660 image/jpeg 129.8756ms
2024-06-21 22:22:28.515 +02:00  INF  Request starting HTTP/2 GET https://localhost:7015/images/animals/l_orang_outan1.jpg - null null
2024-06-21 22:22:28.519 +02:00  INF  Sending file. Request path: '/images/animals/l_orang_outan1.jpg'. Physical path: 'C:\Users\Lacon\Desktop\DEVELOPPEMENT\ECF_Zoo\ECF_Zoo\API_Arcadia\wwwroot\images\animals\l_orang_outan1.jpg'
2024-06-21 22:22:28.520 +02:00  INF  Request finished HTTP/2 GET https://localhost:7015/images/animals/l_orang_outan1.jpg - 200 48419 image/jpeg 5.7105ms
