2024-07-28 21:40:46.210 +02:00  INF  User profile is available. Using 'C:\Users\Lacon\AppData\Local\ASP.NET\DataProtection-Keys' as key repository and Windows DPAPI to encrypt keys at rest.
2024-07-28 21:40:46.721 +02:00  INF  Now listening on: https://localhost:7015
2024-07-28 21:40:46.722 +02:00  INF  Now listening on: http://localhost:5131
2024-07-28 21:40:46.724 +02:00  INF  Application started. Press Ctrl+C to shut down.
2024-07-28 21:40:46.724 +02:00  INF  Hosting environment: Development
2024-07-28 21:40:46.725 +02:00  INF  Content root path: C:\Users\Lacon\Desktop\DEVELOPPEMENT\ECF_Zoo\ECF_Zoo\API_Arcadia
2024-07-28 21:40:47.164 +02:00  INF  Request starting HTTP/2 GET https://localhost:7015/swagger/index.html - null null
2024-07-28 21:40:47.376 +02:00  INF  Request finished HTTP/2 GET https://localhost:7015/swagger/index.html - 200 null text/html;charset=utf-8 215.0936ms
2024-07-28 21:40:47.388 +02:00  INF  Request starting HTTP/2 GET https://localhost:7015/_framework/aspnetcore-browser-refresh.js - null null
2024-07-28 21:40:47.393 +02:00  INF  Request finished HTTP/2 GET https://localhost:7015/_framework/aspnetcore-browser-refresh.js - 200 13758 application/javascript; charset=utf-8 5.598ms
2024-07-28 21:40:47.399 +02:00  INF  Request starting HTTP/2 GET https://localhost:7015/_vs/browserLink - null null
2024-07-28 21:40:47.440 +02:00  INF  Request finished HTTP/2 GET https://localhost:7015/_vs/browserLink - 200 null text/javascript; charset=UTF-8 40.9743ms
2024-07-28 21:40:47.587 +02:00  INF  Request starting HTTP/2 GET https://localhost:7015/swagger/v1/swagger.json - null null
2024-07-28 21:40:47.686 +02:00  INF  Request finished HTTP/2 GET https://localhost:7015/swagger/v1/swagger.json - 200 null application/json;charset=utf-8 99.8061ms
2024-07-28 21:41:17.622 +02:00  INF  Request starting HTTP/2 OPTIONS https://localhost:7015/api/Reviews - null null
2024-07-28 21:41:17.622 +02:00  INF  Request starting HTTP/2 OPTIONS https://localhost:7015/api/OpeningHours - null null
2024-07-28 21:41:17.622 +02:00  INF  Request starting HTTP/2 OPTIONS https://localhost:7015/api/Animals/length - null null
2024-07-28 21:41:17.631 +02:00  INF  CORS policy execution successful.
2024-07-28 21:41:17.632 +02:00  INF  CORS policy execution successful.
2024-07-28 21:41:17.632 +02:00  INF  CORS policy execution successful.
2024-07-28 21:41:17.634 +02:00  INF  Request finished HTTP/2 OPTIONS https://localhost:7015/api/Reviews - 204 null null 11.7506ms
2024-07-28 21:41:17.634 +02:00  INF  Request finished HTTP/2 OPTIONS https://localhost:7015/api/Animals/length - 204 null null 11.7604ms
2024-07-28 21:41:17.634 +02:00  INF  Request finished HTTP/2 OPTIONS https://localhost:7015/api/OpeningHours - 204 null null 11.7078ms
2024-07-28 21:41:17.639 +02:00  INF  Request starting HTTP/2 GET https://localhost:7015/api/OpeningHours - null null
2024-07-28 21:41:17.639 +02:00  INF  Request starting HTTP/2 GET https://localhost:7015/api/Reviews - null null
2024-07-28 21:41:17.645 +02:00  INF  Request starting HTTP/2 GET https://localhost:7015/api/Animals/length - null null
2024-07-28 21:41:17.655 +02:00  INF  CORS policy execution successful.
2024-07-28 21:41:17.655 +02:00  INF  CORS policy execution successful.
2024-07-28 21:41:17.656 +02:00  INF  CORS policy execution successful.
2024-07-28 21:41:17.745 +02:00  INF  Executing endpoint 'API_Arcadia.Controllers.ReviewsController.GetReviews (API_Arcadia)'
2024-07-28 21:41:17.745 +02:00  INF  Executing endpoint 'API_Arcadia.Controllers.AnimalsController.GetAnimalsListLength (API_Arcadia)'
2024-07-28 21:41:17.745 +02:00  INF  Executing endpoint 'API_Arcadia.Controllers.OpeningHoursController.GetOpeningHours (API_Arcadia)'
2024-07-28 21:41:17.763 +02:00  INF  Route matched with {action = "GetOpeningHours", controller = "OpeningHours"}. Executing controller action with signature System.Threading.Tasks.Task`1[Microsoft.AspNetCore.Mvc.ActionResult`1[System.Collections.Generic.IEnumerable`1[API_Arcadia.Models.OpeningHour]]] GetOpeningHours() on controller API_Arcadia.Controllers.OpeningHoursController (API_Arcadia).
2024-07-28 21:41:17.763 +02:00  INF  Route matched with {action = "GetReviews", controller = "Reviews"}. Executing controller action with signature System.Threading.Tasks.Task`1[Microsoft.AspNetCore.Mvc.ActionResult`1[System.Collections.Generic.IEnumerable`1[API_Arcadia.Models.Review]]] GetReviews() on controller API_Arcadia.Controllers.ReviewsController (API_Arcadia).
2024-07-28 21:41:17.763 +02:00  INF  Route matched with {action = "GetAnimalsListLength", controller = "Animals"}. Executing controller action with signature System.Threading.Tasks.Task`1[Microsoft.AspNetCore.Mvc.ActionResult`1[System.Int32]] GetAnimalsListLength() on controller API_Arcadia.Controllers.AnimalsController (API_Arcadia).
2024-07-28 21:41:19.691 +02:00  INF  Executed DbCommand (27ms) [Parameters=[], CommandType='"Text"', CommandTimeout='30']
SELECT COUNT(*)
FROM [Animals] AS [a]
2024-07-28 21:41:19.691 +02:00  INF  Executed DbCommand (27ms) [Parameters=[], CommandType='"Text"', CommandTimeout='30']
SELECT [r].[Id], [r].[Content], [r].[IsValidated], [r].[Note], [r].[Pseudo]
FROM [Reviews] AS [r]
WHERE [r].[IsValidated] = CAST(1 AS bit)
2024-07-28 21:41:19.691 +02:00  INF  Executed DbCommand (27ms) [Parameters=[], CommandType='"Text"', CommandTimeout='30']
SELECT [o].[Id], [o].[AfternoonClosing], [o].[AfternoonOpening], [o].[DayOfWeek], [o].[MorningClosing], [o].[MorningOpening]
FROM [OpeningHours] AS [o]
2024-07-28 21:41:19.712 +02:00  INF  Executing OkObjectResult, writing value of type 'System.Int32'.
2024-07-28 21:41:19.720 +02:00  INF  Executed action API_Arcadia.Controllers.AnimalsController.GetAnimalsListLength (API_Arcadia) in 1952.2858ms
2024-07-28 21:41:19.721 +02:00  INF  Executed endpoint 'API_Arcadia.Controllers.AnimalsController.GetAnimalsListLength (API_Arcadia)'
2024-07-28 21:41:19.727 +02:00  INF  Request finished HTTP/2 GET https://localhost:7015/api/Animals/length - 200 null application/json; charset=utf-8 2082.7487ms
2024-07-28 21:41:19.727 +02:00  INF  Executing ObjectResult, writing value of type 'System.Collections.Generic.List`1[[API_Arcadia.Models.Review, API_Arcadia, Version=1.0.0.0, Culture=neutral, PublicKeyToken=null]]'.
2024-07-28 21:41:19.727 +02:00  INF  Executing ObjectResult, writing value of type 'System.Collections.Generic.List`1[[API_Arcadia.Models.OpeningHour, API_Arcadia, Version=1.0.0.0, Culture=neutral, PublicKeyToken=null]]'.
2024-07-28 21:41:19.733 +02:00  INF  Request starting HTTP/2 OPTIONS https://localhost:7015/api/Animals/10 - null null
2024-07-28 21:41:19.734 +02:00  INF  CORS policy execution successful.
2024-07-28 21:41:19.735 +02:00  INF  Request finished HTTP/2 OPTIONS https://localhost:7015/api/Animals/10 - 204 null null 2.1456ms
2024-07-28 21:41:19.736 +02:00  INF  Request starting HTTP/2 GET https://localhost:7015/api/Animals/10 - null null
2024-07-28 21:41:19.738 +02:00  INF  CORS policy execution successful.
2024-07-28 21:41:19.740 +02:00  INF  Executing endpoint 'API_Arcadia.Controllers.AnimalsController.GetAnimal (API_Arcadia)'
2024-07-28 21:41:19.746 +02:00  INF  Executed action API_Arcadia.Controllers.ReviewsController.GetReviews (API_Arcadia) in 1980.3243ms
2024-07-28 21:41:19.746 +02:00  INF  Executed action API_Arcadia.Controllers.OpeningHoursController.GetOpeningHours (API_Arcadia) in 1981.7367ms
2024-07-28 21:41:19.746 +02:00  INF  Executed endpoint 'API_Arcadia.Controllers.ReviewsController.GetReviews (API_Arcadia)'
2024-07-28 21:41:19.747 +02:00  INF  Executed endpoint 'API_Arcadia.Controllers.OpeningHoursController.GetOpeningHours (API_Arcadia)'
2024-07-28 21:41:19.748 +02:00  INF  Request finished HTTP/2 GET https://localhost:7015/api/Reviews - 200 null application/json; charset=utf-8 2108.8839ms
2024-07-28 21:41:19.748 +02:00  INF  Route matched with {action = "GetAnimal", controller = "Animals"}. Executing controller action with signature System.Threading.Tasks.Task`1[Microsoft.AspNetCore.Mvc.ActionResult`1[API_Arcadia.Models.Animal]] GetAnimal(Int32) on controller API_Arcadia.Controllers.AnimalsController (API_Arcadia).
2024-07-28 21:41:19.748 +02:00  INF  Request finished HTTP/2 GET https://localhost:7015/api/OpeningHours - 200 null application/json; charset=utf-8 2109.4914ms
2024-07-28 21:41:19.890 +02:00  WRN  Compiling a query which loads related collections for more than one collection navigation, either via 'Include' or through projection, but no 'QuerySplittingBehavior' has been configured. By default, Entity Framework will use 'QuerySplittingBehavior.SingleQuery', which can potentially result in slow query performance. See https://go.microsoft.com/fwlink/?linkid=2134277 for more information. To identify the query that's triggering this warning call 'ConfigureWarnings(w => w.Throw(RelationalEventId.MultipleCollectionIncludeWarning))'.
2024-07-28 21:41:19.929 +02:00  INF  Executed DbCommand (25ms) [Parameters=[@__id_0='?' (DbType = Int32)], CommandType='"Text"', CommandTimeout='30']
SELECT [t].[Id], [t].[IdHealth], [t].[IdSpecies], [t].[IsMale], [t].[Name], [t].[Id0], [t].[Id1], [t].[Id2], [t].[Id3], [t].[Id4], [a0].[Id], [a0].[IdAnimal], [a0].[MiniSlug], [a0].[Slug], [t].[State], [t].[Description], [t].[FemaleMaxSize], [t].[FemaleMaxWeight], [t].[IdDiet], [t].[IdSizeUnit], [t].[IdWeightUnit], [t].[Lifespan], [t].[MaleMaxSize], [t].[MaleMaxWeight], [t].[Name0], [t].[ScientificName], [t].[Abbr], [t].[Name1], [t].[Abbr0], [t].[Name2], [t].[Name3], [t0].[IdHabitat], [t0].[IdSpecies], [t0].[Id], [t0].[Description], [t0].[Name]
FROM (
    SELECT TOP(1) [a].[Id], [a].[IdHealth], [a].[IdSpecies], [a].[IsMale], [a].[Name], [h].[Id] AS [Id0], [h].[State], [s].[Id] AS [Id1], [s].[Description], [s].[FemaleMaxSize], [s].[FemaleMaxWeight], [s].[IdDiet], [s].[IdSizeUnit], [s].[IdWeightUnit], [s].[Lifespan], [s].[MaleMaxSize], [s].[MaleMaxWeight], [s].[Name] AS [Name0], [s].[ScientificName], [s0].[Id] AS [Id2], [s0].[Abbr], [s0].[Name] AS [Name1], [w].[Id] AS [Id3], [w].[Abbr] AS [Abbr0], [w].[Name] AS [Name2], [d].[Id] AS [Id4], [d].[Name] AS [Name3]
    FROM [Animals] AS [a]
    INNER JOIN [Healths] AS [h] ON [a].[IdHealth] = [h].[Id]
    INNER JOIN [Speciess] AS [s] ON [a].[IdSpecies] = [s].[Id]
    INNER JOIN [SizeUnits] AS [s0] ON [s].[IdSizeUnit] = [s0].[Id]
    INNER JOIN [WeightUnits] AS [w] ON [s].[IdWeightUnit] = [w].[Id]
    INNER JOIN [Diets] AS [d] ON [s].[IdDiet] = [d].[Id]
    WHERE [a].[Id] = @__id_0
) AS [t]
LEFT JOIN [AnimalImages] AS [a0] ON [t].[Id] = [a0].[IdAnimal]
LEFT JOIN (
    SELECT [s1].[IdHabitat], [s1].[IdSpecies], [h0].[Id], [h0].[Description], [h0].[Name]
    FROM [SpeciesHabitats] AS [s1]
    INNER JOIN [Habitats] AS [h0] ON [s1].[IdHabitat] = [h0].[Id]
) AS [t0] ON [t].[Id1] = [t0].[IdSpecies]
ORDER BY [t].[Id], [t].[Id0], [t].[Id1], [t].[Id2], [t].[Id3], [t].[Id4], [a0].[Id], [t0].[IdHabitat], [t0].[IdSpecies]
2024-07-28 21:41:19.996 +02:00  INF  Executing OkObjectResult, writing value of type 'API_Arcadia.Models.Animal'.
2024-07-28 21:41:20.011 +02:00  INF  Executed action API_Arcadia.Controllers.AnimalsController.GetAnimal (API_Arcadia) in 259.8789ms
2024-07-28 21:41:20.012 +02:00  INF  Executed endpoint 'API_Arcadia.Controllers.AnimalsController.GetAnimal (API_Arcadia)'
2024-07-28 21:41:20.013 +02:00  INF  Request finished HTTP/2 GET https://localhost:7015/api/Animals/10 - 200 null application/json; charset=utf-8 276.852ms
2024-07-28 21:41:20.019 +02:00  INF  Request starting HTTP/2 GET https://localhost:7015/images/animals/le_rhino2.jpg - null null
2024-07-28 21:41:20.075 +02:00  INF  Sending file. Request path: '/images/animals/le_rhino2.jpg'. Physical path: 'C:\Users\Lacon\Desktop\DEVELOPPEMENT\ECF_Zoo\ECF_Zoo\API_Arcadia\wwwroot\images\animals\le_rhino2.jpg'
2024-07-28 21:41:20.076 +02:00  INF  Request finished HTTP/2 GET https://localhost:7015/images/animals/le_rhino2.jpg - 200 846176 image/jpeg 57.1618ms
2024-07-28 22:04:26.661 +02:00  INF  Request starting HTTP/2 GET https://localhost:7015/swagger/index.html - null null
2024-07-28 22:04:26.671 +02:00  INF  Request finished HTTP/2 GET https://localhost:7015/swagger/index.html - 200 null text/html;charset=utf-8 9.7399ms
2024-07-28 22:04:26.700 +02:00  INF  Request starting HTTP/2 GET https://localhost:7015/_vs/browserLink - null null
2024-07-28 22:04:26.700 +02:00  INF  Request starting HTTP/2 GET https://localhost:7015/_framework/aspnetcore-browser-refresh.js - null null
2024-07-28 22:04:26.707 +02:00  INF  Request finished HTTP/2 GET https://localhost:7015/_framework/aspnetcore-browser-refresh.js - 200 13758 application/javascript; charset=utf-8 7.1116ms
2024-07-28 22:04:26.715 +02:00  INF  Request finished HTTP/2 GET https://localhost:7015/_vs/browserLink - 200 null text/javascript; charset=UTF-8 15.3671ms
2024-07-28 22:04:26.881 +02:00  INF  Request starting HTTP/2 GET https://localhost:7015/swagger/v1/swagger.json - null null
2024-07-28 22:04:26.903 +02:00  INF  Request finished HTTP/2 GET https://localhost:7015/swagger/v1/swagger.json - 200 null application/json;charset=utf-8 22.1517ms
2024-07-28 22:04:33.341 +02:00  INF  Request starting HTTP/2 GET https://localhost:7015/api/Auth - null null
2024-07-28 22:04:33.351 +02:00  INF  Authorization failed. These requirements were not met:
RolesAuthorizationRequirement:User.IsInRole must be true for one of the following roles: (Admin)
2024-07-28 22:04:33.353 +02:00  INF  AuthenticationScheme: Bearer was challenged.
2024-07-28 22:04:33.354 +02:00  INF  Request finished HTTP/2 GET https://localhost:7015/api/Auth - 401 0 null 13.2597ms
2024-07-28 22:04:37.907 +02:00  INF  Request starting HTTP/2 GET https://localhost:7015/api/Auth - null null
2024-07-28 22:04:37.911 +02:00  INF  Authorization failed. These requirements were not met:
RolesAuthorizationRequirement:User.IsInRole must be true for one of the following roles: (Admin)
2024-07-28 22:04:37.912 +02:00  INF  AuthenticationScheme: Bearer was challenged.
2024-07-28 22:04:37.912 +02:00  INF  Request finished HTTP/2 GET https://localhost:7015/api/Auth - 401 0 null 4.9586ms
2024-07-28 22:04:52.747 +02:00  INF  Request starting HTTP/2 GET https://localhost:7015/swagger/index.html - null null
2024-07-28 22:04:52.751 +02:00  INF  Request finished HTTP/2 GET https://localhost:7015/swagger/index.html - 200 null text/html;charset=utf-8 4.6304ms
2024-07-28 22:04:52.775 +02:00  INF  Request starting HTTP/2 GET https://localhost:7015/_vs/browserLink - null null
2024-07-28 22:04:52.786 +02:00  INF  Request starting HTTP/2 GET https://localhost:7015/_framework/aspnetcore-browser-refresh.js - null null
2024-07-28 22:04:52.787 +02:00  INF  Request finished HTTP/2 GET https://localhost:7015/_vs/browserLink - 200 null text/javascript; charset=UTF-8 12.5554ms
2024-07-28 22:04:52.791 +02:00  INF  Request finished HTTP/2 GET https://localhost:7015/_framework/aspnetcore-browser-refresh.js - 200 13758 application/javascript; charset=utf-8 5.6424ms
2024-07-28 22:04:52.849 +02:00  INF  Request starting HTTP/2 GET https://localhost:7015/swagger/v1/swagger.json - null null
2024-07-28 22:04:52.873 +02:00  INF  Request finished HTTP/2 GET https://localhost:7015/swagger/v1/swagger.json - 200 null application/json;charset=utf-8 24.2317ms
2024-07-28 22:05:01.488 +02:00  INF  Request starting HTTP/2 GET https://localhost:7015/api/Auth - null null
2024-07-28 22:05:01.490 +02:00  INF  Executing endpoint 'API_Arcadia.Controllers.AuthController.GetEmployees (API_Arcadia)'
2024-07-28 22:05:01.492 +02:00  INF  Route matched with {action = "GetEmployees", controller = "Auth"}. Executing controller action with signature System.Threading.Tasks.Task`1[Microsoft.AspNetCore.Mvc.ActionResult`1[System.Collections.Generic.IEnumerable`1[API_Arcadia.Models.Data.UserWithRolesDTO]]] GetEmployees() on controller API_Arcadia.Controllers.AuthController (API_Arcadia).
2024-07-28 22:05:02.394 +02:00  INF  Executed DbCommand (3ms) [Parameters=[], CommandType='"Text"', CommandTimeout='30']
SELECT [a].[Id], [a].[AccessFailedCount], [a].[ConcurrencyStamp], [a].[Email], [a].[EmailConfirmed], [a].[LockoutEnabled], [a].[LockoutEnd], [a].[NormalizedEmail], [a].[NormalizedUserName], [a].[PasswordHash], [a].[PhoneNumber], [a].[PhoneNumberConfirmed], [a].[SecurityStamp], [a].[TwoFactorEnabled], [a].[UserName]
FROM [AspNetUsers] AS [a]
2024-07-28 22:05:02.426 +02:00  INF  Executed DbCommand (3ms) [Parameters=[@__userId_0='?' (Size = 450)], CommandType='"Text"', CommandTimeout='30']
SELECT [a0].[Name]
FROM [AspNetUserRoles] AS [a]
INNER JOIN [AspNetRoles] AS [a0] ON [a].[RoleId] = [a0].[Id]
WHERE [a].[UserId] = @__userId_0
2024-07-28 22:05:02.431 +02:00  INF  Executed DbCommand (1ms) [Parameters=[@__userId_0='?' (Size = 450)], CommandType='"Text"', CommandTimeout='30']
SELECT [a0].[Name]
FROM [AspNetUserRoles] AS [a]
INNER JOIN [AspNetRoles] AS [a0] ON [a].[RoleId] = [a0].[Id]
WHERE [a].[UserId] = @__userId_0
2024-07-28 22:05:02.433 +02:00  INF  Executed DbCommand (1ms) [Parameters=[@__userId_0='?' (Size = 450)], CommandType='"Text"', CommandTimeout='30']
SELECT [a0].[Name]
FROM [AspNetUserRoles] AS [a]
INNER JOIN [AspNetRoles] AS [a0] ON [a].[RoleId] = [a0].[Id]
WHERE [a].[UserId] = @__userId_0
2024-07-28 22:05:02.435 +02:00  INF  Executed DbCommand (0ms) [Parameters=[@__userId_0='?' (Size = 450)], CommandType='"Text"', CommandTimeout='30']
SELECT [a0].[Name]
FROM [AspNetUserRoles] AS [a]
INNER JOIN [AspNetRoles] AS [a0] ON [a].[RoleId] = [a0].[Id]
WHERE [a].[UserId] = @__userId_0
2024-07-28 22:05:02.437 +02:00  INF  Executed DbCommand (0ms) [Parameters=[@__userId_0='?' (Size = 450)], CommandType='"Text"', CommandTimeout='30']
SELECT [a0].[Name]
FROM [AspNetUserRoles] AS [a]
INNER JOIN [AspNetRoles] AS [a0] ON [a].[RoleId] = [a0].[Id]
WHERE [a].[UserId] = @__userId_0
2024-07-28 22:05:02.439 +02:00  INF  Executed DbCommand (1ms) [Parameters=[@__userId_0='?' (Size = 450)], CommandType='"Text"', CommandTimeout='30']
SELECT [a0].[Name]
FROM [AspNetUserRoles] AS [a]
INNER JOIN [AspNetRoles] AS [a0] ON [a].[RoleId] = [a0].[Id]
WHERE [a].[UserId] = @__userId_0
2024-07-28 22:05:02.441 +02:00  INF  Executed DbCommand (1ms) [Parameters=[@__userId_0='?' (Size = 450)], CommandType='"Text"', CommandTimeout='30']
SELECT [a0].[Name]
FROM [AspNetUserRoles] AS [a]
INNER JOIN [AspNetRoles] AS [a0] ON [a].[RoleId] = [a0].[Id]
WHERE [a].[UserId] = @__userId_0
2024-07-28 22:05:02.443 +02:00  INF  Executed DbCommand (1ms) [Parameters=[@__userId_0='?' (Size = 450)], CommandType='"Text"', CommandTimeout='30']
SELECT [a0].[Name]
FROM [AspNetUserRoles] AS [a]
INNER JOIN [AspNetRoles] AS [a0] ON [a].[RoleId] = [a0].[Id]
WHERE [a].[UserId] = @__userId_0
2024-07-28 22:05:02.445 +02:00  INF  Executing OkObjectResult, writing value of type 'System.Collections.Generic.List`1[[API_Arcadia.Models.Data.UserWithRolesDTO, API_Arcadia, Version=1.0.0.0, Culture=neutral, PublicKeyToken=null]]'.
2024-07-28 22:05:02.447 +02:00  INF  Executed action API_Arcadia.Controllers.AuthController.GetEmployees (API_Arcadia) in 954.009ms
2024-07-28 22:05:02.449 +02:00  INF  Executed endpoint 'API_Arcadia.Controllers.AuthController.GetEmployees (API_Arcadia)'
2024-07-28 22:05:02.450 +02:00  INF  Request finished HTTP/2 GET https://localhost:7015/api/Auth - 200 null application/json; charset=utf-8 962.2654ms
2024-07-28 22:05:22.332 +02:00  INF  Request starting HTTP/2 GET https://localhost:7015/api/Auth/9e9ee582-be29-4bc3-8640-9c31c643ef1b - null null
2024-07-28 22:05:22.334 +02:00  INF  Executing endpoint 'API_Arcadia.Controllers.AuthController.GetEmployee (API_Arcadia)'
2024-07-28 22:05:22.339 +02:00  INF  Route matched with {action = "GetEmployee", controller = "Auth"}. Executing controller action with signature System.Threading.Tasks.Task`1[Microsoft.AspNetCore.Mvc.ActionResult`1[API_Arcadia.Models.Data.UserWithRolesDTO]] GetEmployee(System.String) on controller API_Arcadia.Controllers.AuthController (API_Arcadia).
2024-07-28 22:05:22.359 +02:00  INF  Executed DbCommand (2ms) [Parameters=[@__p_0='?' (Size = 450)], CommandType='"Text"', CommandTimeout='30']
SELECT TOP(1) [a].[Id], [a].[AccessFailedCount], [a].[ConcurrencyStamp], [a].[Email], [a].[EmailConfirmed], [a].[LockoutEnabled], [a].[LockoutEnd], [a].[NormalizedEmail], [a].[NormalizedUserName], [a].[PasswordHash], [a].[PhoneNumber], [a].[PhoneNumberConfirmed], [a].[SecurityStamp], [a].[TwoFactorEnabled], [a].[UserName]
FROM [AspNetUsers] AS [a]
WHERE [a].[Id] = @__p_0
2024-07-28 22:05:22.361 +02:00  INF  Executed DbCommand (1ms) [Parameters=[@__userId_0='?' (Size = 450)], CommandType='"Text"', CommandTimeout='30']
SELECT [a0].[Name]
FROM [AspNetUserRoles] AS [a]
INNER JOIN [AspNetRoles] AS [a0] ON [a].[RoleId] = [a0].[Id]
WHERE [a].[UserId] = @__userId_0
2024-07-28 22:05:22.363 +02:00  INF  Executing OkObjectResult, writing value of type 'Microsoft.AspNetCore.Identity.IdentityUser'.
2024-07-28 22:05:22.369 +02:00  INF  Executed action API_Arcadia.Controllers.AuthController.GetEmployee (API_Arcadia) in 27.8016ms
2024-07-28 22:05:22.370 +02:00  INF  Executed endpoint 'API_Arcadia.Controllers.AuthController.GetEmployee (API_Arcadia)'
2024-07-28 22:05:22.371 +02:00  INF  Request finished HTTP/2 GET https://localhost:7015/api/Auth/9e9ee582-be29-4bc3-8640-9c31c643ef1b - 200 null application/json; charset=utf-8 39.2489ms
2024-07-28 22:21:49.180 +02:00  INF  Request starting HTTP/2 GET https://localhost:7015/swagger/index.html - null null
2024-07-28 22:21:49.190 +02:00  INF  Request finished HTTP/2 GET https://localhost:7015/swagger/index.html - 200 null text/html;charset=utf-8 10.1079ms
2024-07-28 22:21:49.259 +02:00  INF  Request starting HTTP/2 GET https://localhost:7015/_framework/aspnetcore-browser-refresh.js - null null
2024-07-28 22:21:49.259 +02:00  INF  Request starting HTTP/2 GET https://localhost:7015/_vs/browserLink - null null
2024-07-28 22:21:49.261 +02:00  INF  Request finished HTTP/2 GET https://localhost:7015/_framework/aspnetcore-browser-refresh.js - 200 13758 application/javascript; charset=utf-8 2.9625ms
2024-07-28 22:21:49.274 +02:00  INF  Request finished HTTP/2 GET https://localhost:7015/_vs/browserLink - 200 null text/javascript; charset=UTF-8 15.5429ms
2024-07-28 22:21:49.475 +02:00  INF  Request starting HTTP/2 GET https://localhost:7015/swagger/v1/swagger.json - null null
2024-07-28 22:21:49.490 +02:00  INF  Request finished HTTP/2 GET https://localhost:7015/swagger/v1/swagger.json - 200 null application/json;charset=utf-8 15.2558ms
2024-07-28 22:22:08.730 +02:00  INF  Request starting HTTP/2 GET https://localhost:7015/api/Auth/Admin - null null
2024-07-28 22:22:08.735 +02:00  ERR  An unhandled exception has occurred while executing the request.Microsoft.AspNetCore.Routing.Matching.AmbiguousMatchException: The request matched multiple endpoints. Matches: 

API_Arcadia.Controllers.AuthController.GetEmployee (API_Arcadia)
API_Arcadia.Controllers.AuthController.GetEmployeesInRole (API_Arcadia)
   at Microsoft.AspNetCore.Routing.Matching.DefaultEndpointSelector.ReportAmbiguity(Span`1 candidateState)
   at Microsoft.AspNetCore.Routing.Matching.DefaultEndpointSelector.ProcessFinalCandidates(HttpContext httpContext, Span`1 candidateState)
   at Microsoft.AspNetCore.Routing.Matching.DefaultEndpointSelector.Select(HttpContext httpContext, Span`1 candidateState)
   at Microsoft.AspNetCore.Routing.Matching.DfaMatcher.MatchAsync(HttpContext httpContext)
   at Microsoft.AspNetCore.Routing.EndpointRoutingMiddleware.Invoke(HttpContext httpContext)
   at Microsoft.AspNetCore.Diagnostics.DeveloperExceptionPageMiddlewareImpl.Invoke(HttpContext context)

2024-07-28 22:22:08.742 +02:00  INF  Request finished HTTP/2 GET https://localhost:7015/api/Auth/Admin - 500 null text/plain; charset=utf-8 12.3603ms
2024-07-28 22:23:33.178 +02:00  INF  Request starting HTTP/2 GET https://localhost:7015/swagger/index.html - null null
2024-07-28 22:23:33.186 +02:00  INF  Request finished HTTP/2 GET https://localhost:7015/swagger/index.html - 200 null text/html;charset=utf-8 8.0971ms
2024-07-28 22:23:33.209 +02:00  INF  Request starting HTTP/2 GET https://localhost:7015/_vs/browserLink - null null
2024-07-28 22:23:33.212 +02:00  INF  Request starting HTTP/2 GET https://localhost:7015/_framework/aspnetcore-browser-refresh.js - null null
2024-07-28 22:23:33.217 +02:00  INF  Request finished HTTP/2 GET https://localhost:7015/_framework/aspnetcore-browser-refresh.js - 200 13758 application/javascript; charset=utf-8 5.9092ms
2024-07-28 22:23:33.223 +02:00  INF  Request finished HTTP/2 GET https://localhost:7015/_vs/browserLink - 200 null text/javascript; charset=UTF-8 14.5472ms
2024-07-28 22:23:33.419 +02:00  INF  Request starting HTTP/2 GET https://localhost:7015/swagger/v1/swagger.json - null null
2024-07-28 22:23:33.445 +02:00  INF  Request finished HTTP/2 GET https://localhost:7015/swagger/v1/swagger.json - 200 null application/json;charset=utf-8 25.966ms
2024-07-28 22:23:44.471 +02:00  INF  Request starting HTTP/2 GET https://localhost:7015/api/Auth/role/Admin - null null
2024-07-28 22:23:44.474 +02:00  INF  Authorization failed. These requirements were not met:
RolesAuthorizationRequirement:User.IsInRole must be true for one of the following roles: (Admin)
2024-07-28 22:23:44.475 +02:00  INF  AuthenticationScheme: Bearer was challenged.
2024-07-28 22:23:44.475 +02:00  INF  Request finished HTTP/2 GET https://localhost:7015/api/Auth/role/Admin - 401 0 null 4.3356ms
2024-07-28 22:23:55.324 +02:00  INF  Request starting HTTP/2 GET https://localhost:7015/swagger/index.html - null null
2024-07-28 22:23:55.328 +02:00  INF  Request finished HTTP/2 GET https://localhost:7015/swagger/index.html - 200 null text/html;charset=utf-8 4.2252ms
2024-07-28 22:23:55.352 +02:00  INF  Request starting HTTP/2 GET https://localhost:7015/_vs/browserLink - null null
2024-07-28 22:23:55.358 +02:00  INF  Request starting HTTP/2 GET https://localhost:7015/_framework/aspnetcore-browser-refresh.js - null null
2024-07-28 22:23:55.360 +02:00  INF  Request finished HTTP/2 GET https://localhost:7015/_vs/browserLink - 200 null text/javascript; charset=UTF-8 8.8531ms
2024-07-28 22:23:55.362 +02:00  INF  Request finished HTTP/2 GET https://localhost:7015/_framework/aspnetcore-browser-refresh.js - 200 13758 application/javascript; charset=utf-8 3.7773ms
2024-07-28 22:23:55.406 +02:00  INF  Request starting HTTP/2 GET https://localhost:7015/swagger/v1/swagger.json - null null
2024-07-28 22:23:55.424 +02:00  INF  Request finished HTTP/2 GET https://localhost:7015/swagger/v1/swagger.json - 200 null application/json;charset=utf-8 17.7149ms
2024-07-28 22:24:07.854 +02:00  INF  Request starting HTTP/2 GET https://localhost:7015/api/Auth/role/Admin - null null
2024-07-28 22:24:07.855 +02:00  INF  Executing endpoint 'API_Arcadia.Controllers.AuthController.GetEmployeesInRole (API_Arcadia)'
2024-07-28 22:24:07.859 +02:00  INF  Route matched with {action = "GetEmployeesInRole", controller = "Auth"}. Executing controller action with signature System.Threading.Tasks.Task`1[Microsoft.AspNetCore.Mvc.ActionResult`1[System.Collections.Generic.IEnumerable`1[API_Arcadia.Models.Data.UserWithRolesDTO]]] GetEmployeesInRole(System.String) on controller API_Arcadia.Controllers.AuthController (API_Arcadia).
2024-07-28 22:24:08.603 +02:00  INF  Executed DbCommand (3ms) [Parameters=[@__normalizedRoleName_0='?' (Size = 256)], CommandType='"Text"', CommandTimeout='30']
SELECT TOP(2) [a].[Id], [a].[ConcurrencyStamp], [a].[Name], [a].[NormalizedName]
FROM [AspNetRoles] AS [a]
WHERE [a].[NormalizedName] = @__normalizedRoleName_0
2024-07-28 22:24:08.625 +02:00  INF  Executed DbCommand (4ms) [Parameters=[@__role_Id_0='?' (Size = 450)], CommandType='"Text"', CommandTimeout='30']
SELECT [a0].[Id], [a0].[AccessFailedCount], [a0].[ConcurrencyStamp], [a0].[Email], [a0].[EmailConfirmed], [a0].[LockoutEnabled], [a0].[LockoutEnd], [a0].[NormalizedEmail], [a0].[NormalizedUserName], [a0].[PasswordHash], [a0].[PhoneNumber], [a0].[PhoneNumberConfirmed], [a0].[SecurityStamp], [a0].[TwoFactorEnabled], [a0].[UserName]
FROM [AspNetUserRoles] AS [a]
INNER JOIN [AspNetUsers] AS [a0] ON [a].[UserId] = [a0].[Id]
WHERE [a].[RoleId] = @__role_Id_0
2024-07-28 22:24:08.628 +02:00  INF  Executed DbCommand (1ms) [Parameters=[@__userId_0='?' (Size = 450)], CommandType='"Text"', CommandTimeout='30']
SELECT [a0].[Name]
FROM [AspNetUserRoles] AS [a]
INNER JOIN [AspNetRoles] AS [a0] ON [a].[RoleId] = [a0].[Id]
WHERE [a].[UserId] = @__userId_0
2024-07-28 22:24:08.630 +02:00  INF  Executing OkObjectResult, writing value of type 'System.Collections.Generic.List`1[[API_Arcadia.Models.Data.UserWithRolesDTO, API_Arcadia, Version=1.0.0.0, Culture=neutral, PublicKeyToken=null]]'.
2024-07-28 22:24:08.631 +02:00  INF  Executed action API_Arcadia.Controllers.AuthController.GetEmployeesInRole (API_Arcadia) in 770.4507ms
2024-07-28 22:24:08.632 +02:00  INF  Executed endpoint 'API_Arcadia.Controllers.AuthController.GetEmployeesInRole (API_Arcadia)'
2024-07-28 22:24:08.632 +02:00  INF  Request finished HTTP/2 GET https://localhost:7015/api/Auth/role/Admin - 200 null application/json; charset=utf-8 778.9339ms
2024-07-28 22:24:18.389 +02:00  INF  Request starting HTTP/2 GET https://localhost:7015/swagger/index.html - null null
2024-07-28 22:24:18.393 +02:00  INF  Request finished HTTP/2 GET https://localhost:7015/swagger/index.html - 200 null text/html;charset=utf-8 3.7734ms
2024-07-28 22:24:18.416 +02:00  INF  Request starting HTTP/2 GET https://localhost:7015/_vs/browserLink - null null
2024-07-28 22:24:18.416 +02:00  INF  Request starting HTTP/2 GET https://localhost:7015/_framework/aspnetcore-browser-refresh.js - null null
2024-07-28 22:24:18.422 +02:00  INF  Request finished HTTP/2 GET https://localhost:7015/_framework/aspnetcore-browser-refresh.js - 200 13758 application/javascript; charset=utf-8 6.7359ms
2024-07-28 22:24:18.430 +02:00  INF  Request finished HTTP/2 GET https://localhost:7015/_vs/browserLink - 200 null text/javascript; charset=UTF-8 14.7758ms
2024-07-28 22:24:18.491 +02:00  INF  Request starting HTTP/2 GET https://localhost:7015/swagger/v1/swagger.json - null null
2024-07-28 22:24:18.505 +02:00  INF  Request finished HTTP/2 GET https://localhost:7015/swagger/v1/swagger.json - 200 null application/json;charset=utf-8 14.8079ms
2024-07-28 23:39:50.515 +02:00  INF  Request starting HTTP/2 GET https://localhost:7015/swagger/index.html - null null
2024-07-28 23:39:50.523 +02:00  INF  Request finished HTTP/2 GET https://localhost:7015/swagger/index.html - 200 null text/html;charset=utf-8 8.6977ms
2024-07-28 23:39:50.544 +02:00  INF  Request starting HTTP/2 GET https://localhost:7015/_vs/browserLink - null null
2024-07-28 23:39:50.548 +02:00  INF  Request starting HTTP/2 GET https://localhost:7015/_framework/aspnetcore-browser-refresh.js - null null
2024-07-28 23:39:50.553 +02:00  INF  Request finished HTTP/2 GET https://localhost:7015/_framework/aspnetcore-browser-refresh.js - 200 13758 application/javascript; charset=utf-8 4.7913ms
2024-07-28 23:39:50.553 +02:00  INF  Request finished HTTP/2 GET https://localhost:7015/_vs/browserLink - 200 null text/javascript; charset=UTF-8 9.2336ms
2024-07-28 23:39:50.726 +02:00  INF  Request starting HTTP/2 GET https://localhost:7015/swagger/v1/swagger.json - null null
2024-07-28 23:39:50.728 +02:00  INF  Request starting HTTP/2 GET https://localhost:7015/swagger/favicon-32x32.png - null null
2024-07-28 23:39:50.733 +02:00  INF  Sending file. Request path: '/favicon-32x32.png'. Physical path: 'N/A'
2024-07-28 23:39:50.734 +02:00  INF  Request finished HTTP/2 GET https://localhost:7015/swagger/favicon-32x32.png - 200 628 image/png 6.1431ms
2024-07-28 23:39:50.752 +02:00  INF  Request finished HTTP/2 GET https://localhost:7015/swagger/v1/swagger.json - 200 null application/json;charset=utf-8 25.173ms
