2024-06-18 10:57:09.394 +02:00  INF  Now listening on: https://localhost:7015
2024-06-18 10:57:09.423 +02:00  INF  Now listening on: http://localhost:5131
2024-06-18 10:57:09.425 +02:00  INF  Application started. Press Ctrl+C to shut down.
2024-06-18 10:57:09.426 +02:00  INF  Hosting environment: Development
2024-06-18 10:57:09.427 +02:00  INF  Content root path: C:\Users\Lacon\Desktop\DEVELOPPEMENT\ECF_Zoo\ECF_Zoo\API_Arcadia
2024-06-18 10:57:09.916 +02:00  INF  Request starting HTTP/2 GET https://localhost:7015/swagger - null null
2024-06-18 10:57:10.084 +02:00  INF  Request finished HTTP/2 GET https://localhost:7015/swagger - 301 0 null 171.4304ms
2024-06-18 10:57:10.088 +02:00  INF  Request starting HTTP/2 GET https://localhost:7015/swagger/index.html - null null
2024-06-18 10:57:10.141 +02:00  INF  Request finished HTTP/2 GET https://localhost:7015/swagger/index.html - 200 null text/html;charset=utf-8 53.7263ms
2024-06-18 10:57:10.153 +02:00  INF  Request starting HTTP/2 GET https://localhost:7015/swagger/swagger-ui.css - null null
2024-06-18 10:57:10.157 +02:00  INF  Request starting HTTP/2 GET https://localhost:7015/swagger/swagger-ui-standalone-preset.js - null null
2024-06-18 10:57:10.157 +02:00  INF  Request starting HTTP/2 GET https://localhost:7015/swagger/swagger-ui-bundle.js - null null
2024-06-18 10:57:10.157 +02:00  INF  Request starting HTTP/2 GET https://localhost:7015/_framework/aspnetcore-browser-refresh.js - null null
2024-06-18 10:57:10.174 +02:00  INF  Request starting HTTP/2 GET https://localhost:7015/_vs/browserLink - null null
2024-06-18 10:57:10.191 +02:00  INF  Request finished HTTP/2 GET https://localhost:7015/_framework/aspnetcore-browser-refresh.js - 200 13758 application/javascript; charset=utf-8 34.4897ms
2024-06-18 10:57:10.205 +02:00  INF  Sending file. Request path: '/swagger-ui-standalone-preset.js'. Physical path: 'N/A'
2024-06-18 10:57:10.205 +02:00  INF  Sending file. Request path: '/swagger-ui.css'. Physical path: 'N/A'
2024-06-18 10:57:10.209 +02:00  INF  Request finished HTTP/2 GET https://localhost:7015/swagger/swagger-ui.css - 200 144929 text/css 55.5655ms
2024-06-18 10:57:10.209 +02:00  INF  Request finished HTTP/2 GET https://localhost:7015/swagger/swagger-ui-standalone-preset.js - 200 312163 text/javascript 51.8101ms
2024-06-18 10:57:10.217 +02:00  INF  Sending file. Request path: '/swagger-ui-bundle.js'. Physical path: 'N/A'
2024-06-18 10:57:10.219 +02:00  INF  Request finished HTTP/2 GET https://localhost:7015/swagger/swagger-ui-bundle.js - 200 1061536 text/javascript 61.8204ms
2024-06-18 10:57:10.243 +02:00  INF  Request finished HTTP/2 GET https://localhost:7015/_vs/browserLink - 200 null text/javascript; charset=UTF-8 69.2366ms
2024-06-18 10:57:10.351 +02:00  INF  Request starting HTTP/2 GET https://localhost:7015/swagger/v1/swagger.json - null null
2024-06-18 10:57:10.370 +02:00  INF  Request starting HTTP/2 GET https://localhost:7015/swagger/favicon-32x32.png - null null
2024-06-18 10:57:10.372 +02:00  INF  Sending file. Request path: '/favicon-32x32.png'. Physical path: 'N/A'
2024-06-18 10:57:10.373 +02:00  INF  Request finished HTTP/2 GET https://localhost:7015/swagger/favicon-32x32.png - 200 628 image/png 3.0894ms
2024-06-18 10:57:10.461 +02:00  INF  Request finished HTTP/2 GET https://localhost:7015/swagger/v1/swagger.json - 200 null application/json;charset=utf-8 109.7067ms
2024-06-18 10:57:18.448 +02:00  INF  Request starting HTTP/2 GET https://localhost:7015/images/animals/l_orang_outan1.jpg - null null
2024-06-18 10:57:18.448 +02:00  INF  Request starting HTTP/2 GET https://localhost:7015/images/animals/638496693869536018_Mufasa.jpg - null null
2024-06-18 10:57:18.448 +02:00  INF  Request starting HTTP/2 GET https://localhost:7015/images/animals/638496693873204536_Mufasa.jpg - null null
2024-06-18 10:57:18.501 +02:00  INF  Sending file. Request path: '/images/animals/l_orang_outan1.jpg'. Physical path: 'C:\Users\Lacon\Desktop\DEVELOPPEMENT\ECF_Zoo\ECF_Zoo\API_Arcadia\wwwroot\images\animals\l_orang_outan1.jpg'
2024-06-18 10:57:18.504 +02:00  INF  Request finished HTTP/2 GET https://localhost:7015/images/animals/l_orang_outan1.jpg - 200 48419 image/jpeg 56.3641ms
2024-06-18 10:57:18.529 +02:00  INF  Sending file. Request path: '/images/animals/638496693869536018_Mufasa.jpg'. Physical path: 'C:\Users\Lacon\Desktop\DEVELOPPEMENT\ECF_Zoo\ECF_Zoo\API_Arcadia\wwwroot\images\animals\638496693869536018_Mufasa.jpg'
2024-06-18 10:57:18.531 +02:00  INF  Request finished HTTP/2 GET https://localhost:7015/images/animals/638496693869536018_Mufasa.jpg - 200 643175 image/jpeg 83.467ms
2024-06-18 10:57:18.727 +02:00  INF  Sending file. Request path: '/images/animals/638496693873204536_Mufasa.jpg'. Physical path: 'C:\Users\Lacon\Desktop\DEVELOPPEMENT\ECF_Zoo\ECF_Zoo\API_Arcadia\wwwroot\images\animals\638496693873204536_Mufasa.jpg'
2024-06-18 10:57:18.729 +02:00  INF  Request finished HTTP/2 GET https://localhost:7015/images/animals/638496693873204536_Mufasa.jpg - 200 8273660 image/jpeg 280.9359ms
2024-06-18 11:26:04.670 +02:00  INF  Request starting HTTP/2 GET https://localhost:7015/api/Animals/1 - null null
2024-06-18 11:26:04.682 +02:00  INF  Executing endpoint 'API_Arcadia.Controllers.AnimalsController.GetAnimal (API_Arcadia)'
2024-06-18 11:26:04.703 +02:00  INF  Route matched with {action = "GetAnimal", controller = "Animals"}. Executing controller action with signature System.Threading.Tasks.Task`1[Microsoft.AspNetCore.Mvc.ActionResult`1[API_Arcadia.Models.Animal]] GetAnimal(Int32) on controller API_Arcadia.Controllers.AnimalsController (API_Arcadia).
2024-06-18 11:26:05.808 +02:00  WRN  Compiling a query which loads related collections for more than one collection navigation, either via 'Include' or through projection, but no 'QuerySplittingBehavior' has been configured. By default, Entity Framework will use 'QuerySplittingBehavior.SingleQuery', which can potentially result in slow query performance. See https://go.microsoft.com/fwlink/?linkid=2134277 for more information. To identify the query that's triggering this warning call 'ConfigureWarnings(w => w.Throw(RelationalEventId.MultipleCollectionIncludeWarning))'.
2024-06-18 11:26:07.069 +02:00  INF  Executed DbCommand (61ms) [Parameters=[@__id_0='?' (DbType = Int32)], CommandType='"Text"', CommandTimeout='30']
SELECT [t].[Id], [t].[IdHealth], [t].[IdSpecies], [t].[IsMale], [t].[Name], [t].[Id0], [t].[Id1], [t].[Id2], [t].[Id3], [t].[Id4], [a0].[Id], [a0].[IdAnimal], [a0].[MiniSlug], [a0].[Slug], [t].[State], [t].[Description], [t].[FemaleMaxSize], [t].[FemaleMaxWeight], [t].[IdDiet], [t].[IdSizeUnit], [t].[IdWeightUnit], [t].[Lifespan], [t].[MaleMaxSize], [t].[MaleMaxWeight], [t].[Name0], [t].[ScientificName], [t].[Abbr], [t].[Name1], [t].[Abbr0], [t].[Name2], [t].[Name3], [t0].[IdHabitat], [t0].[IdSpecies], [t0].[Id], [t0].[Description], [t0].[Name], [t0].[Id0], [t0].[IdHabitat0], [t0].[MiniSlug], [t0].[Slug]
FROM (
    SELECT TOP(1) [a].[Id], [a].[IdHealth], [a].[IdSpecies], [a].[IsMale], [a].[Name], [h].[Id] AS [Id0], [h].[State], [s].[Id] AS [Id1], [s].[Description], [s].[FemaleMaxSize], [s].[FemaleMaxWeight], [s].[IdDiet], [s].[IdSizeUnit], [s].[IdWeightUnit], [s].[Lifespan], [s].[MaleMaxSize], [s].[MaleMaxWeight], [s].[Name] AS [Name0], [s].[ScientificName], [s0].[Id] AS [Id2], [s0].[Abbr], [s0].[Name] AS [Name1], [w].[Id] AS [Id3], [w].[Abbr] AS [Abbr0], [w].[Name] AS [Name2], [d].[Id] AS [Id4], [d].[Name] AS [Name3]
    FROM [Animals] AS [a]
    INNER JOIN [Healths] AS [h] ON [a].[IdHealth] = [h].[Id]
    INNER JOIN [Speciess] AS [s] ON [a].[IdSpecies] = [s].[Id]
    INNER JOIN [SizeUnits] AS [s0] ON [s].[IdSizeUnit] = [s0].[Id]
    INNER JOIN [WeightUnits] AS [w] ON [s].[IdWeightUnit] = [w].[Id]
    INNER JOIN [Diets] AS [d] ON [s].[IdDiet] = [d].[Id]
    WHERE [a].[Id] = @__id_0
) AS [t]
LEFT JOIN [AnimalImages] AS [a0] ON [t].[Id] = [a0].[IdAnimal]
LEFT JOIN (
    SELECT [s1].[IdHabitat], [s1].[IdSpecies], [h0].[Id], [h0].[Description], [h0].[Name], [h1].[Id] AS [Id0], [h1].[IdHabitat] AS [IdHabitat0], [h1].[MiniSlug], [h1].[Slug]
    FROM [SpeciesHabitats] AS [s1]
    INNER JOIN [Habitats] AS [h0] ON [s1].[IdHabitat] = [h0].[Id]
    LEFT JOIN [HabitatImages] AS [h1] ON [h0].[Id] = [h1].[IdHabitat]
) AS [t0] ON [t].[Id1] = [t0].[IdSpecies]
ORDER BY [t].[Id], [t].[Id0], [t].[Id1], [t].[Id2], [t].[Id3], [t].[Id4], [a0].[Id], [t0].[IdHabitat], [t0].[IdSpecies], [t0].[Id]
2024-06-18 11:26:07.189 +02:00  INF  Executing OkObjectResult, writing value of type 'API_Arcadia.Models.Animal'.
2024-06-18 11:26:07.212 +02:00  INF  Executed action API_Arcadia.Controllers.AnimalsController.GetAnimal (API_Arcadia) in 2504.9261ms
2024-06-18 11:26:07.213 +02:00  INF  Executed endpoint 'API_Arcadia.Controllers.AnimalsController.GetAnimal (API_Arcadia)'
2024-06-18 11:26:07.219 +02:00  INF  Request finished HTTP/2 GET https://localhost:7015/api/Animals/1 - 200 null application/json; charset=utf-8 2548.7299ms
2024-06-18 11:28:59.596 +02:00  INF  Request starting HTTP/2 GET https://localhost:7015/images/animals/638496693873204641_Mufasa_mini.jpg - null null
2024-06-18 11:28:59.596 +02:00  INF  Request starting HTTP/2 GET https://localhost:7015/images/animals/638496693869536822_Mufasa_mini.jpg - null null
2024-06-18 11:28:59.596 +02:00  INF  Request starting HTTP/2 GET https://localhost:7015/x - null null
2024-06-18 11:28:59.605 +02:00  INF  Request finished HTTP/2 GET https://localhost:7015/x - 404 0 null 9.0813ms
2024-06-18 11:28:59.623 +02:00  INF  Sending file. Request path: '/images/animals/638496693873204641_Mufasa_mini.jpg'. Physical path: 'C:\Users\Lacon\Desktop\DEVELOPPEMENT\ECF_Zoo\ECF_Zoo\API_Arcadia\wwwroot\images\animals\638496693873204641_Mufasa_mini.jpg'
2024-06-18 11:28:59.626 +02:00  INF  Request reached the end of the middleware pipeline without being handled by application code. Request path: GET https://localhost:7015/x, Response status code: 404
2024-06-18 11:28:59.627 +02:00  INF  Sending file. Request path: '/images/animals/638496693869536822_Mufasa_mini.jpg'. Physical path: 'C:\Users\Lacon\Desktop\DEVELOPPEMENT\ECF_Zoo\ECF_Zoo\API_Arcadia\wwwroot\images\animals\638496693869536822_Mufasa_mini.jpg'
2024-06-18 11:28:59.627 +02:00  INF  Request finished HTTP/2 GET https://localhost:7015/images/animals/638496693873204641_Mufasa_mini.jpg - 200 93587 image/jpeg 30.5011ms
2024-06-18 11:28:59.629 +02:00  INF  Request finished HTTP/2 GET https://localhost:7015/images/animals/638496693869536822_Mufasa_mini.jpg - 200 80881 image/jpeg 33.1478ms
2024-06-18 11:30:09.436 +02:00  INF  Request starting HTTP/2 GET https://localhost:7015/x - null null
2024-06-18 11:30:09.442 +02:00  INF  Request finished HTTP/2 GET https://localhost:7015/x - 404 0 null 6.1175ms
2024-06-18 11:30:09.444 +02:00  INF  Request reached the end of the middleware pipeline without being handled by application code. Request path: GET https://localhost:7015/x, Response status code: 404
2024-06-18 11:31:43.972 +02:00  INF  Request starting HTTP/2 GET https://localhost:7015/x - null null
2024-06-18 11:31:43.975 +02:00  INF  Request finished HTTP/2 GET https://localhost:7015/x - 404 0 null 3.2929ms
2024-06-18 11:31:43.977 +02:00  INF  Request reached the end of the middleware pipeline without being handled by application code. Request path: GET https://localhost:7015/x, Response status code: 404
2024-06-18 11:31:46.966 +02:00  INF  Request starting HTTP/2 GET https://localhost:7015/x - null null
2024-06-18 11:31:46.969 +02:00  INF  Request finished HTTP/2 GET https://localhost:7015/x - 404 0 null 3.0989ms
2024-06-18 11:31:46.971 +02:00  INF  Request reached the end of the middleware pipeline without being handled by application code. Request path: GET https://localhost:7015/x, Response status code: 404
2024-06-18 11:34:32.050 +02:00  INF  Request starting HTTP/2 GET https://localhost:7015/x - null null
2024-06-18 11:34:32.079 +02:00  INF  Request finished HTTP/2 GET https://localhost:7015/x - 404 0 null 29.8869ms
2024-06-18 11:34:32.082 +02:00  INF  Request reached the end of the middleware pipeline without being handled by application code. Request path: GET https://localhost:7015/x, Response status code: 404
2024-06-18 11:34:43.083 +02:00  INF  Request starting HTTP/2 GET https://localhost:7015/x - null null
2024-06-18 11:34:43.085 +02:00  INF  Request finished HTTP/2 GET https://localhost:7015/x - 404 0 null 2.3819ms
2024-06-18 11:34:43.088 +02:00  INF  Request reached the end of the middleware pipeline without being handled by application code. Request path: GET https://localhost:7015/x, Response status code: 404
2024-06-18 11:34:44.284 +02:00  INF  Request starting HTTP/2 GET https://localhost:7015/x - null null
2024-06-18 11:34:44.292 +02:00  INF  Request finished HTTP/2 GET https://localhost:7015/x - 404 0 null 9.1823ms
2024-06-18 11:34:44.296 +02:00  INF  Request reached the end of the middleware pipeline without being handled by application code. Request path: GET https://localhost:7015/x, Response status code: 404
2024-06-18 11:36:59.838 +02:00  INF  Request starting HTTP/2 GET https://localhost:7015/images/animals/638496693869536018_Mufasa.jpg - null null
2024-06-18 11:36:59.900 +02:00  INF  Sending file. Request path: '/images/animals/638496693869536018_Mufasa.jpg'. Physical path: 'C:\Users\Lacon\Desktop\DEVELOPPEMENT\ECF_Zoo\ECF_Zoo\API_Arcadia\wwwroot\images\animals\638496693869536018_Mufasa.jpg'
2024-06-18 11:36:59.901 +02:00  INF  Request finished HTTP/2 GET https://localhost:7015/images/animals/638496693869536018_Mufasa.jpg - 200 643175 image/jpeg 62.7482ms
2024-06-18 11:36:59.946 +02:00  INF  Request starting HTTP/2 GET https://localhost:7015/favicon.ico - null null
2024-06-18 11:36:59.948 +02:00  INF  Request finished HTTP/2 GET https://localhost:7015/favicon.ico - 404 0 null 2.5408ms
2024-06-18 11:36:59.950 +02:00  INF  Request reached the end of the middleware pipeline without being handled by application code. Request path: GET https://localhost:7015/favicon.ico, Response status code: 404
2024-06-18 11:37:16.157 +02:00  INF  Request starting HTTP/2 GET https://localhost:7015/x - null null
2024-06-18 11:37:16.159 +02:00  INF  Request finished HTTP/2 GET https://localhost:7015/x - 404 0 null 2.3416ms
2024-06-18 11:37:16.162 +02:00  INF  Request reached the end of the middleware pipeline without being handled by application code. Request path: GET https://localhost:7015/x, Response status code: 404
2024-06-18 11:38:00.248 +02:00  INF  Request starting HTTP/2 GET https://localhost:7015/x - null null
2024-06-18 11:38:00.253 +02:00  INF  Request finished HTTP/2 GET https://localhost:7015/x - 404 0 null 5.1972ms
2024-06-18 11:38:00.255 +02:00  INF  Request reached the end of the middleware pipeline without being handled by application code. Request path: GET https://localhost:7015/x, Response status code: 404
2024-06-18 11:40:28.197 +02:00  INF  Request starting HTTP/2 GET https://localhost:7015/x - null null
2024-06-18 11:40:28.200 +02:00  INF  Request finished HTTP/2 GET https://localhost:7015/x - 404 0 null 3.2626ms
2024-06-18 11:40:28.206 +02:00  INF  Request reached the end of the middleware pipeline without being handled by application code. Request path: GET https://localhost:7015/x, Response status code: 404
2024-06-18 11:40:41.168 +02:00  INF  Request starting HTTP/2 GET https://localhost:7015/x - null null
2024-06-18 11:40:41.170 +02:00  INF  Request finished HTTP/2 GET https://localhost:7015/x - 404 0 null 2.0998ms
2024-06-18 11:40:41.172 +02:00  INF  Request reached the end of the middleware pipeline without being handled by application code. Request path: GET https://localhost:7015/x, Response status code: 404
2024-06-18 11:41:04.041 +02:00  INF  Request starting HTTP/2 GET https://localhost:7015/x - null null
2024-06-18 11:41:04.043 +02:00  INF  Request finished HTTP/2 GET https://localhost:7015/x - 404 0 null 2.2742ms
2024-06-18 11:41:04.045 +02:00  INF  Request reached the end of the middleware pipeline without being handled by application code. Request path: GET https://localhost:7015/x, Response status code: 404
2024-06-18 11:45:45.620 +02:00  INF  Request starting HTTP/2 GET https://localhost:7015/x - null null
2024-06-18 11:45:45.628 +02:00  INF  Request finished HTTP/2 GET https://localhost:7015/x - 404 0 null 8.2333ms
2024-06-18 11:45:45.630 +02:00  INF  Request reached the end of the middleware pipeline without being handled by application code. Request path: GET https://localhost:7015/x, Response status code: 404
2024-06-18 11:53:21.089 +02:00  INF  Request starting HTTP/2 GET https://localhost:7015/x - null null
2024-06-18 11:53:21.095 +02:00  INF  Request finished HTTP/2 GET https://localhost:7015/x - 404 0 null 6.2023ms
2024-06-18 11:53:21.097 +02:00  INF  Request reached the end of the middleware pipeline without being handled by application code. Request path: GET https://localhost:7015/x, Response status code: 404
2024-06-18 11:57:47.934 +02:00  INF  Request starting HTTP/2 GET https://localhost:7015/x - null null
2024-06-18 11:57:47.941 +02:00  INF  Request finished HTTP/2 GET https://localhost:7015/x - 404 0 null 6.6672ms
2024-06-18 11:57:47.943 +02:00  INF  Request reached the end of the middleware pipeline without being handled by application code. Request path: GET https://localhost:7015/x, Response status code: 404
2024-06-18 12:02:09.982 +02:00  INF  Request starting HTTP/2 GET https://localhost:7015/x - null null
2024-06-18 12:02:09.992 +02:00  INF  Request finished HTTP/2 GET https://localhost:7015/x - 404 0 null 9.4032ms
2024-06-18 12:02:09.995 +02:00  INF  Request reached the end of the middleware pipeline without being handled by application code. Request path: GET https://localhost:7015/x, Response status code: 404
2024-06-18 12:03:00.468 +02:00  INF  Request starting HTTP/2 GET https://localhost:7015/x - null null
2024-06-18 12:03:00.473 +02:00  INF  Request finished HTTP/2 GET https://localhost:7015/x - 404 0 null 4.6249ms
2024-06-18 12:03:00.475 +02:00  INF  Request reached the end of the middleware pipeline without being handled by application code. Request path: GET https://localhost:7015/x, Response status code: 404
2024-06-18 12:03:18.495 +02:00  INF  Request starting HTTP/2 GET https://localhost:7015/x - null null
2024-06-18 12:03:18.497 +02:00  INF  Request finished HTTP/2 GET https://localhost:7015/x - 404 0 null 2.5981ms
2024-06-18 12:03:18.500 +02:00  INF  Request reached the end of the middleware pipeline without being handled by application code. Request path: GET https://localhost:7015/x, Response status code: 404
2024-06-18 12:03:24.324 +02:00  INF  Request starting HTTP/2 GET https://localhost:7015/x - null null
2024-06-18 12:03:24.326 +02:00  INF  Request finished HTTP/2 GET https://localhost:7015/x - 404 0 null 2.5042ms
2024-06-18 12:03:24.328 +02:00  INF  Request reached the end of the middleware pipeline without being handled by application code. Request path: GET https://localhost:7015/x, Response status code: 404
2024-06-18 12:03:54.986 +02:00  INF  Request starting HTTP/2 GET https://localhost:7015/x - null null
2024-06-18 12:03:54.988 +02:00  INF  Request finished HTTP/2 GET https://localhost:7015/x - 404 0 null 2.1696ms
2024-06-18 12:03:54.991 +02:00  INF  Request reached the end of the middleware pipeline without being handled by application code. Request path: GET https://localhost:7015/x, Response status code: 404
2024-06-18 12:17:52.990 +02:00  INF  Now listening on: https://localhost:7015
2024-06-18 12:17:53.016 +02:00  INF  Now listening on: http://localhost:5131
2024-06-18 12:17:53.018 +02:00  INF  Application started. Press Ctrl+C to shut down.
2024-06-18 12:17:53.018 +02:00  INF  Hosting environment: Development
2024-06-18 12:17:53.019 +02:00  INF  Content root path: C:\Users\Lacon\Desktop\DEVELOPPEMENT\ECF_Zoo\ECF_Zoo\API_Arcadia
2024-06-18 12:17:53.371 +02:00  INF  Request starting HTTP/2 GET https://localhost:7015/swagger/index.html - null null
2024-06-18 12:17:53.517 +02:00  INF  Request finished HTTP/2 GET https://localhost:7015/swagger/index.html - 200 null text/html;charset=utf-8 148.9774ms
2024-06-18 12:17:53.530 +02:00  INF  Request starting HTTP/2 GET https://localhost:7015/_framework/aspnetcore-browser-refresh.js - null null
2024-06-18 12:17:53.534 +02:00  INF  Request finished HTTP/2 GET https://localhost:7015/_framework/aspnetcore-browser-refresh.js - 200 13758 application/javascript; charset=utf-8 4.5807ms
2024-06-18 12:17:53.544 +02:00  INF  Request starting HTTP/2 GET https://localhost:7015/_vs/browserLink - null null
2024-06-18 12:17:53.575 +02:00  INF  Request finished HTTP/2 GET https://localhost:7015/_vs/browserLink - 200 null text/javascript; charset=UTF-8 30.4276ms
2024-06-18 12:17:53.710 +02:00  INF  Request starting HTTP/2 GET https://localhost:7015/swagger/v1/swagger.json - null null
2024-06-18 12:17:53.828 +02:00  INF  Request finished HTTP/2 GET https://localhost:7015/swagger/v1/swagger.json - 200 null application/json;charset=utf-8 118.1758ms
2024-06-18 12:18:03.426 +02:00  INF  Request starting HTTP/2 GET https://localhost:7015/api/Animals/byHabitat1 - null null
2024-06-18 12:18:03.433 +02:00  INF  Executing endpoint 'API_Arcadia.Controllers.AnimalsController.GetAnimalsByHabitat (API_Arcadia)'
2024-06-18 12:18:03.449 +02:00  INF  Route matched with {action = "GetAnimalsByHabitat", controller = "Animals"}. Executing controller action with signature System.Threading.Tasks.Task`1[Microsoft.AspNetCore.Mvc.ActionResult`1[API_Arcadia.Models.Animal]] GetAnimalsByHabitat(Int32) on controller API_Arcadia.Controllers.AnimalsController (API_Arcadia).
2024-06-18 12:18:05.128 +02:00  INF  Executed DbCommand (36ms) [Parameters=[@__habitatId_0='?' (DbType = Int32)], CommandType='"Text"', CommandTimeout='30']
SELECT [a].[Id], [a].[IdHealth], [a].[IdSpecies], [a].[IsMale], [a].[Name], [s].[Id], [a0].[Id], [a0].[IdAnimal], [a0].[MiniSlug], [a0].[Slug], [s].[Description], [s].[FemaleMaxSize], [s].[FemaleMaxWeight], [s].[IdDiet], [s].[IdSizeUnit], [s].[IdWeightUnit], [s].[Lifespan], [s].[MaleMaxSize], [s].[MaleMaxWeight], [s].[Name], [s].[ScientificName]
FROM [Animals] AS [a]
INNER JOIN [Speciess] AS [s] ON [a].[IdSpecies] = [s].[Id]
LEFT JOIN [AnimalImages] AS [a0] ON [a].[Id] = [a0].[IdAnimal]
WHERE [s].[Id] = @__habitatId_0
ORDER BY [a].[Id], [s].[Id]
2024-06-18 12:18:05.209 +02:00  INF  Executing OkObjectResult, writing value of type 'System.Collections.Generic.List`1[[API_Arcadia.Models.Animal, API_Arcadia, Version=1.0.0.0, Culture=neutral, PublicKeyToken=null]]'.
2024-06-18 12:18:05.229 +02:00  INF  Executed action API_Arcadia.Controllers.AnimalsController.GetAnimalsByHabitat (API_Arcadia) in 1775.7744ms
2024-06-18 12:18:05.230 +02:00  INF  Executed endpoint 'API_Arcadia.Controllers.AnimalsController.GetAnimalsByHabitat (API_Arcadia)'
2024-06-18 12:18:05.235 +02:00  INF  Request finished HTTP/2 GET https://localhost:7015/api/Animals/byHabitat1 - 200 null application/json; charset=utf-8 1808.8933ms
2024-06-18 13:02:45.793 +02:00  INF  Request starting HTTP/2 GET https://localhost:7015/api/Habitats - null null
2024-06-18 13:02:45.799 +02:00  INF  Executing endpoint 'API_Arcadia.Controllers.HabitatsController.GetHabitats (API_Arcadia)'
2024-06-18 13:02:45.802 +02:00  INF  Route matched with {action = "GetHabitats", controller = "Habitats"}. Executing controller action with signature System.Threading.Tasks.Task`1[Microsoft.AspNetCore.Mvc.ActionResult`1[System.Collections.Generic.IEnumerable`1[API_Arcadia.Models.Habitat]]] GetHabitats() on controller API_Arcadia.Controllers.HabitatsController (API_Arcadia).
2024-06-18 13:02:46.496 +02:00  INF  Executed DbCommand (5ms) [Parameters=[], CommandType='"Text"', CommandTimeout='30']
SELECT [h].[Id], [h].[Description], [h].[Name], [h0].[Id], [h0].[IdHabitat], [h0].[MiniSlug], [h0].[Slug]
FROM [Habitats] AS [h]
LEFT JOIN [HabitatImages] AS [h0] ON [h].[Id] = [h0].[IdHabitat]
ORDER BY [h].[Id]
2024-06-18 13:02:46.507 +02:00  INF  Executing ObjectResult, writing value of type 'System.Collections.Generic.List`1[[API_Arcadia.Models.Habitat, API_Arcadia, Version=1.0.0.0, Culture=neutral, PublicKeyToken=null]]'.
2024-06-18 13:02:46.510 +02:00  INF  Executed action API_Arcadia.Controllers.HabitatsController.GetHabitats (API_Arcadia) in 706.9843ms
2024-06-18 13:02:46.511 +02:00  INF  Executed endpoint 'API_Arcadia.Controllers.HabitatsController.GetHabitats (API_Arcadia)'
2024-06-18 13:02:46.512 +02:00  INF  Request finished HTTP/2 GET https://localhost:7015/api/Habitats - 200 null application/json; charset=utf-8 720.3429ms
2024-06-18 13:13:06.744 +02:00  INF  Request starting HTTP/2 GET https://localhost:7015/x - null null
2024-06-18 13:13:06.746 +02:00  INF  Request finished HTTP/2 GET https://localhost:7015/x - 404 0 null 2.9623ms
2024-06-18 13:13:06.749 +02:00  INF  Request reached the end of the middleware pipeline without being handled by application code. Request path: GET https://localhost:7015/x, Response status code: 404
2024-06-18 13:17:49.071 +02:00  INF  Request starting HTTP/2 GET https://localhost:7015/images/habitats/Savane.jpg - null null
2024-06-18 13:17:49.072 +02:00  INF  Request starting HTTP/2 GET https://localhost:7015/images/habitats/Marais.jpg - null null
2024-06-18 13:17:49.072 +02:00  INF  Request starting HTTP/2 GET https://localhost:7015/images/habitats/Jungle.jpg - null null
2024-06-18 13:17:49.120 +02:00  INF  Sending file. Request path: '/images/habitats/Marais.jpg'. Physical path: 'C:\Users\Lacon\Desktop\DEVELOPPEMENT\ECF_Zoo\ECF_Zoo\API_Arcadia\wwwroot\images\habitats\Marais.jpg'
2024-06-18 13:17:49.122 +02:00  INF  Request finished HTTP/2 GET https://localhost:7015/images/habitats/Marais.jpg - 200 166838 image/jpeg 50.2277ms
2024-06-18 13:17:49.138 +02:00  INF  Sending file. Request path: '/images/habitats/Savane.jpg'. Physical path: 'C:\Users\Lacon\Desktop\DEVELOPPEMENT\ECF_Zoo\ECF_Zoo\API_Arcadia\wwwroot\images\habitats\Savane.jpg'
2024-06-18 13:17:49.139 +02:00  INF  Request finished HTTP/2 GET https://localhost:7015/images/habitats/Savane.jpg - 200 801492 image/jpeg 68.2631ms
2024-06-18 13:17:49.146 +02:00  INF  Sending file. Request path: '/images/habitats/Jungle.jpg'. Physical path: 'C:\Users\Lacon\Desktop\DEVELOPPEMENT\ECF_Zoo\ECF_Zoo\API_Arcadia\wwwroot\images\habitats\Jungle.jpg'
2024-06-18 13:17:49.148 +02:00  INF  Request finished HTTP/2 GET https://localhost:7015/images/habitats/Jungle.jpg - 200 1124270 image/jpeg 75.9022ms
2024-06-18 13:30:41.953 +02:00  INF  Request starting HTTP/2 GET https://localhost:7015/api/Animals/byHabitat1 - null null
2024-06-18 13:30:41.959 +02:00  INF  Executing endpoint 'API_Arcadia.Controllers.AnimalsController.GetAnimalsByHabitat (API_Arcadia)'
2024-06-18 13:30:41.960 +02:00  INF  Route matched with {action = "GetAnimalsByHabitat", controller = "Animals"}. Executing controller action with signature System.Threading.Tasks.Task`1[Microsoft.AspNetCore.Mvc.ActionResult`1[API_Arcadia.Models.Animal]] GetAnimalsByHabitat(Int32) on controller API_Arcadia.Controllers.AnimalsController (API_Arcadia).
2024-06-18 13:30:42.692 +02:00  INF  Executed DbCommand (6ms) [Parameters=[@__habitatId_0='?' (DbType = Int32)], CommandType='"Text"', CommandTimeout='30']
SELECT [a].[Id], [a].[IdHealth], [a].[IdSpecies], [a].[IsMale], [a].[Name], [s].[Id], [a0].[Id], [a0].[IdAnimal], [a0].[MiniSlug], [a0].[Slug], [s].[Description], [s].[FemaleMaxSize], [s].[FemaleMaxWeight], [s].[IdDiet], [s].[IdSizeUnit], [s].[IdWeightUnit], [s].[Lifespan], [s].[MaleMaxSize], [s].[MaleMaxWeight], [s].[Name], [s].[ScientificName]
FROM [Animals] AS [a]
INNER JOIN [Speciess] AS [s] ON [a].[IdSpecies] = [s].[Id]
LEFT JOIN [AnimalImages] AS [a0] ON [a].[Id] = [a0].[IdAnimal]
WHERE [s].[Id] = @__habitatId_0
ORDER BY [a].[Id], [s].[Id]
2024-06-18 13:30:42.694 +02:00  INF  Executing OkObjectResult, writing value of type 'System.Collections.Generic.List`1[[API_Arcadia.Models.Animal, API_Arcadia, Version=1.0.0.0, Culture=neutral, PublicKeyToken=null]]'.
2024-06-18 13:30:42.695 +02:00  INF  Executed action API_Arcadia.Controllers.AnimalsController.GetAnimalsByHabitat (API_Arcadia) in 734.0526ms
2024-06-18 13:30:42.696 +02:00  INF  Executed endpoint 'API_Arcadia.Controllers.AnimalsController.GetAnimalsByHabitat (API_Arcadia)'
2024-06-18 13:30:42.697 +02:00  INF  Request finished HTTP/2 GET https://localhost:7015/api/Animals/byHabitat1 - 200 null application/json; charset=utf-8 743.9811ms
2024-06-18 14:47:15.120 +02:00  INF  Request starting HTTP/2 GET https://localhost:7015/images/animals/638496693873204641_Mufasa_mini.jpg - null null
2024-06-18 14:47:15.120 +02:00  INF  Request starting HTTP/2 GET https://localhost:7015/images/animals/638496693869536822_Mufasa_mini.jpg - null null
2024-06-18 14:47:15.124 +02:00  INF  Request starting HTTP/2 GET https://localhost:7015/images/animals/638496693869536018_Mufasa.jpg - null null
2024-06-18 14:47:15.124 +02:00  INF  Request starting HTTP/2 GET https://localhost:7015/x - null null
2024-06-18 14:47:15.146 +02:00  INF  Request finished HTTP/2 GET https://localhost:7015/x - 404 0 null 21.7148ms
2024-06-18 14:47:15.153 +02:00  INF  Request reached the end of the middleware pipeline without being handled by application code. Request path: GET https://localhost:7015/x, Response status code: 404
2024-06-18 14:47:15.156 +02:00  INF  Sending file. Request path: '/images/animals/638496693873204641_Mufasa_mini.jpg'. Physical path: 'C:\Users\Lacon\Desktop\DEVELOPPEMENT\ECF_Zoo\ECF_Zoo\API_Arcadia\wwwroot\images\animals\638496693873204641_Mufasa_mini.jpg'
2024-06-18 14:47:15.157 +02:00  INF  Sending file. Request path: '/images/animals/638496693869536822_Mufasa_mini.jpg'. Physical path: 'C:\Users\Lacon\Desktop\DEVELOPPEMENT\ECF_Zoo\ECF_Zoo\API_Arcadia\wwwroot\images\animals\638496693869536822_Mufasa_mini.jpg'
2024-06-18 14:47:15.158 +02:00  INF  Request finished HTTP/2 GET https://localhost:7015/images/animals/638496693873204641_Mufasa_mini.jpg - 200 93587 image/jpeg 37.3837ms
2024-06-18 14:47:15.160 +02:00  INF  Request finished HTTP/2 GET https://localhost:7015/images/animals/638496693869536822_Mufasa_mini.jpg - 200 80881 image/jpeg 39.5994ms
2024-06-18 14:47:15.165 +02:00  INF  Sending file. Request path: '/images/animals/638496693869536018_Mufasa.jpg'. Physical path: 'C:\Users\Lacon\Desktop\DEVELOPPEMENT\ECF_Zoo\ECF_Zoo\API_Arcadia\wwwroot\images\animals\638496693869536018_Mufasa.jpg'
2024-06-18 14:47:15.166 +02:00  INF  Request finished HTTP/2 GET https://localhost:7015/images/animals/638496693869536018_Mufasa.jpg - 200 643175 image/jpeg 42.7567ms
2024-06-18 15:04:12.784 +02:00  INF  Request starting HTTP/2 GET https://localhost:7015/x - null null
2024-06-18 15:04:12.791 +02:00  INF  Request finished HTTP/2 GET https://localhost:7015/x - 404 0 null 7.416ms
2024-06-18 15:04:12.793 +02:00  INF  Request reached the end of the middleware pipeline without being handled by application code. Request path: GET https://localhost:7015/x, Response status code: 404
2024-06-18 15:17:57.892 +02:00  INF  Request starting HTTP/2 GET https://localhost:7015/api/ZooServices - null null
2024-06-18 15:17:57.896 +02:00  INF  Executing endpoint 'API_Arcadia.Controllers.ZooServicesController.GetZooServices (API_Arcadia)'
2024-06-18 15:17:57.901 +02:00  INF  Route matched with {action = "GetZooServices", controller = "ZooServices"}. Executing controller action with signature System.Threading.Tasks.Task`1[Microsoft.AspNetCore.Mvc.ActionResult`1[System.Collections.Generic.IEnumerable`1[API_Arcadia.Models.ZooService]]] GetZooServices() on controller API_Arcadia.Controllers.ZooServicesController (API_Arcadia).
2024-06-18 15:17:58.612 +02:00  INF  Executed DbCommand (3ms) [Parameters=[], CommandType='"Text"', CommandTimeout='30']
SELECT [z].[Id], [z].[ChildPrice], [z].[Description], [z].[FullPrice], [z].[Name]
FROM [ZooServices] AS [z]
2024-06-18 15:17:58.620 +02:00  INF  Executing ObjectResult, writing value of type 'System.Collections.Generic.List`1[[API_Arcadia.Models.ZooService, API_Arcadia, Version=1.0.0.0, Culture=neutral, PublicKeyToken=null]]'.
2024-06-18 15:17:58.623 +02:00  INF  Executed action API_Arcadia.Controllers.ZooServicesController.GetZooServices (API_Arcadia) in 720.6703ms
2024-06-18 15:17:58.624 +02:00  INF  Executed endpoint 'API_Arcadia.Controllers.ZooServicesController.GetZooServices (API_Arcadia)'
2024-06-18 15:17:58.625 +02:00  INF  Request finished HTTP/2 GET https://localhost:7015/api/ZooServices - 200 null application/json; charset=utf-8 733.1695ms
