2024-08-29 23:00:15.852 +02:00  INF  User profile is available. Using 'C:\Users\Lacon\AppData\Local\ASP.NET\DataProtection-Keys' as key repository and Windows DPAPI to encrypt keys at rest.
2024-08-29 23:00:16.020 +02:00  INF  Now listening on: https://localhost:7015
2024-08-29 23:00:16.021 +02:00  INF  Now listening on: http://localhost:5131
2024-08-29 23:00:16.056 +02:00  INF  Application started. Press Ctrl+C to shut down.
2024-08-29 23:00:16.057 +02:00  INF  Hosting environment: Development
2024-08-29 23:00:16.058 +02:00  INF  Content root path: D:\DEV\back\ECF_Zoo\API_Arcadia
2024-08-29 23:00:16.627 +02:00  INF  Request starting HTTP/2 GET https://localhost:7015/swagger/index.html - null null
2024-08-29 23:00:16.815 +02:00  INF  Request finished HTTP/2 GET https://localhost:7015/swagger/index.html - 200 null text/html;charset=utf-8 192.1004ms
2024-08-29 23:00:16.863 +02:00  INF  Request starting HTTP/2 GET https://localhost:7015/swagger/swagger-ui.css - null null
2024-08-29 23:00:16.866 +02:00  INF  Request starting HTTP/2 GET https://localhost:7015/_framework/aspnetcore-browser-refresh.js - null null
2024-08-29 23:00:16.870 +02:00  INF  Request starting HTTP/2 GET https://localhost:7015/swagger/swagger-ui-standalone-preset.js - null null
2024-08-29 23:00:16.870 +02:00  INF  Request starting HTTP/2 GET https://localhost:7015/_vs/browserLink - null null
2024-08-29 23:00:16.878 +02:00  INF  Request finished HTTP/2 GET https://localhost:7015/_framework/aspnetcore-browser-refresh.js - 200 13758 application/javascript; charset=utf-8 12.0394ms
2024-08-29 23:00:16.881 +02:00  INF  Sending file. Request path: '/swagger-ui.css'. Physical path: 'N/A'
2024-08-29 23:00:16.881 +02:00  INF  Sending file. Request path: '/swagger-ui-standalone-preset.js'. Physical path: 'N/A'
2024-08-29 23:00:16.883 +02:00  INF  Request finished HTTP/2 GET https://localhost:7015/swagger/swagger-ui.css - 499 152034 text/css 19.741ms
2024-08-29 23:00:16.888 +02:00  INF  Request finished HTTP/2 GET https://localhost:7015/swagger/swagger-ui-standalone-preset.js - 499 230280 text/javascript 18.5227ms
2024-08-29 23:00:16.920 +02:00  INF  Request finished HTTP/2 GET https://localhost:7015/_vs/browserLink - 200 null text/javascript; charset=UTF-8 50.2132ms
2024-08-29 23:00:17.069 +02:00  INF  Request starting HTTP/2 GET https://localhost:7015/swagger/v1/swagger.json - null null
2024-08-29 23:00:17.164 +02:00  INF  Request finished HTTP/2 GET https://localhost:7015/swagger/v1/swagger.json - 200 null application/json;charset=utf-8 95.2791ms
2024-08-29 23:00:17.172 +02:00  INF  Request starting HTTP/2 GET https://localhost:7015/swagger/favicon-16x16.png - null null
2024-08-29 23:00:17.177 +02:00  INF  Sending file. Request path: '/favicon-16x16.png'. Physical path: 'N/A'
2024-08-29 23:00:17.179 +02:00  INF  Request finished HTTP/2 GET https://localhost:7015/swagger/favicon-16x16.png - 499 665 image/png 7.5084ms
2024-08-29 23:00:25.608 +02:00  INF  Request starting HTTP/2 OPTIONS https://localhost:7015/api/OpeningHours - null null
2024-08-29 23:00:25.609 +02:00  INF  Request starting HTTP/2 OPTIONS https://localhost:7015/api/Reviews - null null
2024-08-29 23:00:25.608 +02:00  INF  Request starting HTTP/2 OPTIONS https://localhost:7015/api/Animals/length - null null
2024-08-29 23:00:25.615 +02:00  INF  CORS policy execution successful.
2024-08-29 23:00:25.615 +02:00  INF  CORS policy execution successful.
2024-08-29 23:00:25.615 +02:00  INF  CORS policy execution successful.
2024-08-29 23:00:25.618 +02:00  INF  Request finished HTTP/2 OPTIONS https://localhost:7015/api/Reviews - 204 null null 9.2627ms
2024-08-29 23:00:25.618 +02:00  INF  Request finished HTTP/2 OPTIONS https://localhost:7015/api/Animals/length - 204 null null 9.6004ms
2024-08-29 23:00:25.618 +02:00  INF  Request finished HTTP/2 OPTIONS https://localhost:7015/api/OpeningHours - 204 null null 9.6083ms
2024-08-29 23:00:25.634 +02:00  INF  Request starting HTTP/2 GET https://localhost:7015/api/OpeningHours - null null
2024-08-29 23:00:25.635 +02:00  INF  Request starting HTTP/2 GET https://localhost:7015/api/Animals/length - null null
2024-08-29 23:00:25.635 +02:00  INF  Request starting HTTP/2 GET https://localhost:7015/api/Reviews - null null
2024-08-29 23:00:25.639 +02:00  INF  CORS policy execution successful.
2024-08-29 23:00:25.639 +02:00  INF  CORS policy execution successful.
2024-08-29 23:00:25.639 +02:00  INF  CORS policy execution successful.
2024-08-29 23:00:27.019 +02:00  INF  Executing endpoint 'API_Arcadia.Controllers.ReviewsController.GetReviews (API_Arcadia)'
2024-08-29 23:00:27.019 +02:00  INF  Executing endpoint 'API_Arcadia.Controllers.AnimalsController.GetAnimalsListLength (API_Arcadia)'
2024-08-29 23:00:27.019 +02:00  INF  Executing endpoint 'API_Arcadia.Controllers.OpeningHoursController.GetOpeningHours (API_Arcadia)'
2024-08-29 23:00:27.038 +02:00  INF  Route matched with {action = "GetAnimalsListLength", controller = "Animals"}. Executing controller action with signature System.Threading.Tasks.Task`1[Microsoft.AspNetCore.Mvc.ActionResult`1[System.Int32]] GetAnimalsListLength() on controller API_Arcadia.Controllers.AnimalsController (API_Arcadia).
2024-08-29 23:00:27.038 +02:00  INF  Route matched with {action = "GetOpeningHours", controller = "OpeningHours"}. Executing controller action with signature System.Threading.Tasks.Task`1[Microsoft.AspNetCore.Mvc.ActionResult`1[System.Collections.Generic.IEnumerable`1[API_Arcadia.Models.OpeningHour]]] GetOpeningHours() on controller API_Arcadia.Controllers.OpeningHoursController (API_Arcadia).
2024-08-29 23:00:27.038 +02:00  INF  Route matched with {action = "GetReviews", controller = "Reviews"}. Executing controller action with signature System.Threading.Tasks.Task`1[Microsoft.AspNetCore.Mvc.ActionResult`1[System.Collections.Generic.IEnumerable`1[API_Arcadia.Models.Review]]] GetReviews() on controller API_Arcadia.Controllers.ReviewsController (API_Arcadia).
2024-08-29 23:00:28.893 +02:00  INF  Executed DbCommand (23ms) [Parameters=[], CommandType='"Text"', CommandTimeout='30']
SELECT [r].[Id], [r].[Content], [r].[IsValidated], [r].[Note], [r].[Pseudo]
FROM [Reviews] AS [r]
WHERE [r].[IsValidated] = CAST(1 AS bit)
2024-08-29 23:00:28.893 +02:00  INF  Executed DbCommand (23ms) [Parameters=[], CommandType='"Text"', CommandTimeout='30']
SELECT [o].[Id], [o].[AfternoonClosing], [o].[AfternoonOpening], [o].[DayOfWeek], [o].[MorningClosing], [o].[MorningOpening]
FROM [OpeningHours] AS [o]
2024-08-29 23:00:28.893 +02:00  INF  Executed DbCommand (23ms) [Parameters=[], CommandType='"Text"', CommandTimeout='30']
SELECT COUNT(*)
FROM [Animals] AS [a]
2024-08-29 23:00:28.920 +02:00  INF  Executing OkObjectResult, writing value of type 'System.Int32'.
2024-08-29 23:00:28.929 +02:00  INF  Executed action API_Arcadia.Controllers.AnimalsController.GetAnimalsListLength (API_Arcadia) in 1885.7545ms
2024-08-29 23:00:28.930 +02:00  INF  Executed endpoint 'API_Arcadia.Controllers.AnimalsController.GetAnimalsListLength (API_Arcadia)'
2024-08-29 23:00:28.936 +02:00  INF  Request finished HTTP/2 GET https://localhost:7015/api/Animals/length - 200 null application/json; charset=utf-8 3301.7068ms
2024-08-29 23:00:28.938 +02:00  INF  Executing ObjectResult, writing value of type 'System.Collections.Generic.List`1[[API_Arcadia.Models.Review, API_Arcadia, Version=1.0.0.0, Culture=neutral, PublicKeyToken=null]]'.
2024-08-29 23:00:28.938 +02:00  INF  Executing ObjectResult, writing value of type 'System.Collections.Generic.List`1[[API_Arcadia.Models.OpeningHour, API_Arcadia, Version=1.0.0.0, Culture=neutral, PublicKeyToken=null]]'.
2024-08-29 23:00:28.939 +02:00  INF  Request starting HTTP/2 OPTIONS https://localhost:7015/api/Animals/5 - null null
2024-08-29 23:00:28.942 +02:00  INF  CORS policy execution successful.
2024-08-29 23:00:28.944 +02:00  INF  Request finished HTTP/2 OPTIONS https://localhost:7015/api/Animals/5 - 204 null null 4.2312ms
2024-08-29 23:00:28.946 +02:00  INF  Request starting HTTP/2 GET https://localhost:7015/api/Animals/5 - null null
2024-08-29 23:00:28.947 +02:00  INF  CORS policy execution successful.
2024-08-29 23:00:28.949 +02:00  INF  Executed action API_Arcadia.Controllers.ReviewsController.GetReviews (API_Arcadia) in 1905.1533ms
2024-08-29 23:00:28.949 +02:00  INF  Executing endpoint 'API_Arcadia.Controllers.AnimalsController.GetAnimal (API_Arcadia)'
2024-08-29 23:00:28.950 +02:00  INF  Executed endpoint 'API_Arcadia.Controllers.ReviewsController.GetReviews (API_Arcadia)'
2024-08-29 23:00:28.950 +02:00  INF  Executed action API_Arcadia.Controllers.OpeningHoursController.GetOpeningHours (API_Arcadia) in 1907.9958ms
2024-08-29 23:00:28.952 +02:00  INF  Request finished HTTP/2 GET https://localhost:7015/api/Reviews - 200 null application/json; charset=utf-8 3317.09ms
2024-08-29 23:00:28.953 +02:00  INF  Executed endpoint 'API_Arcadia.Controllers.OpeningHoursController.GetOpeningHours (API_Arcadia)'
2024-08-29 23:00:28.957 +02:00  INF  Request finished HTTP/2 GET https://localhost:7015/api/OpeningHours - 200 null application/json; charset=utf-8 3322.8783ms
2024-08-29 23:00:28.959 +02:00  INF  Route matched with {action = "GetAnimal", controller = "Animals"}. Executing controller action with signature System.Threading.Tasks.Task`1[Microsoft.AspNetCore.Mvc.ActionResult`1[API_Arcadia.Models.Animal]] GetAnimal(Int32) on controller API_Arcadia.Controllers.AnimalsController (API_Arcadia).
2024-08-29 23:00:29.077 +02:00  WRN  Compiling a query which loads related collections for more than one collection navigation, either via 'Include' or through projection, but no 'QuerySplittingBehavior' has been configured. By default, Entity Framework will use 'QuerySplittingBehavior.SingleQuery', which can potentially result in slow query performance. See https://go.microsoft.com/fwlink/?linkid=2134277 for more information. To identify the query that's triggering this warning call 'ConfigureWarnings(w => w.Throw(RelationalEventId.MultipleCollectionIncludeWarning))'.
2024-08-29 23:00:29.162 +02:00  INF  Executed DbCommand (70ms) [Parameters=[@__id_0='?' (DbType = Int32)], CommandType='"Text"', CommandTimeout='30']
SELECT [t].[Id], [t].[IdHealth], [t].[IdSpecies], [t].[IsMale], [t].[Name], [t].[Id0], [t].[Id1], [t].[Id2], [t].[Id3], [t].[Id4], [a0].[Id], [a0].[IdAnimal], [a0].[MiniSlug], [a0].[Slug], [t].[State], [t].[Description], [t].[FemaleMaxSize], [t].[FemaleMaxWeight], [t].[IdDiet], [t].[IdSizeUnit], [t].[IdWeightUnit], [t].[Lifespan], [t].[MaleMaxSize], [t].[MaleMaxWeight], [t].[Name0], [t].[ScientificName], [t].[Abbr], [t].[Name1], [t].[Abbr0], [t].[Name2], [t].[Name3], [t0].[IdHabitat], [t0].[IdSpecies], [t0].[Id], [t0].[Description], [t0].[Name]
FROM (
    SELECT TOP(1) [a].[Id], [a].[IdHealth], [a].[IdSpecies], [a].[IsMale], [a].[Name], [h].[Id] AS [Id0], [h].[State], [s].[Id] AS [Id1], [s].[Description], [s].[FemaleMaxSize], [s].[FemaleMaxWeight], [s].[IdDiet], [s].[IdSizeUnit], [s].[IdWeightUnit], [s].[Lifespan], [s].[MaleMaxSize], [s].[MaleMaxWeight], [s].[Name] AS [Name0], [s].[ScientificName], [s0].[Id] AS [Id2], [s0].[Abbr], [s0].[Name] AS [Name1], [w].[Id] AS [Id3], [w].[Abbr] AS [Abbr0], [w].[Name] AS [Name2], [d].[Id] AS [Id4], [d].[Name] AS [Name3]
    FROM [Animals] AS [a]
    INNER JOIN [Healths] AS [h] ON [a].[IdHealth] = [h].[Id]
    INNER JOIN [Speciess] AS [s] ON [a].[IdSpecies] = [s].[Id]
    INNER JOIN [SizeUnits] AS [s0] ON [s].[IdSizeUnit] = [s0].[Id]
    INNER JOIN [WeightUnits] AS [w] ON [s].[IdWeightUnit] = [w].[Id]
    INNER JOIN [Diets] AS [d] ON [s].[IdDiet] = [d].[Id]
    WHERE [a].[Id] = @__id_0
) AS [t]
LEFT JOIN [AnimalImages] AS [a0] ON [t].[Id] = [a0].[IdAnimal]
LEFT JOIN (
    SELECT [s1].[IdHabitat], [s1].[IdSpecies], [h0].[Id], [h0].[Description], [h0].[Name]
    FROM [SpeciesHabitats] AS [s1]
    INNER JOIN [Habitats] AS [h0] ON [s1].[IdHabitat] = [h0].[Id]
) AS [t0] ON [t].[Id1] = [t0].[IdSpecies]
ORDER BY [t].[Id], [t].[Id0], [t].[Id1], [t].[Id2], [t].[Id3], [t].[Id4], [a0].[Id], [t0].[IdHabitat], [t0].[IdSpecies]
2024-08-29 23:00:29.228 +02:00  INF  Executing OkObjectResult, writing value of type 'API_Arcadia.Models.Animal'.
2024-08-29 23:00:29.242 +02:00  INF  Executed action API_Arcadia.Controllers.AnimalsController.GetAnimal (API_Arcadia) in 281.0626ms
2024-08-29 23:00:29.243 +02:00  INF  Executed endpoint 'API_Arcadia.Controllers.AnimalsController.GetAnimal (API_Arcadia)'
2024-08-29 23:00:29.244 +02:00  INF  Request finished HTTP/2 GET https://localhost:7015/api/Animals/5 - 200 null application/json; charset=utf-8 298.3782ms
2024-08-29 23:02:49.908 +02:00  INF  Request starting HTTP/2 OPTIONS https://localhost:7015/api/Animals/length - null null
2024-08-29 23:02:49.908 +02:00  INF  Request starting HTTP/2 OPTIONS https://localhost:7015/api/OpeningHours - null null
2024-08-29 23:02:49.912 +02:00  INF  Request starting HTTP/2 OPTIONS https://localhost:7015/api/Reviews - null null
2024-08-29 23:02:49.914 +02:00  INF  CORS policy execution successful.
2024-08-29 23:02:49.916 +02:00  INF  CORS policy execution successful.
2024-08-29 23:02:49.921 +02:00  INF  CORS policy execution successful.
2024-08-29 23:02:49.922 +02:00  INF  Request finished HTTP/2 OPTIONS https://localhost:7015/api/Animals/length - 204 null null 13.9264ms
2024-08-29 23:02:49.926 +02:00  INF  Request finished HTTP/2 OPTIONS https://localhost:7015/api/OpeningHours - 204 null null 17.5512ms
2024-08-29 23:02:49.935 +02:00  INF  Request finished HTTP/2 OPTIONS https://localhost:7015/api/Reviews - 204 null null 23.1365ms
2024-08-29 23:02:49.942 +02:00  INF  Request starting HTTP/2 GET https://localhost:7015/api/Animals/length - null null
2024-08-29 23:02:49.942 +02:00  INF  Request starting HTTP/2 GET https://localhost:7015/api/OpeningHours - null null
2024-08-29 23:02:49.944 +02:00  INF  CORS policy execution successful.
2024-08-29 23:02:49.946 +02:00  INF  CORS policy execution successful.
2024-08-29 23:02:49.948 +02:00  INF  Request starting HTTP/2 GET https://localhost:7015/api/Reviews - null null
2024-08-29 23:02:49.948 +02:00  INF  Executing endpoint 'API_Arcadia.Controllers.AnimalsController.GetAnimalsListLength (API_Arcadia)'
2024-08-29 23:02:49.948 +02:00  INF  Executing endpoint 'API_Arcadia.Controllers.OpeningHoursController.GetOpeningHours (API_Arcadia)'
2024-08-29 23:02:49.950 +02:00  INF  CORS policy execution successful.
2024-08-29 23:02:49.951 +02:00  INF  Route matched with {action = "GetAnimalsListLength", controller = "Animals"}. Executing controller action with signature System.Threading.Tasks.Task`1[Microsoft.AspNetCore.Mvc.ActionResult`1[System.Int32]] GetAnimalsListLength() on controller API_Arcadia.Controllers.AnimalsController (API_Arcadia).
2024-08-29 23:02:49.952 +02:00  INF  Route matched with {action = "GetOpeningHours", controller = "OpeningHours"}. Executing controller action with signature System.Threading.Tasks.Task`1[Microsoft.AspNetCore.Mvc.ActionResult`1[System.Collections.Generic.IEnumerable`1[API_Arcadia.Models.OpeningHour]]] GetOpeningHours() on controller API_Arcadia.Controllers.OpeningHoursController (API_Arcadia).
2024-08-29 23:02:49.954 +02:00  INF  Executing endpoint 'API_Arcadia.Controllers.ReviewsController.GetReviews (API_Arcadia)'
2024-08-29 23:02:49.963 +02:00  INF  Route matched with {action = "GetReviews", controller = "Reviews"}. Executing controller action with signature System.Threading.Tasks.Task`1[Microsoft.AspNetCore.Mvc.ActionResult`1[System.Collections.Generic.IEnumerable`1[API_Arcadia.Models.Review]]] GetReviews() on controller API_Arcadia.Controllers.ReviewsController (API_Arcadia).
2024-08-29 23:02:49.964 +02:00  INF  Executed DbCommand (1ms) [Parameters=[], CommandType='"Text"', CommandTimeout='30']
SELECT COUNT(*)
FROM [Animals] AS [a]
2024-08-29 23:02:49.966 +02:00  INF  Executed DbCommand (2ms) [Parameters=[], CommandType='"Text"', CommandTimeout='30']
SELECT [o].[Id], [o].[AfternoonClosing], [o].[AfternoonOpening], [o].[DayOfWeek], [o].[MorningClosing], [o].[MorningOpening]
FROM [OpeningHours] AS [o]
2024-08-29 23:02:49.973 +02:00  INF  Executing OkObjectResult, writing value of type 'System.Int32'.
2024-08-29 23:02:49.975 +02:00  INF  Executed DbCommand (1ms) [Parameters=[], CommandType='"Text"', CommandTimeout='30']
SELECT [r].[Id], [r].[Content], [r].[IsValidated], [r].[Note], [r].[Pseudo]
FROM [Reviews] AS [r]
WHERE [r].[IsValidated] = CAST(1 AS bit)
2024-08-29 23:02:49.976 +02:00  INF  Executing ObjectResult, writing value of type 'System.Collections.Generic.List`1[[API_Arcadia.Models.OpeningHour, API_Arcadia, Version=1.0.0.0, Culture=neutral, PublicKeyToken=null]]'.
2024-08-29 23:02:49.977 +02:00  INF  Executed action API_Arcadia.Controllers.AnimalsController.GetAnimalsListLength (API_Arcadia) in 19.5219ms
2024-08-29 23:02:49.980 +02:00  INF  Executing ObjectResult, writing value of type 'System.Collections.Generic.List`1[[API_Arcadia.Models.Review, API_Arcadia, Version=1.0.0.0, Culture=neutral, PublicKeyToken=null]]'.
2024-08-29 23:02:49.981 +02:00  INF  Executed action API_Arcadia.Controllers.OpeningHoursController.GetOpeningHours (API_Arcadia) in 19.7386ms
2024-08-29 23:02:49.982 +02:00  INF  Executed endpoint 'API_Arcadia.Controllers.AnimalsController.GetAnimalsListLength (API_Arcadia)'
2024-08-29 23:02:49.984 +02:00  INF  Executed action API_Arcadia.Controllers.ReviewsController.GetReviews (API_Arcadia) in 13.7722ms
2024-08-29 23:02:49.986 +02:00  INF  Executed endpoint 'API_Arcadia.Controllers.OpeningHoursController.GetOpeningHours (API_Arcadia)'
2024-08-29 23:02:49.987 +02:00  INF  Request finished HTTP/2 GET https://localhost:7015/api/Animals/length - 200 null application/json; charset=utf-8 45.403ms
2024-08-29 23:02:49.989 +02:00  INF  Executed endpoint 'API_Arcadia.Controllers.ReviewsController.GetReviews (API_Arcadia)'
2024-08-29 23:02:49.991 +02:00  INF  Request finished HTTP/2 GET https://localhost:7015/api/OpeningHours - 200 null application/json; charset=utf-8 49.1111ms
2024-08-29 23:02:49.996 +02:00  INF  Request finished HTTP/2 GET https://localhost:7015/api/Reviews - 200 null application/json; charset=utf-8 48.9771ms
2024-08-29 23:02:50.023 +02:00  INF  Request starting HTTP/2 OPTIONS https://localhost:7015/api/Animals/10 - null null
2024-08-29 23:02:50.025 +02:00  INF  CORS policy execution successful.
2024-08-29 23:02:50.027 +02:00  INF  Request finished HTTP/2 OPTIONS https://localhost:7015/api/Animals/10 - 204 null null 3.7171ms
2024-08-29 23:02:50.033 +02:00  INF  Request starting HTTP/2 GET https://localhost:7015/api/Animals/10 - null null
2024-08-29 23:02:50.036 +02:00  INF  CORS policy execution successful.
2024-08-29 23:02:50.038 +02:00  INF  Executing endpoint 'API_Arcadia.Controllers.AnimalsController.GetAnimal (API_Arcadia)'
2024-08-29 23:02:50.039 +02:00  INF  Route matched with {action = "GetAnimal", controller = "Animals"}. Executing controller action with signature System.Threading.Tasks.Task`1[Microsoft.AspNetCore.Mvc.ActionResult`1[API_Arcadia.Models.Animal]] GetAnimal(Int32) on controller API_Arcadia.Controllers.AnimalsController (API_Arcadia).
2024-08-29 23:02:50.047 +02:00  INF  Executed DbCommand (2ms) [Parameters=[@__id_0='?' (DbType = Int32)], CommandType='"Text"', CommandTimeout='30']
SELECT [t].[Id], [t].[IdHealth], [t].[IdSpecies], [t].[IsMale], [t].[Name], [t].[Id0], [t].[Id1], [t].[Id2], [t].[Id3], [t].[Id4], [a0].[Id], [a0].[IdAnimal], [a0].[MiniSlug], [a0].[Slug], [t].[State], [t].[Description], [t].[FemaleMaxSize], [t].[FemaleMaxWeight], [t].[IdDiet], [t].[IdSizeUnit], [t].[IdWeightUnit], [t].[Lifespan], [t].[MaleMaxSize], [t].[MaleMaxWeight], [t].[Name0], [t].[ScientificName], [t].[Abbr], [t].[Name1], [t].[Abbr0], [t].[Name2], [t].[Name3], [t0].[IdHabitat], [t0].[IdSpecies], [t0].[Id], [t0].[Description], [t0].[Name]
FROM (
    SELECT TOP(1) [a].[Id], [a].[IdHealth], [a].[IdSpecies], [a].[IsMale], [a].[Name], [h].[Id] AS [Id0], [h].[State], [s].[Id] AS [Id1], [s].[Description], [s].[FemaleMaxSize], [s].[FemaleMaxWeight], [s].[IdDiet], [s].[IdSizeUnit], [s].[IdWeightUnit], [s].[Lifespan], [s].[MaleMaxSize], [s].[MaleMaxWeight], [s].[Name] AS [Name0], [s].[ScientificName], [s0].[Id] AS [Id2], [s0].[Abbr], [s0].[Name] AS [Name1], [w].[Id] AS [Id3], [w].[Abbr] AS [Abbr0], [w].[Name] AS [Name2], [d].[Id] AS [Id4], [d].[Name] AS [Name3]
    FROM [Animals] AS [a]
    INNER JOIN [Healths] AS [h] ON [a].[IdHealth] = [h].[Id]
    INNER JOIN [Speciess] AS [s] ON [a].[IdSpecies] = [s].[Id]
    INNER JOIN [SizeUnits] AS [s0] ON [s].[IdSizeUnit] = [s0].[Id]
    INNER JOIN [WeightUnits] AS [w] ON [s].[IdWeightUnit] = [w].[Id]
    INNER JOIN [Diets] AS [d] ON [s].[IdDiet] = [d].[Id]
    WHERE [a].[Id] = @__id_0
) AS [t]
LEFT JOIN [AnimalImages] AS [a0] ON [t].[Id] = [a0].[IdAnimal]
LEFT JOIN (
    SELECT [s1].[IdHabitat], [s1].[IdSpecies], [h0].[Id], [h0].[Description], [h0].[Name]
    FROM [SpeciesHabitats] AS [s1]
    INNER JOIN [Habitats] AS [h0] ON [s1].[IdHabitat] = [h0].[Id]
) AS [t0] ON [t].[Id1] = [t0].[IdSpecies]
ORDER BY [t].[Id], [t].[Id0], [t].[Id1], [t].[Id2], [t].[Id3], [t].[Id4], [a0].[Id], [t0].[IdHabitat], [t0].[IdSpecies]
2024-08-29 23:02:50.055 +02:00  INF  Executing OkObjectResult, writing value of type 'API_Arcadia.Models.Animal'.
2024-08-29 23:02:50.056 +02:00  INF  Executed action API_Arcadia.Controllers.AnimalsController.GetAnimal (API_Arcadia) in 14.0686ms
2024-08-29 23:02:50.057 +02:00  INF  Executed endpoint 'API_Arcadia.Controllers.AnimalsController.GetAnimal (API_Arcadia)'
2024-08-29 23:02:50.058 +02:00  INF  Request finished HTTP/2 GET https://localhost:7015/api/Animals/10 - 200 null application/json; charset=utf-8 25.7578ms
2024-08-29 23:02:50.248 +02:00  INF  Request starting HTTP/2 GET https://localhost:7015/images/animals/le_rhino2.jpg - null null
2024-08-29 23:02:50.258 +02:00  INF  The file /images/animals/le_rhino2.jpg was not modified
2024-08-29 23:02:50.259 +02:00  INF  Request finished HTTP/2 GET https://localhost:7015/images/animals/le_rhino2.jpg - 304 null image/jpeg 12.2334ms
