2024-09-04 21:40:03.951 +02:00  INF  User profile is available. Using 'C:\Users\Lacon\AppData\Local\ASP.NET\DataProtection-Keys' as key repository and Windows DPAPI to encrypt keys at rest.
2024-09-04 21:40:04.490 +02:00  INF  Now listening on: https://localhost:7015
2024-09-04 21:40:04.491 +02:00  INF  Now listening on: http://localhost:5131
2024-09-04 21:40:04.531 +02:00  INF  Application started. Press Ctrl+C to shut down.
2024-09-04 21:40:04.533 +02:00  INF  Hosting environment: Development
2024-09-04 21:40:04.533 +02:00  INF  Content root path: D:\DEV\back\ECF_Zoo\API_Arcadia
2024-09-04 21:40:05.030 +02:00  INF  Request starting HTTP/2 GET https://localhost:7015/swagger/index.html - null null
2024-09-04 21:40:05.246 +02:00  INF  Request finished HTTP/2 GET https://localhost:7015/swagger/index.html - 200 null text/html;charset=utf-8 218.307ms
2024-09-04 21:40:05.279 +02:00  INF  Request starting HTTP/2 GET https://localhost:7015/_framework/aspnetcore-browser-refresh.js - null null
2024-09-04 21:40:05.284 +02:00  INF  Request starting HTTP/2 GET https://localhost:7015/_vs/browserLink - null null
2024-09-04 21:40:05.290 +02:00  INF  Request finished HTTP/2 GET https://localhost:7015/_framework/aspnetcore-browser-refresh.js - 200 13758 application/javascript; charset=utf-8 11.0526ms
2024-09-04 21:40:05.449 +02:00  INF  Request finished HTTP/2 GET https://localhost:7015/_vs/browserLink - 200 null text/javascript; charset=UTF-8 165.0636ms
2024-09-04 21:40:05.704 +02:00  INF  Request starting HTTP/2 GET https://localhost:7015/swagger/v1/swagger.json - null null
2024-09-04 21:40:05.945 +02:00  INF  Request finished HTTP/2 GET https://localhost:7015/swagger/v1/swagger.json - 200 null application/json;charset=utf-8 240.2171ms
2024-09-04 21:43:28.454 +02:00  INF  Request starting HTTP/2 OPTIONS https://localhost:7015/api/OpeningHours - null null
2024-09-04 21:43:28.454 +02:00  INF  Request starting HTTP/2 OPTIONS https://localhost:7015/api/Reviews - null null
2024-09-04 21:43:28.455 +02:00  INF  Request starting HTTP/2 OPTIONS https://localhost:7015/api/Animals/length - null null
2024-09-04 21:43:28.488 +02:00  INF  CORS policy execution failed.
2024-09-04 21:43:28.491 +02:00  INF  CORS policy execution failed.
2024-09-04 21:43:28.493 +02:00  INF  CORS policy execution failed.
2024-09-04 21:43:28.493 +02:00  INF  Request origin http://localhost:4200 does not have permission to access the resource.
2024-09-04 21:43:28.494 +02:00  INF  Request origin http://localhost:4200 does not have permission to access the resource.
2024-09-04 21:43:28.494 +02:00  INF  Request origin http://localhost:4200 does not have permission to access the resource.
2024-09-04 21:43:28.497 +02:00  INF  Request finished HTTP/2 OPTIONS https://localhost:7015/api/OpeningHours - 204 null null 43.3648ms
2024-09-04 21:43:28.498 +02:00  INF  Request finished HTTP/2 OPTIONS https://localhost:7015/api/Reviews - 204 null null 44.081ms
2024-09-04 21:43:28.499 +02:00  INF  Request finished HTTP/2 OPTIONS https://localhost:7015/api/Animals/length - 204 null null 43.6622ms
2024-09-04 21:43:49.765 +02:00  INF  Request starting HTTP/2 OPTIONS https://localhost:7015/api/Animals/length - null null
2024-09-04 21:43:49.765 +02:00  INF  Request starting HTTP/2 OPTIONS https://localhost:7015/api/OpeningHours - null null
2024-09-04 21:43:49.769 +02:00  INF  CORS policy execution failed.
2024-09-04 21:43:49.770 +02:00  INF  CORS policy execution failed.
2024-09-04 21:43:49.770 +02:00  INF  Request origin http://localhost:4200 does not have permission to access the resource.
2024-09-04 21:43:49.771 +02:00  INF  Request origin http://localhost:4200 does not have permission to access the resource.
2024-09-04 21:43:49.772 +02:00  INF  Request finished HTTP/2 OPTIONS https://localhost:7015/api/OpeningHours - 204 null null 6.6731ms
2024-09-04 21:43:49.773 +02:00  INF  Request finished HTTP/2 OPTIONS https://localhost:7015/api/Animals/length - 204 null null 7.4696ms
2024-09-04 21:43:49.778 +02:00  INF  Request starting HTTP/2 OPTIONS https://localhost:7015/api/Reviews - null null
2024-09-04 21:43:49.779 +02:00  INF  CORS policy execution failed.
2024-09-04 21:43:49.780 +02:00  INF  Request origin http://localhost:4200 does not have permission to access the resource.
2024-09-04 21:43:49.780 +02:00  INF  Request finished HTTP/2 OPTIONS https://localhost:7015/api/Reviews - 204 null null 3.1307ms
2024-09-04 21:44:24.334 +02:00  INF  User profile is available. Using 'C:\Users\Lacon\AppData\Local\ASP.NET\DataProtection-Keys' as key repository and Windows DPAPI to encrypt keys at rest.
2024-09-04 21:44:24.481 +02:00  INF  Now listening on: https://localhost:7015
2024-09-04 21:44:24.481 +02:00  INF  Now listening on: http://localhost:5131
2024-09-04 21:44:24.517 +02:00  INF  Application started. Press Ctrl+C to shut down.
2024-09-04 21:44:24.520 +02:00  INF  Hosting environment: Development
2024-09-04 21:44:24.521 +02:00  INF  Content root path: D:\DEV\back\ECF_Zoo\API_Arcadia
2024-09-04 21:44:24.712 +02:00  INF  Request starting HTTP/2 GET https://localhost:7015/swagger/index.html - null null
2024-09-04 21:44:24.859 +02:00  INF  Request finished HTTP/2 GET https://localhost:7015/swagger/index.html - 200 null text/html;charset=utf-8 150.5505ms
2024-09-04 21:44:24.869 +02:00  INF  Request starting HTTP/2 GET https://localhost:7015/_framework/aspnetcore-browser-refresh.js - null null
2024-09-04 21:44:24.875 +02:00  INF  Request finished HTTP/2 GET https://localhost:7015/_framework/aspnetcore-browser-refresh.js - 200 13758 application/javascript; charset=utf-8 5.3683ms
2024-09-04 21:44:24.883 +02:00  INF  Request starting HTTP/2 GET https://localhost:7015/_vs/browserLink - null null
2024-09-04 21:44:24.918 +02:00  INF  Request finished HTTP/2 GET https://localhost:7015/_vs/browserLink - 200 null text/javascript; charset=UTF-8 35.2248ms
2024-09-04 21:44:25.071 +02:00  INF  Request starting HTTP/2 GET https://localhost:7015/swagger/v1/swagger.json - null null
2024-09-04 21:44:25.155 +02:00  INF  Request finished HTTP/2 GET https://localhost:7015/swagger/v1/swagger.json - 200 null application/json;charset=utf-8 84.7594ms
2024-09-04 21:44:35.268 +02:00  INF  Request starting HTTP/2 OPTIONS https://localhost:7015/api/Animals/length - null null
2024-09-04 21:44:35.268 +02:00  INF  Request starting HTTP/2 OPTIONS https://localhost:7015/api/OpeningHours - null null
2024-09-04 21:44:35.270 +02:00  INF  Request starting HTTP/2 OPTIONS https://localhost:7015/api/Reviews - null null
2024-09-04 21:44:35.276 +02:00  INF  No CORS policy found for the specified request.
2024-09-04 21:44:35.276 +02:00  INF  No CORS policy found for the specified request.
2024-09-04 21:44:35.276 +02:00  INF  No CORS policy found for the specified request.
2024-09-04 21:44:36.630 +02:00  INF  Executing endpoint '405 HTTP Method Not Supported'
2024-09-04 21:44:36.630 +02:00  INF  Executing endpoint '405 HTTP Method Not Supported'
2024-09-04 21:44:36.630 +02:00  INF  Executing endpoint '405 HTTP Method Not Supported'
2024-09-04 21:44:36.631 +02:00  INF  Executed endpoint '405 HTTP Method Not Supported'
2024-09-04 21:44:36.632 +02:00  INF  Executed endpoint '405 HTTP Method Not Supported'
2024-09-04 21:44:36.632 +02:00  INF  Executed endpoint '405 HTTP Method Not Supported'
2024-09-04 21:44:36.633 +02:00  INF  Request finished HTTP/2 OPTIONS https://localhost:7015/api/OpeningHours - 405 0 null 1365.093ms
2024-09-04 21:44:36.634 +02:00  INF  Request finished HTTP/2 OPTIONS https://localhost:7015/api/Animals/length - 405 0 null 1365.6921ms
2024-09-04 21:44:36.634 +02:00  INF  Request finished HTTP/2 OPTIONS https://localhost:7015/api/Reviews - 405 0 null 1365.1133ms
2024-09-04 22:29:26.517 +02:00  INF  User profile is available. Using 'C:\Users\Lacon\AppData\Local\ASP.NET\DataProtection-Keys' as key repository and Windows DPAPI to encrypt keys at rest.
2024-09-04 22:29:26.692 +02:00  INF  Now listening on: https://localhost:7015
2024-09-04 22:29:26.694 +02:00  INF  Now listening on: http://localhost:5131
2024-09-04 22:29:26.750 +02:00  INF  Application started. Press Ctrl+C to shut down.
2024-09-04 22:29:26.752 +02:00  INF  Hosting environment: Development
2024-09-04 22:29:26.752 +02:00  INF  Content root path: D:\DEV\back\ECF_Zoo\API_Arcadia
2024-09-04 22:29:27.931 +02:00  INF  Request starting HTTP/2 GET https://localhost:7015/swagger/index.html - null null
2024-09-04 22:29:28.134 +02:00  INF  Request finished HTTP/2 GET https://localhost:7015/swagger/index.html - 200 null text/html;charset=utf-8 207.1909ms
2024-09-04 22:29:28.166 +02:00  INF  Request starting HTTP/2 GET https://localhost:7015/_framework/aspnetcore-browser-refresh.js - null null
2024-09-04 22:29:28.170 +02:00  INF  Request starting HTTP/2 GET https://localhost:7015/_vs/browserLink - null null
2024-09-04 22:29:28.173 +02:00  INF  Request starting HTTP/2 GET https://localhost:7015/_framework/aspnetcore-browser-refresh.js - null null
2024-09-04 22:29:28.173 +02:00  INF  Request finished HTTP/2 GET https://localhost:7015/_framework/aspnetcore-browser-refresh.js - 200 13758 application/javascript; charset=utf-8 7.1654ms
2024-09-04 22:29:28.177 +02:00  INF  Request finished HTTP/2 GET https://localhost:7015/_framework/aspnetcore-browser-refresh.js - 200 13758 application/javascript; charset=utf-8 4.3726ms
2024-09-04 22:29:28.212 +02:00  INF  Request starting HTTP/2 GET https://localhost:7015/_vs/browserLink - null null
2024-09-04 22:29:28.219 +02:00  INF  Request finished HTTP/2 GET https://localhost:7015/_vs/browserLink - 200 null text/javascript; charset=UTF-8 48.7532ms
2024-09-04 22:29:28.228 +02:00  INF  Request finished HTTP/2 GET https://localhost:7015/_vs/browserLink - 200 null text/javascript; charset=UTF-8 16.5611ms
2024-09-04 22:29:28.280 +02:00  INF  Request starting HTTP/2 GET https://localhost:7015/swagger/v1/swagger.json - null null
2024-09-04 22:29:28.386 +02:00  INF  Request starting HTTP/2 GET https://localhost:7015/swagger/v1/swagger.json - null null
2024-09-04 22:29:28.388 +02:00  INF  Request finished HTTP/2 GET https://localhost:7015/swagger/v1/swagger.json - 200 null application/json;charset=utf-8 108.2467ms
2024-09-04 22:29:28.423 +02:00  INF  Request finished HTTP/2 GET https://localhost:7015/swagger/v1/swagger.json - 200 null application/json;charset=utf-8 36.3022ms
